<?xml version="1.0" encoding="utf-8"?>
<TestRun id="c7568ca9-9ce5-4fbb-a594-b9e05faeed6a" name="szy@LAB-WIN-01 2026-09-08 11:16:07" runUser="LAB-WIN-01\szy" xmlns="http://microsoft.com/schemas/VisualStudio/TeamTest/2010">
  <Times creation="2026-09-08T11:16:07.9696449+08:00" queuing="2026-09-08T11:16:07.9696452+08:00" start="2026-09-08T11:16:06.0268124+08:00" finish="2026-09-08T11:16:11.7118108+08:00" />
  <TestSettings name="default" id="a55b0e6f-fe7e-4d05-a8b7-71c357b744ae">
    <Deployment runDeploymentRoot="szy_LAB-WIN-01_2026-09-08_11_16_07" />
  </TestSettings>
  <Results>
    <UnitTestResult executionId="bedc64da-2716-413a-b706-1300f2d49cf1" testId="45087cc4-3903-a152-82c9-05eb0efd9c4c" testName="ControlServer.Tests.JourneyRuntimeWorkerTests.APickupStopWithNothingToLoadEndsTheDemandWhenTheSublotWaitExpiresAndFreesTheVehicle" computerName="LAB-WIN-01" duration="00:00:00.0905317" startTime="2026-09-08T11:16:11.4567174+08:00" endTime="2026-09-08T11:16:11.5473090+08:00" testType="13cdc9d9-ddb5-4fa4-a97d-d965ccfc6d4b" outcome="Passed" testListId="8c84fa94-04c1-424b-9868-57a2d4851a1d" relativeResultsDirectory="bedc64da-2716-413a-b706-1300f2d49cf1" />
    <UnitTestResult executionId="82db636f-047f-4fed-a2a8-95498307ce36" testId="5a5f49dc-f743-905e-9c18-6f3534f82e4e" testName="ControlServer.Tests.HttpSublotBoxCountReaderTests.ReadsOnlyTheConfiguredBoundSublotQueryAndValidatesResponseIdentity" computerName="LAB-WIN-01" duration="00:00:00.0880399" startTime="2026-09-08T11:16:07.3960299+08:00" endTime="2026-09-08T11:16:07.4922741+08:00" testType="13cdc9d9-ddb5-4fa4-a97d-d965ccfc6d4b" outcome="Passed" testListId="8c84fa94-04c1-424b-9868-57a2d4851a1d" relativeResultsDirectory="82db636f-047f-4fed-a2a8-95498307ce36" />
    <UnitTestResult executionId="e340f5e6-dfc5-4a69-b716-b1f425258dce" testId="a763a60a-9a05-865c-8af9-c460b44ef303" testName="ControlServer.Tests.AdmissionPolicyStoreTests.LoadCommitFreezesCurrentAdmissionAndRevocationBlocksOnlyNewOperations" computerName="LAB-WIN-01" duration="00:00:01.1281860" startTime="2026-09-08T11:16:07.3960091+08:00" endTime="2026-09-08T11:16:08.5324015+08:00" testType="13cdc9d9-ddb5-4fa4-a97d-d965ccfc6d4b" outcome="Passed" testListId="8c84fa94-04c1-424b-9868-57a2d4851a1d" relativeResultsDirectory="e340f5e6-dfc5-4a69-b716-b1f425258dce" />
    <UnitTestResult executionId="63a49b86-637e-4308-b15c-b13b42906684" testId="3dc48cd0-efe1-a812-195e-433e66066f65" testName="ControlServer.Tests.RecoveryStateMachineG2Tests.CancellingBeforeLoadRefusesADemandWhoseSlotOperationWasAlreadyCommanded" computerName="LAB-WIN-01" duration="00:00:01.1083642" startTime="2026-09-08T11:16:07.3960480+08:00" endTime="2026-09-08T11:16:08.5124929+08:00" testType="13cdc9d9-ddb5-4fa4-a97d-d965ccfc6d4b" outcome="Passed" testListId="8c84fa94-04c1-424b-9868-57a2d4851a1d" relativeResultsDirectory="63a49b86-637e-4308-b15c-b13b42906684" />
    <UnitTestResult executionId="e9751e30-7232-408f-9244-6a40b0f2e7a9" testId="6fea1d2f-e02f-742d-7376-bf8c24835495" testName="ControlServer.Tests.JourneyRuntimeWorkerTests.ProductionRuntimeResumesOneJourneyThroughTrustedArrivalsAndAtomicCompletion" computerName="LAB-WIN-01" duration="00:00:02.0258994" startTime="2026-09-08T11:16:09.3588131+08:00" endTime="2026-09-08T11:16:11.3856461+08:00" testType="13cdc9d9-ddb5-4fa4-a97d-d965ccfc6d4b" outcome="Passed" testListId="8c84fa94-04c1-424b-9868-57a2d4851a1d" relativeResultsDirectory="e9751e30-7232-408f-9244-6a40b0f2e7a9" />
    <UnitTestResult executionId="e0ec117d-7f7e-48c9-b3e7-a94572523b14" testId="07f484a4-d6bb-b669-1853-2b1dcdf99c88" testName="ControlServer.Tests.JourneyRuntimeWorkerTests.TheFirstSuppressionOfABusinessKeyIsTheOneThatStands" computerName="LAB-WIN-01" duration="00:00:00.0581460" startTime="2026-09-08T11:16:09.2271833+08:00" endTime="2026-09-08T11:16:09.2853808+08:00" testType="13cdc9d9-ddb5-4fa4-a97d-d965ccfc6d4b" outcome="Passed" testListId="8c84fa94-04c1-424b-9868-57a2d4851a1d" relativeResultsDirectory="e0ec117d-7f7e-48c9-b3e7-a94572523b14" />
    <UnitTestResult executionId="378d7904-b6b7-446e-bdf4-67253a8eccca" testId="a9284d4a-c50b-3b6f-9c5f-5e10db4c2ccd" testName="ControlServer.Tests.JourneyRuntimeWorkerTests.ABlockedJourneyKeepsTheVehicleOutOfEveryOtherDemand" computerName="LAB-WIN-01" duration="00:00:00.0779649" startTime="2026-09-08T11:16:09.0919810+08:00" endTime="2026-09-08T11:16:09.1700089+08:00" testType="13cdc9d9-ddb5-4fa4-a97d-d965ccfc6d4b" outcome="Passed" testListId="8c84fa94-04c1-424b-9868-57a2d4851a1d" relativeResultsDirectory="378d7904-b6b7-446e-bdf4-67253a8eccca" />
    <UnitTestResult executionId="08066508-21b6-439d-83d4-e81340fc7b07" testId="6ee1d6fb-427d-a750-07b4-c17e269edc78" testName="ControlServer.Tests.JourneyRuntimeWorkerTests.TheEntryRequestNamesEverySublotTheOperatorMayEnter" computerName="LAB-WIN-01" duration="00:00:00.0551702" startTime="2026-09-08T11:16:09.1711890+08:00" endTime="2026-09-08T11:16:09.2264079+08:00" testType="13cdc9d9-ddb5-4fa4-a97d-d965ccfc6d4b" outcome="Passed" testListId="8c84fa94-04c1-424b-9868-57a2d4851a1d" relativeResultsDirectory="08066508-21b6-439d-83d4-e81340fc7b07" />
    <UnitTestResult executionId="be81bc6f-89f1-4a2d-8eb1-cf78903938c0" testId="7304f3f7-40ef-cc40-f216-50442e0f428c" testName="ControlServer.Tests.RecoveryStateMachineG2Tests.CancellingBeforeLoadIsIdempotentAndRefusesToUndoACompletedDemand" computerName="LAB-WIN-01" duration="00:00:00.0415234" startTime="2026-09-08T11:16:08.7678976+08:00" endTime="2026-09-08T11:16:08.8094663+08:00" testType="13cdc9d9-ddb5-4fa4-a97d-d965ccfc6d4b" outcome="Passed" testListId="8c84fa94-04c1-424b-9868-57a2d4851a1d" relativeResultsDirectory="be81bc6f-89f1-4a2d-8eb1-cf78903938c0" />
    <UnitTestResult executionId="e3466733-f03c-4602-a3c7-550525ba392b" testId="0bb74268-d25c-666d-39f5-63bf3e7e38b9" testName="ControlServer.Tests.JourneyRuntimeWorkerTests.ASublotWhoseBoxCountGrewSinceDispatchIsRefusedRatherThanLoadedIntoTooFewSlots" computerName="LAB-WIN-01" duration="00:00:00.0672274" startTime="2026-09-08T11:16:11.3885990+08:00" endTime="2026-09-08T11:16:11.4558930+08:00" testType="13cdc9d9-ddb5-4fa4-a97d-d965ccfc6d4b" outcome="Passed" testListId="8c84fa94-04c1-424b-9868-57a2d4851a1d" relativeResultsDirectory="e3466733-f03c-4602-a3c7-550525ba392b" />
    <UnitTestResult executionId="b5f742f8-fbee-4cf6-a495-8a9320ee68b5" testId="fd8934d5-ec64-7704-4da3-251ba03659b7" testName="ControlServer.Tests.HttpSublotBoxCountReaderTests.RejectsStaleBoxCountEvidence" computerName="LAB-WIN-01" duration="00:00:00.0033711" startTime="2026-09-08T11:16:07.4934546+08:00" endTime="2026-09-08T11:16:07.4969018+08:00" testType="13cdc9d9-ddb5-4fa4-a97d-d965ccfc6d4b" outcome="Passed" testListId="8c84fa94-04c1-424b-9868-57a2d4851a1d" relativeResultsDirectory="b5f742f8-fbee-4cf6-a495-8a9320ee68b5" />
    <UnitTestResult executionId="e3e35a63-cd5c-4f07-b23d-e81f89983e0e" testId="4b84ab84-40df-85c3-5b6a-ba3dcb7bbea6" testName="ControlServer.Tests.WireToGateStoreTests.SessionStaysUsableWhileOurOwnSlotOperationHoldsASlotUnlocked" computerName="LAB-WIN-01" duration="00:00:01.0961128" startTime="2026-09-08T11:16:07.3960079+08:00" endTime="2026-09-08T11:16:08.5003961+08:00" testType="13cdc9d9-ddb5-4fa4-a97d-d965ccfc6d4b" outcome="Passed" testListId="8c84fa94-04c1-424b-9868-57a2d4851a1d" relativeResultsDirectory="e3e35a63-cd5c-4f07-b23d-e81f89983e0e" />
    <UnitTestResult executionId="b2d766a1-9ad1-4069-821f-b67a206ccddf" testId="82f9fab8-9919-f5c4-ffdb-23fc536c7ddd" testName="ControlServer.Tests.RecoveryStateMachineG2Tests.FormalCorrectionAndFaultCommandsUseDurableOutboxReplayAndExactAck" computerName="LAB-WIN-01" duration="00:00:00.1171388" startTime="2026-09-08T11:16:08.5136152+08:00" endTime="2026-09-08T11:16:08.6308165+08:00" testType="13cdc9d9-ddb5-4fa4-a97d-d965ccfc6d4b" outcome="Passed" testListId="8c84fa94-04c1-424b-9868-57a2d4851a1d" relativeResultsDirectory="b2d766a1-9ad1-4069-821f-b67a206ccddf" />
    <UnitTestResult executionId="92751977-d1c7-46eb-a079-41344f93a107" testId="352b4bed-9bd2-a1d8-4c2c-6e81bc4afd88" testName="ControlServer.Tests.WireToGateStoreTests.SlotPlanAndReliableCommandAreAtomicAndBatchNeedsCompleteSafeEvidence" computerName="LAB-WIN-01" duration="00:00:00.1352926" startTime="2026-09-08T11:16:08.5014768+08:00" endTime="2026-09-08T11:16:08.6368287+08:00" testType="13cdc9d9-ddb5-4fa4-a97d-d965ccfc6d4b" outcome="Passed" testListId="8c84fa94-04c1-424b-9868-57a2d4851a1d" relativeResultsDirectory="92751977-d1c7-46eb-a079-41344f93a107" />
    <UnitTestResult executionId="1b65f515-c6d5-47a1-96de-847b9ea8d2c1" testId="fc3d2a3f-fde1-51f4-19ba-b6b6ba45f908" testName="ControlServer.Tests.OnboardMessageProcessorTests.OnboardBusinessMessagesAreDurablyAcknowledgedAndOperationResultIsUniquePerAttempt" computerName="LAB-WIN-01" duration="00:00:01.2329296" startTime="2026-09-08T11:16:07.3960203+08:00" endTime="2026-09-08T11:16:08.6371286+08:00" testType="13cdc9d9-ddb5-4fa4-a97d-d965ccfc6d4b" outcome="Passed" testListId="8c84fa94-04c1-424b-9868-57a2d4851a1d" relativeResultsDirectory="1b65f515-c6d5-47a1-96de-847b9ea8d2c1" />
    <UnitTestResult executionId="8c267cb7-9008-4daa-9b9f-713d421f1ac1" testId="119c1ac1-d05f-b853-1a6f-2f82ab993eb6" testName="ControlServer.Tests.JourneyRuntimeWorkerTests.ABlockedJourneyKeepsTheReasonItWasBlockedForWhenTheSessionDrops" computerName="LAB-WIN-01" duration="00:00:00.0713045" startTime="2026-09-08T11:16:09.2865914+08:00" endTime="2026-09-08T11:16:09.3579443+08:00" testType="13cdc9d9-ddb5-4fa4-a97d-d965ccfc6d4b" outcome="Passed" testListId="8c84fa94-04c1-424b-9868-57a2d4851a1d" relativeResultsDirectory="8c267cb7-9008-4daa-9b9f-713d421f1ac1" />
    <UnitTestResult executionId="27699965-f487-45f7-ab51-37c67df42bd4" testId="f26853a4-3fae-d76c-02e8-4c3adbe9dc5e" testName="ControlServer.Tests.JourneyRuntimeWorkerTests.ASublotWaitTimeoutOfZeroLeavesTheStopOpenIndefinitely" computerName="LAB-WIN-01" duration="00:00:00.0560210" startTime="2026-09-08T11:16:09.0344967+08:00" endTime="2026-09-08T11:16:09.0905605+08:00" testType="13cdc9d9-ddb5-4fa4-a97d-d965ccfc6d4b" outcome="Passed" testListId="8c84fa94-04c1-424b-9868-57a2d4851a1d" relativeResultsDirectory="27699965-f487-45f7-ab51-37c67df42bd4" />
    <UnitTestResult executionId="a5a5ea03-a8df-4974-8dc2-febd79363d4a" testId="cba1ae6c-5714-1e9d-b38f-6c9fe4dd84d8" testName="ControlServer.Tests.JourneyRuntimeWorkerTests.ACancelledDemandStaysBarredWhenMesIngestReissuesItUnderANewDemandId" computerName="LAB-WIN-01" duration="00:00:01.4353805" startTime="2026-09-08T11:16:07.3960567+08:00" endTime="2026-09-08T11:16:08.8396088+08:00" testType="13cdc9d9-ddb5-4fa4-a97d-d965ccfc6d4b" outcome="Passed" testListId="8c84fa94-04c1-424b-9868-57a2d4851a1d" relativeResultsDirectory="a5a5ea03-a8df-4974-8dc2-febd79363d4a" />
    <UnitTestResult executionId="6f02d50b-4efa-401f-b409-360eb4cf605b" testId="e1968e43-9e7b-f56a-40ea-5c0a4b4951ca" testName="ControlServer.Tests.WireToGateStoreTests.UnsafeCompletedOperationResultIsDurableButMovesDemandToRecovery" computerName="LAB-WIN-01" duration="00:00:00.0581793" startTime="2026-09-08T11:16:08.6376629+08:00" endTime="2026-09-08T11:16:08.6958970+08:00" testType="13cdc9d9-ddb5-4fa4-a97d-d965ccfc6d4b" outcome="Passed" testListId="8c84fa94-04c1-424b-9868-57a2d4851a1d" relativeResultsDirectory="6f02d50b-4efa-401f-b409-360eb4cf605b" />
    <UnitTestResult executionId="808e28e0-35a5-4f47-87b0-f5e3c7085c56" testId="6ecbeefa-6106-d8a2-1f00-7f85e8c5da1a" testName="ControlServer.Tests.JourneyRuntimeWorkerTests.TheSublotWaitTimeoutStopsApplyingOnceTheLoadIsUnderway" computerName="LAB-WIN-01" duration="00:00:00.0872537" startTime="2026-09-08T11:16:08.8412816+08:00" endTime="2026-09-08T11:16:08.9286029+08:00" testType="13cdc9d9-ddb5-4fa4-a97d-d965ccfc6d4b" outcome="Passed" testListId="8c84fa94-04c1-424b-9868-57a2d4851a1d" relativeResultsDirectory="808e28e0-35a5-4f47-87b0-f5e3c7085c56" />
    <UnitTestResult executionId="93abc69a-caf0-4b9a-888a-62c60907f14d" testId="b7eef17c-7ef3-4858-4889-5da8483fd538" testName="ControlServer.Tests.JourneyRuntimeOptionsTests.EnabledRuntimeRejectsCrossOriginSublotQueryPath" computerName="LAB-WIN-01" duration="00:00:00.0311711" startTime="2026-09-08T11:16:07.3960357+08:00" endTime="2026-09-08T11:16:07.4383736+08:00" testType="13cdc9d9-ddb5-4fa4-a97d-d965ccfc6d4b" outcome="Passed" testListId="8c84fa94-04c1-424b-9868-57a2d4851a1d" relativeResultsDirectory="93abc69a-caf0-4b9a-888a-62c60907f14d" />
    <UnitTestResult executionId="79a94536-5786-405a-92bf-9278cf0bf9b3" testId="8b0aa125-e6d0-e8ab-8f5e-701d6a1053fd" testName="ControlServer.Tests.JourneyRuntimeWorkerTests.ASublotWhosePackageLostItsCapacityIsRefusedWithTheRealReasonAndOpensNoSlot" computerName="LAB-WIN-01" duration="00:00:00.1038073" startTime="2026-09-08T11:16:08.9299277+08:00" endTime="2026-09-08T11:16:09.0337805+08:00" testType="13cdc9d9-ddb5-4fa4-a97d-d965ccfc6d4b" outcome="Passed" testListId="8c84fa94-04c1-424b-9868-57a2d4851a1d" relativeResultsDirectory="79a94536-5786-405a-92bf-9278cf0bf9b3" />
    <UnitTestResult executionId="e9cea58c-aab2-4125-84f5-5feae9510c81" testId="2f4e0e3a-6116-df46-f676-848ddf5160a5" testName="ControlServer.Tests.AdmissionPolicyStoreTests.VersionedImportIsAuditedAndSameVersionCannotChangeContent" computerName="LAB-WIN-01" duration="00:00:00.1076974" startTime="2026-09-08T11:16:08.5330730+08:00" endTime="2026-09-08T11:16:08.6408251+08:00" testType="13cdc9d9-ddb5-4fa4-a97d-d965ccfc6d4b" outcome="Passed" testListId="8c84fa94-04c1-424b-9868-57a2d4851a1d" relativeResultsDirectory="e9cea58c-aab2-4125-84f5-5feae9510c81" />
    <UnitTestResult executionId="4990feb7-e189-4003-a5c7-564f8bc2fff6" testId="cf92c05c-acbe-7555-785f-fe92ceb65b19" testName="ControlServer.Tests.RecoveryStateMachineG2Tests.ACancellationRaisedBeforeAnySlotOperationEndsTheDemandAsItIsAuthorised" computerName="LAB-WIN-01" duration="00:00:00.1343229" startTime="2026-09-08T11:16:08.6321885+08:00" endTime="2026-09-08T11:16:08.7665722+08:00" testType="13cdc9d9-ddb5-4fa4-a97d-d965ccfc6d4b" outcome="Passed" testListId="8c84fa94-04c1-424b-9868-57a2d4851a1d" relativeResultsDirectory="4990feb7-e189-4003-a5c7-564f8bc2fff6" />
    <UnitTestResult executionId="78c53a2d-c9d3-4834-9ef1-609d6e230a1c" testId="87ab6baa-a2fa-4bd2-e2a4-5abe279110f2" testName="ControlServer.Tests.OnboardJourneyPublisherTests.CoreJourneyCommandsEmitFormalSchemaPayloadsWithExactCorrelationRules" computerName="LAB-WIN-01" duration="00:00:01.1111272" startTime="2026-09-08T11:16:07.3960589+08:00" endTime="2026-09-08T11:16:08.5152887+08:00" testType="13cdc9d9-ddb5-4fa4-a97d-d965ccfc6d4b" outcome="Passed" testListId="8c84fa94-04c1-424b-9868-57a2d4851a1d" relativeResultsDirectory="78c53a2d-c9d3-4834-9ef1-609d6e230a1c" />
    <UnitTestResult executionId="a773cedf-a113-41d3-a02d-58bbee9c2da7" testId="445680d8-a327-90a1-09a7-408cc8cad783" testName="ControlServer.Tests.JourneyRuntimeWorkerTests.AResultThatTurnsTheSessionRecoveryRequiredStillBlocksTheJourneyForItsOwnReason" computerName="LAB-WIN-01" duration="00:00:00.0855036" startTime="2026-09-08T11:16:11.5483901+08:00" endTime="2026-09-08T11:16:11.6339615+08:00" testType="13cdc9d9-ddb5-4fa4-a97d-d965ccfc6d4b" outcome="Passed" testListId="8c84fa94-04c1-424b-9868-57a2d4851a1d" relativeResultsDirectory="a773cedf-a113-41d3-a02d-58bbee9c2da7" />
    <UnitTestResult executionId="29c26ac1-0034-444c-b161-81271c676a5c" testId="a67aff6c-03e4-b63f-46ec-ae058908fd70" testName="ControlServer.Tests.RecoveryStateMachineG2Tests.FailedCompensationResultIsDurableReplayableAndNeverReleasesDemandOrVehicle" computerName="LAB-WIN-01" duration="00:00:00.1993190" startTime="2026-09-08T11:16:08.8104195+08:00" endTime="2026-09-08T11:16:09.0097907+08:00" testType="13cdc9d9-ddb5-4fa4-a97d-d965ccfc6d4b" outcome="Passed" testListId="8c84fa94-04c1-424b-9868-57a2d4851a1d" relativeResultsDirectory="29c26ac1-0034-444c-b161-81271c676a5c" />
  </Results>
  <TestDefinitions>
    <UnitTest name="ControlServer.Tests.JourneyRuntimeWorkerTests.APickupStopWithNothingToLoadEndsTheDemandWhenTheSublotWaitExpiresAndFreesTheVehicle" storage="c:\users\szy\desktop\8005-workspace\repos\8005-agv-control-server\tests\controlserver.tests\bin\release\net8.0\win-x64\controlserver.tests.dll" id="45087cc4-3903-a152-82c9-05eb0efd9c4c">
      <Execution id="bedc64da-2716-413a-b706-1300f2d49cf1" />
      <TestMethod codeBase="C:\Users\szy\Desktop\8005-workspace\repos\8005-agv-control-server\tests\ControlServer.Tests\bin\Release\net8.0\win-x64\ControlServer.Tests.dll" adapterTypeName="executor://xunit/VsTestRunner3/netcore/" className="ControlServer.Tests.JourneyRuntimeWorkerTests" name="APickupStopWithNothingToLoadEndsTheDemandWhenTheSublotWaitExpiresAndFreesTheVehicle" />
    </UnitTest>
    <UnitTest name="ControlServer.Tests.JourneyRuntimeWorkerTests.ASublotWaitTimeoutOfZeroLeavesTheStopOpenIndefinitely" storage="c:\users\szy\desktop\8005-workspace\repos\8005-agv-control-server\tests\controlserver.tests\bin\release\net8.0\win-x64\controlserver.tests.dll" id="f26853a4-3fae-d76c-02e8-4c3adbe9dc5e">
      <Execution id="27699965-f487-45f7-ab51-37c67df42bd4" />
      <TestMethod codeBase="C:\Users\szy\Desktop\8005-workspace\repos\8005-agv-control-server\tests\ControlServer.Tests\bin\Release\net8.0\win-x64\ControlServer.Tests.dll" adapterTypeName="executor://xunit/VsTestRunner3/netcore/" className="ControlServer.Tests.JourneyRuntimeWorkerTests" name="ASublotWaitTimeoutOfZeroLeavesTheStopOpenIndefinitely" />
    </UnitTest>
    <UnitTest name="ControlServer.Tests.JourneyRuntimeWorkerTests.TheSublotWaitTimeoutStopsApplyingOnceTheLoadIsUnderway" storage="c:\users\szy\desktop\8005-workspace\repos\8005-agv-control-server\tests\controlserver.tests\bin\release\net8.0\win-x64\controlserver.tests.dll" id="6ecbeefa-6106-d8a2-1f00-7f85e8c5da1a">
      <Execution id="808e28e0-35a5-4f47-87b0-f5e3c7085c56" />
      <TestMethod codeBase="C:\Users\szy\Desktop\8005-workspace\repos\8005-agv-control-server\tests\ControlServer.Tests\bin\Release\net8.0\win-x64\ControlServer.Tests.dll" adapterTypeName="executor://xunit/VsTestRunner3/netcore/" className="ControlServer.Tests.JourneyRuntimeWorkerTests" name="TheSublotWaitTimeoutStopsApplyingOnceTheLoadIsUnderway" />
    </UnitTest>
    <UnitTest name="ControlServer.Tests.JourneyRuntimeWorkerTests.ACancelledDemandStaysBarredWhenMesIngestReissuesItUnderANewDemandId" storage="c:\users\szy\desktop\8005-workspace\repos\8005-agv-control-server\tests\controlserver.tests\bin\release\net8.0\win-x64\controlserver.tests.dll" id="cba1ae6c-5714-1e9d-b38f-6c9fe4dd84d8">
      <Execution id="a5a5ea03-a8df-4974-8dc2-febd79363d4a" />
      <TestMethod codeBase="C:\Users\szy\Desktop\8005-workspace\repos\8005-agv-control-server\tests\ControlServer.Tests\bin\Release\net8.0\win-x64\ControlServer.Tests.dll" adapterTypeName="executor://xunit/VsTestRunner3/netcore/" className="ControlServer.Tests.JourneyRuntimeWorkerTests" name="ACancelledDemandStaysBarredWhenMesIngestReissuesItUnderANewDemandId" />
    </UnitTest>
    <UnitTest name="ControlServer.Tests.AdmissionPolicyStoreTests.LoadCommitFreezesCurrentAdmissionAndRevocationBlocksOnlyNewOperations" storage="c:\users\szy\desktop\8005-workspace\repos\8005-agv-control-server\tests\controlserver.tests\bin\release\net8.0\win-x64\controlserver.tests.dll" id="a763a60a-9a05-865c-8af9-c460b44ef303">
      <Execution id="e340f5e6-dfc5-4a69-b716-b1f425258dce" />
      <TestMethod codeBase="C:\Users\szy\Desktop\8005-workspace\repos\8005-agv-control-server\tests\ControlServer.Tests\bin\Release\net8.0\win-x64\ControlServer.Tests.dll" adapterTypeName="executor://xunit/VsTestRunner3/netcore/" className="ControlServer.Tests.AdmissionPolicyStoreTests" name="LoadCommitFreezesCurrentAdmissionAndRevocationBlocksOnlyNewOperations" />
    </UnitTest>
    <UnitTest name="ControlServer.Tests.RecoveryStateMachineG2Tests.FailedCompensationResultIsDurableReplayableAndNeverReleasesDemandOrVehicle" storage="c:\users\szy\desktop\8005-workspace\repos\8005-agv-control-server\tests\controlserver.tests\bin\release\net8.0\win-x64\controlserver.tests.dll" id="a67aff6c-03e4-b63f-46ec-ae058908fd70">
      <Execution id="29c26ac1-0034-444c-b161-81271c676a5c" />
      <TestMethod codeBase="C:\Users\szy\Desktop\8005-workspace\repos\8005-agv-control-server\tests\ControlServer.Tests\bin\Release\net8.0\win-x64\ControlServer.Tests.dll" adapterTypeName="executor://xunit/VsTestRunner3/netcore/" className="ControlServer.Tests.RecoveryStateMachineG2Tests" name="FailedCompensationResultIsDurableReplayableAndNeverReleasesDemandOrVehicle" />
    </UnitTest>
    <UnitTest name="ControlServer.Tests.WireToGateStoreTests.SessionStaysUsableWhileOurOwnSlotOperationHoldsASlotUnlocked" storage="c:\users\szy\desktop\8005-workspace\repos\8005-agv-control-server\tests\controlserver.tests\bin\release\net8.0\win-x64\controlserver.tests.dll" id="4b84ab84-40df-85c3-5b6a-ba3dcb7bbea6">
      <Execution id="e3e35a63-cd5c-4f07-b23d-e81f89983e0e" />
      <TestMethod codeBase="C:\Users\szy\Desktop\8005-workspace\repos\8005-agv-control-server\tests\ControlServer.Tests\bin\Release\net8.0\win-x64\ControlServer.Tests.dll" adapterTypeName="executor://xunit/VsTestRunner3/netcore/" className="ControlServer.Tests.WireToGateStoreTests" name="SessionStaysUsableWhileOurOwnSlotOperationHoldsASlotUnlocked" />
    </UnitTest>
    <UnitTest name="ControlServer.Tests.JourneyRuntimeWorkerTests.TheFirstSuppressionOfABusinessKeyIsTheOneThatStands" storage="c:\users\szy\desktop\8005-workspace\repos\8005-agv-control-server\tests\controlserver.tests\bin\release\net8.0\win-x64\controlserver.tests.dll" id="07f484a4-d6bb-b669-1853-2b1dcdf99c88">
      <Execution id="e0ec117d-7f7e-48c9-b3e7-a94572523b14" />
      <TestMethod codeBase="C:\Users\szy\Desktop\8005-workspace\repos\8005-agv-control-server\tests\ControlServer.Tests\bin\Release\net8.0\win-x64\ControlServer.Tests.dll" adapterTypeName="executor://xunit/VsTestRunner3/netcore/" className="ControlServer.Tests.JourneyRuntimeWorkerTests" name="TheFirstSuppressionOfABusinessKeyIsTheOneThatStands" />
    </UnitTest>
    <UnitTest name="ControlServer.Tests.WireToGateStoreTests.SlotPlanAndReliableCommandAreAtomicAndBatchNeedsCompleteSafeEvidence" storage="c:\users\szy\desktop\8005-workspace\repos\8005-agv-control-server\tests\controlserver.tests\bin\release\net8.0\win-x64\controlserver.tests.dll" id="352b4bed-9bd2-a1d8-4c2c-6e81bc4afd88">
      <Execution id="92751977-d1c7-46eb-a079-41344f93a107" />
      <TestMethod codeBase="C:\Users\szy\Desktop\8005-workspace\repos\8005-agv-control-server\tests\ControlServer.Tests\bin\Release\net8.0\win-x64\ControlServer.Tests.dll" adapterTypeName="executor://xunit/VsTestRunner3/netcore/" className="ControlServer.Tests.WireToGateStoreTests" name="SlotPlanAndReliableCommandAreAtomicAndBatchNeedsCompleteSafeEvidence" />
    </UnitTest>
    <UnitTest name="ControlServer.Tests.RecoveryStateMachineG2Tests.FormalCorrectionAndFaultCommandsUseDurableOutboxReplayAndExactAck" storage="c:\users\szy\desktop\8005-workspace\repos\8005-agv-control-server\tests\controlserver.tests\bin\release\net8.0\win-x64\controlserver.tests.dll" id="82f9fab8-9919-f5c4-ffdb-23fc536c7ddd">
      <Execution id="b2d766a1-9ad1-4069-821f-b67a206ccddf" />
      <TestMethod codeBase="C:\Users\szy\Desktop\8005-workspace\repos\8005-agv-control-server\tests\ControlServer.Tests\bin\Release\net8.0\win-x64\ControlServer.Tests.dll" adapterTypeName="executor://xunit/VsTestRunner3/netcore/" className="ControlServer.Tests.RecoveryStateMachineG2Tests" name="FormalCorrectionAndFaultCommandsUseDurableOutboxReplayAndExactAck" />
    </UnitTest>
    <UnitTest name="ControlServer.Tests.JourneyRuntimeWorkerTests.AResultThatTurnsTheSessionRecoveryRequiredStillBlocksTheJourneyForItsOwnReason" storage="c:\users\szy\desktop\8005-workspace\repos\8005-agv-control-server\tests\controlserver.tests\bin\release\net8.0\win-x64\controlserver.tests.dll" id="445680d8-a327-90a1-09a7-408cc8cad783">
      <Execution id="a773cedf-a113-41d3-a02d-58bbee9c2da7" />
      <TestMethod codeBase="C:\Users\szy\Desktop\8005-workspace\repos\8005-agv-control-server\tests\ControlServer.Tests\bin\Release\net8.0\win-x64\ControlServer.Tests.dll" adapterTypeName="executor://xunit/VsTestRunner3/netcore/" className="ControlServer.Tests.JourneyRuntimeWorkerTests" name="AResultThatTurnsTheSessionRecoveryRequiredStillBlocksTheJourneyForItsOwnReason" />
    </UnitTest>
    <UnitTest name="ControlServer.Tests.JourneyRuntimeWorkerTests.ASublotWhoseBoxCountGrewSinceDispatchIsRefusedRatherThanLoadedIntoTooFewSlots" storage="c:\users\szy\desktop\8005-workspace\repos\8005-agv-control-server\tests\controlserver.tests\bin\release\net8.0\win-x64\controlserver.tests.dll" id="0bb74268-d25c-666d-39f5-63bf3e7e38b9">
      <Execution id="e3466733-f03c-4602-a3c7-550525ba392b" />
      <TestMethod codeBase="C:\Users\szy\Desktop\8005-workspace\repos\8005-agv-control-server\tests\ControlServer.Tests\bin\Release\net8.0\win-x64\ControlServer.Tests.dll" adapterTypeName="executor://xunit/VsTestRunner3/netcore/" className="ControlServer.Tests.JourneyRuntimeWorkerTests" name="ASublotWhoseBoxCountGrewSinceDispatchIsRefusedRatherThanLoadedIntoTooFewSlots" />
    </UnitTest>
    <UnitTest name="ControlServer.Tests.RecoveryStateMachineG2Tests.CancellingBeforeLoadIsIdempotentAndRefusesToUndoACompletedDemand" storage="c:\users\szy\desktop\8005-workspace\repos\8005-agv-control-server\tests\controlserver.tests\bin\release\net8.0\win-x64\controlserver.tests.dll" id="7304f3f7-40ef-cc40-f216-50442e0f428c">
      <Execution id="be81bc6f-89f1-4a2d-8eb1-cf78903938c0" />
      <TestMethod codeBase="C:\Users\szy\Desktop\8005-workspace\repos\8005-agv-control-server\tests\ControlServer.Tests\bin\Release\net8.0\win-x64\ControlServer.Tests.dll" adapterTypeName="executor://xunit/VsTestRunner3/netcore/" className="ControlServer.Tests.RecoveryStateMachineG2Tests" name="CancellingBeforeLoadIsIdempotentAndRefusesToUndoACompletedDemand" />
    </UnitTest>
    <UnitTest name="ControlServer.Tests.OnboardMessageProcessorTests.OnboardBusinessMessagesAreDurablyAcknowledgedAndOperationResultIsUniquePerAttempt" storage="c:\users\szy\desktop\8005-workspace\repos\8005-agv-control-server\tests\controlserver.tests\bin\release\net8.0\win-x64\controlserver.tests.dll" id="fc3d2a3f-fde1-51f4-19ba-b6b6ba45f908">
      <Execution id="1b65f515-c6d5-47a1-96de-847b9ea8d2c1" />
      <TestMethod codeBase="C:\Users\szy\Desktop\8005-workspace\repos\8005-agv-control-server\tests\ControlServer.Tests\bin\Release\net8.0\win-x64\ControlServer.Tests.dll" adapterTypeName="executor://xunit/VsTestRunner3/netcore/" className="ControlServer.Tests.OnboardMessageProcessorTests" name="OnboardBusinessMessagesAreDurablyAcknowledgedAndOperationResultIsUniquePerAttempt" />
    </UnitTest>
    <UnitTest name="ControlServer.Tests.JourneyRuntimeWorkerTests.ABlockedJourneyKeepsTheVehicleOutOfEveryOtherDemand" storage="c:\users\szy\desktop\8005-workspace\repos\8005-agv-control-server\tests\controlserver.tests\bin\release\net8.0\win-x64\controlserver.tests.dll" id="a9284d4a-c50b-3b6f-9c5f-5e10db4c2ccd">
      <Execution id="378d7904-b6b7-446e-bdf4-67253a8eccca" />
      <TestMethod codeBase="C:\Users\szy\Desktop\8005-workspace\repos\8005-agv-control-server\tests\ControlServer.Tests\bin\Release\net8.0\win-x64\ControlServer.Tests.dll" adapterTypeName="executor://xunit/VsTestRunner3/netcore/" className="ControlServer.Tests.JourneyRuntimeWorkerTests" name="ABlockedJourneyKeepsTheVehicleOutOfEveryOtherDemand" />
    </UnitTest>
    <UnitTest name="ControlServer.Tests.JourneyRuntimeWorkerTests.TheEntryRequestNamesEverySublotTheOperatorMayEnter" storage="c:\users\szy\desktop\8005-workspace\repos\8005-agv-control-server\tests\controlserver.tests\bin\release\net8.0\win-x64\controlserver.tests.dll" id="6ee1d6fb-427d-a750-07b4-c17e269edc78">
      <Execution id="08066508-21b6-439d-83d4-e81340fc7b07" />
      <TestMethod codeBase="C:\Users\szy\Desktop\8005-workspace\repos\8005-agv-control-server\tests\ControlServer.Tests\bin\Release\net8.0\win-x64\ControlServer.Tests.dll" adapterTypeName="executor://xunit/VsTestRunner3/netcore/" className="ControlServer.Tests.JourneyRuntimeWorkerTests" name="TheEntryRequestNamesEverySublotTheOperatorMayEnter" />
    </UnitTest>
    <UnitTest name="ControlServer.Tests.OnboardJourneyPublisherTests.CoreJourneyCommandsEmitFormalSchemaPayloadsWithExactCorrelationRules" storage="c:\users\szy\desktop\8005-workspace\repos\8005-agv-control-server\tests\controlserver.tests\bin\release\net8.0\win-x64\controlserver.tests.dll" id="87ab6baa-a2fa-4bd2-e2a4-5abe279110f2">
      <Execution id="78c53a2d-c9d3-4834-9ef1-609d6e230a1c" />
      <TestMethod codeBase="C:\Users\szy\Desktop\8005-workspace\repos\8005-agv-control-server\tests\ControlServer.Tests\bin\Release\net8.0\win-x64\ControlServer.Tests.dll" adapterTypeName="executor://xunit/VsTestRunner3/netcore/" className="ControlServer.Tests.OnboardJourneyPublisherTests" name="CoreJourneyCommandsEmitFormalSchemaPayloadsWithExactCorrelationRules" />
    </UnitTest>
    <UnitTest name="ControlServer.Tests.WireToGateStoreTests.UnsafeCompletedOperationResultIsDurableButMovesDemandToRecovery" storage="c:\users\szy\desktop\8005-workspace\repos\8005-agv-control-server\tests\controlserver.tests\bin\release\net8.0\win-x64\controlserver.tests.dll" id="e1968e43-9e7b-f56a-40ea-5c0a4b4951ca">
      <Execution id="6f02d50b-4efa-401f-b409-360eb4cf605b" />
      <TestMethod codeBase="C:\Users\szy\Desktop\8005-workspace\repos\8005-agv-control-server\tests\ControlServer.Tests\bin\Release\net8.0\win-x64\ControlServer.Tests.dll" adapterTypeName="executor://xunit/VsTestRunner3/netcore/" className="ControlServer.Tests.WireToGateStoreTests" name="UnsafeCompletedOperationResultIsDurableButMovesDemandToRecovery" />
    </UnitTest>
    <UnitTest name="ControlServer.Tests.JourneyRuntimeWorkerTests.ASublotWhosePackageLostItsCapacityIsRefusedWithTheRealReasonAndOpensNoSlot" storage="c:\users\szy\desktop\8005-workspace\repos\8005-agv-control-server\tests\controlserver.tests\bin\release\net8.0\win-x64\controlserver.tests.dll" id="8b0aa125-e6d0-e8ab-8f5e-701d6a1053fd">
      <Execution id="79a94536-5786-405a-92bf-9278cf0bf9b3" />
      <TestMethod codeBase="C:\Users\szy\Desktop\8005-workspace\repos\8005-agv-control-server\tests\ControlServer.Tests\bin\Release\net8.0\win-x64\ControlServer.Tests.dll" adapterTypeName="executor://xunit/VsTestRunner3/netcore/" className="ControlServer.Tests.JourneyRuntimeWorkerTests" name="ASublotWhosePackageLostItsCapacityIsRefusedWithTheRealReasonAndOpensNoSlot" />
    </UnitTest>
    <UnitTest name="ControlServer.Tests.AdmissionPolicyStoreTests.VersionedImportIsAuditedAndSameVersionCannotChangeContent" storage="c:\users\szy\desktop\8005-workspace\repos\8005-agv-control-server\tests\controlserver.tests\bin\release\net8.0\win-x64\controlserver.tests.dll" id="2f4e0e3a-6116-df46-f676-848ddf5160a5">
      <Execution id="e9cea58c-aab2-4125-84f5-5feae9510c81" />
      <TestMethod codeBase="C:\Users\szy\Desktop\8005-workspace\repos\8005-agv-control-server\tests\ControlServer.Tests\bin\Release\net8.0\win-x64\ControlServer.Tests.dll" adapterTypeName="executor://xunit/VsTestRunner3/netcore/" className="ControlServer.Tests.AdmissionPolicyStoreTests" name="VersionedImportIsAuditedAndSameVersionCannotChangeContent" />
    </UnitTest>
    <UnitTest name="ControlServer.Tests.RecoveryStateMachineG2Tests.CancellingBeforeLoadRefusesADemandWhoseSlotOperationWasAlreadyCommanded" storage="c:\users\szy\desktop\8005-workspace\repos\8005-agv-control-server\tests\controlserver.tests\bin\release\net8.0\win-x64\controlserver.tests.dll" id="3dc48cd0-efe1-a812-195e-433e66066f65">
      <Execution id="63a49b86-637e-4308-b15c-b13b42906684" />
      <TestMethod codeBase="C:\Users\szy\Desktop\8005-workspace\repos\8005-agv-control-server\tests\ControlServer.Tests\bin\Release\net8.0\win-x64\ControlServer.Tests.dll" adapterTypeName="executor://xunit/VsTestRunner3/netcore/" className="ControlServer.Tests.RecoveryStateMachineG2Tests" name="CancellingBeforeLoadRefusesADemandWhoseSlotOperationWasAlreadyCommanded" />
    </UnitTest>
    <UnitTest name="ControlServer.Tests.JourneyRuntimeOptionsTests.EnabledRuntimeRejectsCrossOriginSublotQueryPath" storage="c:\users\szy\desktop\8005-workspace\repos\8005-agv-control-server\tests\controlserver.tests\bin\release\net8.0\win-x64\controlserver.tests.dll" id="b7eef17c-7ef3-4858-4889-5da8483fd538">
      <Execution id="93abc69a-caf0-4b9a-888a-62c60907f14d" />
      <TestMethod codeBase="C:\Users\szy\Desktop\8005-workspace\repos\8005-agv-control-server\tests\ControlServer.Tests\bin\Release\net8.0\win-x64\ControlServer.Tests.dll" adapterTypeName="executor://xunit/VsTestRunner3/netcore/" className="ControlServer.Tests.JourneyRuntimeOptionsTests" name="EnabledRuntimeRejectsCrossOriginSublotQueryPath" />
    </UnitTest>
    <UnitTest name="ControlServer.Tests.HttpSublotBoxCountReaderTests.RejectsStaleBoxCountEvidence" storage="c:\users\szy\desktop\8005-workspace\repos\8005-agv-control-server\tests\controlserver.tests\bin\release\net8.0\win-x64\controlserver.tests.dll" id="fd8934d5-ec64-7704-4da3-251ba03659b7">
      <Execution id="b5f742f8-fbee-4cf6-a495-8a9320ee68b5" />
      <TestMethod codeBase="C:\Users\szy\Desktop\8005-workspace\repos\8005-agv-control-server\tests\ControlServer.Tests\bin\Release\net8.0\win-x64\ControlServer.Tests.dll" adapterTypeName="executor://xunit/VsTestRunner3/netcore/" className="ControlServer.Tests.HttpSublotBoxCountReaderTests" name="RejectsStaleBoxCountEvidence" />
    </UnitTest>
    <UnitTest name="ControlServer.Tests.JourneyRuntimeWorkerTests.ProductionRuntimeResumesOneJourneyThroughTrustedArrivalsAndAtomicCompletion" storage="c:\users\szy\desktop\8005-workspace\repos\8005-agv-control-server\tests\controlserver.tests\bin\release\net8.0\win-x64\controlserver.tests.dll" id="6fea1d2f-e02f-742d-7376-bf8c24835495">
      <Execution id="e9751e30-7232-408f-9244-6a40b0f2e7a9" />
      <TestMethod codeBase="C:\Users\szy\Desktop\8005-workspace\repos\8005-agv-control-server\tests\ControlServer.Tests\bin\Release\net8.0\win-x64\ControlServer.Tests.dll" adapterTypeName="executor://xunit/VsTestRunner3/netcore/" className="ControlServer.Tests.JourneyRuntimeWorkerTests" name="ProductionRuntimeResumesOneJourneyThroughTrustedArrivalsAndAtomicCompletion" />
    </UnitTest>
    <UnitTest name="ControlServer.Tests.RecoveryStateMachineG2Tests.ACancellationRaisedBeforeAnySlotOperationEndsTheDemandAsItIsAuthorised" storage="c:\users\szy\desktop\8005-workspace\repos\8005-agv-control-server\tests\controlserver.tests\bin\release\net8.0\win-x64\controlserver.tests.dll" id="cf92c05c-acbe-7555-785f-fe92ceb65b19">
      <Execution id="4990feb7-e189-4003-a5c7-564f8bc2fff6" />
      <TestMethod codeBase="C:\Users\szy\Desktop\8005-workspace\repos\8005-agv-control-server\tests\ControlServer.Tests\bin\Release\net8.0\win-x64\ControlServer.Tests.dll" adapterTypeName="executor://xunit/VsTestRunner3/netcore/" className="ControlServer.Tests.RecoveryStateMachineG2Tests" name="ACancellationRaisedBeforeAnySlotOperationEndsTheDemandAsItIsAuthorised" />
    </UnitTest>
    <UnitTest name="ControlServer.Tests.HttpSublotBoxCountReaderTests.ReadsOnlyTheConfiguredBoundSublotQueryAndValidatesResponseIdentity" storage="c:\users\szy\desktop\8005-workspace\repos\8005-agv-control-server\tests\controlserver.tests\bin\release\net8.0\win-x64\controlserver.tests.dll" id="5a5f49dc-f743-905e-9c18-6f3534f82e4e">
      <Execution id="82db636f-047f-4fed-a2a8-95498307ce36" />
      <TestMethod codeBase="C:\Users\szy\Desktop\8005-workspace\repos\8005-agv-control-server\tests\ControlServer.Tests\bin\Release\net8.0\win-x64\ControlServer.Tests.dll" adapterTypeName="executor://xunit/VsTestRunner3/netcore/" className="ControlServer.Tests.HttpSublotBoxCountReaderTests" name="ReadsOnlyTheConfiguredBoundSublotQueryAndValidatesResponseIdentity" />
    </UnitTest>
    <UnitTest name="ControlServer.Tests.JourneyRuntimeWorkerTests.ABlockedJourneyKeepsTheReasonItWasBlockedForWhenTheSessionDrops" storage="c:\users\szy\desktop\8005-workspace\repos\8005-agv-control-server\tests\controlserver.tests\bin\release\net8.0\win-x64\controlserver.tests.dll" id="119c1ac1-d05f-b853-1a6f-2f82ab993eb6">
      <Execution id="8c267cb7-9008-4daa-9b9f-713d421f1ac1" />
      <TestMethod codeBase="C:\Users\szy\Desktop\8005-workspace\repos\8005-agv-control-server\tests\ControlServer.Tests\bin\Release\net8.0\win-x64\ControlServer.Tests.dll" adapterTypeName="executor://xunit/VsTestRunner3/netcore/" className="ControlServer.Tests.JourneyRuntimeWorkerTests" name="ABlockedJourneyKeepsTheReasonItWasBlockedForWhenTheSessionDrops" />
    </UnitTest>
  </TestDefinitions>
  <TestEntries>
    <TestEntry testId="45087cc4-3903-a152-82c9-05eb0efd9c4c" executionId="bedc64da-2716-413a-b706-1300f2d49cf1" testListId="8c84fa94-04c1-424b-9868-57a2d4851a1d" />
    <TestEntry testId="5a5f49dc-f743-905e-9c18-6f3534f82e4e" executionId="82db636f-047f-4fed-a2a8-95498307ce36" testListId="8c84fa94-04c1-424b-9868-57a2d4851a1d" />
    <TestEntry testId="a763a60a-9a05-865c-8af9-c460b44ef303" executionId="e340f5e6-dfc5-4a69-b716-b1f425258dce" testListId="8c84fa94-04c1-424b-9868-57a2d4851a1d" />
    <TestEntry testId="3dc48cd0-efe1-a812-195e-433e66066f65" executionId="63a49b86-637e-4308-b15c-b13b42906684" testListId="8c84fa94-04c1-424b-9868-57a2d4851a1d" />
    <TestEntry testId="6fea1d2f-e02f-742d-7376-bf8c24835495" executionId="e9751e30-7232-408f-9244-6a40b0f2e7a9" testListId="8c84fa94-04c1-424b-9868-57a2d4851a1d" />
    <TestEntry testId="07f484a4-d6bb-b669-1853-2b1dcdf99c88" executionId="e0ec117d-7f7e-48c9-b3e7-a94572523b14" testListId="8c84fa94-04c1-424b-9868-57a2d4851a1d" />
    <TestEntry testId="a9284d4a-c50b-3b6f-9c5f-5e10db4c2ccd" executionId="378d7904-b6b7-446e-bdf4-67253a8eccca" testListId="8c84fa94-04c1-424b-9868-57a2d4851a1d" />
    <TestEntry testId="6ee1d6fb-427d-a750-07b4-c17e269edc78" executionId="08066508-21b6-439d-83d4-e81340fc7b07" testListId="8c84fa94-04c1-424b-9868-57a2d4851a1d" />
    <TestEntry testId="7304f3f7-40ef-cc40-f216-50442e0f428c" executionId="be81bc6f-89f1-4a2d-8eb1-cf78903938c0" testListId="8c84fa94-04c1-424b-9868-57a2d4851a1d" />
    <TestEntry testId="0bb74268-d25c-666d-39f5-63bf3e7e38b9" executionId="e3466733-f03c-4602-a3c7-550525ba392b" testListId="8c84fa94-04c1-424b-9868-57a2d4851a1d" />
    <TestEntry testId="fd8934d5-ec64-7704-4da3-251ba03659b7" executionId="b5f742f8-fbee-4cf6-a495-8a9320ee68b5" testListId="8c84fa94-04c1-424b-9868-57a2d4851a1d" />
    <TestEntry testId="4b84ab84-40df-85c3-5b6a-ba3dcb7bbea6" executionId="e3e35a63-cd5c-4f07-b23d-e81f89983e0e" testListId="8c84fa94-04c1-424b-9868-57a2d4851a1d" />
    <TestEntry testId="82f9fab8-9919-f5c4-ffdb-23fc536c7ddd" executionId="b2d766a1-9ad1-4069-821f-b67a206ccddf" testListId="8c84fa94-04c1-424b-9868-57a2d4851a1d" />
    <TestEntry testId="352b4bed-9bd2-a1d8-4c2c-6e81bc4afd88" executionId="92751977-d1c7-46eb-a079-41344f93a107" testListId="8c84fa94-04c1-424b-9868-57a2d4851a1d" />
    <TestEntry testId="fc3d2a3f-fde1-51f4-19ba-b6b6ba45f908" executionId="1b65f515-c6d5-47a1-96de-847b9ea8d2c1" testListId="8c84fa94-04c1-424b-9868-57a2d4851a1d" />
    <TestEntry testId="119c1ac1-d05f-b853-1a6f-2f82ab993eb6" executionId="8c267cb7-9008-4daa-9b9f-713d421f1ac1" testListId="8c84fa94-04c1-424b-9868-57a2d4851a1d" />
    <TestEntry testId="f26853a4-3fae-d76c-02e8-4c3adbe9dc5e" executionId="27699965-f487-45f7-ab51-37c67df42bd4" testListId="8c84fa94-04c1-424b-9868-57a2d4851a1d" />
    <TestEntry testId="cba1ae6c-5714-1e9d-b38f-6c9fe4dd84d8" executionId="a5a5ea03-a8df-4974-8dc2-febd79363d4a" testListId="8c84fa94-04c1-424b-9868-57a2d4851a1d" />
    <TestEntry testId="e1968e43-9e7b-f56a-40ea-5c0a4b4951ca" executionId="6f02d50b-4efa-401f-b409-360eb4cf605b" testListId="8c84fa94-04c1-424b-9868-57a2d4851a1d" />
    <TestEntry testId="6ecbeefa-6106-d8a2-1f00-7f85e8c5da1a" executionId="808e28e0-35a5-4f47-87b0-f5e3c7085c56" testListId="8c84fa94-04c1-424b-9868-57a2d4851a1d" />
    <TestEntry testId="b7eef17c-7ef3-4858-4889-5da8483fd538" executionId="93abc69a-caf0-4b9a-888a-62c60907f14d" testListId="8c84fa94-04c1-424b-9868-57a2d4851a1d" />
    <TestEntry testId="8b0aa125-e6d0-e8ab-8f5e-701d6a1053fd" executionId="79a94536-5786-405a-92bf-9278cf0bf9b3" testListId="8c84fa94-04c1-424b-9868-57a2d4851a1d" />
    <TestEntry testId="2f4e0e3a-6116-df46-f676-848ddf5160a5" executionId="e9cea58c-aab2-4125-84f5-5feae9510c81" testListId="8c84fa94-04c1-424b-9868-57a2d4851a1d" />
    <TestEntry testId="cf92c05c-acbe-7555-785f-fe92ceb65b19" executionId="4990feb7-e189-4003-a5c7-564f8bc2fff6" testListId="8c84fa94-04c1-424b-9868-57a2d4851a1d" />
    <TestEntry testId="87ab6baa-a2fa-4bd2-e2a4-5abe279110f2" executionId="78c53a2d-c9d3-4834-9ef1-609d6e230a1c" testListId="8c84fa94-04c1-424b-9868-57a2d4851a1d" />
    <TestEntry testId="445680d8-a327-90a1-09a7-408cc8cad783" executionId="a773cedf-a113-41d3-a02d-58bbee9c2da7" testListId="8c84fa94-04c1-424b-9868-57a2d4851a1d" />
    <TestEntry testId="a67aff6c-03e4-b63f-46ec-ae058908fd70" executionId="29c26ac1-0034-444c-b161-81271c676a5c" testListId="8c84fa94-04c1-424b-9868-57a2d4851a1d" />
  </TestEntries>
  <TestLists>
    <TestList name="Results Not in a List" id="8c84fa94-04c1-424b-9868-57a2d4851a1d" />
    <TestList name="All Loaded Results" id="19431567-8539-422a-85d7-44ee4e166bda" />
  </TestLists>
  <ResultSummary outcome="Completed">
    <Counters total="27" executed="27" passed="27" failed="0" error="0" timeout="0" aborted="0" inconclusive="0" passedButRunAborted="0" notRunnable="0" notExecuted="0" disconnected="0" warning="0" completed="0" inProgress="0" pending="0" />
    <Output>
      <StdOut>[xUnit.net 00:00:00.00] xUnit.net VSTest Adapter v3.1.5+1b188a7b0a (64-bit .NET 8.0.30)&#xD;
[xUnit.net 00:00:00.25]   Discovering: ControlServer.Tests&#xD;
[xUnit.net 00:00:00.65]   Discovered:  ControlServer.Tests&#xD;
[xUnit.net 00:00:00.85]   Starting:    ControlServer.Tests&#xD;
[xUnit.net 00:00:05.17]   Finished:    ControlServer.Tests (ID = '5f32e3228d37e5cb3e7bc60b239275389dd116eb20728c9edbbdde1b1bccd0e8')&#xD;
</StdOut>
    </Output>
  </ResultSummary>
</TestRun>