<?xml version="1.0" encoding="utf-8"?>
<TestRun id="4fa27c2d-efc2-4217-906f-da1694d48e4f" name="szy@LAB-WIN-01 2026-09-10 17:34:48" runUser="LAB-WIN-01\szy" xmlns="http://microsoft.com/schemas/VisualStudio/TeamTest/2010">
  <Times creation="2026-09-10T17:34:48.0143964+08:00" queuing="2026-09-10T17:34:48.0143969+08:00" start="2026-09-10T17:34:43.7511182+08:00" finish="2026-09-10T17:34:48.1862007+08:00" />
  <TestSettings name="default" id="4802425f-a062-4848-9f76-327e3acbd82b">
    <Deployment runDeploymentRoot="szy_LAB-WIN-01_2026-09-10_17_34_48" />
  </TestSettings>
  <Results>
    <UnitTestResult executionId="40e595d1-c9a5-4a37-9946-781f304c5a60" testId="e19f3890-bb1b-f2ca-7300-85564bdcc29d" testName="ControlServer.Tests.OnboardAlarmProjectionTests.AlarmCodesStayAnOpenStringSetAndShareNothingWithTheClosedProtocolErrorCodeRegistry" computerName="LAB-WIN-01" duration="00:00:00.0191685" startTime="2026-09-10T17:34:47.9908921+08:00" endTime="2026-09-10T17:34:48.0101858+08:00" testType="13cdc9d9-ddb5-4fa4-a97d-d965ccfc6d4b" outcome="Passed" testListId="8c84fa94-04c1-424b-9868-57a2d4851a1d" relativeResultsDirectory="40e595d1-c9a5-4a37-9946-781f304c5a60" />
    <UnitTestResult executionId="863e2e56-2e4f-452b-b3b0-0a39bf0ad9ff" testId="05de0c92-c57b-0a45-a08b-b5bbf721dd72" testName="ControlServer.Tests.OnboardAlarmSnapshotWireTests.ASnapshotFromANewerSessionIsAdoptedEvenThoughItsRevisionWentBackToOne" computerName="LAB-WIN-01" duration="00:00:00.0917786" startTime="2026-09-10T17:34:47.7651500+08:00" endTime="2026-09-10T17:34:47.8570060+08:00" testType="13cdc9d9-ddb5-4fa4-a97d-d965ccfc6d4b" outcome="Passed" testListId="8c84fa94-04c1-424b-9868-57a2d4851a1d" relativeResultsDirectory="863e2e56-2e4f-452b-b3b0-0a39bf0ad9ff" />
    <UnitTestResult executionId="dc23de6b-3e89-4123-b1dc-227f1ccaf440" testId="a3abd6d1-ab4d-6883-dc04-68a5d966f0fa" testName="ControlServer.Tests.OnboardAlarmSnapshotWireTests.ASnapshotOnTheWireIsAdoptedAndAckedUnderTheOnboardAlarmKindAtItsOwnRevision" computerName="LAB-WIN-01" duration="00:00:00.0930498" startTime="2026-09-10T17:34:47.8578398+08:00" endTime="2026-09-10T17:34:47.9509543+08:00" testType="13cdc9d9-ddb5-4fa4-a97d-d965ccfc6d4b" outcome="Passed" testListId="8c84fa94-04c1-424b-9868-57a2d4851a1d" relativeResultsDirectory="dc23de6b-3e89-4123-b1dc-227f1ccaf440" />
    <UnitTestResult executionId="b4fe4596-9c5a-4f6f-8e88-ee62f70534f7" testId="53d0303c-f0a1-f048-1944-0a9dc10e82c5" testName="ControlServer.Tests.OnboardAlarmSnapshotWireTests.TheSubjectTypeRoutesTheAlarmAndAnUnknownOneIsSeenOnTheDashboardRatherThanLost" computerName="LAB-WIN-01" duration="00:00:01.7741863" startTime="2026-09-10T17:34:45.8224757+08:00" endTime="2026-09-10T17:34:47.6038597+08:00" testType="13cdc9d9-ddb5-4fa4-a97d-d965ccfc6d4b" outcome="Passed" testListId="8c84fa94-04c1-424b-9868-57a2d4851a1d" relativeResultsDirectory="b4fe4596-9c5a-4f6f-8e88-ee62f70534f7" />
    <UnitTestResult executionId="4d0443be-e8ae-4209-a560-57ff97cc5a63" testId="9f5bf457-fec9-b1e3-53c6-bd8d09e100e8" testName="ControlServer.Tests.OnboardAlarmProjectionTests.AVehicleOutOfContactShowsTheReasonRatherThanItsLastKnownAlarms" computerName="LAB-WIN-01" duration="00:00:00.1674549" startTime="2026-09-10T17:34:47.6098740+08:00" endTime="2026-09-10T17:34:47.7774255+08:00" testType="13cdc9d9-ddb5-4fa4-a97d-d965ccfc6d4b" outcome="Passed" testListId="8c84fa94-04c1-424b-9868-57a2d4851a1d" relativeResultsDirectory="4d0443be-e8ae-4209-a560-57ff97cc5a63" />
    <UnitTestResult executionId="d930d4e0-f813-4190-92cc-6b28454ab3e8" testId="d11a1b21-933b-3b7d-a4d8-2f4cf33046b4" testName="ControlServer.Tests.OnboardAlarmProjectionTests.AlarmVisibilityIsEvaluatedWithNoIdentityOrKeyInputAnywhereOnItsPath" computerName="LAB-WIN-01" duration="00:00:00.0042157" startTime="2026-09-10T17:34:48.1001704+08:00" endTime="2026-09-10T17:34:48.1044496+08:00" testType="13cdc9d9-ddb5-4fa4-a97d-d965ccfc6d4b" outcome="Passed" testListId="8c84fa94-04c1-424b-9868-57a2d4851a1d" relativeResultsDirectory="d930d4e0-f813-4190-92cc-6b28454ab3e8" />
    <UnitTestResult executionId="05f9e577-a0c3-4707-9e47-6e9d79d72a43" testId="08d0727e-b814-dfd1-1d5f-bea5af707403" testName="ControlServer.Tests.OnboardAlarmSnapshotWireTests.TheSecondSnapshotReplacesTheFirstWholeAndARevisionThatGoesBackwardsIsNotAdopted" computerName="LAB-WIN-01" duration="00:00:00.1531940" startTime="2026-09-10T17:34:47.6098740+08:00" endTime="2026-09-10T17:34:47.7631642+08:00" testType="13cdc9d9-ddb5-4fa4-a97d-d965ccfc6d4b" outcome="Passed" testListId="8c84fa94-04c1-424b-9868-57a2d4851a1d" relativeResultsDirectory="05f9e577-a0c3-4707-9e47-6e9d79d72a43" />
    <UnitTestResult executionId="59b57d85-e95f-45c7-a69c-7a1bea9983fe" testId="7850064f-2c26-5e58-7178-94aeecda3859" testName="ControlServer.Tests.OnboardAlarmProjectionTests.TheEndpointServesRealRowsAndTheCardRendersThemIncludingTheLostContactReason" computerName="LAB-WIN-01" duration="00:00:00.1091434" startTime="2026-09-10T17:34:47.7779181+08:00" endTime="2026-09-10T17:34:47.8871266+08:00" testType="13cdc9d9-ddb5-4fa4-a97d-d965ccfc6d4b" outcome="Passed" testListId="8c84fa94-04c1-424b-9868-57a2d4851a1d" relativeResultsDirectory="59b57d85-e95f-45c7-a69c-7a1bea9983fe" />
    <UnitTestResult executionId="507e8528-0bbf-4151-925c-6a7697ed489d" testId="b586b713-d226-a26e-e7b9-6e4b0a06f8cd" testName="ControlServer.Tests.OnboardAlarmProjectionTests.ALaterSnapshotReplacesTheEarlierOneWholeAndNeverMergesIntoIt" computerName="LAB-WIN-01" duration="00:00:00.1014875" startTime="2026-09-10T17:34:47.8881017+08:00" endTime="2026-09-10T17:34:47.9896670+08:00" testType="13cdc9d9-ddb5-4fa4-a97d-d965ccfc6d4b" outcome="Passed" testListId="8c84fa94-04c1-424b-9868-57a2d4851a1d" relativeResultsDirectory="507e8528-0bbf-4151-925c-6a7697ed489d" />
    <UnitTestResult executionId="8994557f-c755-4b87-8ea9-920159c9f686" testId="a55436e7-f635-6a1b-1fff-9b62df09a19d" testName="ControlServer.Tests.OnboardAlarmProjectionTests.OnlyAlarmsUnrelatedToAnyVehiclesOwnSituationReachTheDashboard" computerName="LAB-WIN-01" duration="00:00:01.7702764" startTime="2026-09-10T17:34:45.8224758+08:00" endTime="2026-09-10T17:34:47.6019617+08:00" testType="13cdc9d9-ddb5-4fa4-a97d-d965ccfc6d4b" outcome="Passed" testListId="8c84fa94-04c1-424b-9868-57a2d4851a1d" relativeResultsDirectory="8994557f-c755-4b87-8ea9-920159c9f686" />
    <UnitTestResult executionId="b52aa23d-4cd0-4143-9ce0-a794e4c99b8e" testId="d658fe7e-e0b2-c823-56b1-db4f9396fc8f" testName="ControlServer.Tests.OnboardAlarmProjectionTests.AReadyRowWhoseSessionHasGoneQuietShowsTheReasonRatherThanItsLastKnownAlarms" computerName="LAB-WIN-01" duration="00:00:00.0879433" startTime="2026-09-10T17:34:48.0113630+08:00" endTime="2026-09-10T17:34:48.0993802+08:00" testType="13cdc9d9-ddb5-4fa4-a97d-d965ccfc6d4b" outcome="Passed" testListId="8c84fa94-04c1-424b-9868-57a2d4851a1d" relativeResultsDirectory="b52aa23d-4cd0-4143-9ce0-a794e4c99b8e" />
    <UnitTestResult executionId="63c1cca0-0984-465f-9986-81d6b11fdad1" testId="5df29126-ce4e-d6b1-ee3d-366816551813" testName="ControlServer.Tests.OnboardAlarmSnapshotWireTests.AnAlarmCodeArrivingOnTheWireNeverPassesThroughTheClosedProtocolErrorCodeRegistry" computerName="LAB-WIN-01" duration="00:00:00.0915286" startTime="2026-09-10T17:34:47.9516869+08:00" endTime="2026-09-10T17:34:48.0432731+08:00" testType="13cdc9d9-ddb5-4fa4-a97d-d965ccfc6d4b" outcome="Passed" testListId="8c84fa94-04c1-424b-9868-57a2d4851a1d" relativeResultsDirectory="63c1cca0-0984-465f-9986-81d6b11fdad1" />
  </Results>
  <TestDefinitions>
    <UnitTest name="ControlServer.Tests.OnboardAlarmProjectionTests.AReadyRowWhoseSessionHasGoneQuietShowsTheReasonRatherThanItsLastKnownAlarms" storage="c:\users\szy\8005-b3\cs-g2-eefb3a8\tests\controlserver.tests\bin\release\net8.0\win-x64\controlserver.tests.dll" id="d658fe7e-e0b2-c823-56b1-db4f9396fc8f">
      <Execution id="b52aa23d-4cd0-4143-9ce0-a794e4c99b8e" />
      <TestMethod codeBase="C:\Users\szy\8005-b3\cs-g2-eefb3a8\tests\ControlServer.Tests\bin\Release\net8.0\win-x64\ControlServer.Tests.dll" adapterTypeName="executor://xunit/VsTestRunner3/netcore/" className="ControlServer.Tests.OnboardAlarmProjectionTests" name="AReadyRowWhoseSessionHasGoneQuietShowsTheReasonRatherThanItsLastKnownAlarms" />
    </UnitTest>
    <UnitTest name="ControlServer.Tests.OnboardAlarmProjectionTests.ALaterSnapshotReplacesTheEarlierOneWholeAndNeverMergesIntoIt" storage="c:\users\szy\8005-b3\cs-g2-eefb3a8\tests\controlserver.tests\bin\release\net8.0\win-x64\controlserver.tests.dll" id="b586b713-d226-a26e-e7b9-6e4b0a06f8cd">
      <Execution id="507e8528-0bbf-4151-925c-6a7697ed489d" />
      <TestMethod codeBase="C:\Users\szy\8005-b3\cs-g2-eefb3a8\tests\ControlServer.Tests\bin\Release\net8.0\win-x64\ControlServer.Tests.dll" adapterTypeName="executor://xunit/VsTestRunner3/netcore/" className="ControlServer.Tests.OnboardAlarmProjectionTests" name="ALaterSnapshotReplacesTheEarlierOneWholeAndNeverMergesIntoIt" />
    </UnitTest>
    <UnitTest name="ControlServer.Tests.OnboardAlarmProjectionTests.AVehicleOutOfContactShowsTheReasonRatherThanItsLastKnownAlarms" storage="c:\users\szy\8005-b3\cs-g2-eefb3a8\tests\controlserver.tests\bin\release\net8.0\win-x64\controlserver.tests.dll" id="9f5bf457-fec9-b1e3-53c6-bd8d09e100e8">
      <Execution id="4d0443be-e8ae-4209-a560-57ff97cc5a63" />
      <TestMethod codeBase="C:\Users\szy\8005-b3\cs-g2-eefb3a8\tests\ControlServer.Tests\bin\Release\net8.0\win-x64\ControlServer.Tests.dll" adapterTypeName="executor://xunit/VsTestRunner3/netcore/" className="ControlServer.Tests.OnboardAlarmProjectionTests" name="AVehicleOutOfContactShowsTheReasonRatherThanItsLastKnownAlarms" />
    </UnitTest>
    <UnitTest name="ControlServer.Tests.OnboardAlarmSnapshotWireTests.TheSecondSnapshotReplacesTheFirstWholeAndARevisionThatGoesBackwardsIsNotAdopted" storage="c:\users\szy\8005-b3\cs-g2-eefb3a8\tests\controlserver.tests\bin\release\net8.0\win-x64\controlserver.tests.dll" id="08d0727e-b814-dfd1-1d5f-bea5af707403">
      <Execution id="05f9e577-a0c3-4707-9e47-6e9d79d72a43" />
      <TestMethod codeBase="C:\Users\szy\8005-b3\cs-g2-eefb3a8\tests\ControlServer.Tests\bin\Release\net8.0\win-x64\ControlServer.Tests.dll" adapterTypeName="executor://xunit/VsTestRunner3/netcore/" className="ControlServer.Tests.OnboardAlarmSnapshotWireTests" name="TheSecondSnapshotReplacesTheFirstWholeAndARevisionThatGoesBackwardsIsNotAdopted" />
    </UnitTest>
    <UnitTest name="ControlServer.Tests.OnboardAlarmSnapshotWireTests.TheSubjectTypeRoutesTheAlarmAndAnUnknownOneIsSeenOnTheDashboardRatherThanLost" storage="c:\users\szy\8005-b3\cs-g2-eefb3a8\tests\controlserver.tests\bin\release\net8.0\win-x64\controlserver.tests.dll" id="53d0303c-f0a1-f048-1944-0a9dc10e82c5">
      <Execution id="b4fe4596-9c5a-4f6f-8e88-ee62f70534f7" />
      <TestMethod codeBase="C:\Users\szy\8005-b3\cs-g2-eefb3a8\tests\ControlServer.Tests\bin\Release\net8.0\win-x64\ControlServer.Tests.dll" adapterTypeName="executor://xunit/VsTestRunner3/netcore/" className="ControlServer.Tests.OnboardAlarmSnapshotWireTests" name="TheSubjectTypeRoutesTheAlarmAndAnUnknownOneIsSeenOnTheDashboardRatherThanLost" />
    </UnitTest>
    <UnitTest name="ControlServer.Tests.OnboardAlarmSnapshotWireTests.ASnapshotOnTheWireIsAdoptedAndAckedUnderTheOnboardAlarmKindAtItsOwnRevision" storage="c:\users\szy\8005-b3\cs-g2-eefb3a8\tests\controlserver.tests\bin\release\net8.0\win-x64\controlserver.tests.dll" id="a3abd6d1-ab4d-6883-dc04-68a5d966f0fa">
      <Execution id="dc23de6b-3e89-4123-b1dc-227f1ccaf440" />
      <TestMethod codeBase="C:\Users\szy\8005-b3\cs-g2-eefb3a8\tests\ControlServer.Tests\bin\Release\net8.0\win-x64\ControlServer.Tests.dll" adapterTypeName="executor://xunit/VsTestRunner3/netcore/" className="ControlServer.Tests.OnboardAlarmSnapshotWireTests" name="ASnapshotOnTheWireIsAdoptedAndAckedUnderTheOnboardAlarmKindAtItsOwnRevision" />
    </UnitTest>
    <UnitTest name="ControlServer.Tests.OnboardAlarmProjectionTests.OnlyAlarmsUnrelatedToAnyVehiclesOwnSituationReachTheDashboard" storage="c:\users\szy\8005-b3\cs-g2-eefb3a8\tests\controlserver.tests\bin\release\net8.0\win-x64\controlserver.tests.dll" id="a55436e7-f635-6a1b-1fff-9b62df09a19d">
      <Execution id="8994557f-c755-4b87-8ea9-920159c9f686" />
      <TestMethod codeBase="C:\Users\szy\8005-b3\cs-g2-eefb3a8\tests\ControlServer.Tests\bin\Release\net8.0\win-x64\ControlServer.Tests.dll" adapterTypeName="executor://xunit/VsTestRunner3/netcore/" className="ControlServer.Tests.OnboardAlarmProjectionTests" name="OnlyAlarmsUnrelatedToAnyVehiclesOwnSituationReachTheDashboard" />
    </UnitTest>
    <UnitTest name="ControlServer.Tests.OnboardAlarmProjectionTests.AlarmVisibilityIsEvaluatedWithNoIdentityOrKeyInputAnywhereOnItsPath" storage="c:\users\szy\8005-b3\cs-g2-eefb3a8\tests\controlserver.tests\bin\release\net8.0\win-x64\controlserver.tests.dll" id="d11a1b21-933b-3b7d-a4d8-2f4cf33046b4">
      <Execution id="d930d4e0-f813-4190-92cc-6b28454ab3e8" />
      <TestMethod codeBase="C:\Users\szy\8005-b3\cs-g2-eefb3a8\tests\ControlServer.Tests\bin\Release\net8.0\win-x64\ControlServer.Tests.dll" adapterTypeName="executor://xunit/VsTestRunner3/netcore/" className="ControlServer.Tests.OnboardAlarmProjectionTests" name="AlarmVisibilityIsEvaluatedWithNoIdentityOrKeyInputAnywhereOnItsPath" />
    </UnitTest>
    <UnitTest name="ControlServer.Tests.OnboardAlarmSnapshotWireTests.ASnapshotFromANewerSessionIsAdoptedEvenThoughItsRevisionWentBackToOne" storage="c:\users\szy\8005-b3\cs-g2-eefb3a8\tests\controlserver.tests\bin\release\net8.0\win-x64\controlserver.tests.dll" id="05de0c92-c57b-0a45-a08b-b5bbf721dd72">
      <Execution id="863e2e56-2e4f-452b-b3b0-0a39bf0ad9ff" />
      <TestMethod codeBase="C:\Users\szy\8005-b3\cs-g2-eefb3a8\tests\ControlServer.Tests\bin\Release\net8.0\win-x64\ControlServer.Tests.dll" adapterTypeName="executor://xunit/VsTestRunner3/netcore/" className="ControlServer.Tests.OnboardAlarmSnapshotWireTests" name="ASnapshotFromANewerSessionIsAdoptedEvenThoughItsRevisionWentBackToOne" />
    </UnitTest>
    <UnitTest name="ControlServer.Tests.OnboardAlarmSnapshotWireTests.AnAlarmCodeArrivingOnTheWireNeverPassesThroughTheClosedProtocolErrorCodeRegistry" storage="c:\users\szy\8005-b3\cs-g2-eefb3a8\tests\controlserver.tests\bin\release\net8.0\win-x64\controlserver.tests.dll" id="5df29126-ce4e-d6b1-ee3d-366816551813">
      <Execution id="63c1cca0-0984-465f-9986-81d6b11fdad1" />
      <TestMethod codeBase="C:\Users\szy\8005-b3\cs-g2-eefb3a8\tests\ControlServer.Tests\bin\Release\net8.0\win-x64\ControlServer.Tests.dll" adapterTypeName="executor://xunit/VsTestRunner3/netcore/" className="ControlServer.Tests.OnboardAlarmSnapshotWireTests" name="AnAlarmCodeArrivingOnTheWireNeverPassesThroughTheClosedProtocolErrorCodeRegistry" />
    </UnitTest>
    <UnitTest name="ControlServer.Tests.OnboardAlarmProjectionTests.AlarmCodesStayAnOpenStringSetAndShareNothingWithTheClosedProtocolErrorCodeRegistry" storage="c:\users\szy\8005-b3\cs-g2-eefb3a8\tests\controlserver.tests\bin\release\net8.0\win-x64\controlserver.tests.dll" id="e19f3890-bb1b-f2ca-7300-85564bdcc29d">
      <Execution id="40e595d1-c9a5-4a37-9946-781f304c5a60" />
      <TestMethod codeBase="C:\Users\szy\8005-b3\cs-g2-eefb3a8\tests\ControlServer.Tests\bin\Release\net8.0\win-x64\ControlServer.Tests.dll" adapterTypeName="executor://xunit/VsTestRunner3/netcore/" className="ControlServer.Tests.OnboardAlarmProjectionTests" name="AlarmCodesStayAnOpenStringSetAndShareNothingWithTheClosedProtocolErrorCodeRegistry" />
    </UnitTest>
    <UnitTest name="ControlServer.Tests.OnboardAlarmProjectionTests.TheEndpointServesRealRowsAndTheCardRendersThemIncludingTheLostContactReason" storage="c:\users\szy\8005-b3\cs-g2-eefb3a8\tests\controlserver.tests\bin\release\net8.0\win-x64\controlserver.tests.dll" id="7850064f-2c26-5e58-7178-94aeecda3859">
      <Execution id="59b57d85-e95f-45c7-a69c-7a1bea9983fe" />
      <TestMethod codeBase="C:\Users\szy\8005-b3\cs-g2-eefb3a8\tests\ControlServer.Tests\bin\Release\net8.0\win-x64\ControlServer.Tests.dll" adapterTypeName="executor://xunit/VsTestRunner3/netcore/" className="ControlServer.Tests.OnboardAlarmProjectionTests" name="TheEndpointServesRealRowsAndTheCardRendersThemIncludingTheLostContactReason" />
    </UnitTest>
  </TestDefinitions>
  <TestEntries>
    <TestEntry testId="e19f3890-bb1b-f2ca-7300-85564bdcc29d" executionId="40e595d1-c9a5-4a37-9946-781f304c5a60" testListId="8c84fa94-04c1-424b-9868-57a2d4851a1d" />
    <TestEntry testId="05de0c92-c57b-0a45-a08b-b5bbf721dd72" executionId="863e2e56-2e4f-452b-b3b0-0a39bf0ad9ff" testListId="8c84fa94-04c1-424b-9868-57a2d4851a1d" />
    <TestEntry testId="a3abd6d1-ab4d-6883-dc04-68a5d966f0fa" executionId="dc23de6b-3e89-4123-b1dc-227f1ccaf440" testListId="8c84fa94-04c1-424b-9868-57a2d4851a1d" />
    <TestEntry testId="53d0303c-f0a1-f048-1944-0a9dc10e82c5" executionId="b4fe4596-9c5a-4f6f-8e88-ee62f70534f7" testListId="8c84fa94-04c1-424b-9868-57a2d4851a1d" />
    <TestEntry testId="9f5bf457-fec9-b1e3-53c6-bd8d09e100e8" executionId="4d0443be-e8ae-4209-a560-57ff97cc5a63" testListId="8c84fa94-04c1-424b-9868-57a2d4851a1d" />
    <TestEntry testId="d11a1b21-933b-3b7d-a4d8-2f4cf33046b4" executionId="d930d4e0-f813-4190-92cc-6b28454ab3e8" testListId="8c84fa94-04c1-424b-9868-57a2d4851a1d" />
    <TestEntry testId="08d0727e-b814-dfd1-1d5f-bea5af707403" executionId="05f9e577-a0c3-4707-9e47-6e9d79d72a43" testListId="8c84fa94-04c1-424b-9868-57a2d4851a1d" />
    <TestEntry testId="7850064f-2c26-5e58-7178-94aeecda3859" executionId="59b57d85-e95f-45c7-a69c-7a1bea9983fe" testListId="8c84fa94-04c1-424b-9868-57a2d4851a1d" />
    <TestEntry testId="b586b713-d226-a26e-e7b9-6e4b0a06f8cd" executionId="507e8528-0bbf-4151-925c-6a7697ed489d" testListId="8c84fa94-04c1-424b-9868-57a2d4851a1d" />
    <TestEntry testId="a55436e7-f635-6a1b-1fff-9b62df09a19d" executionId="8994557f-c755-4b87-8ea9-920159c9f686" testListId="8c84fa94-04c1-424b-9868-57a2d4851a1d" />
    <TestEntry testId="d658fe7e-e0b2-c823-56b1-db4f9396fc8f" executionId="b52aa23d-4cd0-4143-9ce0-a794e4c99b8e" testListId="8c84fa94-04c1-424b-9868-57a2d4851a1d" />
    <TestEntry testId="5df29126-ce4e-d6b1-ee3d-366816551813" executionId="63c1cca0-0984-465f-9986-81d6b11fdad1" testListId="8c84fa94-04c1-424b-9868-57a2d4851a1d" />
  </TestEntries>
  <TestLists>
    <TestList name="Results Not in a List" id="8c84fa94-04c1-424b-9868-57a2d4851a1d" />
    <TestList name="All Loaded Results" id="19431567-8539-422a-85d7-44ee4e166bda" />
  </TestLists>
  <ResultSummary outcome="Completed">
    <Counters total="12" executed="12" passed="12" failed="0" error="0" timeout="0" aborted="0" inconclusive="0" passedButRunAborted="0" notRunnable="0" notExecuted="0" disconnected="0" warning="0" completed="0" inProgress="0" pending="0" />
    <Output>
      <StdOut>[xUnit.net 00:00:00.00] xUnit.net VSTest Adapter v3.1.5+1b188a7b0a (64-bit .NET 8.0.31)&#xD;
[xUnit.net 00:00:00.40]   Discovering: ControlServer.Tests&#xD;
[xUnit.net 00:00:01.11]   Discovered:  ControlServer.Tests&#xD;
[xUnit.net 00:00:01.36]   Starting:    ControlServer.Tests&#xD;
[xUnit.net 00:00:03.73]   Finished:    ControlServer.Tests (ID = '441bc5c5bdbb3a7262e451da690710716607893b0e77c2a03df0051ed47de14d')&#xD;
</StdOut>
    </Output>
  </ResultSummary>
</TestRun>