<?xml version="1.0" encoding="utf-8"?>
<TestRun id="dbfb5577-8412-47fd-a7cc-f43f1664b9d3" name="szy@LAB-WIN-01 2026-09-08 11:16:53" runUser="LAB-WIN-01\szy" xmlns="http://microsoft.com/schemas/VisualStudio/TeamTest/2010">
  <Times creation="2026-09-08T11:16:53.0627612+08:00" queuing="2026-09-08T11:16:53.0627617+08:00" start="2026-09-08T11:16:49.6302856+08:00" finish="2026-09-08T11:16:53.3025253+08:00" />
  <TestSettings name="default" id="3c65ef8e-be57-4a25-8120-270f0b65cfe8">
    <Deployment runDeploymentRoot="szy_LAB-WIN-01_2026-09-08_11_16_53" />
  </TestSettings>
  <Results>
    <UnitTestResult executionId="095f8503-6b10-4622-bf23-73f033bccc28" testId="6c550de4-1f10-a9be-f049-0fda142208d7" testName="ControlServer.Tests.RecoveryStateMachineG2Tests.ResumeAuthorizationPersistsFormalCommandBeforeSendAndReplaysSameIdentityAfterRestart" computerName="LAB-WIN-01" duration="00:00:00.1063752" startTime="2026-09-08T11:16:52.8710640+08:00" endTime="2026-09-08T11:16:52.9774931+08:00" testType="13cdc9d9-ddb5-4fa4-a97d-d965ccfc6d4b" outcome="Passed" testListId="8c84fa94-04c1-424b-9868-57a2d4851a1d" relativeResultsDirectory="095f8503-6b10-4622-bf23-73f033bccc28" />
    <UnitTestResult executionId="717b29f0-e9c0-4732-b596-d00d0d946c0d" testId="0fd4eab2-d236-9bf7-89d1-80dbd9249994" testName="ControlServer.Tests.OnboardMessageProcessorTests.SafeSafetyStateChangeAcknowledgesAndPublishesReadyTransition" computerName="LAB-WIN-01" duration="00:00:00.1005622" startTime="2026-09-08T11:16:52.4102847+08:00" endTime="2026-09-08T11:16:52.5109756+08:00" testType="13cdc9d9-ddb5-4fa4-a97d-d965ccfc6d4b" outcome="Passed" testListId="8c84fa94-04c1-424b-9868-57a2d4851a1d" relativeResultsDirectory="717b29f0-e9c0-4732-b596-d00d0d946c0d" />
    <UnitTestResult executionId="7530d923-196a-4117-88b6-6eadd714877e" testId="82f9fab8-9919-f5c4-ffdb-23fc536c7ddd" testName="ControlServer.Tests.RecoveryStateMachineG2Tests.FormalCorrectionAndFaultCommandsUseDurableOutboxReplayAndExactAck" computerName="LAB-WIN-01" duration="00:00:00.0663329" startTime="2026-09-08T11:16:52.6524923+08:00" endTime="2026-09-08T11:16:52.7188846+08:00" testType="13cdc9d9-ddb5-4fa4-a97d-d965ccfc6d4b" outcome="Passed" testListId="8c84fa94-04c1-424b-9868-57a2d4851a1d" relativeResultsDirectory="7530d923-196a-4117-88b6-6eadd714877e" />
    <UnitTestResult executionId="164f75d8-c56f-44f1-b6db-6b9b827d23bc" testId="86fc3372-7118-5542-bff8-173d2df03f99" testName="ControlServer.Tests.RecoveryStateMachineG2Tests.AfterARefusedResultResumeIsRefusedButCompensationIsAuthorized" computerName="LAB-WIN-01" duration="00:00:01.2324069" startTime="2026-09-08T11:16:51.2849377+08:00" endTime="2026-09-08T11:16:52.5239734+08:00" testType="13cdc9d9-ddb5-4fa4-a97d-d965ccfc6d4b" outcome="Passed" testListId="8c84fa94-04c1-424b-9868-57a2d4851a1d" relativeResultsDirectory="164f75d8-c56f-44f1-b6db-6b9b827d23bc" />
    <UnitTestResult executionId="c5a1c651-c2cf-4fdf-8705-965fed734a22" testId="08ee40c9-9622-b999-b999-8ed60eb4c7c0" testName="ControlServer.Tests.RecoveryStateMachineG2Tests.ResumeRejectsAReplacementResultReportedOutsideTheAuthorizedSlotScope" computerName="LAB-WIN-01" duration="00:00:00.0543652" startTime="2026-09-08T11:16:53.1345138+08:00" endTime="2026-09-08T11:16:53.1889269+08:00" testType="13cdc9d9-ddb5-4fa4-a97d-d965ccfc6d4b" outcome="Passed" testListId="8c84fa94-04c1-424b-9868-57a2d4851a1d" relativeResultsDirectory="c5a1c651-c2cf-4fdf-8705-965fed734a22" />
    <UnitTestResult executionId="bebf1535-ea2e-4a62-93ec-13e03fcf13cd" testId="7497e66b-2f71-b4b3-257b-ed05db74e01c" testName="ControlServer.Tests.WireToGateStoreTests.ConnectionLossCanFinishButNeverExpandActiveUnlockSet" computerName="LAB-WIN-01" duration="00:00:01.0330682" startTime="2026-09-08T11:16:51.2849299+08:00" endTime="2026-09-08T11:16:52.3268227+08:00" testType="13cdc9d9-ddb5-4fa4-a97d-d965ccfc6d4b" outcome="Passed" testListId="8c84fa94-04c1-424b-9868-57a2d4851a1d" relativeResultsDirectory="bebf1535-ea2e-4a62-93ec-13e03fcf13cd" />
    <UnitTestResult executionId="0ed1d9cb-2d17-4f79-9710-614800e7e623" testId="7a66b1d3-1402-9b87-f491-fb28637de467" testName="ControlServer.Tests.OnboardMessageProcessorTests.UnsafeSafetyStateChangeIsAcknowledgedThenFailClosesSessionReadiness" computerName="LAB-WIN-01" duration="00:00:01.1166497" startTime="2026-09-08T11:16:51.2849430+08:00" endTime="2026-09-08T11:16:52.4082727+08:00" testType="13cdc9d9-ddb5-4fa4-a97d-d965ccfc6d4b" outcome="Passed" testListId="8c84fa94-04c1-424b-9868-57a2d4851a1d" relativeResultsDirectory="0ed1d9cb-2d17-4f79-9710-614800e7e623" />
    <UnitTestResult executionId="6c22f705-8208-4ac1-b0fc-a20e08a64a3a" testId="0c5cce44-585e-4cd0-2245-ba45b94e415d" testName="ControlServer.Tests.RecoveryStateMachineG2Tests.ARefusedResultTellsTheVehicleItsSessionNeedsRecovery" computerName="LAB-WIN-01" duration="00:00:00.1238768" startTime="2026-09-08T11:16:52.5249628+08:00" endTime="2026-09-08T11:16:52.6488877+08:00" testType="13cdc9d9-ddb5-4fa4-a97d-d965ccfc6d4b" outcome="Passed" testListId="8c84fa94-04c1-424b-9868-57a2d4851a1d" relativeResultsDirectory="6c22f705-8208-4ac1-b0fc-a20e08a64a3a" />
    <UnitTestResult executionId="1573e714-faf6-4d4d-9ac2-133741e7fc3e" testId="ff2b9e59-edc1-d1af-6b11-858d5f96bd81" testName="ControlServer.Tests.RecoveryStateMachineG2Tests.ASessionIsNotReadyWhileTheServerHoldsAnOperationNeedingRecovery" computerName="LAB-WIN-01" duration="00:00:00.0361723" startTime="2026-09-08T11:16:53.1896962+08:00" endTime="2026-09-08T11:16:53.2259137+08:00" testType="13cdc9d9-ddb5-4fa4-a97d-d965ccfc6d4b" outcome="Passed" testListId="8c84fa94-04c1-424b-9868-57a2d4851a1d" relativeResultsDirectory="1573e714-faf6-4d4d-9ac2-133741e7fc3e" />
    <UnitTestResult executionId="d267a0ea-bd35-4e9e-b625-618c53b155f0" testId="b672c443-bc41-a681-2e0e-f995b6d3e92e" testName="ControlServer.Tests.RecoveryStateMachineG2Tests.ResumeAdmitsExactlyOneReplacementResultForTheOperationThatAlreadyFailedItsFirstResult" computerName="LAB-WIN-01" duration="00:00:00.0620553" startTime="2026-09-08T11:16:52.9782769+08:00" endTime="2026-09-08T11:16:53.0403815+08:00" testType="13cdc9d9-ddb5-4fa4-a97d-d965ccfc6d4b" outcome="Passed" testListId="8c84fa94-04c1-424b-9868-57a2d4851a1d" relativeResultsDirectory="d267a0ea-bd35-4e9e-b625-618c53b155f0" />
    <UnitTestResult executionId="ba2ce33f-ddcd-4fa6-9c75-4fe1e72ba1fc" testId="2aeaf207-4fc2-3e7b-49e3-97994bc005aa" testName="ControlServer.Tests.RecoveryStateMachineG2Tests.ForcedRecoveryAdvancesOnceFencesOldOutboxAndKeepsLateGenerationAsEvidenceOnly" computerName="LAB-WIN-01" duration="00:00:00.1499972" startTime="2026-09-08T11:16:52.7197650+08:00" endTime="2026-09-08T11:16:52.8698066+08:00" testType="13cdc9d9-ddb5-4fa4-a97d-d965ccfc6d4b" outcome="Passed" testListId="8c84fa94-04c1-424b-9868-57a2d4851a1d" relativeResultsDirectory="ba2ce33f-ddcd-4fa6-9c75-4fe1e72ba1fc" />
    <UnitTestResult executionId="40b930c3-8231-47c4-a678-367901c8f555" testId="a67aff6c-03e4-b63f-46ec-ae058908fd70" testName="ControlServer.Tests.RecoveryStateMachineG2Tests.FailedCompensationResultIsDurableReplayableAndNeverReleasesDemandOrVehicle" computerName="LAB-WIN-01" duration="00:00:00.0917496" startTime="2026-09-08T11:16:53.0413856+08:00" endTime="2026-09-08T11:16:53.1331896+08:00" testType="13cdc9d9-ddb5-4fa4-a97d-d965ccfc6d4b" outcome="Passed" testListId="8c84fa94-04c1-424b-9868-57a2d4851a1d" relativeResultsDirectory="40b930c3-8231-47c4-a678-367901c8f555" />
  </Results>
  <TestDefinitions>
    <UnitTest name="ControlServer.Tests.RecoveryStateMachineG2Tests.ResumeAuthorizationPersistsFormalCommandBeforeSendAndReplaysSameIdentityAfterRestart" storage="c:\users\szy\desktop\8005-workspace\repos\8005-agv-control-server\tests\controlserver.tests\bin\release\net8.0\win-x64\controlserver.tests.dll" id="6c550de4-1f10-a9be-f049-0fda142208d7">
      <Execution id="095f8503-6b10-4622-bf23-73f033bccc28" />
      <TestMethod codeBase="C:\Users\szy\Desktop\8005-workspace\repos\8005-agv-control-server\tests\ControlServer.Tests\bin\Release\net8.0\win-x64\ControlServer.Tests.dll" adapterTypeName="executor://xunit/VsTestRunner3/netcore/" className="ControlServer.Tests.RecoveryStateMachineG2Tests" name="ResumeAuthorizationPersistsFormalCommandBeforeSendAndReplaysSameIdentityAfterRestart" />
    </UnitTest>
    <UnitTest name="ControlServer.Tests.RecoveryStateMachineG2Tests.ResumeAdmitsExactlyOneReplacementResultForTheOperationThatAlreadyFailedItsFirstResult" storage="c:\users\szy\desktop\8005-workspace\repos\8005-agv-control-server\tests\controlserver.tests\bin\release\net8.0\win-x64\controlserver.tests.dll" id="b672c443-bc41-a681-2e0e-f995b6d3e92e">
      <Execution id="d267a0ea-bd35-4e9e-b625-618c53b155f0" />
      <TestMethod codeBase="C:\Users\szy\Desktop\8005-workspace\repos\8005-agv-control-server\tests\ControlServer.Tests\bin\Release\net8.0\win-x64\ControlServer.Tests.dll" adapterTypeName="executor://xunit/VsTestRunner3/netcore/" className="ControlServer.Tests.RecoveryStateMachineG2Tests" name="ResumeAdmitsExactlyOneReplacementResultForTheOperationThatAlreadyFailedItsFirstResult" />
    </UnitTest>
    <UnitTest name="ControlServer.Tests.RecoveryStateMachineG2Tests.ResumeRejectsAReplacementResultReportedOutsideTheAuthorizedSlotScope" storage="c:\users\szy\desktop\8005-workspace\repos\8005-agv-control-server\tests\controlserver.tests\bin\release\net8.0\win-x64\controlserver.tests.dll" id="08ee40c9-9622-b999-b999-8ed60eb4c7c0">
      <Execution id="c5a1c651-c2cf-4fdf-8705-965fed734a22" />
      <TestMethod codeBase="C:\Users\szy\Desktop\8005-workspace\repos\8005-agv-control-server\tests\ControlServer.Tests\bin\Release\net8.0\win-x64\ControlServer.Tests.dll" adapterTypeName="executor://xunit/VsTestRunner3/netcore/" className="ControlServer.Tests.RecoveryStateMachineG2Tests" name="ResumeRejectsAReplacementResultReportedOutsideTheAuthorizedSlotScope" />
    </UnitTest>
    <UnitTest name="ControlServer.Tests.RecoveryStateMachineG2Tests.AfterARefusedResultResumeIsRefusedButCompensationIsAuthorized" storage="c:\users\szy\desktop\8005-workspace\repos\8005-agv-control-server\tests\controlserver.tests\bin\release\net8.0\win-x64\controlserver.tests.dll" id="86fc3372-7118-5542-bff8-173d2df03f99">
      <Execution id="164f75d8-c56f-44f1-b6db-6b9b827d23bc" />
      <TestMethod codeBase="C:\Users\szy\Desktop\8005-workspace\repos\8005-agv-control-server\tests\ControlServer.Tests\bin\Release\net8.0\win-x64\ControlServer.Tests.dll" adapterTypeName="executor://xunit/VsTestRunner3/netcore/" className="ControlServer.Tests.RecoveryStateMachineG2Tests" name="AfterARefusedResultResumeIsRefusedButCompensationIsAuthorized" />
    </UnitTest>
    <UnitTest name="ControlServer.Tests.OnboardMessageProcessorTests.SafeSafetyStateChangeAcknowledgesAndPublishesReadyTransition" storage="c:\users\szy\desktop\8005-workspace\repos\8005-agv-control-server\tests\controlserver.tests\bin\release\net8.0\win-x64\controlserver.tests.dll" id="0fd4eab2-d236-9bf7-89d1-80dbd9249994">
      <Execution id="717b29f0-e9c0-4732-b596-d00d0d946c0d" />
      <TestMethod codeBase="C:\Users\szy\Desktop\8005-workspace\repos\8005-agv-control-server\tests\ControlServer.Tests\bin\Release\net8.0\win-x64\ControlServer.Tests.dll" adapterTypeName="executor://xunit/VsTestRunner3/netcore/" className="ControlServer.Tests.OnboardMessageProcessorTests" name="SafeSafetyStateChangeAcknowledgesAndPublishesReadyTransition" />
    </UnitTest>
    <UnitTest name="ControlServer.Tests.RecoveryStateMachineG2Tests.FormalCorrectionAndFaultCommandsUseDurableOutboxReplayAndExactAck" storage="c:\users\szy\desktop\8005-workspace\repos\8005-agv-control-server\tests\controlserver.tests\bin\release\net8.0\win-x64\controlserver.tests.dll" id="82f9fab8-9919-f5c4-ffdb-23fc536c7ddd">
      <Execution id="7530d923-196a-4117-88b6-6eadd714877e" />
      <TestMethod codeBase="C:\Users\szy\Desktop\8005-workspace\repos\8005-agv-control-server\tests\ControlServer.Tests\bin\Release\net8.0\win-x64\ControlServer.Tests.dll" adapterTypeName="executor://xunit/VsTestRunner3/netcore/" className="ControlServer.Tests.RecoveryStateMachineG2Tests" name="FormalCorrectionAndFaultCommandsUseDurableOutboxReplayAndExactAck" />
    </UnitTest>
    <UnitTest name="ControlServer.Tests.RecoveryStateMachineG2Tests.ARefusedResultTellsTheVehicleItsSessionNeedsRecovery" storage="c:\users\szy\desktop\8005-workspace\repos\8005-agv-control-server\tests\controlserver.tests\bin\release\net8.0\win-x64\controlserver.tests.dll" id="0c5cce44-585e-4cd0-2245-ba45b94e415d">
      <Execution id="6c22f705-8208-4ac1-b0fc-a20e08a64a3a" />
      <TestMethod codeBase="C:\Users\szy\Desktop\8005-workspace\repos\8005-agv-control-server\tests\ControlServer.Tests\bin\Release\net8.0\win-x64\ControlServer.Tests.dll" adapterTypeName="executor://xunit/VsTestRunner3/netcore/" className="ControlServer.Tests.RecoveryStateMachineG2Tests" name="ARefusedResultTellsTheVehicleItsSessionNeedsRecovery" />
    </UnitTest>
    <UnitTest name="ControlServer.Tests.RecoveryStateMachineG2Tests.FailedCompensationResultIsDurableReplayableAndNeverReleasesDemandOrVehicle" storage="c:\users\szy\desktop\8005-workspace\repos\8005-agv-control-server\tests\controlserver.tests\bin\release\net8.0\win-x64\controlserver.tests.dll" id="a67aff6c-03e4-b63f-46ec-ae058908fd70">
      <Execution id="40b930c3-8231-47c4-a678-367901c8f555" />
      <TestMethod codeBase="C:\Users\szy\Desktop\8005-workspace\repos\8005-agv-control-server\tests\ControlServer.Tests\bin\Release\net8.0\win-x64\ControlServer.Tests.dll" adapterTypeName="executor://xunit/VsTestRunner3/netcore/" className="ControlServer.Tests.RecoveryStateMachineG2Tests" name="FailedCompensationResultIsDurableReplayableAndNeverReleasesDemandOrVehicle" />
    </UnitTest>
    <UnitTest name="ControlServer.Tests.WireToGateStoreTests.ConnectionLossCanFinishButNeverExpandActiveUnlockSet" storage="c:\users\szy\desktop\8005-workspace\repos\8005-agv-control-server\tests\controlserver.tests\bin\release\net8.0\win-x64\controlserver.tests.dll" id="7497e66b-2f71-b4b3-257b-ed05db74e01c">
      <Execution id="bebf1535-ea2e-4a62-93ec-13e03fcf13cd" />
      <TestMethod codeBase="C:\Users\szy\Desktop\8005-workspace\repos\8005-agv-control-server\tests\ControlServer.Tests\bin\Release\net8.0\win-x64\ControlServer.Tests.dll" adapterTypeName="executor://xunit/VsTestRunner3/netcore/" className="ControlServer.Tests.WireToGateStoreTests" name="ConnectionLossCanFinishButNeverExpandActiveUnlockSet" />
    </UnitTest>
    <UnitTest name="ControlServer.Tests.RecoveryStateMachineG2Tests.ASessionIsNotReadyWhileTheServerHoldsAnOperationNeedingRecovery" storage="c:\users\szy\desktop\8005-workspace\repos\8005-agv-control-server\tests\controlserver.tests\bin\release\net8.0\win-x64\controlserver.tests.dll" id="ff2b9e59-edc1-d1af-6b11-858d5f96bd81">
      <Execution id="1573e714-faf6-4d4d-9ac2-133741e7fc3e" />
      <TestMethod codeBase="C:\Users\szy\Desktop\8005-workspace\repos\8005-agv-control-server\tests\ControlServer.Tests\bin\Release\net8.0\win-x64\ControlServer.Tests.dll" adapterTypeName="executor://xunit/VsTestRunner3/netcore/" className="ControlServer.Tests.RecoveryStateMachineG2Tests" name="ASessionIsNotReadyWhileTheServerHoldsAnOperationNeedingRecovery" />
    </UnitTest>
    <UnitTest name="ControlServer.Tests.OnboardMessageProcessorTests.UnsafeSafetyStateChangeIsAcknowledgedThenFailClosesSessionReadiness" storage="c:\users\szy\desktop\8005-workspace\repos\8005-agv-control-server\tests\controlserver.tests\bin\release\net8.0\win-x64\controlserver.tests.dll" id="7a66b1d3-1402-9b87-f491-fb28637de467">
      <Execution id="0ed1d9cb-2d17-4f79-9710-614800e7e623" />
      <TestMethod codeBase="C:\Users\szy\Desktop\8005-workspace\repos\8005-agv-control-server\tests\ControlServer.Tests\bin\Release\net8.0\win-x64\ControlServer.Tests.dll" adapterTypeName="executor://xunit/VsTestRunner3/netcore/" className="ControlServer.Tests.OnboardMessageProcessorTests" name="UnsafeSafetyStateChangeIsAcknowledgedThenFailClosesSessionReadiness" />
    </UnitTest>
    <UnitTest name="ControlServer.Tests.RecoveryStateMachineG2Tests.ForcedRecoveryAdvancesOnceFencesOldOutboxAndKeepsLateGenerationAsEvidenceOnly" storage="c:\users\szy\desktop\8005-workspace\repos\8005-agv-control-server\tests\controlserver.tests\bin\release\net8.0\win-x64\controlserver.tests.dll" id="2aeaf207-4fc2-3e7b-49e3-97994bc005aa">
      <Execution id="ba2ce33f-ddcd-4fa6-9c75-4fe1e72ba1fc" />
      <TestMethod codeBase="C:\Users\szy\Desktop\8005-workspace\repos\8005-agv-control-server\tests\ControlServer.Tests\bin\Release\net8.0\win-x64\ControlServer.Tests.dll" adapterTypeName="executor://xunit/VsTestRunner3/netcore/" className="ControlServer.Tests.RecoveryStateMachineG2Tests" name="ForcedRecoveryAdvancesOnceFencesOldOutboxAndKeepsLateGenerationAsEvidenceOnly" />
    </UnitTest>
  </TestDefinitions>
  <TestEntries>
    <TestEntry testId="6c550de4-1f10-a9be-f049-0fda142208d7" executionId="095f8503-6b10-4622-bf23-73f033bccc28" testListId="8c84fa94-04c1-424b-9868-57a2d4851a1d" />
    <TestEntry testId="0fd4eab2-d236-9bf7-89d1-80dbd9249994" executionId="717b29f0-e9c0-4732-b596-d00d0d946c0d" testListId="8c84fa94-04c1-424b-9868-57a2d4851a1d" />
    <TestEntry testId="82f9fab8-9919-f5c4-ffdb-23fc536c7ddd" executionId="7530d923-196a-4117-88b6-6eadd714877e" testListId="8c84fa94-04c1-424b-9868-57a2d4851a1d" />
    <TestEntry testId="86fc3372-7118-5542-bff8-173d2df03f99" executionId="164f75d8-c56f-44f1-b6db-6b9b827d23bc" testListId="8c84fa94-04c1-424b-9868-57a2d4851a1d" />
    <TestEntry testId="08ee40c9-9622-b999-b999-8ed60eb4c7c0" executionId="c5a1c651-c2cf-4fdf-8705-965fed734a22" testListId="8c84fa94-04c1-424b-9868-57a2d4851a1d" />
    <TestEntry testId="7497e66b-2f71-b4b3-257b-ed05db74e01c" executionId="bebf1535-ea2e-4a62-93ec-13e03fcf13cd" testListId="8c84fa94-04c1-424b-9868-57a2d4851a1d" />
    <TestEntry testId="7a66b1d3-1402-9b87-f491-fb28637de467" executionId="0ed1d9cb-2d17-4f79-9710-614800e7e623" testListId="8c84fa94-04c1-424b-9868-57a2d4851a1d" />
    <TestEntry testId="0c5cce44-585e-4cd0-2245-ba45b94e415d" executionId="6c22f705-8208-4ac1-b0fc-a20e08a64a3a" testListId="8c84fa94-04c1-424b-9868-57a2d4851a1d" />
    <TestEntry testId="ff2b9e59-edc1-d1af-6b11-858d5f96bd81" executionId="1573e714-faf6-4d4d-9ac2-133741e7fc3e" testListId="8c84fa94-04c1-424b-9868-57a2d4851a1d" />
    <TestEntry testId="b672c443-bc41-a681-2e0e-f995b6d3e92e" executionId="d267a0ea-bd35-4e9e-b625-618c53b155f0" testListId="8c84fa94-04c1-424b-9868-57a2d4851a1d" />
    <TestEntry testId="2aeaf207-4fc2-3e7b-49e3-97994bc005aa" executionId="ba2ce33f-ddcd-4fa6-9c75-4fe1e72ba1fc" testListId="8c84fa94-04c1-424b-9868-57a2d4851a1d" />
    <TestEntry testId="a67aff6c-03e4-b63f-46ec-ae058908fd70" executionId="40b930c3-8231-47c4-a678-367901c8f555" testListId="8c84fa94-04c1-424b-9868-57a2d4851a1d" />
  </TestEntries>
  <TestLists>
    <TestList name="Results Not in a List" id="8c84fa94-04c1-424b-9868-57a2d4851a1d" />
    <TestList name="All Loaded Results" id="19431567-8539-422a-85d7-44ee4e166bda" />
  </TestLists>
  <ResultSummary outcome="Completed">
    <Counters total="12" executed="12" passed="12" failed="0" error="0" timeout="0" aborted="0" inconclusive="0" passedButRunAborted="0" notRunnable="0" notExecuted="0" disconnected="0" warning="0" completed="0" inProgress="0" pending="0" />
    <Output>
      <StdOut>[xUnit.net 00:00:00.00] xUnit.net VSTest Adapter v3.1.5+1b188a7b0a (64-bit .NET 8.0.30)&#xD;
[xUnit.net 00:00:00.32]   Discovering: ControlServer.Tests&#xD;
[xUnit.net 00:00:00.80]   Discovered:  ControlServer.Tests&#xD;
[xUnit.net 00:00:01.08]   Starting:    ControlServer.Tests&#xD;
[xUnit.net 00:00:03.09]   Finished:    ControlServer.Tests (ID = '5f32e3228d37e5cb3e7bc60b239275389dd116eb20728c9edbbdde1b1bccd0e8')&#xD;
</StdOut>
    </Output>
  </ResultSummary>
</TestRun>