<?xml version="1.0" encoding="utf-8"?>
<TestRun id="d63d1cf9-71a9-4099-a19a-5258ae5ea71d" name="szy@LAB-WIN-01 2026-09-09 11:18:56" runUser="LAB-WIN-01\szy" xmlns="http://microsoft.com/schemas/VisualStudio/TeamTest/2010">
  <Times creation="2026-09-09T11:18:56.6113222+08:00" queuing="2026-09-09T11:18:56.6113229+08:00" start="2026-09-09T11:18:54.8054641+08:00" finish="2026-09-09T11:19:02.4595655+08:00" />
  <TestSettings name="default" id="c06d744f-e91f-4ad1-8392-f5c7ed677817">
    <Deployment runDeploymentRoot="szy_LAB-WIN-01_2026-09-09_11_18_56" />
  </TestSettings>
  <Results>
    <UnitTestResult executionId="b92af1ef-2432-475a-8b69-1b58c42f45e2" testId="2b59cf08-05fe-e665-6ad0-9a2357c0cacf" testName="ControlServer.Tests.ApplicationOrchestrationTests.UnknownRiotResultKeepsOriginalUpperIdAndDoesNotBlindlyCreate" computerName="LAB-WIN-01" duration="00:00:01.2555991" startTime="2026-09-09T11:18:56.4443626+08:00" endTime="2026-09-09T11:18:57.7068752+08:00" testType="13cdc9d9-ddb5-4fa4-a97d-d965ccfc6d4b" outcome="Passed" testListId="8c84fa94-04c1-424b-9868-57a2d4851a1d" relativeResultsDirectory="b92af1ef-2432-475a-8b69-1b58c42f45e2" />
    <UnitTestResult executionId="92b3d97c-20c3-4bb1-8282-f0affdeb109f" testId="300e4cc4-f903-b68b-eae6-1c793b9612e0" testName="ControlServer.Tests.HttpRiotMovementGatewayTests.ReconcileAbsentOrIndeterminateSdkObservationRemainsUnknownPendingContractConfirmation(body: &quot;{\&quot;code\&quot;:\&quot;0\&quot;,\&quot;message\&quot;:\&quot;成功\&quot;,\&quot;result\&quot;:[]}&quot;)" computerName="LAB-WIN-01" duration="00:00:00.0001061" startTime="2026-09-09T11:18:56.5258063+08:00" endTime="2026-09-09T11:18:56.5259346+08:00" testType="13cdc9d9-ddb5-4fa4-a97d-d965ccfc6d4b" outcome="Passed" testListId="8c84fa94-04c1-424b-9868-57a2d4851a1d" relativeResultsDirectory="92b3d97c-20c3-4bb1-8282-f0affdeb109f" />
    <UnitTestResult executionId="109279a5-d8ef-45df-8e40-3213aec294a9" testId="7d396361-0cd0-92cc-9f2e-0e9c39d514a3" testName="ControlServer.Tests.HttpRiotMovementGatewayTests.ReconcileAbsentOrIndeterminateSdkObservationRemainsUnknownPendingContractConfirmation(body: &quot;{\&quot;code\&quot;:\&quot;0\&quot;,\&quot;message\&quot;:\&quot;成功\&quot;}&quot;)" computerName="LAB-WIN-01" duration="00:00:00.0001385" startTime="2026-09-09T11:18:56.5248549+08:00" endTime="2026-09-09T11:18:56.5250252+08:00" testType="13cdc9d9-ddb5-4fa4-a97d-d965ccfc6d4b" outcome="Passed" testListId="8c84fa94-04c1-424b-9868-57a2d4851a1d" relativeResultsDirectory="109279a5-d8ef-45df-8e40-3213aec294a9" />
    <UnitTestResult executionId="cbb5c43e-254e-4556-b9d5-791ec29d9f24" testId="0fd4eab2-d236-9bf7-89d1-80dbd9249994" testName="ControlServer.Tests.OnboardMessageProcessorTests.SafeSafetyStateChangeAcknowledgesAndPublishesReadyTransition" computerName="LAB-WIN-01" duration="00:00:00.1324529" startTime="2026-09-09T11:18:57.6971034+08:00" endTime="2026-09-09T11:18:57.8296169+08:00" testType="13cdc9d9-ddb5-4fa4-a97d-d965ccfc6d4b" outcome="Passed" testListId="8c84fa94-04c1-424b-9868-57a2d4851a1d" relativeResultsDirectory="cbb5c43e-254e-4556-b9d5-791ec29d9f24" />
    <UnitTestResult executionId="7c6b1c66-7f96-4a8e-991e-804a20162178" testId="85b7ab38-dafa-8a30-94f1-972e840a816b" testName="ControlServer.Tests.HttpRiotMovementGatewayTests.ReconcileAbsentOrIndeterminateSdkObservationRemainsUnknownPendingContractConfirmation(body: &quot;{\&quot;code\&quot;:\&quot;0\&quot;,\&quot;message\&quot;:\&quot;成功\&quot;,\&quot;result\&quot;:null&quot;···)" computerName="LAB-WIN-01" duration="00:00:00.0010541" startTime="2026-09-09T11:18:56.5230841+08:00" endTime="2026-09-09T11:18:56.5242840+08:00" testType="13cdc9d9-ddb5-4fa4-a97d-d965ccfc6d4b" outcome="Passed" testListId="8c84fa94-04c1-424b-9868-57a2d4851a1d" relativeResultsDirectory="7c6b1c66-7f96-4a8e-991e-804a20162178" />
    <UnitTestResult executionId="ae77dd3b-a82c-462f-8adb-d957bbeef954" testId="c15b352a-2968-08ce-bba3-8e344f0a254f" testName="ControlServer.Tests.HttpRiotMovementGatewayTests.CreateUsesSdkFrozenIntentBodyAndReturnsFrozenEvidence" computerName="LAB-WIN-01" duration="00:00:00.0702797" startTime="2026-09-09T11:18:56.5322057+08:00" endTime="2026-09-09T11:18:56.6026211+08:00" testType="13cdc9d9-ddb5-4fa4-a97d-d965ccfc6d4b" outcome="Passed" testListId="8c84fa94-04c1-424b-9868-57a2d4851a1d" relativeResultsDirectory="ae77dd3b-a82c-462f-8adb-d957bbeef954" />
    <UnitTestResult executionId="d77d69c4-c06f-4ac0-8bbd-93e0130167fb" testId="87ab6baa-a2fa-4bd2-e2a4-5abe279110f2" testName="ControlServer.Tests.OnboardJourneyPublisherTests.CoreJourneyCommandsEmitFormalSchemaPayloadsWithExactCorrelationRules" computerName="LAB-WIN-01" duration="00:00:01.2454158" startTime="2026-09-09T11:18:56.4443755+08:00" endTime="2026-09-09T11:18:57.6966283+08:00" testType="13cdc9d9-ddb5-4fa4-a97d-d965ccfc6d4b" outcome="Passed" testListId="8c84fa94-04c1-424b-9868-57a2d4851a1d" relativeResultsDirectory="d77d69c4-c06f-4ac0-8bbd-93e0130167fb" />
    <UnitTestResult executionId="4e048f2f-3f6c-49a8-9f7d-d0aee8472c85" testId="6fea1d2f-e02f-742d-7376-bf8c24835495" testName="ControlServer.Tests.JourneyRuntimeWorkerTests.ProductionRuntimeResumesOneJourneyThroughTrustedArrivalsAndAtomicCompletion" computerName="LAB-WIN-01" duration="00:00:02.0775703" startTime="2026-09-09T11:19:00.2904449+08:00" endTime="2026-09-09T11:19:02.3680904+08:00" testType="13cdc9d9-ddb5-4fa4-a97d-d965ccfc6d4b" outcome="Passed" testListId="8c84fa94-04c1-424b-9868-57a2d4851a1d" relativeResultsDirectory="4e048f2f-3f6c-49a8-9f7d-d0aee8472c85" />
    <UnitTestResult executionId="3f95d787-097b-4c52-b9be-010cc5e3ad45" testId="c4a6678f-6945-7f94-4848-b52e2f17feeb" testName="ControlServer.Tests.HttpRiotMovementGatewayTests.OnceRiotBindsAVehicleTheExecutingKeyWinsOverTheAppointedOne" computerName="LAB-WIN-01" duration="00:00:00.0007924" startTime="2026-09-09T11:18:56.6109954+08:00" endTime="2026-09-09T11:18:56.6118144+08:00" testType="13cdc9d9-ddb5-4fa4-a97d-d965ccfc6d4b" outcome="Passed" testListId="8c84fa94-04c1-424b-9868-57a2d4851a1d" relativeResultsDirectory="3f95d787-097b-4c52-b9be-010cc5e3ad45" />
    <UnitTestResult executionId="58356f6d-ccab-46c4-8319-3590b6ef7645" testId="2933364b-f600-e0eb-75a9-ae7aeb49927b" testName="ControlServer.Tests.ApplicationOrchestrationTests.CreateIsConfirmedOnlyByIndependentUpperIdRead" computerName="LAB-WIN-01" duration="00:00:00.0534905" startTime="2026-09-09T11:18:57.9602450+08:00" endTime="2026-09-09T11:18:58.0138282+08:00" testType="13cdc9d9-ddb5-4fa4-a97d-d965ccfc6d4b" outcome="Passed" testListId="8c84fa94-04c1-424b-9868-57a2d4851a1d" relativeResultsDirectory="58356f6d-ccab-46c4-8319-3590b6ef7645" />
    <UnitTestResult executionId="ec462335-4a07-4d0b-9c9b-8049d34b20e6" testId="b3d06b9a-da69-2c2e-2da5-5b1369d6ca1e" testName="ControlServer.Tests.JourneyRuntimeWorkerTests.RestartReconcilesUnknownPickupCreateWithoutSecondOrderOrIdentityChange" computerName="LAB-WIN-01" duration="00:00:01.5841597" startTime="2026-09-09T11:18:56.4443835+08:00" endTime="2026-09-09T11:18:58.0354854+08:00" testType="13cdc9d9-ddb5-4fa4-a97d-d965ccfc6d4b" outcome="Passed" testListId="8c84fa94-04c1-424b-9868-57a2d4851a1d" relativeResultsDirectory="ec462335-4a07-4d0b-9c9b-8049d34b20e6" />
    <UnitTestResult executionId="1c8ff67f-9314-4b38-9d45-945a3ac041d8" testId="e6ed9b0e-8129-c0b1-eb10-ac9219f60ef4" testName="ControlServer.Tests.ApplicationOrchestrationTests.TerminalObservationIsPersistedAndFrozenIdentityMismatchNeverConfirms" computerName="LAB-WIN-01" duration="00:00:00.1661710" startTime="2026-09-09T11:18:57.7073163+08:00" endTime="2026-09-09T11:18:57.8735377+08:00" testType="13cdc9d9-ddb5-4fa4-a97d-d965ccfc6d4b" outcome="Passed" testListId="8c84fa94-04c1-424b-9868-57a2d4851a1d" relativeResultsDirectory="1c8ff67f-9314-4b38-9d45-945a3ac041d8" />
    <UnitTestResult executionId="096ec8c8-738d-42ae-87ad-33a4d1a5dca2" testId="1ad99594-928b-7a98-60c3-1a379250c317" testName="ControlServer.Tests.HttpRiotMovementGatewayTests.ReconcileAbsentOrIndeterminateSdkObservationRemainsUnknownPendingContractConfirmation(body: &quot;{\&quot;code\&quot;:\&quot;0\&quot;,\&quot;result\&quot;:{\&quot;id\&quot;:1,\&quot;orderId\&quot;:\&quot;···)" computerName="LAB-WIN-01" duration="00:00:00.0626391" startTime="2026-09-09T11:18:56.4443895+08:00" endTime="2026-09-09T11:18:56.5163489+08:00" testType="13cdc9d9-ddb5-4fa4-a97d-d965ccfc6d4b" outcome="Passed" testListId="8c84fa94-04c1-424b-9868-57a2d4851a1d" relativeResultsDirectory="096ec8c8-738d-42ae-87ad-33a4d1a5dca2" />
    <UnitTestResult executionId="c8c42ad9-d34c-4846-8fea-54111bf48518" testId="950c2cd1-19f5-b55f-d86f-a2af83743902" testName="ControlServer.Tests.JourneyRuntimeWorkerTests.DepartureSafetyAnsweredPromptlyIsJudgedWhileItIsStillValid" computerName="LAB-WIN-01" duration="00:00:00.1120087" startTime="2026-09-09T11:19:00.1761938+08:00" endTime="2026-09-09T11:19:00.2883556+08:00" testType="13cdc9d9-ddb5-4fa4-a97d-d965ccfc6d4b" outcome="Passed" testListId="8c84fa94-04c1-424b-9868-57a2d4851a1d" relativeResultsDirectory="c8c42ad9-d34c-4846-8fea-54111bf48518" />
    <UnitTestResult executionId="81cc6b54-8b63-4242-b1d6-da574d1ed8bc" testId="d78ef031-44a5-77d5-3c6a-4b211fe53a6d" testName="ControlServer.Tests.HttpRiotMovementGatewayTests.ReconcileAbsentOrIndeterminateSdkObservationRemainsUnknownPendingContractConfirmation(body: &quot;{\&quot;code\&quot;:\&quot;0\&quot;,\&quot;message\&quot;:\&quot;成功\&quot;,\&quot;result\&quot;:{\&quot;u&quot;···)" computerName="LAB-WIN-01" duration="00:00:00.0001056" startTime="2026-09-09T11:18:56.5253669+08:00" endTime="2026-09-09T11:18:56.5254958+08:00" testType="13cdc9d9-ddb5-4fa4-a97d-d965ccfc6d4b" outcome="Passed" testListId="8c84fa94-04c1-424b-9868-57a2d4851a1d" relativeResultsDirectory="81cc6b54-8b63-4242-b1d6-da574d1ed8bc" />
    <UnitTestResult executionId="135078dd-e18c-4194-b9b4-c0a77ab62003" testId="896b1435-e4cc-7cf7-9431-2682b97552eb" testName="ControlServer.Tests.HttpRiotMovementGatewayTests.QueueingOrderWithoutABoundVehicleIsIdentifiedByItsAppointedKey(executeVehicle: &quot;--&quot;)" computerName="LAB-WIN-01" duration="00:00:00.0000974" startTime="2026-09-09T11:18:56.6101731+08:00" endTime="2026-09-09T11:18:56.6102954+08:00" testType="13cdc9d9-ddb5-4fa4-a97d-d965ccfc6d4b" outcome="Passed" testListId="8c84fa94-04c1-424b-9868-57a2d4851a1d" relativeResultsDirectory="135078dd-e18c-4194-b9b4-c0a77ab62003" />
    <UnitTestResult executionId="ee216e45-88ef-45a7-96ec-0d5052ffe99b" testId="9d8ca64b-f758-541d-8c5a-d5162a6e5d20" testName="ControlServer.Tests.WireToGateStoreTests.GateMovementRequiresFreshSafeCheckAndStableIntentIdentity" computerName="LAB-WIN-01" duration="00:00:01.1788557" startTime="2026-09-09T11:18:56.4443935+08:00" endTime="2026-09-09T11:18:57.6301340+08:00" testType="13cdc9d9-ddb5-4fa4-a97d-d965ccfc6d4b" outcome="Passed" testListId="8c84fa94-04c1-424b-9868-57a2d4851a1d" relativeResultsDirectory="ee216e45-88ef-45a7-96ec-0d5052ffe99b" />
    <UnitTestResult executionId="b8bd7e6a-d97d-42d8-b38e-83e90f9a271a" testId="7a66b1d3-1402-9b87-f491-fb28637de467" testName="ControlServer.Tests.OnboardMessageProcessorTests.UnsafeSafetyStateChangeIsAcknowledgedThenFailClosesSessionReadiness" computerName="LAB-WIN-01" duration="00:00:01.2442349" startTime="2026-09-09T11:18:56.4443810+08:00" endTime="2026-09-09T11:18:57.6956304+08:00" testType="13cdc9d9-ddb5-4fa4-a97d-d965ccfc6d4b" outcome="Passed" testListId="8c84fa94-04c1-424b-9868-57a2d4851a1d" relativeResultsDirectory="b8bd7e6a-d97d-42d8-b38e-83e90f9a271a" />
    <UnitTestResult executionId="7900d809-b637-4ad0-9a25-444e0abf212e" testId="1629d653-38be-8fc6-3d4c-a6a256dc9813" testName="ControlServer.Tests.HttpRiotMovementGatewayTests.QueueingOrderWithoutABoundVehicleIsIdentifiedByItsAppointedKey(executeVehicle: null)" computerName="LAB-WIN-01" duration="00:00:00.0012737" startTime="2026-09-09T11:18:56.6074488+08:00" endTime="2026-09-09T11:18:56.6087728+08:00" testType="13cdc9d9-ddb5-4fa4-a97d-d965ccfc6d4b" outcome="Passed" testListId="8c84fa94-04c1-424b-9868-57a2d4851a1d" relativeResultsDirectory="7900d809-b637-4ad0-9a25-444e0abf212e" />
    <UnitTestResult executionId="666be50c-b94c-4236-8a09-d9e46b580655" testId="73a774cf-ffb1-8df3-20ba-c64a3fdd56d9" testName="ControlServer.Tests.HttpRiotMovementGatewayTests.ReconcileUsesSdkUpperIdEndpointAndParsesCompleteActiveOrder" computerName="LAB-WIN-01" duration="00:00:00.0022747" startTime="2026-09-09T11:18:56.6040582+08:00" endTime="2026-09-09T11:18:56.6063947+08:00" testType="13cdc9d9-ddb5-4fa4-a97d-d965ccfc6d4b" outcome="Passed" testListId="8c84fa94-04c1-424b-9868-57a2d4851a1d" relativeResultsDirectory="666be50c-b94c-4236-8a09-d9e46b580655" />
    <UnitTestResult executionId="55562ffb-fcc4-4dec-bf6a-29f1b7c9300e" testId="beec4ae6-e2d2-8fc6-78da-afc18264ca39" testName="ControlServer.Tests.HttpRiotMovementGatewayTests.QueueingOrderWithoutABoundVehicleIsIdentifiedByItsAppointedKey(executeVehicle: &quot; -- &quot;)" computerName="LAB-WIN-01" duration="00:00:00.0001404" startTime="2026-09-09T11:18:56.6097483+08:00" endTime="2026-09-09T11:18:56.6099221+08:00" testType="13cdc9d9-ddb5-4fa4-a97d-d965ccfc6d4b" outcome="Passed" testListId="8c84fa94-04c1-424b-9868-57a2d4851a1d" relativeResultsDirectory="55562ffb-fcc4-4dec-bf6a-29f1b7c9300e" />
    <UnitTestResult executionId="309ea6db-0ee9-44d1-a934-00bfeedac617" testId="53c9fe66-35c4-81ef-ef89-aa6fd39c1593" testName="ControlServer.Tests.ApplicationOrchestrationTests.UnknownCreateOutcomeSurvivesRestartAndConfirmedAbsenceDoesNotCreateAgain" computerName="LAB-WIN-01" duration="00:00:00.0800579" startTime="2026-09-09T11:18:57.8780148+08:00" endTime="2026-09-09T11:18:57.9582435+08:00" testType="13cdc9d9-ddb5-4fa4-a97d-d965ccfc6d4b" outcome="Passed" testListId="8c84fa94-04c1-424b-9868-57a2d4851a1d" relativeResultsDirectory="309ea6db-0ee9-44d1-a934-00bfeedac617" />
    <UnitTestResult executionId="6f9b4654-04f7-4a53-9793-9aad5b7868b2" testId="e737508b-a48b-3749-d47d-2da630a9419c" testName="ControlServer.Tests.HttpRiotMovementGatewayTests.QueueingOrderWithoutABoundVehicleIsIdentifiedByItsAppointedKey(executeVehicle: &quot;&quot;)" computerName="LAB-WIN-01" duration="00:00:00.0002781" startTime="2026-09-09T11:18:56.6091492+08:00" endTime="2026-09-09T11:18:56.6094611+08:00" testType="13cdc9d9-ddb5-4fa4-a97d-d965ccfc6d4b" outcome="Passed" testListId="8c84fa94-04c1-424b-9868-57a2d4851a1d" relativeResultsDirectory="6f9b4654-04f7-4a53-9793-9aad5b7868b2" />
    <UnitTestResult executionId="745877ed-8104-41e4-b116-8f893ae49e3a" testId="ddd03016-f03b-b793-0308-379c7516b991" testName="ControlServer.Tests.JourneyRuntimeWorkerTests.UnknownPreDepartureSafetyCannotCreateTheGateOrder" computerName="LAB-WIN-01" duration="00:00:02.1369954" startTime="2026-09-09T11:18:58.0372320+08:00" endTime="2026-09-09T11:19:00.1743419+08:00" testType="13cdc9d9-ddb5-4fa4-a97d-d965ccfc6d4b" outcome="Passed" testListId="8c84fa94-04c1-424b-9868-57a2d4851a1d" relativeResultsDirectory="745877ed-8104-41e4-b116-8f893ae49e3a" />
    <UnitTestResult executionId="8377e5d7-aa68-47ad-b607-73ed146f103b" testId="25538c03-c942-f97b-5e99-271387a48a68" testName="ControlServer.Tests.HttpRiotMovementGatewayTests.ReconcileHttp404IsConfirmedNotFound" computerName="LAB-WIN-01" duration="00:00:00.0034525" startTime="2026-09-09T11:18:56.5280847+08:00" endTime="2026-09-09T11:18:56.5315999+08:00" testType="13cdc9d9-ddb5-4fa4-a97d-d965ccfc6d4b" outcome="Passed" testListId="8c84fa94-04c1-424b-9868-57a2d4851a1d" relativeResultsDirectory="8377e5d7-aa68-47ad-b607-73ed146f103b" />
    <UnitTestResult executionId="593c6544-c42e-47ab-b5de-439d49bf687f" testId="a3cbdb25-c154-a503-1207-77d9bcd41706" testName="ControlServer.Tests.HttpRiotMovementGatewayTests.QueueingOrderWithoutABoundVehicleIsIdentifiedByItsAppointedKey(executeVehicle: &quot;   &quot;)" computerName="LAB-WIN-01" duration="00:00:00.0000900" startTime="2026-09-09T11:18:56.6105219+08:00" endTime="2026-09-09T11:18:56.6106346+08:00" testType="13cdc9d9-ddb5-4fa4-a97d-d965ccfc6d4b" outcome="Passed" testListId="8c84fa94-04c1-424b-9868-57a2d4851a1d" relativeResultsDirectory="593c6544-c42e-47ab-b5de-439d49bf687f" />
    <UnitTestResult executionId="0c4b9a38-d286-4456-a289-56fbc0987768" testId="45f28932-d5d4-e2ab-562c-1f68144b9c9a" testName="ControlServer.Tests.FakeRiotTests.CreatingAnOrderQueuesItAndTheSameUpperIdIsRefusedAsAlreadyExisting" computerName="LAB-WIN-01" duration="00:00:00.3777735" startTime="2026-09-09T11:18:56.4443696+08:00" endTime="2026-09-09T11:18:56.8301840+08:00" testType="13cdc9d9-ddb5-4fa4-a97d-d965ccfc6d4b" outcome="Passed" testListId="8c84fa94-04c1-424b-9868-57a2d4851a1d" relativeResultsDirectory="0c4b9a38-d286-4456-a289-56fbc0987768" />
  </Results>
  <TestDefinitions>
    <UnitTest name="ControlServer.Tests.WireToGateStoreTests.GateMovementRequiresFreshSafeCheckAndStableIntentIdentity" storage="c:\users\szy\desktop\8005-workspace\repos\8005-agv-control-server\tests\controlserver.tests\bin\release\net8.0\win-x64\controlserver.tests.dll" id="9d8ca64b-f758-541d-8c5a-d5162a6e5d20">
      <Execution id="ee216e45-88ef-45a7-96ec-0d5052ffe99b" />
      <TestMethod codeBase="C:\Users\szy\Desktop\8005-workspace\repos\8005-agv-control-server\tests\ControlServer.Tests\bin\Release\net8.0\win-x64\ControlServer.Tests.dll" adapterTypeName="executor://xunit/VsTestRunner3/netcore/" className="ControlServer.Tests.WireToGateStoreTests" name="GateMovementRequiresFreshSafeCheckAndStableIntentIdentity" />
    </UnitTest>
    <UnitTest name="ControlServer.Tests.HttpRiotMovementGatewayTests.QueueingOrderWithoutABoundVehicleIsIdentifiedByItsAppointedKey(executeVehicle: &quot; -- &quot;)" storage="c:\users\szy\desktop\8005-workspace\repos\8005-agv-control-server\tests\controlserver.tests\bin\release\net8.0\win-x64\controlserver.tests.dll" id="beec4ae6-e2d2-8fc6-78da-afc18264ca39">
      <Execution id="55562ffb-fcc4-4dec-bf6a-29f1b7c9300e" />
      <TestMethod codeBase="C:\Users\szy\Desktop\8005-workspace\repos\8005-agv-control-server\tests\ControlServer.Tests\bin\Release\net8.0\win-x64\ControlServer.Tests.dll" adapterTypeName="executor://xunit/VsTestRunner3/netcore/" className="ControlServer.Tests.HttpRiotMovementGatewayTests" name="QueueingOrderWithoutABoundVehicleIsIdentifiedByItsAppointedKey" />
    </UnitTest>
    <UnitTest name="ControlServer.Tests.HttpRiotMovementGatewayTests.OnceRiotBindsAVehicleTheExecutingKeyWinsOverTheAppointedOne" storage="c:\users\szy\desktop\8005-workspace\repos\8005-agv-control-server\tests\controlserver.tests\bin\release\net8.0\win-x64\controlserver.tests.dll" id="c4a6678f-6945-7f94-4848-b52e2f17feeb">
      <Execution id="3f95d787-097b-4c52-b9be-010cc5e3ad45" />
      <TestMethod codeBase="C:\Users\szy\Desktop\8005-workspace\repos\8005-agv-control-server\tests\ControlServer.Tests\bin\Release\net8.0\win-x64\ControlServer.Tests.dll" adapterTypeName="executor://xunit/VsTestRunner3/netcore/" className="ControlServer.Tests.HttpRiotMovementGatewayTests" name="OnceRiotBindsAVehicleTheExecutingKeyWinsOverTheAppointedOne" />
    </UnitTest>
    <UnitTest name="ControlServer.Tests.HttpRiotMovementGatewayTests.ReconcileHttp404IsConfirmedNotFound" storage="c:\users\szy\desktop\8005-workspace\repos\8005-agv-control-server\tests\controlserver.tests\bin\release\net8.0\win-x64\controlserver.tests.dll" id="25538c03-c942-f97b-5e99-271387a48a68">
      <Execution id="8377e5d7-aa68-47ad-b607-73ed146f103b" />
      <TestMethod codeBase="C:\Users\szy\Desktop\8005-workspace\repos\8005-agv-control-server\tests\ControlServer.Tests\bin\Release\net8.0\win-x64\ControlServer.Tests.dll" adapterTypeName="executor://xunit/VsTestRunner3/netcore/" className="ControlServer.Tests.HttpRiotMovementGatewayTests" name="ReconcileHttp404IsConfirmedNotFound" />
    </UnitTest>
    <UnitTest name="ControlServer.Tests.HttpRiotMovementGatewayTests.ReconcileAbsentOrIndeterminateSdkObservationRemainsUnknownPendingContractConfirmation(body: &quot;{\&quot;code\&quot;:\&quot;0\&quot;,\&quot;message\&quot;:\&quot;成功\&quot;}&quot;)" storage="c:\users\szy\desktop\8005-workspace\repos\8005-agv-control-server\tests\controlserver.tests\bin\release\net8.0\win-x64\controlserver.tests.dll" id="7d396361-0cd0-92cc-9f2e-0e9c39d514a3">
      <Execution id="109279a5-d8ef-45df-8e40-3213aec294a9" />
      <TestMethod codeBase="C:\Users\szy\Desktop\8005-workspace\repos\8005-agv-control-server\tests\ControlServer.Tests\bin\Release\net8.0\win-x64\ControlServer.Tests.dll" adapterTypeName="executor://xunit/VsTestRunner3/netcore/" className="ControlServer.Tests.HttpRiotMovementGatewayTests" name="ReconcileAbsentOrIndeterminateSdkObservationRemainsUnknownPendingContractConfirmation" />
    </UnitTest>
    <UnitTest name="ControlServer.Tests.HttpRiotMovementGatewayTests.ReconcileAbsentOrIndeterminateSdkObservationRemainsUnknownPendingContractConfirmation(body: &quot;{\&quot;code\&quot;:\&quot;0\&quot;,\&quot;message\&quot;:\&quot;成功\&quot;,\&quot;result\&quot;:[]}&quot;)" storage="c:\users\szy\desktop\8005-workspace\repos\8005-agv-control-server\tests\controlserver.tests\bin\release\net8.0\win-x64\controlserver.tests.dll" id="300e4cc4-f903-b68b-eae6-1c793b9612e0">
      <Execution id="92b3d97c-20c3-4bb1-8282-f0affdeb109f" />
      <TestMethod codeBase="C:\Users\szy\Desktop\8005-workspace\repos\8005-agv-control-server\tests\ControlServer.Tests\bin\Release\net8.0\win-x64\ControlServer.Tests.dll" adapterTypeName="executor://xunit/VsTestRunner3/netcore/" className="ControlServer.Tests.HttpRiotMovementGatewayTests" name="ReconcileAbsentOrIndeterminateSdkObservationRemainsUnknownPendingContractConfirmation" />
    </UnitTest>
    <UnitTest name="ControlServer.Tests.HttpRiotMovementGatewayTests.ReconcileUsesSdkUpperIdEndpointAndParsesCompleteActiveOrder" storage="c:\users\szy\desktop\8005-workspace\repos\8005-agv-control-server\tests\controlserver.tests\bin\release\net8.0\win-x64\controlserver.tests.dll" id="73a774cf-ffb1-8df3-20ba-c64a3fdd56d9">
      <Execution id="666be50c-b94c-4236-8a09-d9e46b580655" />
      <TestMethod codeBase="C:\Users\szy\Desktop\8005-workspace\repos\8005-agv-control-server\tests\ControlServer.Tests\bin\Release\net8.0\win-x64\ControlServer.Tests.dll" adapterTypeName="executor://xunit/VsTestRunner3/netcore/" className="ControlServer.Tests.HttpRiotMovementGatewayTests" name="ReconcileUsesSdkUpperIdEndpointAndParsesCompleteActiveOrder" />
    </UnitTest>
    <UnitTest name="ControlServer.Tests.ApplicationOrchestrationTests.CreateIsConfirmedOnlyByIndependentUpperIdRead" storage="c:\users\szy\desktop\8005-workspace\repos\8005-agv-control-server\tests\controlserver.tests\bin\release\net8.0\win-x64\controlserver.tests.dll" id="2933364b-f600-e0eb-75a9-ae7aeb49927b">
      <Execution id="58356f6d-ccab-46c4-8319-3590b6ef7645" />
      <TestMethod codeBase="C:\Users\szy\Desktop\8005-workspace\repos\8005-agv-control-server\tests\ControlServer.Tests\bin\Release\net8.0\win-x64\ControlServer.Tests.dll" adapterTypeName="executor://xunit/VsTestRunner3/netcore/" className="ControlServer.Tests.ApplicationOrchestrationTests" name="CreateIsConfirmedOnlyByIndependentUpperIdRead" />
    </UnitTest>
    <UnitTest name="ControlServer.Tests.ApplicationOrchestrationTests.UnknownCreateOutcomeSurvivesRestartAndConfirmedAbsenceDoesNotCreateAgain" storage="c:\users\szy\desktop\8005-workspace\repos\8005-agv-control-server\tests\controlserver.tests\bin\release\net8.0\win-x64\controlserver.tests.dll" id="53c9fe66-35c4-81ef-ef89-aa6fd39c1593">
      <Execution id="309ea6db-0ee9-44d1-a934-00bfeedac617" />
      <TestMethod codeBase="C:\Users\szy\Desktop\8005-workspace\repos\8005-agv-control-server\tests\ControlServer.Tests\bin\Release\net8.0\win-x64\ControlServer.Tests.dll" adapterTypeName="executor://xunit/VsTestRunner3/netcore/" className="ControlServer.Tests.ApplicationOrchestrationTests" name="UnknownCreateOutcomeSurvivesRestartAndConfirmedAbsenceDoesNotCreateAgain" />
    </UnitTest>
    <UnitTest name="ControlServer.Tests.ApplicationOrchestrationTests.TerminalObservationIsPersistedAndFrozenIdentityMismatchNeverConfirms" storage="c:\users\szy\desktop\8005-workspace\repos\8005-agv-control-server\tests\controlserver.tests\bin\release\net8.0\win-x64\controlserver.tests.dll" id="e6ed9b0e-8129-c0b1-eb10-ac9219f60ef4">
      <Execution id="1c8ff67f-9314-4b38-9d45-945a3ac041d8" />
      <TestMethod codeBase="C:\Users\szy\Desktop\8005-workspace\repos\8005-agv-control-server\tests\ControlServer.Tests\bin\Release\net8.0\win-x64\ControlServer.Tests.dll" adapterTypeName="executor://xunit/VsTestRunner3/netcore/" className="ControlServer.Tests.ApplicationOrchestrationTests" name="TerminalObservationIsPersistedAndFrozenIdentityMismatchNeverConfirms" />
    </UnitTest>
    <UnitTest name="ControlServer.Tests.HttpRiotMovementGatewayTests.ReconcileAbsentOrIndeterminateSdkObservationRemainsUnknownPendingContractConfirmation(body: &quot;{\&quot;code\&quot;:\&quot;0\&quot;,\&quot;message\&quot;:\&quot;成功\&quot;,\&quot;result\&quot;:{\&quot;u&quot;···)" storage="c:\users\szy\desktop\8005-workspace\repos\8005-agv-control-server\tests\controlserver.tests\bin\release\net8.0\win-x64\controlserver.tests.dll" id="d78ef031-44a5-77d5-3c6a-4b211fe53a6d">
      <Execution id="81cc6b54-8b63-4242-b1d6-da574d1ed8bc" />
      <TestMethod codeBase="C:\Users\szy\Desktop\8005-workspace\repos\8005-agv-control-server\tests\ControlServer.Tests\bin\Release\net8.0\win-x64\ControlServer.Tests.dll" adapterTypeName="executor://xunit/VsTestRunner3/netcore/" className="ControlServer.Tests.HttpRiotMovementGatewayTests" name="ReconcileAbsentOrIndeterminateSdkObservationRemainsUnknownPendingContractConfirmation" />
    </UnitTest>
    <UnitTest name="ControlServer.Tests.JourneyRuntimeWorkerTests.RestartReconcilesUnknownPickupCreateWithoutSecondOrderOrIdentityChange" storage="c:\users\szy\desktop\8005-workspace\repos\8005-agv-control-server\tests\controlserver.tests\bin\release\net8.0\win-x64\controlserver.tests.dll" id="b3d06b9a-da69-2c2e-2da5-5b1369d6ca1e">
      <Execution id="ec462335-4a07-4d0b-9c9b-8049d34b20e6" />
      <TestMethod codeBase="C:\Users\szy\Desktop\8005-workspace\repos\8005-agv-control-server\tests\ControlServer.Tests\bin\Release\net8.0\win-x64\ControlServer.Tests.dll" adapterTypeName="executor://xunit/VsTestRunner3/netcore/" className="ControlServer.Tests.JourneyRuntimeWorkerTests" name="RestartReconcilesUnknownPickupCreateWithoutSecondOrderOrIdentityChange" />
    </UnitTest>
    <UnitTest name="ControlServer.Tests.HttpRiotMovementGatewayTests.QueueingOrderWithoutABoundVehicleIsIdentifiedByItsAppointedKey(executeVehicle: &quot;--&quot;)" storage="c:\users\szy\desktop\8005-workspace\repos\8005-agv-control-server\tests\controlserver.tests\bin\release\net8.0\win-x64\controlserver.tests.dll" id="896b1435-e4cc-7cf7-9431-2682b97552eb">
      <Execution id="135078dd-e18c-4194-b9b4-c0a77ab62003" />
      <TestMethod codeBase="C:\Users\szy\Desktop\8005-workspace\repos\8005-agv-control-server\tests\ControlServer.Tests\bin\Release\net8.0\win-x64\ControlServer.Tests.dll" adapterTypeName="executor://xunit/VsTestRunner3/netcore/" className="ControlServer.Tests.HttpRiotMovementGatewayTests" name="QueueingOrderWithoutABoundVehicleIsIdentifiedByItsAppointedKey" />
    </UnitTest>
    <UnitTest name="ControlServer.Tests.HttpRiotMovementGatewayTests.QueueingOrderWithoutABoundVehicleIsIdentifiedByItsAppointedKey(executeVehicle: &quot;&quot;)" storage="c:\users\szy\desktop\8005-workspace\repos\8005-agv-control-server\tests\controlserver.tests\bin\release\net8.0\win-x64\controlserver.tests.dll" id="e737508b-a48b-3749-d47d-2da630a9419c">
      <Execution id="6f9b4654-04f7-4a53-9793-9aad5b7868b2" />
      <TestMethod codeBase="C:\Users\szy\Desktop\8005-workspace\repos\8005-agv-control-server\tests\ControlServer.Tests\bin\Release\net8.0\win-x64\ControlServer.Tests.dll" adapterTypeName="executor://xunit/VsTestRunner3/netcore/" className="ControlServer.Tests.HttpRiotMovementGatewayTests" name="QueueingOrderWithoutABoundVehicleIsIdentifiedByItsAppointedKey" />
    </UnitTest>
    <UnitTest name="ControlServer.Tests.OnboardJourneyPublisherTests.CoreJourneyCommandsEmitFormalSchemaPayloadsWithExactCorrelationRules" storage="c:\users\szy\desktop\8005-workspace\repos\8005-agv-control-server\tests\controlserver.tests\bin\release\net8.0\win-x64\controlserver.tests.dll" id="87ab6baa-a2fa-4bd2-e2a4-5abe279110f2">
      <Execution id="d77d69c4-c06f-4ac0-8bbd-93e0130167fb" />
      <TestMethod codeBase="C:\Users\szy\Desktop\8005-workspace\repos\8005-agv-control-server\tests\ControlServer.Tests\bin\Release\net8.0\win-x64\ControlServer.Tests.dll" adapterTypeName="executor://xunit/VsTestRunner3/netcore/" className="ControlServer.Tests.OnboardJourneyPublisherTests" name="CoreJourneyCommandsEmitFormalSchemaPayloadsWithExactCorrelationRules" />
    </UnitTest>
    <UnitTest name="ControlServer.Tests.ApplicationOrchestrationTests.UnknownRiotResultKeepsOriginalUpperIdAndDoesNotBlindlyCreate" storage="c:\users\szy\desktop\8005-workspace\repos\8005-agv-control-server\tests\controlserver.tests\bin\release\net8.0\win-x64\controlserver.tests.dll" id="2b59cf08-05fe-e665-6ad0-9a2357c0cacf">
      <Execution id="b92af1ef-2432-475a-8b69-1b58c42f45e2" />
      <TestMethod codeBase="C:\Users\szy\Desktop\8005-workspace\repos\8005-agv-control-server\tests\ControlServer.Tests\bin\Release\net8.0\win-x64\ControlServer.Tests.dll" adapterTypeName="executor://xunit/VsTestRunner3/netcore/" className="ControlServer.Tests.ApplicationOrchestrationTests" name="UnknownRiotResultKeepsOriginalUpperIdAndDoesNotBlindlyCreate" />
    </UnitTest>
    <UnitTest name="ControlServer.Tests.OnboardMessageProcessorTests.SafeSafetyStateChangeAcknowledgesAndPublishesReadyTransition" storage="c:\users\szy\desktop\8005-workspace\repos\8005-agv-control-server\tests\controlserver.tests\bin\release\net8.0\win-x64\controlserver.tests.dll" id="0fd4eab2-d236-9bf7-89d1-80dbd9249994">
      <Execution id="cbb5c43e-254e-4556-b9d5-791ec29d9f24" />
      <TestMethod codeBase="C:\Users\szy\Desktop\8005-workspace\repos\8005-agv-control-server\tests\ControlServer.Tests\bin\Release\net8.0\win-x64\ControlServer.Tests.dll" adapterTypeName="executor://xunit/VsTestRunner3/netcore/" className="ControlServer.Tests.OnboardMessageProcessorTests" name="SafeSafetyStateChangeAcknowledgesAndPublishesReadyTransition" />
    </UnitTest>
    <UnitTest name="ControlServer.Tests.FakeRiotTests.CreatingAnOrderQueuesItAndTheSameUpperIdIsRefusedAsAlreadyExisting" storage="c:\users\szy\desktop\8005-workspace\repos\8005-agv-control-server\tests\controlserver.tests\bin\release\net8.0\win-x64\controlserver.tests.dll" id="45f28932-d5d4-e2ab-562c-1f68144b9c9a">
      <Execution id="0c4b9a38-d286-4456-a289-56fbc0987768" />
      <TestMethod codeBase="C:\Users\szy\Desktop\8005-workspace\repos\8005-agv-control-server\tests\ControlServer.Tests\bin\Release\net8.0\win-x64\ControlServer.Tests.dll" adapterTypeName="executor://xunit/VsTestRunner3/netcore/" className="ControlServer.Tests.FakeRiotTests" name="CreatingAnOrderQueuesItAndTheSameUpperIdIsRefusedAsAlreadyExisting" />
    </UnitTest>
    <UnitTest name="ControlServer.Tests.HttpRiotMovementGatewayTests.ReconcileAbsentOrIndeterminateSdkObservationRemainsUnknownPendingContractConfirmation(body: &quot;{\&quot;code\&quot;:\&quot;0\&quot;,\&quot;message\&quot;:\&quot;成功\&quot;,\&quot;result\&quot;:null&quot;···)" storage="c:\users\szy\desktop\8005-workspace\repos\8005-agv-control-server\tests\controlserver.tests\bin\release\net8.0\win-x64\controlserver.tests.dll" id="85b7ab38-dafa-8a30-94f1-972e840a816b">
      <Execution id="7c6b1c66-7f96-4a8e-991e-804a20162178" />
      <TestMethod codeBase="C:\Users\szy\Desktop\8005-workspace\repos\8005-agv-control-server\tests\ControlServer.Tests\bin\Release\net8.0\win-x64\ControlServer.Tests.dll" adapterTypeName="executor://xunit/VsTestRunner3/netcore/" className="ControlServer.Tests.HttpRiotMovementGatewayTests" name="ReconcileAbsentOrIndeterminateSdkObservationRemainsUnknownPendingContractConfirmation" />
    </UnitTest>
    <UnitTest name="ControlServer.Tests.HttpRiotMovementGatewayTests.QueueingOrderWithoutABoundVehicleIsIdentifiedByItsAppointedKey(executeVehicle: &quot;   &quot;)" storage="c:\users\szy\desktop\8005-workspace\repos\8005-agv-control-server\tests\controlserver.tests\bin\release\net8.0\win-x64\controlserver.tests.dll" id="a3cbdb25-c154-a503-1207-77d9bcd41706">
      <Execution id="593c6544-c42e-47ab-b5de-439d49bf687f" />
      <TestMethod codeBase="C:\Users\szy\Desktop\8005-workspace\repos\8005-agv-control-server\tests\ControlServer.Tests\bin\Release\net8.0\win-x64\ControlServer.Tests.dll" adapterTypeName="executor://xunit/VsTestRunner3/netcore/" className="ControlServer.Tests.HttpRiotMovementGatewayTests" name="QueueingOrderWithoutABoundVehicleIsIdentifiedByItsAppointedKey" />
    </UnitTest>
    <UnitTest name="ControlServer.Tests.HttpRiotMovementGatewayTests.QueueingOrderWithoutABoundVehicleIsIdentifiedByItsAppointedKey(executeVehicle: null)" storage="c:\users\szy\desktop\8005-workspace\repos\8005-agv-control-server\tests\controlserver.tests\bin\release\net8.0\win-x64\controlserver.tests.dll" id="1629d653-38be-8fc6-3d4c-a6a256dc9813">
      <Execution id="7900d809-b637-4ad0-9a25-444e0abf212e" />
      <TestMethod codeBase="C:\Users\szy\Desktop\8005-workspace\repos\8005-agv-control-server\tests\ControlServer.Tests\bin\Release\net8.0\win-x64\ControlServer.Tests.dll" adapterTypeName="executor://xunit/VsTestRunner3/netcore/" className="ControlServer.Tests.HttpRiotMovementGatewayTests" name="QueueingOrderWithoutABoundVehicleIsIdentifiedByItsAppointedKey" />
    </UnitTest>
    <UnitTest name="ControlServer.Tests.JourneyRuntimeWorkerTests.ProductionRuntimeResumesOneJourneyThroughTrustedArrivalsAndAtomicCompletion" storage="c:\users\szy\desktop\8005-workspace\repos\8005-agv-control-server\tests\controlserver.tests\bin\release\net8.0\win-x64\controlserver.tests.dll" id="6fea1d2f-e02f-742d-7376-bf8c24835495">
      <Execution id="4e048f2f-3f6c-49a8-9f7d-d0aee8472c85" />
      <TestMethod codeBase="C:\Users\szy\Desktop\8005-workspace\repos\8005-agv-control-server\tests\ControlServer.Tests\bin\Release\net8.0\win-x64\ControlServer.Tests.dll" adapterTypeName="executor://xunit/VsTestRunner3/netcore/" className="ControlServer.Tests.JourneyRuntimeWorkerTests" name="ProductionRuntimeResumesOneJourneyThroughTrustedArrivalsAndAtomicCompletion" />
    </UnitTest>
    <UnitTest name="ControlServer.Tests.HttpRiotMovementGatewayTests.ReconcileAbsentOrIndeterminateSdkObservationRemainsUnknownPendingContractConfirmation(body: &quot;{\&quot;code\&quot;:\&quot;0\&quot;,\&quot;result\&quot;:{\&quot;id\&quot;:1,\&quot;orderId\&quot;:\&quot;···)" storage="c:\users\szy\desktop\8005-workspace\repos\8005-agv-control-server\tests\controlserver.tests\bin\release\net8.0\win-x64\controlserver.tests.dll" id="1ad99594-928b-7a98-60c3-1a379250c317">
      <Execution id="096ec8c8-738d-42ae-87ad-33a4d1a5dca2" />
      <TestMethod codeBase="C:\Users\szy\Desktop\8005-workspace\repos\8005-agv-control-server\tests\ControlServer.Tests\bin\Release\net8.0\win-x64\ControlServer.Tests.dll" adapterTypeName="executor://xunit/VsTestRunner3/netcore/" className="ControlServer.Tests.HttpRiotMovementGatewayTests" name="ReconcileAbsentOrIndeterminateSdkObservationRemainsUnknownPendingContractConfirmation" />
    </UnitTest>
    <UnitTest name="ControlServer.Tests.OnboardMessageProcessorTests.UnsafeSafetyStateChangeIsAcknowledgedThenFailClosesSessionReadiness" storage="c:\users\szy\desktop\8005-workspace\repos\8005-agv-control-server\tests\controlserver.tests\bin\release\net8.0\win-x64\controlserver.tests.dll" id="7a66b1d3-1402-9b87-f491-fb28637de467">
      <Execution id="b8bd7e6a-d97d-42d8-b38e-83e90f9a271a" />
      <TestMethod codeBase="C:\Users\szy\Desktop\8005-workspace\repos\8005-agv-control-server\tests\ControlServer.Tests\bin\Release\net8.0\win-x64\ControlServer.Tests.dll" adapterTypeName="executor://xunit/VsTestRunner3/netcore/" className="ControlServer.Tests.OnboardMessageProcessorTests" name="UnsafeSafetyStateChangeIsAcknowledgedThenFailClosesSessionReadiness" />
    </UnitTest>
    <UnitTest name="ControlServer.Tests.JourneyRuntimeWorkerTests.UnknownPreDepartureSafetyCannotCreateTheGateOrder" storage="c:\users\szy\desktop\8005-workspace\repos\8005-agv-control-server\tests\controlserver.tests\bin\release\net8.0\win-x64\controlserver.tests.dll" id="ddd03016-f03b-b793-0308-379c7516b991">
      <Execution id="745877ed-8104-41e4-b116-8f893ae49e3a" />
      <TestMethod codeBase="C:\Users\szy\Desktop\8005-workspace\repos\8005-agv-control-server\tests\ControlServer.Tests\bin\Release\net8.0\win-x64\ControlServer.Tests.dll" adapterTypeName="executor://xunit/VsTestRunner3/netcore/" className="ControlServer.Tests.JourneyRuntimeWorkerTests" name="UnknownPreDepartureSafetyCannotCreateTheGateOrder" />
    </UnitTest>
    <UnitTest name="ControlServer.Tests.HttpRiotMovementGatewayTests.CreateUsesSdkFrozenIntentBodyAndReturnsFrozenEvidence" storage="c:\users\szy\desktop\8005-workspace\repos\8005-agv-control-server\tests\controlserver.tests\bin\release\net8.0\win-x64\controlserver.tests.dll" id="c15b352a-2968-08ce-bba3-8e344f0a254f">
      <Execution id="ae77dd3b-a82c-462f-8adb-d957bbeef954" />
      <TestMethod codeBase="C:\Users\szy\Desktop\8005-workspace\repos\8005-agv-control-server\tests\ControlServer.Tests\bin\Release\net8.0\win-x64\ControlServer.Tests.dll" adapterTypeName="executor://xunit/VsTestRunner3/netcore/" className="ControlServer.Tests.HttpRiotMovementGatewayTests" name="CreateUsesSdkFrozenIntentBodyAndReturnsFrozenEvidence" />
    </UnitTest>
    <UnitTest name="ControlServer.Tests.JourneyRuntimeWorkerTests.DepartureSafetyAnsweredPromptlyIsJudgedWhileItIsStillValid" storage="c:\users\szy\desktop\8005-workspace\repos\8005-agv-control-server\tests\controlserver.tests\bin\release\net8.0\win-x64\controlserver.tests.dll" id="950c2cd1-19f5-b55f-d86f-a2af83743902">
      <Execution id="c8c42ad9-d34c-4846-8fea-54111bf48518" />
      <TestMethod codeBase="C:\Users\szy\Desktop\8005-workspace\repos\8005-agv-control-server\tests\ControlServer.Tests\bin\Release\net8.0\win-x64\ControlServer.Tests.dll" adapterTypeName="executor://xunit/VsTestRunner3/netcore/" className="ControlServer.Tests.JourneyRuntimeWorkerTests" name="DepartureSafetyAnsweredPromptlyIsJudgedWhileItIsStillValid" />
    </UnitTest>
  </TestDefinitions>
  <TestEntries>
    <TestEntry testId="2b59cf08-05fe-e665-6ad0-9a2357c0cacf" executionId="b92af1ef-2432-475a-8b69-1b58c42f45e2" testListId="8c84fa94-04c1-424b-9868-57a2d4851a1d" />
    <TestEntry testId="300e4cc4-f903-b68b-eae6-1c793b9612e0" executionId="92b3d97c-20c3-4bb1-8282-f0affdeb109f" testListId="8c84fa94-04c1-424b-9868-57a2d4851a1d" />
    <TestEntry testId="7d396361-0cd0-92cc-9f2e-0e9c39d514a3" executionId="109279a5-d8ef-45df-8e40-3213aec294a9" testListId="8c84fa94-04c1-424b-9868-57a2d4851a1d" />
    <TestEntry testId="0fd4eab2-d236-9bf7-89d1-80dbd9249994" executionId="cbb5c43e-254e-4556-b9d5-791ec29d9f24" testListId="8c84fa94-04c1-424b-9868-57a2d4851a1d" />
    <TestEntry testId="85b7ab38-dafa-8a30-94f1-972e840a816b" executionId="7c6b1c66-7f96-4a8e-991e-804a20162178" testListId="8c84fa94-04c1-424b-9868-57a2d4851a1d" />
    <TestEntry testId="c15b352a-2968-08ce-bba3-8e344f0a254f" executionId="ae77dd3b-a82c-462f-8adb-d957bbeef954" testListId="8c84fa94-04c1-424b-9868-57a2d4851a1d" />
    <TestEntry testId="87ab6baa-a2fa-4bd2-e2a4-5abe279110f2" executionId="d77d69c4-c06f-4ac0-8bbd-93e0130167fb" testListId="8c84fa94-04c1-424b-9868-57a2d4851a1d" />
    <TestEntry testId="6fea1d2f-e02f-742d-7376-bf8c24835495" executionId="4e048f2f-3f6c-49a8-9f7d-d0aee8472c85" testListId="8c84fa94-04c1-424b-9868-57a2d4851a1d" />
    <TestEntry testId="c4a6678f-6945-7f94-4848-b52e2f17feeb" executionId="3f95d787-097b-4c52-b9be-010cc5e3ad45" testListId="8c84fa94-04c1-424b-9868-57a2d4851a1d" />
    <TestEntry testId="2933364b-f600-e0eb-75a9-ae7aeb49927b" executionId="58356f6d-ccab-46c4-8319-3590b6ef7645" testListId="8c84fa94-04c1-424b-9868-57a2d4851a1d" />
    <TestEntry testId="b3d06b9a-da69-2c2e-2da5-5b1369d6ca1e" executionId="ec462335-4a07-4d0b-9c9b-8049d34b20e6" testListId="8c84fa94-04c1-424b-9868-57a2d4851a1d" />
    <TestEntry testId="e6ed9b0e-8129-c0b1-eb10-ac9219f60ef4" executionId="1c8ff67f-9314-4b38-9d45-945a3ac041d8" testListId="8c84fa94-04c1-424b-9868-57a2d4851a1d" />
    <TestEntry testId="1ad99594-928b-7a98-60c3-1a379250c317" executionId="096ec8c8-738d-42ae-87ad-33a4d1a5dca2" testListId="8c84fa94-04c1-424b-9868-57a2d4851a1d" />
    <TestEntry testId="950c2cd1-19f5-b55f-d86f-a2af83743902" executionId="c8c42ad9-d34c-4846-8fea-54111bf48518" testListId="8c84fa94-04c1-424b-9868-57a2d4851a1d" />
    <TestEntry testId="d78ef031-44a5-77d5-3c6a-4b211fe53a6d" executionId="81cc6b54-8b63-4242-b1d6-da574d1ed8bc" testListId="8c84fa94-04c1-424b-9868-57a2d4851a1d" />
    <TestEntry testId="896b1435-e4cc-7cf7-9431-2682b97552eb" executionId="135078dd-e18c-4194-b9b4-c0a77ab62003" testListId="8c84fa94-04c1-424b-9868-57a2d4851a1d" />
    <TestEntry testId="9d8ca64b-f758-541d-8c5a-d5162a6e5d20" executionId="ee216e45-88ef-45a7-96ec-0d5052ffe99b" testListId="8c84fa94-04c1-424b-9868-57a2d4851a1d" />
    <TestEntry testId="7a66b1d3-1402-9b87-f491-fb28637de467" executionId="b8bd7e6a-d97d-42d8-b38e-83e90f9a271a" testListId="8c84fa94-04c1-424b-9868-57a2d4851a1d" />
    <TestEntry testId="1629d653-38be-8fc6-3d4c-a6a256dc9813" executionId="7900d809-b637-4ad0-9a25-444e0abf212e" testListId="8c84fa94-04c1-424b-9868-57a2d4851a1d" />
    <TestEntry testId="73a774cf-ffb1-8df3-20ba-c64a3fdd56d9" executionId="666be50c-b94c-4236-8a09-d9e46b580655" testListId="8c84fa94-04c1-424b-9868-57a2d4851a1d" />
    <TestEntry testId="beec4ae6-e2d2-8fc6-78da-afc18264ca39" executionId="55562ffb-fcc4-4dec-bf6a-29f1b7c9300e" testListId="8c84fa94-04c1-424b-9868-57a2d4851a1d" />
    <TestEntry testId="53c9fe66-35c4-81ef-ef89-aa6fd39c1593" executionId="309ea6db-0ee9-44d1-a934-00bfeedac617" testListId="8c84fa94-04c1-424b-9868-57a2d4851a1d" />
    <TestEntry testId="e737508b-a48b-3749-d47d-2da630a9419c" executionId="6f9b4654-04f7-4a53-9793-9aad5b7868b2" testListId="8c84fa94-04c1-424b-9868-57a2d4851a1d" />
    <TestEntry testId="ddd03016-f03b-b793-0308-379c7516b991" executionId="745877ed-8104-41e4-b116-8f893ae49e3a" testListId="8c84fa94-04c1-424b-9868-57a2d4851a1d" />
    <TestEntry testId="25538c03-c942-f97b-5e99-271387a48a68" executionId="8377e5d7-aa68-47ad-b607-73ed146f103b" testListId="8c84fa94-04c1-424b-9868-57a2d4851a1d" />
    <TestEntry testId="a3cbdb25-c154-a503-1207-77d9bcd41706" executionId="593c6544-c42e-47ab-b5de-439d49bf687f" testListId="8c84fa94-04c1-424b-9868-57a2d4851a1d" />
    <TestEntry testId="45f28932-d5d4-e2ab-562c-1f68144b9c9a" executionId="0c4b9a38-d286-4456-a289-56fbc0987768" testListId="8c84fa94-04c1-424b-9868-57a2d4851a1d" />
  </TestEntries>
  <TestLists>
    <TestList name="Results Not in a List" id="8c84fa94-04c1-424b-9868-57a2d4851a1d" />
    <TestList name="All Loaded Results" id="19431567-8539-422a-85d7-44ee4e166bda" />
  </TestLists>
  <ResultSummary outcome="Completed">
    <Counters total="27" executed="27" passed="27" failed="0" error="0" timeout="0" aborted="0" inconclusive="0" passedButRunAborted="0" notRunnable="0" notExecuted="0" disconnected="0" warning="0" completed="0" inProgress="0" pending="0" />
    <Output>
      <StdOut>[xUnit.net 00:00:00.00] xUnit.net VSTest Adapter v3.1.5+1b188a7b0a (64-bit .NET 8.0.31)&#xD;
[xUnit.net 00:00:00.33]   Discovering: ControlServer.Tests&#xD;
[xUnit.net 00:00:00.79]   Discovered:  ControlServer.Tests&#xD;
[xUnit.net 00:00:01.05]   Starting:    ControlServer.Tests&#xD;
[xUnit.net 00:00:07.05]   Finished:    ControlServer.Tests (ID = '5f32e3228d37e5cb3e7bc60b239275389dd116eb20728c9edbbdde1b1bccd0e8')&#xD;
</StdOut>
    </Output>
  </ResultSummary>
</TestRun>