<?xml version="1.0" encoding="utf-8"?>
<TestRun id="3fe39da9-eb00-41dc-a7b0-952382d53a3a" name="szy@LAB-WIN-01 2026-09-14 12:40:18" runUser="LAB-WIN-01\szy" xmlns="http://microsoft.com/schemas/VisualStudio/TeamTest/2010">
  <Times creation="2026-09-14T12:40:18.5222823+08:00" queuing="2026-09-14T12:40:18.5222829+08:00" start="2026-09-14T12:40:15.5111479+08:00" finish="2026-09-14T12:40:48.1813624+08:00" />
  <TestSettings name="default" id="7478237b-532c-4a3f-99fa-f9e2f4f4599c">
    <Deployment runDeploymentRoot="szy_LAB-WIN-01_2026-09-14_12_40_18" />
  </TestSettings>
  <Results>
    <UnitTestResult executionId="68bc83f7-6d72-4bc6-85ee-b4489423f01a" testId="20bdbc83-96e4-6bbc-dcb9-0297988d9cd8" testName="ControlServer.Tests.JourneyRuntimeWorkerTests.ALostAcknowledgementNeverLeavesASupersededSnapshotToBeRedelivered(iterationLosingAcks: 3)" computerName="LAB-WIN-01" duration="00:00:01.9174939" startTime="2026-09-14T12:40:34.5807214+08:00" endTime="2026-09-14T12:40:36.4982909+08:00" testType="13cdc9d9-ddb5-4fa4-a97d-d965ccfc6d4b" outcome="Passed" testListId="8c84fa94-04c1-424b-9868-57a2d4851a1d" relativeResultsDirectory="68bc83f7-6d72-4bc6-85ee-b4489423f01a" />
    <UnitTestResult executionId="5635f5cd-0c71-494a-91a1-ec6327b877a4" testId="f02b1be4-6db2-7e86-3e87-3ddd5714ba45" testName="ControlServer.Tests.JourneyRuntimeWorkerTests.CommandsAnsweredByABusinessResultAreNotLeftPendingForReplay" computerName="LAB-WIN-01" duration="00:00:01.9138960" startTime="2026-09-14T12:40:46.1915207+08:00" endTime="2026-09-14T12:40:48.1054692+08:00" testType="13cdc9d9-ddb5-4fa4-a97d-d965ccfc6d4b" outcome="Passed" testListId="8c84fa94-04c1-424b-9868-57a2d4851a1d" relativeResultsDirectory="5635f5cd-0c71-494a-91a1-ec6327b877a4" />
    <UnitTestResult executionId="2265fdb3-f56a-418b-889a-fd4d2198d26c" testId="007d149f-5d41-21d2-1b75-0d0ba9dc24e8" testName="ControlServer.Tests.JourneyRuntimeWorkerTests.ALostAcknowledgementNeverLeavesASupersededSnapshotToBeRedelivered(iterationLosingAcks: 8)" computerName="LAB-WIN-01" duration="00:00:01.9251842" startTime="2026-09-14T12:40:36.4994132+08:00" endTime="2026-09-14T12:40:38.4246690+08:00" testType="13cdc9d9-ddb5-4fa4-a97d-d965ccfc6d4b" outcome="Passed" testListId="8c84fa94-04c1-424b-9868-57a2d4851a1d" relativeResultsDirectory="2265fdb3-f56a-418b-889a-fd4d2198d26c" />
    <UnitTestResult executionId="1d0ffbcd-7a22-4ba1-a6b0-81a939b11d35" testId="7fd72077-9e1e-7a86-5d39-54608fa1fe4e" testName="ControlServer.Tests.JourneyRuntimeWorkerTests.ALostAcknowledgementNeverLeavesASupersededSnapshotToBeRedelivered(iterationLosingAcks: 2)" computerName="LAB-WIN-01" duration="00:00:01.9293168" startTime="2026-09-14T12:40:38.4259573+08:00" endTime="2026-09-14T12:40:40.3553382+08:00" testType="13cdc9d9-ddb5-4fa4-a97d-d965ccfc6d4b" outcome="Passed" testListId="8c84fa94-04c1-424b-9868-57a2d4851a1d" relativeResultsDirectory="1d0ffbcd-7a22-4ba1-a6b0-81a939b11d35" />
    <UnitTestResult executionId="b80384a8-b1df-4f51-8c02-e698dd32a77b" testId="c67e0893-320f-288e-fe46-85dc46d92228" testName="ControlServer.Tests.OnboardJourneyPublisherTests.SnapshotReplayWithDifferentContentOrAcknowledgementHashIsRejected" computerName="LAB-WIN-01" duration="00:00:01.2272892" startTime="2026-09-14T12:40:17.0281492+08:00" endTime="2026-09-14T12:40:18.2627816+08:00" testType="13cdc9d9-ddb5-4fa4-a97d-d965ccfc6d4b" outcome="Passed" testListId="8c84fa94-04c1-424b-9868-57a2d4851a1d" relativeResultsDirectory="b80384a8-b1df-4f51-8c02-e698dd32a77b" />
    <UnitTestResult executionId="65ed807c-8cce-4eaf-b60c-0a5e0db0d1e7" testId="92c163e6-e9a8-65d6-6d01-9d12d0de8ea4" testName="ControlServer.Tests.JourneyRuntimeWorkerTests.ALostAcknowledgementNeverLeavesASupersededSnapshotToBeRedelivered(iterationLosingAcks: 1)" computerName="LAB-WIN-01" duration="00:00:01.9141058" startTime="2026-09-14T12:40:28.8251664+08:00" endTime="2026-09-14T12:40:30.7394242+08:00" testType="13cdc9d9-ddb5-4fa4-a97d-d965ccfc6d4b" outcome="Passed" testListId="8c84fa94-04c1-424b-9868-57a2d4851a1d" relativeResultsDirectory="65ed807c-8cce-4eaf-b60c-0a5e0db0d1e7" />
    <UnitTestResult executionId="7bafea23-a7c5-4de3-8996-c181c20e9bd6" testId="b54f6b35-cf91-424d-9902-1d13e66faf91" testName="ControlServer.Tests.JourneyRuntimeWorkerTests.ALostAcknowledgementNeverLeavesASupersededSnapshotToBeRedelivered(iterationLosingAcks: 5)" computerName="LAB-WIN-01" duration="00:00:01.9180390" startTime="2026-09-14T12:40:32.6607085+08:00" endTime="2026-09-14T12:40:34.5788081+08:00" testType="13cdc9d9-ddb5-4fa4-a97d-d965ccfc6d4b" outcome="Passed" testListId="8c84fa94-04c1-424b-9868-57a2d4851a1d" relativeResultsDirectory="7bafea23-a7c5-4de3-8996-c181c20e9bd6" />
    <UnitTestResult executionId="f4217a9e-024c-4f84-91d3-b0d35d40b620" testId="5299189d-6592-817e-8969-370e10268350" testName="ControlServer.Tests.RecoveryStateMachineG2Tests.ResumeRejectsAReplacementResultReportedOutsideTheAuthorizedSlotScope" computerName="LAB-WIN-01" duration="00:00:00.0785866" startTime="2026-09-14T12:40:19.1877595+08:00" endTime="2026-09-14T12:40:19.2663951+08:00" testType="13cdc9d9-ddb5-4fa4-a97d-d965ccfc6d4b" outcome="Passed" testListId="8c84fa94-04c1-424b-9868-57a2d4851a1d" relativeResultsDirectory="f4217a9e-024c-4f84-91d3-b0d35d40b620" />
    <UnitTestResult executionId="fe7ef407-ec6f-4199-af5c-f62af77f64f0" testId="078f7de6-e1eb-00d3-2c14-ef2079d21acd" testName="ControlServer.Tests.JourneyRuntimeWorkerTests.ALostAcknowledgementNeverLeavesASupersededSnapshotToBeRedelivered(iterationLosingAcks: 7)" computerName="LAB-WIN-01" duration="00:00:01.9194533" startTime="2026-09-14T12:40:40.3565943+08:00" endTime="2026-09-14T12:40:42.2761018+08:00" testType="13cdc9d9-ddb5-4fa4-a97d-d965ccfc6d4b" outcome="Passed" testListId="8c84fa94-04c1-424b-9868-57a2d4851a1d" relativeResultsDirectory="fe7ef407-ec6f-4199-af5c-f62af77f64f0" />
    <UnitTestResult executionId="f71765a0-9523-4ed0-8b91-ab8a2d7ffe4d" testId="1c7daf66-51dd-8ce1-94bd-2cc2a95c317c" testName="ControlServer.Tests.ApplicationOrchestrationTests.UnknownRiotResultKeepsOriginalUpperIdAndDoesNotBlindlyCreate" computerName="LAB-WIN-01" duration="00:00:00.0950405" startTime="2026-09-14T12:40:18.4105862+08:00" endTime="2026-09-14T12:40:18.5056802+08:00" testType="13cdc9d9-ddb5-4fa4-a97d-d965ccfc6d4b" outcome="Passed" testListId="8c84fa94-04c1-424b-9868-57a2d4851a1d" relativeResultsDirectory="f71765a0-9523-4ed0-8b91-ab8a2d7ffe4d" />
    <UnitTestResult executionId="9330686b-2545-4c0f-92a2-83de1efde036" testId="e7f43df7-f21a-fc48-0416-ee1850593098" testName="ControlServer.Tests.RecoveryStateMachineG2Tests.ASuccessfulResumeSettlesTheReportedAttemptAndTellsTheVehicleItIsReady" computerName="LAB-WIN-01" duration="00:00:00.1020746" startTime="2026-09-14T12:40:18.9857512+08:00" endTime="2026-09-14T12:40:19.0878770+08:00" testType="13cdc9d9-ddb5-4fa4-a97d-d965ccfc6d4b" outcome="Passed" testListId="8c84fa94-04c1-424b-9868-57a2d4851a1d" relativeResultsDirectory="9330686b-2545-4c0f-92a2-83de1efde036" />
    <UnitTestResult executionId="4eb617c0-32af-4813-99af-9f92af74b495" testId="cb7e7d62-4d73-48c5-f6be-e2d062cae91a" testName="ControlServer.Tests.OnboardMessageProcessorTests.RecoveryStateReportAckDropRebindsAcrossSessionWithoutContentConflict" computerName="LAB-WIN-01" duration="00:00:00.1284194" startTime="2026-09-14T12:40:18.6012231+08:00" endTime="2026-09-14T12:40:18.7296856+08:00" testType="13cdc9d9-ddb5-4fa4-a97d-d965ccfc6d4b" outcome="Passed" testListId="8c84fa94-04c1-424b-9868-57a2d4851a1d" relativeResultsDirectory="4eb617c0-32af-4813-99af-9f92af74b495" />
    <UnitTestResult executionId="2efdd681-7562-4720-a91c-3f0b11b56d62" testId="f0591f26-c3d7-28c9-015d-f445d672d794" testName="ControlServer.Tests.JourneyRuntimeWorkerTests.RestartReenvelopesPendingServerMessagesForTheCurrentSessionWithoutChangingSemantics" computerName="LAB-WIN-01" duration="00:00:00.0369030" startTime="2026-09-14T12:40:46.1537478+08:00" endTime="2026-09-14T12:40:46.1906986+08:00" testType="13cdc9d9-ddb5-4fa4-a97d-d965ccfc6d4b" outcome="Passed" testListId="8c84fa94-04c1-424b-9868-57a2d4851a1d" relativeResultsDirectory="2efdd681-7562-4720-a91c-3f0b11b56d62" />
    <UnitTestResult executionId="96fde684-5f96-4a16-969c-718dff538aca" testId="9ab14edb-fc0e-5ae8-e9ab-fb6f63953b47" testName="ControlServer.Tests.RecoveryStateMachineG2Tests.RecoveryReportCannotRegressOrInventForcedRecoveryGeneration" computerName="LAB-WIN-01" duration="00:00:01.2823479" startTime="2026-09-14T12:40:17.0281238+08:00" endTime="2026-09-14T12:40:18.3177939+08:00" testType="13cdc9d9-ddb5-4fa4-a97d-d965ccfc6d4b" outcome="Passed" testListId="8c84fa94-04c1-424b-9868-57a2d4851a1d" relativeResultsDirectory="96fde684-5f96-4a16-969c-718dff538aca" />
    <UnitTestResult executionId="f2c5eece-56ee-4e51-868a-3ae84bcfb157" testId="d63447fb-952e-3446-e5ed-37404fb5cbf8" testName="ControlServer.Tests.OnboardJourneyPublisherTests.ReplayIntoANewGenerationLeavesTheWireThePublisherWouldWriteAgain" computerName="LAB-WIN-01" duration="00:00:00.0964706" startTime="2026-09-14T12:40:18.7291218+08:00" endTime="2026-09-14T12:40:18.8256363+08:00" testType="13cdc9d9-ddb5-4fa4-a97d-d965ccfc6d4b" outcome="Passed" testListId="8c84fa94-04c1-424b-9868-57a2d4851a1d" relativeResultsDirectory="f2c5eece-56ee-4e51-868a-3ae84bcfb157" />
    <UnitTestResult executionId="2c40b388-1c38-4f87-b9a2-7b5725694fca" testId="ee492336-23a0-e2a6-784e-8b4ebe0da259" testName="ControlServer.Tests.JourneyRuntimeWorkerTests.OnlyAPeerThatNeverAcknowledgesIsShownASupersededSnapshot" computerName="LAB-WIN-01" duration="00:00:01.9159994" startTime="2026-09-14T12:40:44.2365487+08:00" endTime="2026-09-14T12:40:46.1526283+08:00" testType="13cdc9d9-ddb5-4fa4-a97d-d965ccfc6d4b" outcome="Passed" testListId="8c84fa94-04c1-424b-9868-57a2d4851a1d" relativeResultsDirectory="2c40b388-1c38-4f87-b9a2-7b5725694fca" />
    <UnitTestResult executionId="fb025310-10f6-4ecb-bb85-2a76d007f6e4" testId="2fb6b6c2-5f76-ae3d-c17f-6103963acc8e" testName="ControlServer.Tests.OnboardJourneyPublisherTests.DurableCommandIsPersistedBeforeByteExactReplayAndStopsAfterMatchingAck" computerName="LAB-WIN-01" duration="00:00:00.1656917" startTime="2026-09-14T12:40:18.2643491+08:00" endTime="2026-09-14T12:40:18.4301261+08:00" testType="13cdc9d9-ddb5-4fa4-a97d-d965ccfc6d4b" outcome="Passed" testListId="8c84fa94-04c1-424b-9868-57a2d4851a1d" relativeResultsDirectory="fb025310-10f6-4ecb-bb85-2a76d007f6e4" />
    <UnitTestResult executionId="544342c6-3cc3-429d-80c4-37a3e4253665" testId="2ed561ba-2969-5dbd-2898-ceab6b82b09b" testName="ControlServer.Tests.OnboardMessageProcessorTests.CompletedUnloadResultAtomicallyClosesDemandBeforeDurableAck" computerName="LAB-WIN-01" duration="00:00:00.1219080" startTime="2026-09-14T12:40:18.8389612+08:00" endTime="2026-09-14T12:40:18.9609227+08:00" testType="13cdc9d9-ddb5-4fa4-a97d-d965ccfc6d4b" outcome="Passed" testListId="8c84fa94-04c1-424b-9868-57a2d4851a1d" relativeResultsDirectory="544342c6-3cc3-429d-80c4-37a3e4253665" />
    <UnitTestResult executionId="9441ff85-a86a-4e54-ad16-d45996be3775" testId="174eeea0-5798-b96e-55bc-22fe0a9c08bc" testName="ControlServer.Tests.WireToGateStoreTests.InboxReplaysFirstResponseAndRejectsDifferentContent" computerName="LAB-WIN-01" duration="00:00:01.1740044" startTime="2026-09-14T12:40:17.0281360+08:00" endTime="2026-09-14T12:40:18.2122899+08:00" testType="13cdc9d9-ddb5-4fa4-a97d-d965ccfc6d4b" outcome="Passed" testListId="8c84fa94-04c1-424b-9868-57a2d4851a1d" relativeResultsDirectory="9441ff85-a86a-4e54-ad16-d45996be3775" />
    <UnitTestResult executionId="2f7b91fb-5afb-412a-8c91-63b56557680d" testId="2dc3cab7-4528-733c-c05e-f771cdbd9d3b" testName="ControlServer.Tests.JourneyRuntimeWorkerTests.CommandsAnsweredAfterTheGateDepartureAreSettledToo" computerName="LAB-WIN-01" duration="00:00:01.9144187" startTime="2026-09-14T12:40:42.2773480+08:00" endTime="2026-09-14T12:40:44.1918195+08:00" testType="13cdc9d9-ddb5-4fa4-a97d-d965ccfc6d4b" outcome="Passed" testListId="8c84fa94-04c1-424b-9868-57a2d4851a1d" relativeResultsDirectory="2f7b91fb-5afb-412a-8c91-63b56557680d" />
    <UnitTestResult executionId="fb46b7c4-4215-4def-a042-be4ff458323b" testId="3bdef6f1-89d6-03b9-34fc-33c19510a3d5" testName="ControlServer.Tests.OnboardMessageProcessorTests.ManualChargingReturnToServiceIsAnsweredAndDecidedOncePerRequestId" computerName="LAB-WIN-01" duration="00:00:00.1287303" startTime="2026-09-14T12:40:18.9621021+08:00" endTime="2026-09-14T12:40:19.0908738+08:00" testType="13cdc9d9-ddb5-4fa4-a97d-d965ccfc6d4b" outcome="Passed" testListId="8c84fa94-04c1-424b-9868-57a2d4851a1d" relativeResultsDirectory="fb46b7c4-4215-4def-a042-be4ff458323b" />
    <UnitTestResult executionId="019529ef-a581-4cc8-8569-e089b9ea8cf0" testId="84cbc129-16ae-5e65-d7c2-429f129b7ec7" testName="ControlServer.Tests.JourneyRuntimeWorkerTests.RestartReconcilesUnknownPickupCreateWithoutSecondOrderOrIdentityChange" computerName="LAB-WIN-01" duration="00:00:00.0421228" startTime="2026-09-14T12:40:44.1930637+08:00" endTime="2026-09-14T12:40:44.2352359+08:00" testType="13cdc9d9-ddb5-4fa4-a97d-d965ccfc6d4b" outcome="Passed" testListId="8c84fa94-04c1-424b-9868-57a2d4851a1d" relativeResultsDirectory="019529ef-a581-4cc8-8569-e089b9ea8cf0" />
    <UnitTestResult executionId="6e47c1c5-67d8-4e05-b499-27759d12a2d3" testId="0c603a2a-c474-d521-ca15-3572e323be1f" testName="ControlServer.Tests.JourneyRuntimeWorkerTests.TheRedeliveredRevisionNeedsEveryAcknowledgementFromThePickupToTheGateLost(firstLostIteration: 4, lastLostIteration: 7, expectRegressions: False)" computerName="LAB-WIN-01" duration="00:00:02.0674302" startTime="2026-09-14T12:40:20.8184383+08:00" endTime="2026-09-14T12:40:22.8859955+08:00" testType="13cdc9d9-ddb5-4fa4-a97d-d965ccfc6d4b" outcome="Passed" testListId="8c84fa94-04c1-424b-9868-57a2d4851a1d" relativeResultsDirectory="6e47c1c5-67d8-4e05-b499-27759d12a2d3" />
    <UnitTestResult executionId="3daacb85-4d5b-42a1-b4c7-89b0086d7725" testId="c6c40135-069c-deee-46dd-58a8d2aa26c3" testName="ControlServer.Tests.JourneyRuntimeWorkerTests.ALostAcknowledgementNeverLeavesASupersededSnapshotToBeRedelivered(iterationLosingAcks: 6)" computerName="LAB-WIN-01" duration="00:00:01.9191077" startTime="2026-09-14T12:40:30.7404642+08:00" endTime="2026-09-14T12:40:32.6596348+08:00" testType="13cdc9d9-ddb5-4fa4-a97d-d965ccfc6d4b" outcome="Passed" testListId="8c84fa94-04c1-424b-9868-57a2d4851a1d" relativeResultsDirectory="3daacb85-4d5b-42a1-b4c7-89b0086d7725" />
    <UnitTestResult executionId="a098d852-bc09-4d12-858d-7fcfefbc10f1" testId="12691776-235f-b6c2-1769-7532c3f57909" testName="ControlServer.Tests.OnboardJourneyPublisherTests.SnapshotWireIsReproducibleByThePeerThatAcknowledgesIt" computerName="LAB-WIN-01" duration="00:00:00.1049153" startTime="2026-09-14T12:40:18.6227593+08:00" endTime="2026-09-14T12:40:18.7277279+08:00" testType="13cdc9d9-ddb5-4fa4-a97d-d965ccfc6d4b" outcome="Passed" testListId="8c84fa94-04c1-424b-9868-57a2d4851a1d" relativeResultsDirectory="a098d852-bc09-4d12-858d-7fcfefbc10f1" />
    <UnitTestResult executionId="90c9ddc9-adb6-4d7c-b6dc-7cac38c4c8b9" testId="4eabebb3-a2cd-5a58-54aa-0f23e7c87163" testName="ControlServer.Tests.OnboardJourneyPublisherTests.UnchangedSnapshotRepublishesIntoAnAdvancingSessionGeneration" computerName="LAB-WIN-01" duration="00:00:00.0955102" startTime="2026-09-14T12:40:18.4307568+08:00" endTime="2026-09-14T12:40:18.5263200+08:00" testType="13cdc9d9-ddb5-4fa4-a97d-d965ccfc6d4b" outcome="Passed" testListId="8c84fa94-04c1-424b-9868-57a2d4851a1d" relativeResultsDirectory="90c9ddc9-adb6-4d7c-b6dc-7cac38c4c8b9" />
    <UnitTestResult executionId="0b4fe1cb-dbe8-4913-9ffb-54b59349825a" testId="f2798157-8423-f61e-61d7-261ac48dfa57" testName="ControlServer.Tests.RecoveryStateMachineG2Tests.ResumeAuthorizationPersistsFormalCommandBeforeSendAndReplaysSameIdentityAfterRestart" computerName="LAB-WIN-01" duration="00:00:00.3824786" startTime="2026-09-14T12:40:18.4426291+08:00" endTime="2026-09-14T12:40:18.8251642+08:00" testType="13cdc9d9-ddb5-4fa4-a97d-d965ccfc6d4b" outcome="Passed" testListId="8c84fa94-04c1-424b-9868-57a2d4851a1d" relativeResultsDirectory="0b4fe1cb-dbe8-4913-9ffb-54b59349825a" />
    <UnitTestResult executionId="160d198d-6a2e-4560-bcf2-40d2a1a2612e" testId="57253823-7fc8-8091-0b10-95481fffa808" testName="ControlServer.Tests.OnboardJourneyPublisherTests.JourneySnapshotIsPersistedBeforeSendReplayedByteForByteAndAcknowledgedByExactHash" computerName="LAB-WIN-01" duration="00:00:00.0940744" startTime="2026-09-14T12:40:18.5278070+08:00" endTime="2026-09-14T12:40:18.6219332+08:00" testType="13cdc9d9-ddb5-4fa4-a97d-d965ccfc6d4b" outcome="Passed" testListId="8c84fa94-04c1-424b-9868-57a2d4851a1d" relativeResultsDirectory="160d198d-6a2e-4560-bcf2-40d2a1a2612e" />
    <UnitTestResult executionId="f2bbd621-5d16-44a6-b05a-3c58f5135339" testId="78da6686-f2e2-8438-fa76-ca2756d964dd" testName="ControlServer.Tests.OnboardMessageProcessorTests.OnboardBusinessMessagesAreDurablyAcknowledgedAndOperationResultIsUniquePerAttempt" computerName="LAB-WIN-01" duration="00:00:01.4631524" startTime="2026-09-14T12:40:17.0281166+08:00" endTime="2026-09-14T12:40:18.4985894+08:00" testType="13cdc9d9-ddb5-4fa4-a97d-d965ccfc6d4b" outcome="Passed" testListId="8c84fa94-04c1-424b-9868-57a2d4851a1d" relativeResultsDirectory="f2bbd621-5d16-44a6-b05a-3c58f5135339" />
    <UnitTestResult executionId="0693a1bf-1bd2-489a-b7b5-1691e00d9f69" testId="3ede638c-0cde-b296-f82a-1d7a20391cc2" testName="ControlServer.Tests.OnboardMessageProcessorTests.CandidateHandshakeReachesReadyAndReplaysSessionResponse" computerName="LAB-WIN-01" duration="00:00:00.0993684" startTime="2026-09-14T12:40:18.5000627+08:00" endTime="2026-09-14T12:40:18.5994842+08:00" testType="13cdc9d9-ddb5-4fa4-a97d-d965ccfc6d4b" outcome="Passed" testListId="8c84fa94-04c1-424b-9868-57a2d4851a1d" relativeResultsDirectory="0693a1bf-1bd2-489a-b7b5-1691e00d9f69" />
    <UnitTestResult executionId="68644adf-ae09-4618-8d9f-b2b6cb573d2c" testId="d4b850d8-8310-2109-72e9-6412c5cc926d" testName="ControlServer.Tests.JourneyRuntimeWorkerTests.ALostAcknowledgementNeverLeavesASupersededSnapshotToBeRedelivered(iterationLosingAcks: 0)" computerName="LAB-WIN-01" duration="00:00:01.9235831" startTime="2026-09-14T12:40:24.9683111+08:00" endTime="2026-09-14T12:40:26.8919683+08:00" testType="13cdc9d9-ddb5-4fa4-a97d-d965ccfc6d4b" outcome="Passed" testListId="8c84fa94-04c1-424b-9868-57a2d4851a1d" relativeResultsDirectory="68644adf-ae09-4618-8d9f-b2b6cb573d2c" />
    <UnitTestResult executionId="a13c76b5-3c3d-46a6-a87b-08b4a0af0a4f" testId="1794d92c-011b-e98e-ba0c-3d1aec88a515" testName="ControlServer.Tests.RecoveryStateMachineG2Tests.ResumeAdmitsExactlyOneReplacementResultForTheOperationThatAlreadyFailedItsFirstResult" computerName="LAB-WIN-01" duration="00:00:00.0970165" startTime="2026-09-14T12:40:19.0898888+08:00" endTime="2026-09-14T12:40:19.1869600+08:00" testType="13cdc9d9-ddb5-4fa4-a97d-d965ccfc6d4b" outcome="Passed" testListId="8c84fa94-04c1-424b-9868-57a2d4851a1d" relativeResultsDirectory="a13c76b5-3c3d-46a6-a87b-08b4a0af0a4f" />
    <UnitTestResult executionId="0ae988d7-6a65-4670-a2c2-53b47aa87144" testId="1f3366ec-8cd2-259e-3ea6-68566c8ec06d" testName="ControlServer.Tests.ApplicationOrchestrationTests.UnknownCreateOutcomeSurvivesRestartAndConfirmedAbsenceDoesNotCreateAgain" computerName="LAB-WIN-01" duration="00:00:01.3735582" startTime="2026-09-14T12:40:17.0281642+08:00" endTime="2026-09-14T12:40:18.4090405+08:00" testType="13cdc9d9-ddb5-4fa4-a97d-d965ccfc6d4b" outcome="Passed" testListId="8c84fa94-04c1-424b-9868-57a2d4851a1d" relativeResultsDirectory="0ae988d7-6a65-4670-a2c2-53b47aa87144" />
    <UnitTestResult executionId="9efcf727-5176-4c0d-83b0-e009dfca8dec" testId="3b8502a2-f432-423e-e966-d7495750a7a9" testName="ControlServer.Tests.JourneyRuntimeWorkerTests.TheRedeliveredRevisionNeedsEveryAcknowledgementFromThePickupToTheGateLost(firstLostIteration: 3, lastLostIteration: 6, expectRegressions: False)" computerName="LAB-WIN-01" duration="00:00:02.0329798" startTime="2026-09-14T12:40:22.8875266+08:00" endTime="2026-09-14T12:40:24.9205798+08:00" testType="13cdc9d9-ddb5-4fa4-a97d-d965ccfc6d4b" outcome="Passed" testListId="8c84fa94-04c1-424b-9868-57a2d4851a1d" relativeResultsDirectory="9efcf727-5176-4c0d-83b0-e009dfca8dec" />
    <UnitTestResult executionId="500a3e86-d3cd-4e78-ab8c-f21b6b1488ef" testId="53373337-815b-e229-0684-aa74133aa2b5" testName="ControlServer.Tests.JourneyRuntimeWorkerTests.TheRedeliveredRevisionNeedsEveryAcknowledgementFromThePickupToTheGateLost(firstLostIteration: 3, lastLostIteration: 7, expectRegressions: True)" computerName="LAB-WIN-01" duration="00:00:03.7799531" startTime="2026-09-14T12:40:17.0281599+08:00" endTime="2026-09-14T12:40:20.8162551+08:00" testType="13cdc9d9-ddb5-4fa4-a97d-d965ccfc6d4b" outcome="Passed" testListId="8c84fa94-04c1-424b-9868-57a2d4851a1d" relativeResultsDirectory="500a3e86-d3cd-4e78-ab8c-f21b6b1488ef" />
    <UnitTestResult executionId="00987b7c-3578-408c-a7b3-a93488594224" testId="6a801b1a-09c3-782b-3504-1a1802a2d45d" testName="ControlServer.Tests.RecoveryStateMachineG2Tests.FormalCorrectionAndFaultCommandsUseDurableOutboxReplayAndExactAck" computerName="LAB-WIN-01" duration="00:00:00.1232540" startTime="2026-09-14T12:40:18.3183936+08:00" endTime="2026-09-14T12:40:18.4417016+08:00" testType="13cdc9d9-ddb5-4fa4-a97d-d965ccfc6d4b" outcome="Passed" testListId="8c84fa94-04c1-424b-9868-57a2d4851a1d" relativeResultsDirectory="00987b7c-3578-408c-a7b3-a93488594224" />
    <UnitTestResult executionId="f77e9384-6068-4f47-b25c-45e75e7f6f09" testId="13055244-fea3-f772-ab54-ad496b96b2ed" testName="ControlServer.Tests.OnboardMessageProcessorTests.SnapshotAppliedAcksUseExactWireContentHashAndProtocolKinds" computerName="LAB-WIN-01" duration="00:00:00.1079353" startTime="2026-09-14T12:40:18.7301699+08:00" endTime="2026-09-14T12:40:18.8381785+08:00" testType="13cdc9d9-ddb5-4fa4-a97d-d965ccfc6d4b" outcome="Passed" testListId="8c84fa94-04c1-424b-9868-57a2d4851a1d" relativeResultsDirectory="f77e9384-6068-4f47-b25c-45e75e7f6f09" />
    <UnitTestResult executionId="ac2a5656-364a-4960-a823-e0c596cccbe3" testId="b5eb78b9-46e5-69d5-a9bc-68b578700b9e" testName="ControlServer.Tests.JourneyRuntimeWorkerTests.ThePlanSentBeforeArrivalIsRetiredWhenThePickupPlanSupersedesIt" computerName="LAB-WIN-01" duration="00:00:00.0441809" startTime="2026-09-14T12:40:24.9227291+08:00" endTime="2026-09-14T12:40:24.9669684+08:00" testType="13cdc9d9-ddb5-4fa4-a97d-d965ccfc6d4b" outcome="Passed" testListId="8c84fa94-04c1-424b-9868-57a2d4851a1d" relativeResultsDirectory="ac2a5656-364a-4960-a823-e0c596cccbe3" />
    <UnitTestResult executionId="db9bf903-56d9-4dcf-849c-455ee3551549" testId="868018b7-a65e-5964-5da4-0d149221e26a" testName="ControlServer.Tests.RecoveryStateMachineG2Tests.FailedCompensationResultIsDurableReplayableAndNeverReleasesDemandOrVehicle" computerName="LAB-WIN-01" duration="00:00:00.1581632" startTime="2026-09-14T12:40:18.8268152+08:00" endTime="2026-09-14T12:40:18.9850277+08:00" testType="13cdc9d9-ddb5-4fa4-a97d-d965ccfc6d4b" outcome="Passed" testListId="8c84fa94-04c1-424b-9868-57a2d4851a1d" relativeResultsDirectory="db9bf903-56d9-4dcf-849c-455ee3551549" />
    <UnitTestResult executionId="3cce1535-1a22-46df-9f94-00cfbaa8a8a8" testId="abd6ca46-59eb-cd86-096e-cc546e9393e4" testName="ControlServer.Tests.JourneyRuntimeWorkerTests.ALostAcknowledgementNeverLeavesASupersededSnapshotToBeRedelivered(iterationLosingAcks: 4)" computerName="LAB-WIN-01" duration="00:00:01.9308482" startTime="2026-09-14T12:40:26.8930685+08:00" endTime="2026-09-14T12:40:28.8240083+08:00" testType="13cdc9d9-ddb5-4fa4-a97d-d965ccfc6d4b" outcome="Passed" testListId="8c84fa94-04c1-424b-9868-57a2d4851a1d" relativeResultsDirectory="3cce1535-1a22-46df-9f94-00cfbaa8a8a8" />
  </Results>
  <TestDefinitions>
    <UnitTest name="ControlServer.Tests.JourneyRuntimeWorkerTests.ALostAcknowledgementNeverLeavesASupersededSnapshotToBeRedelivered(iterationLosingAcks: 1)" storage="c:\users\szy\8005-b3\control-g2-052759bc\tests\controlserver.tests\bin\release\net8.0\win-x64\controlserver.tests.dll" id="92c163e6-e9a8-65d6-6d01-9d12d0de8ea4">
      <Execution id="65ed807c-8cce-4eaf-b60c-0a5e0db0d1e7" />
      <TestMethod codeBase="C:\Users\szy\8005-b3\control-g2-052759bc\tests\ControlServer.Tests\bin\Release\net8.0\win-x64\ControlServer.Tests.dll" adapterTypeName="executor://xunit/VsTestRunner3/netcore/" className="ControlServer.Tests.JourneyRuntimeWorkerTests" name="ALostAcknowledgementNeverLeavesASupersededSnapshotToBeRedelivered" />
    </UnitTest>
    <UnitTest name="ControlServer.Tests.RecoveryStateMachineG2Tests.FailedCompensationResultIsDurableReplayableAndNeverReleasesDemandOrVehicle" storage="c:\users\szy\8005-b3\control-g2-052759bc\tests\controlserver.tests\bin\release\net8.0\win-x64\controlserver.tests.dll" id="868018b7-a65e-5964-5da4-0d149221e26a">
      <Execution id="db9bf903-56d9-4dcf-849c-455ee3551549" />
      <TestMethod codeBase="C:\Users\szy\8005-b3\control-g2-052759bc\tests\ControlServer.Tests\bin\Release\net8.0\win-x64\ControlServer.Tests.dll" adapterTypeName="executor://xunit/VsTestRunner3/netcore/" className="ControlServer.Tests.RecoveryStateMachineG2Tests" name="FailedCompensationResultIsDurableReplayableAndNeverReleasesDemandOrVehicle" />
    </UnitTest>
    <UnitTest name="ControlServer.Tests.JourneyRuntimeWorkerTests.ALostAcknowledgementNeverLeavesASupersededSnapshotToBeRedelivered(iterationLosingAcks: 4)" storage="c:\users\szy\8005-b3\control-g2-052759bc\tests\controlserver.tests\bin\release\net8.0\win-x64\controlserver.tests.dll" id="abd6ca46-59eb-cd86-096e-cc546e9393e4">
      <Execution id="3cce1535-1a22-46df-9f94-00cfbaa8a8a8" />
      <TestMethod codeBase="C:\Users\szy\8005-b3\control-g2-052759bc\tests\ControlServer.Tests\bin\Release\net8.0\win-x64\ControlServer.Tests.dll" adapterTypeName="executor://xunit/VsTestRunner3/netcore/" className="ControlServer.Tests.JourneyRuntimeWorkerTests" name="ALostAcknowledgementNeverLeavesASupersededSnapshotToBeRedelivered" />
    </UnitTest>
    <UnitTest name="ControlServer.Tests.OnboardJourneyPublisherTests.ReplayIntoANewGenerationLeavesTheWireThePublisherWouldWriteAgain" storage="c:\users\szy\8005-b3\control-g2-052759bc\tests\controlserver.tests\bin\release\net8.0\win-x64\controlserver.tests.dll" id="d63447fb-952e-3446-e5ed-37404fb5cbf8">
      <Execution id="f2c5eece-56ee-4e51-868a-3ae84bcfb157" />
      <TestMethod codeBase="C:\Users\szy\8005-b3\control-g2-052759bc\tests\ControlServer.Tests\bin\Release\net8.0\win-x64\ControlServer.Tests.dll" adapterTypeName="executor://xunit/VsTestRunner3/netcore/" className="ControlServer.Tests.OnboardJourneyPublisherTests" name="ReplayIntoANewGenerationLeavesTheWireThePublisherWouldWriteAgain" />
    </UnitTest>
    <UnitTest name="ControlServer.Tests.JourneyRuntimeWorkerTests.ThePlanSentBeforeArrivalIsRetiredWhenThePickupPlanSupersedesIt" storage="c:\users\szy\8005-b3\control-g2-052759bc\tests\controlserver.tests\bin\release\net8.0\win-x64\controlserver.tests.dll" id="b5eb78b9-46e5-69d5-a9bc-68b578700b9e">
      <Execution id="ac2a5656-364a-4960-a823-e0c596cccbe3" />
      <TestMethod codeBase="C:\Users\szy\8005-b3\control-g2-052759bc\tests\ControlServer.Tests\bin\Release\net8.0\win-x64\ControlServer.Tests.dll" adapterTypeName="executor://xunit/VsTestRunner3/netcore/" className="ControlServer.Tests.JourneyRuntimeWorkerTests" name="ThePlanSentBeforeArrivalIsRetiredWhenThePickupPlanSupersedesIt" />
    </UnitTest>
    <UnitTest name="ControlServer.Tests.RecoveryStateMachineG2Tests.FormalCorrectionAndFaultCommandsUseDurableOutboxReplayAndExactAck" storage="c:\users\szy\8005-b3\control-g2-052759bc\tests\controlserver.tests\bin\release\net8.0\win-x64\controlserver.tests.dll" id="6a801b1a-09c3-782b-3504-1a1802a2d45d">
      <Execution id="00987b7c-3578-408c-a7b3-a93488594224" />
      <TestMethod codeBase="C:\Users\szy\8005-b3\control-g2-052759bc\tests\ControlServer.Tests\bin\Release\net8.0\win-x64\ControlServer.Tests.dll" adapterTypeName="executor://xunit/VsTestRunner3/netcore/" className="ControlServer.Tests.RecoveryStateMachineG2Tests" name="FormalCorrectionAndFaultCommandsUseDurableOutboxReplayAndExactAck" />
    </UnitTest>
    <UnitTest name="ControlServer.Tests.OnboardJourneyPublisherTests.UnchangedSnapshotRepublishesIntoAnAdvancingSessionGeneration" storage="c:\users\szy\8005-b3\control-g2-052759bc\tests\controlserver.tests\bin\release\net8.0\win-x64\controlserver.tests.dll" id="4eabebb3-a2cd-5a58-54aa-0f23e7c87163">
      <Execution id="90c9ddc9-adb6-4d7c-b6dc-7cac38c4c8b9" />
      <TestMethod codeBase="C:\Users\szy\8005-b3\control-g2-052759bc\tests\ControlServer.Tests\bin\Release\net8.0\win-x64\ControlServer.Tests.dll" adapterTypeName="executor://xunit/VsTestRunner3/netcore/" className="ControlServer.Tests.OnboardJourneyPublisherTests" name="UnchangedSnapshotRepublishesIntoAnAdvancingSessionGeneration" />
    </UnitTest>
    <UnitTest name="ControlServer.Tests.OnboardJourneyPublisherTests.SnapshotWireIsReproducibleByThePeerThatAcknowledgesIt" storage="c:\users\szy\8005-b3\control-g2-052759bc\tests\controlserver.tests\bin\release\net8.0\win-x64\controlserver.tests.dll" id="12691776-235f-b6c2-1769-7532c3f57909">
      <Execution id="a098d852-bc09-4d12-858d-7fcfefbc10f1" />
      <TestMethod codeBase="C:\Users\szy\8005-b3\control-g2-052759bc\tests\ControlServer.Tests\bin\Release\net8.0\win-x64\ControlServer.Tests.dll" adapterTypeName="executor://xunit/VsTestRunner3/netcore/" className="ControlServer.Tests.OnboardJourneyPublisherTests" name="SnapshotWireIsReproducibleByThePeerThatAcknowledgesIt" />
    </UnitTest>
    <UnitTest name="ControlServer.Tests.JourneyRuntimeWorkerTests.TheRedeliveredRevisionNeedsEveryAcknowledgementFromThePickupToTheGateLost(firstLostIteration: 3, lastLostIteration: 6, expectRegressions: False)" storage="c:\users\szy\8005-b3\control-g2-052759bc\tests\controlserver.tests\bin\release\net8.0\win-x64\controlserver.tests.dll" id="3b8502a2-f432-423e-e966-d7495750a7a9">
      <Execution id="9efcf727-5176-4c0d-83b0-e009dfca8dec" />
      <TestMethod codeBase="C:\Users\szy\8005-b3\control-g2-052759bc\tests\ControlServer.Tests\bin\Release\net8.0\win-x64\ControlServer.Tests.dll" adapterTypeName="executor://xunit/VsTestRunner3/netcore/" className="ControlServer.Tests.JourneyRuntimeWorkerTests" name="TheRedeliveredRevisionNeedsEveryAcknowledgementFromThePickupToTheGateLost" />
    </UnitTest>
    <UnitTest name="ControlServer.Tests.JourneyRuntimeWorkerTests.ALostAcknowledgementNeverLeavesASupersededSnapshotToBeRedelivered(iterationLosingAcks: 7)" storage="c:\users\szy\8005-b3\control-g2-052759bc\tests\controlserver.tests\bin\release\net8.0\win-x64\controlserver.tests.dll" id="078f7de6-e1eb-00d3-2c14-ef2079d21acd">
      <Execution id="fe7ef407-ec6f-4199-af5c-f62af77f64f0" />
      <TestMethod codeBase="C:\Users\szy\8005-b3\control-g2-052759bc\tests\ControlServer.Tests\bin\Release\net8.0\win-x64\ControlServer.Tests.dll" adapterTypeName="executor://xunit/VsTestRunner3/netcore/" className="ControlServer.Tests.JourneyRuntimeWorkerTests" name="ALostAcknowledgementNeverLeavesASupersededSnapshotToBeRedelivered" />
    </UnitTest>
    <UnitTest name="ControlServer.Tests.JourneyRuntimeWorkerTests.ALostAcknowledgementNeverLeavesASupersededSnapshotToBeRedelivered(iterationLosingAcks: 2)" storage="c:\users\szy\8005-b3\control-g2-052759bc\tests\controlserver.tests\bin\release\net8.0\win-x64\controlserver.tests.dll" id="7fd72077-9e1e-7a86-5d39-54608fa1fe4e">
      <Execution id="1d0ffbcd-7a22-4ba1-a6b0-81a939b11d35" />
      <TestMethod codeBase="C:\Users\szy\8005-b3\control-g2-052759bc\tests\ControlServer.Tests\bin\Release\net8.0\win-x64\ControlServer.Tests.dll" adapterTypeName="executor://xunit/VsTestRunner3/netcore/" className="ControlServer.Tests.JourneyRuntimeWorkerTests" name="ALostAcknowledgementNeverLeavesASupersededSnapshotToBeRedelivered" />
    </UnitTest>
    <UnitTest name="ControlServer.Tests.JourneyRuntimeWorkerTests.ALostAcknowledgementNeverLeavesASupersededSnapshotToBeRedelivered(iterationLosingAcks: 6)" storage="c:\users\szy\8005-b3\control-g2-052759bc\tests\controlserver.tests\bin\release\net8.0\win-x64\controlserver.tests.dll" id="c6c40135-069c-deee-46dd-58a8d2aa26c3">
      <Execution id="3daacb85-4d5b-42a1-b4c7-89b0086d7725" />
      <TestMethod codeBase="C:\Users\szy\8005-b3\control-g2-052759bc\tests\ControlServer.Tests\bin\Release\net8.0\win-x64\ControlServer.Tests.dll" adapterTypeName="executor://xunit/VsTestRunner3/netcore/" className="ControlServer.Tests.JourneyRuntimeWorkerTests" name="ALostAcknowledgementNeverLeavesASupersededSnapshotToBeRedelivered" />
    </UnitTest>
    <UnitTest name="ControlServer.Tests.JourneyRuntimeWorkerTests.ALostAcknowledgementNeverLeavesASupersededSnapshotToBeRedelivered(iterationLosingAcks: 0)" storage="c:\users\szy\8005-b3\control-g2-052759bc\tests\controlserver.tests\bin\release\net8.0\win-x64\controlserver.tests.dll" id="d4b850d8-8310-2109-72e9-6412c5cc926d">
      <Execution id="68644adf-ae09-4618-8d9f-b2b6cb573d2c" />
      <TestMethod codeBase="C:\Users\szy\8005-b3\control-g2-052759bc\tests\ControlServer.Tests\bin\Release\net8.0\win-x64\ControlServer.Tests.dll" adapterTypeName="executor://xunit/VsTestRunner3/netcore/" className="ControlServer.Tests.JourneyRuntimeWorkerTests" name="ALostAcknowledgementNeverLeavesASupersededSnapshotToBeRedelivered" />
    </UnitTest>
    <UnitTest name="ControlServer.Tests.OnboardMessageProcessorTests.CandidateHandshakeReachesReadyAndReplaysSessionResponse" storage="c:\users\szy\8005-b3\control-g2-052759bc\tests\controlserver.tests\bin\release\net8.0\win-x64\controlserver.tests.dll" id="3ede638c-0cde-b296-f82a-1d7a20391cc2">
      <Execution id="0693a1bf-1bd2-489a-b7b5-1691e00d9f69" />
      <TestMethod codeBase="C:\Users\szy\8005-b3\control-g2-052759bc\tests\ControlServer.Tests\bin\Release\net8.0\win-x64\ControlServer.Tests.dll" adapterTypeName="executor://xunit/VsTestRunner3/netcore/" className="ControlServer.Tests.OnboardMessageProcessorTests" name="CandidateHandshakeReachesReadyAndReplaysSessionResponse" />
    </UnitTest>
    <UnitTest name="ControlServer.Tests.RecoveryStateMachineG2Tests.ResumeRejectsAReplacementResultReportedOutsideTheAuthorizedSlotScope" storage="c:\users\szy\8005-b3\control-g2-052759bc\tests\controlserver.tests\bin\release\net8.0\win-x64\controlserver.tests.dll" id="5299189d-6592-817e-8969-370e10268350">
      <Execution id="f4217a9e-024c-4f84-91d3-b0d35d40b620" />
      <TestMethod codeBase="C:\Users\szy\8005-b3\control-g2-052759bc\tests\ControlServer.Tests\bin\Release\net8.0\win-x64\ControlServer.Tests.dll" adapterTypeName="executor://xunit/VsTestRunner3/netcore/" className="ControlServer.Tests.RecoveryStateMachineG2Tests" name="ResumeRejectsAReplacementResultReportedOutsideTheAuthorizedSlotScope" />
    </UnitTest>
    <UnitTest name="ControlServer.Tests.OnboardJourneyPublisherTests.DurableCommandIsPersistedBeforeByteExactReplayAndStopsAfterMatchingAck" storage="c:\users\szy\8005-b3\control-g2-052759bc\tests\controlserver.tests\bin\release\net8.0\win-x64\controlserver.tests.dll" id="2fb6b6c2-5f76-ae3d-c17f-6103963acc8e">
      <Execution id="fb025310-10f6-4ecb-bb85-2a76d007f6e4" />
      <TestMethod codeBase="C:\Users\szy\8005-b3\control-g2-052759bc\tests\ControlServer.Tests\bin\Release\net8.0\win-x64\ControlServer.Tests.dll" adapterTypeName="executor://xunit/VsTestRunner3/netcore/" className="ControlServer.Tests.OnboardJourneyPublisherTests" name="DurableCommandIsPersistedBeforeByteExactReplayAndStopsAfterMatchingAck" />
    </UnitTest>
    <UnitTest name="ControlServer.Tests.JourneyRuntimeWorkerTests.OnlyAPeerThatNeverAcknowledgesIsShownASupersededSnapshot" storage="c:\users\szy\8005-b3\control-g2-052759bc\tests\controlserver.tests\bin\release\net8.0\win-x64\controlserver.tests.dll" id="ee492336-23a0-e2a6-784e-8b4ebe0da259">
      <Execution id="2c40b388-1c38-4f87-b9a2-7b5725694fca" />
      <TestMethod codeBase="C:\Users\szy\8005-b3\control-g2-052759bc\tests\ControlServer.Tests\bin\Release\net8.0\win-x64\ControlServer.Tests.dll" adapterTypeName="executor://xunit/VsTestRunner3/netcore/" className="ControlServer.Tests.JourneyRuntimeWorkerTests" name="OnlyAPeerThatNeverAcknowledgesIsShownASupersededSnapshot" />
    </UnitTest>
    <UnitTest name="ControlServer.Tests.ApplicationOrchestrationTests.UnknownCreateOutcomeSurvivesRestartAndConfirmedAbsenceDoesNotCreateAgain" storage="c:\users\szy\8005-b3\control-g2-052759bc\tests\controlserver.tests\bin\release\net8.0\win-x64\controlserver.tests.dll" id="1f3366ec-8cd2-259e-3ea6-68566c8ec06d">
      <Execution id="0ae988d7-6a65-4670-a2c2-53b47aa87144" />
      <TestMethod codeBase="C:\Users\szy\8005-b3\control-g2-052759bc\tests\ControlServer.Tests\bin\Release\net8.0\win-x64\ControlServer.Tests.dll" adapterTypeName="executor://xunit/VsTestRunner3/netcore/" className="ControlServer.Tests.ApplicationOrchestrationTests" name="UnknownCreateOutcomeSurvivesRestartAndConfirmedAbsenceDoesNotCreateAgain" />
    </UnitTest>
    <UnitTest name="ControlServer.Tests.RecoveryStateMachineG2Tests.ASuccessfulResumeSettlesTheReportedAttemptAndTellsTheVehicleItIsReady" storage="c:\users\szy\8005-b3\control-g2-052759bc\tests\controlserver.tests\bin\release\net8.0\win-x64\controlserver.tests.dll" id="e7f43df7-f21a-fc48-0416-ee1850593098">
      <Execution id="9330686b-2545-4c0f-92a2-83de1efde036" />
      <TestMethod codeBase="C:\Users\szy\8005-b3\control-g2-052759bc\tests\ControlServer.Tests\bin\Release\net8.0\win-x64\ControlServer.Tests.dll" adapterTypeName="executor://xunit/VsTestRunner3/netcore/" className="ControlServer.Tests.RecoveryStateMachineG2Tests" name="ASuccessfulResumeSettlesTheReportedAttemptAndTellsTheVehicleItIsReady" />
    </UnitTest>
    <UnitTest name="ControlServer.Tests.JourneyRuntimeWorkerTests.CommandsAnsweredAfterTheGateDepartureAreSettledToo" storage="c:\users\szy\8005-b3\control-g2-052759bc\tests\controlserver.tests\bin\release\net8.0\win-x64\controlserver.tests.dll" id="2dc3cab7-4528-733c-c05e-f771cdbd9d3b">
      <Execution id="2f7b91fb-5afb-412a-8c91-63b56557680d" />
      <TestMethod codeBase="C:\Users\szy\8005-b3\control-g2-052759bc\tests\ControlServer.Tests\bin\Release\net8.0\win-x64\ControlServer.Tests.dll" adapterTypeName="executor://xunit/VsTestRunner3/netcore/" className="ControlServer.Tests.JourneyRuntimeWorkerTests" name="CommandsAnsweredAfterTheGateDepartureAreSettledToo" />
    </UnitTest>
    <UnitTest name="ControlServer.Tests.RecoveryStateMachineG2Tests.RecoveryReportCannotRegressOrInventForcedRecoveryGeneration" storage="c:\users\szy\8005-b3\control-g2-052759bc\tests\controlserver.tests\bin\release\net8.0\win-x64\controlserver.tests.dll" id="9ab14edb-fc0e-5ae8-e9ab-fb6f63953b47">
      <Execution id="96fde684-5f96-4a16-969c-718dff538aca" />
      <TestMethod codeBase="C:\Users\szy\8005-b3\control-g2-052759bc\tests\ControlServer.Tests\bin\Release\net8.0\win-x64\ControlServer.Tests.dll" adapterTypeName="executor://xunit/VsTestRunner3/netcore/" className="ControlServer.Tests.RecoveryStateMachineG2Tests" name="RecoveryReportCannotRegressOrInventForcedRecoveryGeneration" />
    </UnitTest>
    <UnitTest name="ControlServer.Tests.JourneyRuntimeWorkerTests.ALostAcknowledgementNeverLeavesASupersededSnapshotToBeRedelivered(iterationLosingAcks: 5)" storage="c:\users\szy\8005-b3\control-g2-052759bc\tests\controlserver.tests\bin\release\net8.0\win-x64\controlserver.tests.dll" id="b54f6b35-cf91-424d-9902-1d13e66faf91">
      <Execution id="7bafea23-a7c5-4de3-8996-c181c20e9bd6" />
      <TestMethod codeBase="C:\Users\szy\8005-b3\control-g2-052759bc\tests\ControlServer.Tests\bin\Release\net8.0\win-x64\ControlServer.Tests.dll" adapterTypeName="executor://xunit/VsTestRunner3/netcore/" className="ControlServer.Tests.JourneyRuntimeWorkerTests" name="ALostAcknowledgementNeverLeavesASupersededSnapshotToBeRedelivered" />
    </UnitTest>
    <UnitTest name="ControlServer.Tests.RecoveryStateMachineG2Tests.ResumeAdmitsExactlyOneReplacementResultForTheOperationThatAlreadyFailedItsFirstResult" storage="c:\users\szy\8005-b3\control-g2-052759bc\tests\controlserver.tests\bin\release\net8.0\win-x64\controlserver.tests.dll" id="1794d92c-011b-e98e-ba0c-3d1aec88a515">
      <Execution id="a13c76b5-3c3d-46a6-a87b-08b4a0af0a4f" />
      <TestMethod codeBase="C:\Users\szy\8005-b3\control-g2-052759bc\tests\ControlServer.Tests\bin\Release\net8.0\win-x64\ControlServer.Tests.dll" adapterTypeName="executor://xunit/VsTestRunner3/netcore/" className="ControlServer.Tests.RecoveryStateMachineG2Tests" name="ResumeAdmitsExactlyOneReplacementResultForTheOperationThatAlreadyFailedItsFirstResult" />
    </UnitTest>
    <UnitTest name="ControlServer.Tests.JourneyRuntimeWorkerTests.TheRedeliveredRevisionNeedsEveryAcknowledgementFromThePickupToTheGateLost(firstLostIteration: 3, lastLostIteration: 7, expectRegressions: True)" storage="c:\users\szy\8005-b3\control-g2-052759bc\tests\controlserver.tests\bin\release\net8.0\win-x64\controlserver.tests.dll" id="53373337-815b-e229-0684-aa74133aa2b5">
      <Execution id="500a3e86-d3cd-4e78-ab8c-f21b6b1488ef" />
      <TestMethod codeBase="C:\Users\szy\8005-b3\control-g2-052759bc\tests\ControlServer.Tests\bin\Release\net8.0\win-x64\ControlServer.Tests.dll" adapterTypeName="executor://xunit/VsTestRunner3/netcore/" className="ControlServer.Tests.JourneyRuntimeWorkerTests" name="TheRedeliveredRevisionNeedsEveryAcknowledgementFromThePickupToTheGateLost" />
    </UnitTest>
    <UnitTest name="ControlServer.Tests.OnboardMessageProcessorTests.ManualChargingReturnToServiceIsAnsweredAndDecidedOncePerRequestId" storage="c:\users\szy\8005-b3\control-g2-052759bc\tests\controlserver.tests\bin\release\net8.0\win-x64\controlserver.tests.dll" id="3bdef6f1-89d6-03b9-34fc-33c19510a3d5">
      <Execution id="fb46b7c4-4215-4def-a042-be4ff458323b" />
      <TestMethod codeBase="C:\Users\szy\8005-b3\control-g2-052759bc\tests\ControlServer.Tests\bin\Release\net8.0\win-x64\ControlServer.Tests.dll" adapterTypeName="executor://xunit/VsTestRunner3/netcore/" className="ControlServer.Tests.OnboardMessageProcessorTests" name="ManualChargingReturnToServiceIsAnsweredAndDecidedOncePerRequestId" />
    </UnitTest>
    <UnitTest name="ControlServer.Tests.JourneyRuntimeWorkerTests.RestartReenvelopesPendingServerMessagesForTheCurrentSessionWithoutChangingSemantics" storage="c:\users\szy\8005-b3\control-g2-052759bc\tests\controlserver.tests\bin\release\net8.0\win-x64\controlserver.tests.dll" id="f0591f26-c3d7-28c9-015d-f445d672d794">
      <Execution id="2efdd681-7562-4720-a91c-3f0b11b56d62" />
      <TestMethod codeBase="C:\Users\szy\8005-b3\control-g2-052759bc\tests\ControlServer.Tests\bin\Release\net8.0\win-x64\ControlServer.Tests.dll" adapterTypeName="executor://xunit/VsTestRunner3/netcore/" className="ControlServer.Tests.JourneyRuntimeWorkerTests" name="RestartReenvelopesPendingServerMessagesForTheCurrentSessionWithoutChangingSemantics" />
    </UnitTest>
    <UnitTest name="ControlServer.Tests.RecoveryStateMachineG2Tests.ResumeAuthorizationPersistsFormalCommandBeforeSendAndReplaysSameIdentityAfterRestart" storage="c:\users\szy\8005-b3\control-g2-052759bc\tests\controlserver.tests\bin\release\net8.0\win-x64\controlserver.tests.dll" id="f2798157-8423-f61e-61d7-261ac48dfa57">
      <Execution id="0b4fe1cb-dbe8-4913-9ffb-54b59349825a" />
      <TestMethod codeBase="C:\Users\szy\8005-b3\control-g2-052759bc\tests\ControlServer.Tests\bin\Release\net8.0\win-x64\ControlServer.Tests.dll" adapterTypeName="executor://xunit/VsTestRunner3/netcore/" className="ControlServer.Tests.RecoveryStateMachineG2Tests" name="ResumeAuthorizationPersistsFormalCommandBeforeSendAndReplaysSameIdentityAfterRestart" />
    </UnitTest>
    <UnitTest name="ControlServer.Tests.OnboardMessageProcessorTests.CompletedUnloadResultAtomicallyClosesDemandBeforeDurableAck" storage="c:\users\szy\8005-b3\control-g2-052759bc\tests\controlserver.tests\bin\release\net8.0\win-x64\controlserver.tests.dll" id="2ed561ba-2969-5dbd-2898-ceab6b82b09b">
      <Execution id="544342c6-3cc3-429d-80c4-37a3e4253665" />
      <TestMethod codeBase="C:\Users\szy\8005-b3\control-g2-052759bc\tests\ControlServer.Tests\bin\Release\net8.0\win-x64\ControlServer.Tests.dll" adapterTypeName="executor://xunit/VsTestRunner3/netcore/" className="ControlServer.Tests.OnboardMessageProcessorTests" name="CompletedUnloadResultAtomicallyClosesDemandBeforeDurableAck" />
    </UnitTest>
    <UnitTest name="ControlServer.Tests.OnboardJourneyPublisherTests.SnapshotReplayWithDifferentContentOrAcknowledgementHashIsRejected" storage="c:\users\szy\8005-b3\control-g2-052759bc\tests\controlserver.tests\bin\release\net8.0\win-x64\controlserver.tests.dll" id="c67e0893-320f-288e-fe46-85dc46d92228">
      <Execution id="b80384a8-b1df-4f51-8c02-e698dd32a77b" />
      <TestMethod codeBase="C:\Users\szy\8005-b3\control-g2-052759bc\tests\ControlServer.Tests\bin\Release\net8.0\win-x64\ControlServer.Tests.dll" adapterTypeName="executor://xunit/VsTestRunner3/netcore/" className="ControlServer.Tests.OnboardJourneyPublisherTests" name="SnapshotReplayWithDifferentContentOrAcknowledgementHashIsRejected" />
    </UnitTest>
    <UnitTest name="ControlServer.Tests.JourneyRuntimeWorkerTests.CommandsAnsweredByABusinessResultAreNotLeftPendingForReplay" storage="c:\users\szy\8005-b3\control-g2-052759bc\tests\controlserver.tests\bin\release\net8.0\win-x64\controlserver.tests.dll" id="f02b1be4-6db2-7e86-3e87-3ddd5714ba45">
      <Execution id="5635f5cd-0c71-494a-91a1-ec6327b877a4" />
      <TestMethod codeBase="C:\Users\szy\8005-b3\control-g2-052759bc\tests\ControlServer.Tests\bin\Release\net8.0\win-x64\ControlServer.Tests.dll" adapterTypeName="executor://xunit/VsTestRunner3/netcore/" className="ControlServer.Tests.JourneyRuntimeWorkerTests" name="CommandsAnsweredByABusinessResultAreNotLeftPendingForReplay" />
    </UnitTest>
    <UnitTest name="ControlServer.Tests.JourneyRuntimeWorkerTests.TheRedeliveredRevisionNeedsEveryAcknowledgementFromThePickupToTheGateLost(firstLostIteration: 4, lastLostIteration: 7, expectRegressions: False)" storage="c:\users\szy\8005-b3\control-g2-052759bc\tests\controlserver.tests\bin\release\net8.0\win-x64\controlserver.tests.dll" id="0c603a2a-c474-d521-ca15-3572e323be1f">
      <Execution id="6e47c1c5-67d8-4e05-b499-27759d12a2d3" />
      <TestMethod codeBase="C:\Users\szy\8005-b3\control-g2-052759bc\tests\ControlServer.Tests\bin\Release\net8.0\win-x64\ControlServer.Tests.dll" adapterTypeName="executor://xunit/VsTestRunner3/netcore/" className="ControlServer.Tests.JourneyRuntimeWorkerTests" name="TheRedeliveredRevisionNeedsEveryAcknowledgementFromThePickupToTheGateLost" />
    </UnitTest>
    <UnitTest name="ControlServer.Tests.OnboardMessageProcessorTests.OnboardBusinessMessagesAreDurablyAcknowledgedAndOperationResultIsUniquePerAttempt" storage="c:\users\szy\8005-b3\control-g2-052759bc\tests\controlserver.tests\bin\release\net8.0\win-x64\controlserver.tests.dll" id="78da6686-f2e2-8438-fa76-ca2756d964dd">
      <Execution id="f2bbd621-5d16-44a6-b05a-3c58f5135339" />
      <TestMethod codeBase="C:\Users\szy\8005-b3\control-g2-052759bc\tests\ControlServer.Tests\bin\Release\net8.0\win-x64\ControlServer.Tests.dll" adapterTypeName="executor://xunit/VsTestRunner3/netcore/" className="ControlServer.Tests.OnboardMessageProcessorTests" name="OnboardBusinessMessagesAreDurablyAcknowledgedAndOperationResultIsUniquePerAttempt" />
    </UnitTest>
    <UnitTest name="ControlServer.Tests.JourneyRuntimeWorkerTests.ALostAcknowledgementNeverLeavesASupersededSnapshotToBeRedelivered(iterationLosingAcks: 8)" storage="c:\users\szy\8005-b3\control-g2-052759bc\tests\controlserver.tests\bin\release\net8.0\win-x64\controlserver.tests.dll" id="007d149f-5d41-21d2-1b75-0d0ba9dc24e8">
      <Execution id="2265fdb3-f56a-418b-889a-fd4d2198d26c" />
      <TestMethod codeBase="C:\Users\szy\8005-b3\control-g2-052759bc\tests\ControlServer.Tests\bin\Release\net8.0\win-x64\ControlServer.Tests.dll" adapterTypeName="executor://xunit/VsTestRunner3/netcore/" className="ControlServer.Tests.JourneyRuntimeWorkerTests" name="ALostAcknowledgementNeverLeavesASupersededSnapshotToBeRedelivered" />
    </UnitTest>
    <UnitTest name="ControlServer.Tests.JourneyRuntimeWorkerTests.ALostAcknowledgementNeverLeavesASupersededSnapshotToBeRedelivered(iterationLosingAcks: 3)" storage="c:\users\szy\8005-b3\control-g2-052759bc\tests\controlserver.tests\bin\release\net8.0\win-x64\controlserver.tests.dll" id="20bdbc83-96e4-6bbc-dcb9-0297988d9cd8">
      <Execution id="68bc83f7-6d72-4bc6-85ee-b4489423f01a" />
      <TestMethod codeBase="C:\Users\szy\8005-b3\control-g2-052759bc\tests\ControlServer.Tests\bin\Release\net8.0\win-x64\ControlServer.Tests.dll" adapterTypeName="executor://xunit/VsTestRunner3/netcore/" className="ControlServer.Tests.JourneyRuntimeWorkerTests" name="ALostAcknowledgementNeverLeavesASupersededSnapshotToBeRedelivered" />
    </UnitTest>
    <UnitTest name="ControlServer.Tests.WireToGateStoreTests.InboxReplaysFirstResponseAndRejectsDifferentContent" storage="c:\users\szy\8005-b3\control-g2-052759bc\tests\controlserver.tests\bin\release\net8.0\win-x64\controlserver.tests.dll" id="174eeea0-5798-b96e-55bc-22fe0a9c08bc">
      <Execution id="9441ff85-a86a-4e54-ad16-d45996be3775" />
      <TestMethod codeBase="C:\Users\szy\8005-b3\control-g2-052759bc\tests\ControlServer.Tests\bin\Release\net8.0\win-x64\ControlServer.Tests.dll" adapterTypeName="executor://xunit/VsTestRunner3/netcore/" className="ControlServer.Tests.WireToGateStoreTests" name="InboxReplaysFirstResponseAndRejectsDifferentContent" />
    </UnitTest>
    <UnitTest name="ControlServer.Tests.OnboardMessageProcessorTests.RecoveryStateReportAckDropRebindsAcrossSessionWithoutContentConflict" storage="c:\users\szy\8005-b3\control-g2-052759bc\tests\controlserver.tests\bin\release\net8.0\win-x64\controlserver.tests.dll" id="cb7e7d62-4d73-48c5-f6be-e2d062cae91a">
      <Execution id="4eb617c0-32af-4813-99af-9f92af74b495" />
      <TestMethod codeBase="C:\Users\szy\8005-b3\control-g2-052759bc\tests\ControlServer.Tests\bin\Release\net8.0\win-x64\ControlServer.Tests.dll" adapterTypeName="executor://xunit/VsTestRunner3/netcore/" className="ControlServer.Tests.OnboardMessageProcessorTests" name="RecoveryStateReportAckDropRebindsAcrossSessionWithoutContentConflict" />
    </UnitTest>
    <UnitTest name="ControlServer.Tests.OnboardJourneyPublisherTests.JourneySnapshotIsPersistedBeforeSendReplayedByteForByteAndAcknowledgedByExactHash" storage="c:\users\szy\8005-b3\control-g2-052759bc\tests\controlserver.tests\bin\release\net8.0\win-x64\controlserver.tests.dll" id="57253823-7fc8-8091-0b10-95481fffa808">
      <Execution id="160d198d-6a2e-4560-bcf2-40d2a1a2612e" />
      <TestMethod codeBase="C:\Users\szy\8005-b3\control-g2-052759bc\tests\ControlServer.Tests\bin\Release\net8.0\win-x64\ControlServer.Tests.dll" adapterTypeName="executor://xunit/VsTestRunner3/netcore/" className="ControlServer.Tests.OnboardJourneyPublisherTests" name="JourneySnapshotIsPersistedBeforeSendReplayedByteForByteAndAcknowledgedByExactHash" />
    </UnitTest>
    <UnitTest name="ControlServer.Tests.ApplicationOrchestrationTests.UnknownRiotResultKeepsOriginalUpperIdAndDoesNotBlindlyCreate" storage="c:\users\szy\8005-b3\control-g2-052759bc\tests\controlserver.tests\bin\release\net8.0\win-x64\controlserver.tests.dll" id="1c7daf66-51dd-8ce1-94bd-2cc2a95c317c">
      <Execution id="f71765a0-9523-4ed0-8b91-ab8a2d7ffe4d" />
      <TestMethod codeBase="C:\Users\szy\8005-b3\control-g2-052759bc\tests\ControlServer.Tests\bin\Release\net8.0\win-x64\ControlServer.Tests.dll" adapterTypeName="executor://xunit/VsTestRunner3/netcore/" className="ControlServer.Tests.ApplicationOrchestrationTests" name="UnknownRiotResultKeepsOriginalUpperIdAndDoesNotBlindlyCreate" />
    </UnitTest>
    <UnitTest name="ControlServer.Tests.OnboardMessageProcessorTests.SnapshotAppliedAcksUseExactWireContentHashAndProtocolKinds" storage="c:\users\szy\8005-b3\control-g2-052759bc\tests\controlserver.tests\bin\release\net8.0\win-x64\controlserver.tests.dll" id="13055244-fea3-f772-ab54-ad496b96b2ed">
      <Execution id="f77e9384-6068-4f47-b25c-45e75e7f6f09" />
      <TestMethod codeBase="C:\Users\szy\8005-b3\control-g2-052759bc\tests\ControlServer.Tests\bin\Release\net8.0\win-x64\ControlServer.Tests.dll" adapterTypeName="executor://xunit/VsTestRunner3/netcore/" className="ControlServer.Tests.OnboardMessageProcessorTests" name="SnapshotAppliedAcksUseExactWireContentHashAndProtocolKinds" />
    </UnitTest>
    <UnitTest name="ControlServer.Tests.JourneyRuntimeWorkerTests.RestartReconcilesUnknownPickupCreateWithoutSecondOrderOrIdentityChange" storage="c:\users\szy\8005-b3\control-g2-052759bc\tests\controlserver.tests\bin\release\net8.0\win-x64\controlserver.tests.dll" id="84cbc129-16ae-5e65-d7c2-429f129b7ec7">
      <Execution id="019529ef-a581-4cc8-8569-e089b9ea8cf0" />
      <TestMethod codeBase="C:\Users\szy\8005-b3\control-g2-052759bc\tests\ControlServer.Tests\bin\Release\net8.0\win-x64\ControlServer.Tests.dll" adapterTypeName="executor://xunit/VsTestRunner3/netcore/" className="ControlServer.Tests.JourneyRuntimeWorkerTests" name="RestartReconcilesUnknownPickupCreateWithoutSecondOrderOrIdentityChange" />
    </UnitTest>
  </TestDefinitions>
  <TestEntries>
    <TestEntry testId="20bdbc83-96e4-6bbc-dcb9-0297988d9cd8" executionId="68bc83f7-6d72-4bc6-85ee-b4489423f01a" testListId="8c84fa94-04c1-424b-9868-57a2d4851a1d" />
    <TestEntry testId="f02b1be4-6db2-7e86-3e87-3ddd5714ba45" executionId="5635f5cd-0c71-494a-91a1-ec6327b877a4" testListId="8c84fa94-04c1-424b-9868-57a2d4851a1d" />
    <TestEntry testId="007d149f-5d41-21d2-1b75-0d0ba9dc24e8" executionId="2265fdb3-f56a-418b-889a-fd4d2198d26c" testListId="8c84fa94-04c1-424b-9868-57a2d4851a1d" />
    <TestEntry testId="7fd72077-9e1e-7a86-5d39-54608fa1fe4e" executionId="1d0ffbcd-7a22-4ba1-a6b0-81a939b11d35" testListId="8c84fa94-04c1-424b-9868-57a2d4851a1d" />
    <TestEntry testId="c67e0893-320f-288e-fe46-85dc46d92228" executionId="b80384a8-b1df-4f51-8c02-e698dd32a77b" testListId="8c84fa94-04c1-424b-9868-57a2d4851a1d" />
    <TestEntry testId="92c163e6-e9a8-65d6-6d01-9d12d0de8ea4" executionId="65ed807c-8cce-4eaf-b60c-0a5e0db0d1e7" testListId="8c84fa94-04c1-424b-9868-57a2d4851a1d" />
    <TestEntry testId="b54f6b35-cf91-424d-9902-1d13e66faf91" executionId="7bafea23-a7c5-4de3-8996-c181c20e9bd6" testListId="8c84fa94-04c1-424b-9868-57a2d4851a1d" />
    <TestEntry testId="5299189d-6592-817e-8969-370e10268350" executionId="f4217a9e-024c-4f84-91d3-b0d35d40b620" testListId="8c84fa94-04c1-424b-9868-57a2d4851a1d" />
    <TestEntry testId="078f7de6-e1eb-00d3-2c14-ef2079d21acd" executionId="fe7ef407-ec6f-4199-af5c-f62af77f64f0" testListId="8c84fa94-04c1-424b-9868-57a2d4851a1d" />
    <TestEntry testId="1c7daf66-51dd-8ce1-94bd-2cc2a95c317c" executionId="f71765a0-9523-4ed0-8b91-ab8a2d7ffe4d" testListId="8c84fa94-04c1-424b-9868-57a2d4851a1d" />
    <TestEntry testId="e7f43df7-f21a-fc48-0416-ee1850593098" executionId="9330686b-2545-4c0f-92a2-83de1efde036" testListId="8c84fa94-04c1-424b-9868-57a2d4851a1d" />
    <TestEntry testId="cb7e7d62-4d73-48c5-f6be-e2d062cae91a" executionId="4eb617c0-32af-4813-99af-9f92af74b495" testListId="8c84fa94-04c1-424b-9868-57a2d4851a1d" />
    <TestEntry testId="f0591f26-c3d7-28c9-015d-f445d672d794" executionId="2efdd681-7562-4720-a91c-3f0b11b56d62" testListId="8c84fa94-04c1-424b-9868-57a2d4851a1d" />
    <TestEntry testId="9ab14edb-fc0e-5ae8-e9ab-fb6f63953b47" executionId="96fde684-5f96-4a16-969c-718dff538aca" testListId="8c84fa94-04c1-424b-9868-57a2d4851a1d" />
    <TestEntry testId="d63447fb-952e-3446-e5ed-37404fb5cbf8" executionId="f2c5eece-56ee-4e51-868a-3ae84bcfb157" testListId="8c84fa94-04c1-424b-9868-57a2d4851a1d" />
    <TestEntry testId="ee492336-23a0-e2a6-784e-8b4ebe0da259" executionId="2c40b388-1c38-4f87-b9a2-7b5725694fca" testListId="8c84fa94-04c1-424b-9868-57a2d4851a1d" />
    <TestEntry testId="2fb6b6c2-5f76-ae3d-c17f-6103963acc8e" executionId="fb025310-10f6-4ecb-bb85-2a76d007f6e4" testListId="8c84fa94-04c1-424b-9868-57a2d4851a1d" />
    <TestEntry testId="2ed561ba-2969-5dbd-2898-ceab6b82b09b" executionId="544342c6-3cc3-429d-80c4-37a3e4253665" testListId="8c84fa94-04c1-424b-9868-57a2d4851a1d" />
    <TestEntry testId="174eeea0-5798-b96e-55bc-22fe0a9c08bc" executionId="9441ff85-a86a-4e54-ad16-d45996be3775" testListId="8c84fa94-04c1-424b-9868-57a2d4851a1d" />
    <TestEntry testId="2dc3cab7-4528-733c-c05e-f771cdbd9d3b" executionId="2f7b91fb-5afb-412a-8c91-63b56557680d" testListId="8c84fa94-04c1-424b-9868-57a2d4851a1d" />
    <TestEntry testId="3bdef6f1-89d6-03b9-34fc-33c19510a3d5" executionId="fb46b7c4-4215-4def-a042-be4ff458323b" testListId="8c84fa94-04c1-424b-9868-57a2d4851a1d" />
    <TestEntry testId="84cbc129-16ae-5e65-d7c2-429f129b7ec7" executionId="019529ef-a581-4cc8-8569-e089b9ea8cf0" testListId="8c84fa94-04c1-424b-9868-57a2d4851a1d" />
    <TestEntry testId="0c603a2a-c474-d521-ca15-3572e323be1f" executionId="6e47c1c5-67d8-4e05-b499-27759d12a2d3" testListId="8c84fa94-04c1-424b-9868-57a2d4851a1d" />
    <TestEntry testId="c6c40135-069c-deee-46dd-58a8d2aa26c3" executionId="3daacb85-4d5b-42a1-b4c7-89b0086d7725" testListId="8c84fa94-04c1-424b-9868-57a2d4851a1d" />
    <TestEntry testId="12691776-235f-b6c2-1769-7532c3f57909" executionId="a098d852-bc09-4d12-858d-7fcfefbc10f1" testListId="8c84fa94-04c1-424b-9868-57a2d4851a1d" />
    <TestEntry testId="4eabebb3-a2cd-5a58-54aa-0f23e7c87163" executionId="90c9ddc9-adb6-4d7c-b6dc-7cac38c4c8b9" testListId="8c84fa94-04c1-424b-9868-57a2d4851a1d" />
    <TestEntry testId="f2798157-8423-f61e-61d7-261ac48dfa57" executionId="0b4fe1cb-dbe8-4913-9ffb-54b59349825a" testListId="8c84fa94-04c1-424b-9868-57a2d4851a1d" />
    <TestEntry testId="57253823-7fc8-8091-0b10-95481fffa808" executionId="160d198d-6a2e-4560-bcf2-40d2a1a2612e" testListId="8c84fa94-04c1-424b-9868-57a2d4851a1d" />
    <TestEntry testId="78da6686-f2e2-8438-fa76-ca2756d964dd" executionId="f2bbd621-5d16-44a6-b05a-3c58f5135339" testListId="8c84fa94-04c1-424b-9868-57a2d4851a1d" />
    <TestEntry testId="3ede638c-0cde-b296-f82a-1d7a20391cc2" executionId="0693a1bf-1bd2-489a-b7b5-1691e00d9f69" testListId="8c84fa94-04c1-424b-9868-57a2d4851a1d" />
    <TestEntry testId="d4b850d8-8310-2109-72e9-6412c5cc926d" executionId="68644adf-ae09-4618-8d9f-b2b6cb573d2c" testListId="8c84fa94-04c1-424b-9868-57a2d4851a1d" />
    <TestEntry testId="1794d92c-011b-e98e-ba0c-3d1aec88a515" executionId="a13c76b5-3c3d-46a6-a87b-08b4a0af0a4f" testListId="8c84fa94-04c1-424b-9868-57a2d4851a1d" />
    <TestEntry testId="1f3366ec-8cd2-259e-3ea6-68566c8ec06d" executionId="0ae988d7-6a65-4670-a2c2-53b47aa87144" testListId="8c84fa94-04c1-424b-9868-57a2d4851a1d" />
    <TestEntry testId="3b8502a2-f432-423e-e966-d7495750a7a9" executionId="9efcf727-5176-4c0d-83b0-e009dfca8dec" testListId="8c84fa94-04c1-424b-9868-57a2d4851a1d" />
    <TestEntry testId="53373337-815b-e229-0684-aa74133aa2b5" executionId="500a3e86-d3cd-4e78-ab8c-f21b6b1488ef" testListId="8c84fa94-04c1-424b-9868-57a2d4851a1d" />
    <TestEntry testId="6a801b1a-09c3-782b-3504-1a1802a2d45d" executionId="00987b7c-3578-408c-a7b3-a93488594224" testListId="8c84fa94-04c1-424b-9868-57a2d4851a1d" />
    <TestEntry testId="13055244-fea3-f772-ab54-ad496b96b2ed" executionId="f77e9384-6068-4f47-b25c-45e75e7f6f09" testListId="8c84fa94-04c1-424b-9868-57a2d4851a1d" />
    <TestEntry testId="b5eb78b9-46e5-69d5-a9bc-68b578700b9e" executionId="ac2a5656-364a-4960-a823-e0c596cccbe3" testListId="8c84fa94-04c1-424b-9868-57a2d4851a1d" />
    <TestEntry testId="868018b7-a65e-5964-5da4-0d149221e26a" executionId="db9bf903-56d9-4dcf-849c-455ee3551549" testListId="8c84fa94-04c1-424b-9868-57a2d4851a1d" />
    <TestEntry testId="abd6ca46-59eb-cd86-096e-cc546e9393e4" executionId="3cce1535-1a22-46df-9f94-00cfbaa8a8a8" testListId="8c84fa94-04c1-424b-9868-57a2d4851a1d" />
  </TestEntries>
  <TestLists>
    <TestList name="Results Not in a List" id="8c84fa94-04c1-424b-9868-57a2d4851a1d" />
    <TestList name="All Loaded Results" id="19431567-8539-422a-85d7-44ee4e166bda" />
  </TestLists>
  <ResultSummary outcome="Completed">
    <Counters total="40" executed="40" passed="40" failed="0" error="0" timeout="0" aborted="0" inconclusive="0" passedButRunAborted="0" notRunnable="0" notExecuted="0" disconnected="0" warning="0" completed="0" inProgress="0" pending="0" />
    <Output>
      <StdOut>[xUnit.net 00:00:00.00] xUnit.net VSTest Adapter v3.1.5+1b188a7b0a (64-bit .NET 8.0.31)&#xD;
[xUnit.net 00:00:00.30]   Discovering: ControlServer.Tests&#xD;
[xUnit.net 00:00:00.84]   Discovered:  ControlServer.Tests&#xD;
[xUnit.net 00:00:01.02]   Starting:    ControlServer.Tests&#xD;
[xUnit.net 00:00:32.17]   Finished:    ControlServer.Tests (ID = '7366bb23ae70fe7aaeaf833a269c4f7fcfbc8d6024d747e2ca1a97a6bf32de2e')&#xD;
</StdOut>
    </Output>
  </ResultSummary>
</TestRun>