<?xml version="1.0" encoding="utf-8"?>
<TestRun id="464a14d0-de73-4ee0-ba29-a0ac18c95262" name="szy@LAB-WIN-01 2026-09-09 14:05:17" runUser="LAB-WIN-01\szy" xmlns="http://microsoft.com/schemas/VisualStudio/TeamTest/2010">
  <Times creation="2026-09-09T14:05:17.1107544+08:00" queuing="2026-09-09T14:05:17.1107553+08:00" start="2026-09-09T14:05:13.5870171+08:00" finish="2026-09-09T14:05:18.0075534+08:00" />
  <TestSettings name="default" id="923408b7-cd20-4bf1-9902-0e71463cc4da">
    <Deployment runDeploymentRoot="szy_LAB-WIN-01_2026-09-09_14_05_17" />
  </TestSettings>
  <Results>
    <UnitTestResult executionId="1bee52fb-366b-4652-bb99-6e7cbff3893f" testId="4a35c875-6b86-b9ff-24d9-eaf8cdbfc98d" testName="ControlServer.Tests.RecoveryStateMachineG2Tests.AfterARefusedResultResumeIsRefusedButCompensationIsAuthorized" computerName="LAB-WIN-01" duration="00:00:00.0879510" startTime="2026-09-09T14:05:17.8188062+08:00" endTime="2026-09-09T14:05:17.9068333+08:00" testType="13cdc9d9-ddb5-4fa4-a97d-d965ccfc6d4b" outcome="Passed" testListId="8c84fa94-04c1-424b-9868-57a2d4851a1d" relativeResultsDirectory="1bee52fb-366b-4652-bb99-6e7cbff3893f" />
    <UnitTestResult executionId="16d05a0a-f418-4f9c-8388-d7be4e5749cb" testId="d2f505f9-f850-cd2a-3c87-1b68e6522c3a" testName="ControlServer.Tests.RecoveryStateMachineG2Tests.ResumeAdmitsExactlyOneReplacementResultForTheOperationThatAlreadyFailedItsFirstResult" computerName="LAB-WIN-01" duration="00:00:00.1049159" startTime="2026-09-09T14:05:17.7125389+08:00" endTime="2026-09-09T14:05:17.8175259+08:00" testType="13cdc9d9-ddb5-4fa4-a97d-d965ccfc6d4b" outcome="Passed" testListId="8c84fa94-04c1-424b-9868-57a2d4851a1d" relativeResultsDirectory="16d05a0a-f418-4f9c-8388-d7be4e5749cb" />
    <UnitTestResult executionId="ce8d43ea-8507-4231-9035-511280643f24" testId="0d5691a3-61ac-88c0-a5d9-14f242379b02" testName="ControlServer.Tests.OnboardMessageProcessorTests.ManualChargingReturnToServiceIsRejectedWhileTheSessionStillNeedsRecovery" computerName="LAB-WIN-01" duration="00:00:00.0855477" startTime="2026-09-09T14:05:16.8545301+08:00" endTime="2026-09-09T14:05:16.9401440+08:00" testType="13cdc9d9-ddb5-4fa4-a97d-d965ccfc6d4b" outcome="Passed" testListId="8c84fa94-04c1-424b-9868-57a2d4851a1d" relativeResultsDirectory="ce8d43ea-8507-4231-9035-511280643f24" />
    <UnitTestResult executionId="1eefbc14-2fb2-4ff2-add5-8ffc73875eb1" testId="c2cdc35c-a8bc-ac9e-ebe5-049f5998b2cf" testName="ControlServer.Tests.RecoveryStateMachineG2Tests.RecoveryReportCannotRegressOrInventForcedRecoveryGeneration" computerName="LAB-WIN-01" duration="00:00:00.0754332" startTime="2026-09-09T14:05:16.9825854+08:00" endTime="2026-09-09T14:05:17.0580713+08:00" testType="13cdc9d9-ddb5-4fa4-a97d-d965ccfc6d4b" outcome="Passed" testListId="8c84fa94-04c1-424b-9868-57a2d4851a1d" relativeResultsDirectory="1eefbc14-2fb2-4ff2-add5-8ffc73875eb1" />
    <UnitTestResult executionId="406849cf-dd73-486b-a37a-a75d8f5bf44f" testId="946a9364-b5f5-6a16-9760-7cb197f369c5" testName="ControlServer.Tests.RecoveryStateMachineG2Tests.FormalCorrectionAndFaultCommandsUseDurableOutboxReplayAndExactAck" computerName="LAB-WIN-01" duration="00:00:00.0854681" startTime="2026-09-09T14:05:17.1493922+08:00" endTime="2026-09-09T14:05:17.2349626+08:00" testType="13cdc9d9-ddb5-4fa4-a97d-d965ccfc6d4b" outcome="Passed" testListId="8c84fa94-04c1-424b-9868-57a2d4851a1d" relativeResultsDirectory="406849cf-dd73-486b-a37a-a75d8f5bf44f" />
    <UnitTestResult executionId="63c51c53-84ba-4250-9ad8-5abb077b27b2" testId="621a25db-8862-1700-77fb-25ad7075db9c" testName="ControlServer.Tests.WireToGateStoreTests.ForcedRecoveryGenerationFencesLateResultsAndPersistsDecision" computerName="LAB-WIN-01" duration="00:00:00.2129351" startTime="2026-09-09T14:05:16.6667751+08:00" endTime="2026-09-09T14:05:16.8798505+08:00" testType="13cdc9d9-ddb5-4fa4-a97d-d965ccfc6d4b" outcome="Passed" testListId="8c84fa94-04c1-424b-9868-57a2d4851a1d" relativeResultsDirectory="63c51c53-84ba-4250-9ad8-5abb077b27b2" />
    <UnitTestResult executionId="2a9ae042-2f73-43db-b13b-2ddddc0a73cf" testId="8011e000-ccdb-d70a-335c-337e06796a25" testName="ControlServer.Tests.RecoveryStateMachineG2Tests.ResumeAuthorizationPersistsFormalCommandBeforeSendAndReplaysSameIdentityAfterRestart" computerName="LAB-WIN-01" duration="00:00:00.1386792" startTime="2026-09-09T14:05:17.5716601+08:00" endTime="2026-09-09T14:05:17.7103921+08:00" testType="13cdc9d9-ddb5-4fa4-a97d-d965ccfc6d4b" outcome="Passed" testListId="8c84fa94-04c1-424b-9868-57a2d4851a1d" relativeResultsDirectory="2a9ae042-2f73-43db-b13b-2ddddc0a73cf" />
    <UnitTestResult executionId="4996f775-7c37-406e-9a4f-f2134f0d35c1" testId="00e8d3f0-0776-8d1e-a41e-a162c80a79f8" testName="ControlServer.Tests.RecoveryStateMachineG2Tests.ASessionIsNotReadyWhileTheServerHoldsAnOperationNeedingRecovery" computerName="LAB-WIN-01" duration="00:00:00.0757410" startTime="2026-09-09T14:05:17.3521365+08:00" endTime="2026-09-09T14:05:17.4279468+08:00" testType="13cdc9d9-ddb5-4fa4-a97d-d965ccfc6d4b" outcome="Passed" testListId="8c84fa94-04c1-424b-9868-57a2d4851a1d" relativeResultsDirectory="4996f775-7c37-406e-9a4f-f2134f0d35c1" />
    <UnitTestResult executionId="60b4b414-3958-40f6-9816-18f73d5ad970" testId="ace38577-4d9d-dfb4-a11a-563b1d667ee1" testName="ControlServer.Tests.JourneyRuntimeWorkerTests.AResultThatTurnsTheSessionRecoveryRequiredStillBlocksTheJourneyForItsOwnReason" computerName="LAB-WIN-01" duration="00:00:00.1283568" startTime="2026-09-09T14:05:17.4485425+08:00" endTime="2026-09-09T14:05:17.5769641+08:00" testType="13cdc9d9-ddb5-4fa4-a97d-d965ccfc6d4b" outcome="Passed" testListId="8c84fa94-04c1-424b-9868-57a2d4851a1d" relativeResultsDirectory="60b4b414-3958-40f6-9816-18f73d5ad970" />
    <UnitTestResult executionId="8c76fae5-6b78-4edc-80d9-4ab62f17a5ae" testId="1a2934ea-462d-872a-51d2-0302595aaec9" testName="ControlServer.Tests.RecoveryStateMachineG2Tests.ARefusedResultTellsTheVehicleItsSessionNeedsRecovery" computerName="LAB-WIN-01" duration="00:00:00.0889882" startTime="2026-09-09T14:05:17.0589599+08:00" endTime="2026-09-09T14:05:17.1479962+08:00" testType="13cdc9d9-ddb5-4fa4-a97d-d965ccfc6d4b" outcome="Passed" testListId="8c84fa94-04c1-424b-9868-57a2d4851a1d" relativeResultsDirectory="8c76fae5-6b78-4edc-80d9-4ab62f17a5ae" />
    <UnitTestResult executionId="1cb71e21-7364-43cc-b81b-9edf4f5b5ab5" testId="c47b74f8-1815-c271-546e-d840fa91fec9" testName="ControlServer.Tests.JourneyRuntimeWorkerTests.ABlockedJourneyKeepsTheReasonItWasBlockedForWhenTheSessionDrops" computerName="LAB-WIN-01" duration="00:00:00.1570423" startTime="2026-09-09T14:05:17.2906000+08:00" endTime="2026-09-09T14:05:17.4477149+08:00" testType="13cdc9d9-ddb5-4fa4-a97d-d965ccfc6d4b" outcome="Passed" testListId="8c84fa94-04c1-424b-9868-57a2d4851a1d" relativeResultsDirectory="1cb71e21-7364-43cc-b81b-9edf4f5b5ab5" />
    <UnitTestResult executionId="264ac5f6-3cbc-4086-9afd-6e4b18fd43c9" testId="26bed617-e822-18e7-cd5b-c8275aaba10e" testName="ControlServer.Tests.RecoveryStateMachineG2Tests.ForcedRecoveryAdvancesOnceFencesOldOutboxAndKeepsLateGenerationAsEvidenceOnly" computerName="LAB-WIN-01" duration="00:00:01.6837256" startTime="2026-09-09T14:05:15.2910718+08:00" endTime="2026-09-09T14:05:16.9806933+08:00" testType="13cdc9d9-ddb5-4fa4-a97d-d965ccfc6d4b" outcome="Passed" testListId="8c84fa94-04c1-424b-9868-57a2d4851a1d" relativeResultsDirectory="264ac5f6-3cbc-4086-9afd-6e4b18fd43c9" />
    <UnitTestResult executionId="70d02819-bf43-4bdb-af6e-fb2d509fbcf6" testId="2847999d-4326-9ab5-ed3d-6f03f7b8fb22" testName="ControlServer.Tests.OnboardMessageProcessorTests.ManualChargingReturnToServiceRefusesARoleTheProfileDoesNotDefine" computerName="LAB-WIN-01" duration="00:00:01.3980554" startTime="2026-09-09T14:05:15.2910894+08:00" endTime="2026-09-09T14:05:16.6950406+08:00" testType="13cdc9d9-ddb5-4fa4-a97d-d965ccfc6d4b" outcome="Passed" testListId="8c84fa94-04c1-424b-9868-57a2d4851a1d" relativeResultsDirectory="70d02819-bf43-4bdb-af6e-fb2d509fbcf6" />
    <UnitTestResult executionId="fff59f61-e515-4c25-9003-384fdd4e7bbe" testId="8014a619-1dce-78d5-9189-93c7f83d2a0e" testName="ControlServer.Tests.JourneyRuntimeWorkerTests.ABlockedJourneyKeepsTheVehicleOutOfEveryOtherDemand" computerName="LAB-WIN-01" duration="00:00:01.9927950" startTime="2026-09-09T14:05:15.2910832+08:00" endTime="2026-09-09T14:05:17.2897716+08:00" testType="13cdc9d9-ddb5-4fa4-a97d-d965ccfc6d4b" outcome="Passed" testListId="8c84fa94-04c1-424b-9868-57a2d4851a1d" relativeResultsDirectory="fff59f61-e515-4c25-9003-384fdd4e7bbe" />
    <UnitTestResult executionId="7ccaa668-5d8e-4d62-a451-a99097d1f636" testId="5fdd32b7-a946-9f9c-6e24-c4a0e779f6d8" testName="ControlServer.Tests.WireToGateStoreTests.UnsafeCompletedOperationResultIsDurableButMovesDemandToRecovery" computerName="LAB-WIN-01" duration="00:00:01.3666526" startTime="2026-09-09T14:05:15.2910913+08:00" endTime="2026-09-09T14:05:16.6637517+08:00" testType="13cdc9d9-ddb5-4fa4-a97d-d965ccfc6d4b" outcome="Passed" testListId="8c84fa94-04c1-424b-9868-57a2d4851a1d" relativeResultsDirectory="7ccaa668-5d8e-4d62-a451-a99097d1f636" />
    <UnitTestResult executionId="282a8485-f975-4234-b4ee-d50b1a87d5ee" testId="dedf6bef-b719-a4b8-1991-15e6c134685a" testName="ControlServer.Tests.RecoveryStateMachineG2Tests.ResumeRejectsAReplacementResultReportedOutsideTheAuthorizedSlotScope" computerName="LAB-WIN-01" duration="00:00:00.1127826" startTime="2026-09-09T14:05:17.2372803+08:00" endTime="2026-09-09T14:05:17.3501316+08:00" testType="13cdc9d9-ddb5-4fa4-a97d-d965ccfc6d4b" outcome="Passed" testListId="8c84fa94-04c1-424b-9868-57a2d4851a1d" relativeResultsDirectory="282a8485-f975-4234-b4ee-d50b1a87d5ee" />
    <UnitTestResult executionId="901fd524-8b7a-47f6-9210-44a4bba5bb0e" testId="cc684ff5-03a7-4fc5-e69c-dd46a117be72" testName="ControlServer.Tests.DemandAcceptanceAtomicityTests.VehicleLeaseMigrationBackfillsAnUnresolvedAcceptedDemand" computerName="LAB-WIN-01" duration="00:00:01.3291921" startTime="2026-09-09T14:05:15.2910749+08:00" endTime="2026-09-09T14:05:16.6306900+08:00" testType="13cdc9d9-ddb5-4fa4-a97d-d965ccfc6d4b" outcome="Passed" testListId="8c84fa94-04c1-424b-9868-57a2d4851a1d" relativeResultsDirectory="901fd524-8b7a-47f6-9210-44a4bba5bb0e" />
    <UnitTestResult executionId="c144a560-fda1-40c4-8150-919ca6990ffa" testId="acf64e4a-25b0-41da-6cc4-6a8bbff86eed" testName="ControlServer.Tests.OnboardMessageProcessorTests.ManualChargingReturnToServiceIsAnsweredAndDecidedOncePerRequestId" computerName="LAB-WIN-01" duration="00:00:00.1568684" startTime="2026-09-09T14:05:16.6963379+08:00" endTime="2026-09-09T14:05:16.8533149+08:00" testType="13cdc9d9-ddb5-4fa4-a97d-d965ccfc6d4b" outcome="Passed" testListId="8c84fa94-04c1-424b-9868-57a2d4851a1d" relativeResultsDirectory="c144a560-fda1-40c4-8150-919ca6990ffa" />
    <UnitTestResult executionId="7e376698-ad43-43b0-80fb-ce7b9b795eee" testId="5d51a0fb-531c-77fb-3339-bac47b6f10ff" testName="ControlServer.Tests.RecoveryStateMachineG2Tests.FailedCompensationResultIsDurableReplayableAndNeverReleasesDemandOrVehicle" computerName="LAB-WIN-01" duration="00:00:00.1388199" startTime="2026-09-09T14:05:17.4303246+08:00" endTime="2026-09-09T14:05:17.5692396+08:00" testType="13cdc9d9-ddb5-4fa4-a97d-d965ccfc6d4b" outcome="Passed" testListId="8c84fa94-04c1-424b-9868-57a2d4851a1d" relativeResultsDirectory="7e376698-ad43-43b0-80fb-ce7b9b795eee" />
  </Results>
  <TestDefinitions>
    <UnitTest name="ControlServer.Tests.OnboardMessageProcessorTests.ManualChargingReturnToServiceIsRejectedWhileTheSessionStillNeedsRecovery" storage="c:\users\szy\desktop\8005-fp\8005-agv-control-server\tests\controlserver.tests\bin\release\net8.0\win-x64\controlserver.tests.dll" id="0d5691a3-61ac-88c0-a5d9-14f242379b02">
      <Execution id="ce8d43ea-8507-4231-9035-511280643f24" />
      <TestMethod codeBase="C:\Users\szy\Desktop\8005-fp\8005-agv-control-server\tests\ControlServer.Tests\bin\Release\net8.0\win-x64\ControlServer.Tests.dll" adapterTypeName="executor://xunit/VsTestRunner3/netcore/" className="ControlServer.Tests.OnboardMessageProcessorTests" name="ManualChargingReturnToServiceIsRejectedWhileTheSessionStillNeedsRecovery" />
    </UnitTest>
    <UnitTest name="ControlServer.Tests.RecoveryStateMachineG2Tests.FormalCorrectionAndFaultCommandsUseDurableOutboxReplayAndExactAck" storage="c:\users\szy\desktop\8005-fp\8005-agv-control-server\tests\controlserver.tests\bin\release\net8.0\win-x64\controlserver.tests.dll" id="946a9364-b5f5-6a16-9760-7cb197f369c5">
      <Execution id="406849cf-dd73-486b-a37a-a75d8f5bf44f" />
      <TestMethod codeBase="C:\Users\szy\Desktop\8005-fp\8005-agv-control-server\tests\ControlServer.Tests\bin\Release\net8.0\win-x64\ControlServer.Tests.dll" adapterTypeName="executor://xunit/VsTestRunner3/netcore/" className="ControlServer.Tests.RecoveryStateMachineG2Tests" name="FormalCorrectionAndFaultCommandsUseDurableOutboxReplayAndExactAck" />
    </UnitTest>
    <UnitTest name="ControlServer.Tests.RecoveryStateMachineG2Tests.ResumeAdmitsExactlyOneReplacementResultForTheOperationThatAlreadyFailedItsFirstResult" storage="c:\users\szy\desktop\8005-fp\8005-agv-control-server\tests\controlserver.tests\bin\release\net8.0\win-x64\controlserver.tests.dll" id="d2f505f9-f850-cd2a-3c87-1b68e6522c3a">
      <Execution id="16d05a0a-f418-4f9c-8388-d7be4e5749cb" />
      <TestMethod codeBase="C:\Users\szy\Desktop\8005-fp\8005-agv-control-server\tests\ControlServer.Tests\bin\Release\net8.0\win-x64\ControlServer.Tests.dll" adapterTypeName="executor://xunit/VsTestRunner3/netcore/" className="ControlServer.Tests.RecoveryStateMachineG2Tests" name="ResumeAdmitsExactlyOneReplacementResultForTheOperationThatAlreadyFailedItsFirstResult" />
    </UnitTest>
    <UnitTest name="ControlServer.Tests.RecoveryStateMachineG2Tests.RecoveryReportCannotRegressOrInventForcedRecoveryGeneration" storage="c:\users\szy\desktop\8005-fp\8005-agv-control-server\tests\controlserver.tests\bin\release\net8.0\win-x64\controlserver.tests.dll" id="c2cdc35c-a8bc-ac9e-ebe5-049f5998b2cf">
      <Execution id="1eefbc14-2fb2-4ff2-add5-8ffc73875eb1" />
      <TestMethod codeBase="C:\Users\szy\Desktop\8005-fp\8005-agv-control-server\tests\ControlServer.Tests\bin\Release\net8.0\win-x64\ControlServer.Tests.dll" adapterTypeName="executor://xunit/VsTestRunner3/netcore/" className="ControlServer.Tests.RecoveryStateMachineG2Tests" name="RecoveryReportCannotRegressOrInventForcedRecoveryGeneration" />
    </UnitTest>
    <UnitTest name="ControlServer.Tests.RecoveryStateMachineG2Tests.FailedCompensationResultIsDurableReplayableAndNeverReleasesDemandOrVehicle" storage="c:\users\szy\desktop\8005-fp\8005-agv-control-server\tests\controlserver.tests\bin\release\net8.0\win-x64\controlserver.tests.dll" id="5d51a0fb-531c-77fb-3339-bac47b6f10ff">
      <Execution id="7e376698-ad43-43b0-80fb-ce7b9b795eee" />
      <TestMethod codeBase="C:\Users\szy\Desktop\8005-fp\8005-agv-control-server\tests\ControlServer.Tests\bin\Release\net8.0\win-x64\ControlServer.Tests.dll" adapterTypeName="executor://xunit/VsTestRunner3/netcore/" className="ControlServer.Tests.RecoveryStateMachineG2Tests" name="FailedCompensationResultIsDurableReplayableAndNeverReleasesDemandOrVehicle" />
    </UnitTest>
    <UnitTest name="ControlServer.Tests.OnboardMessageProcessorTests.ManualChargingReturnToServiceIsAnsweredAndDecidedOncePerRequestId" storage="c:\users\szy\desktop\8005-fp\8005-agv-control-server\tests\controlserver.tests\bin\release\net8.0\win-x64\controlserver.tests.dll" id="acf64e4a-25b0-41da-6cc4-6a8bbff86eed">
      <Execution id="c144a560-fda1-40c4-8150-919ca6990ffa" />
      <TestMethod codeBase="C:\Users\szy\Desktop\8005-fp\8005-agv-control-server\tests\ControlServer.Tests\bin\Release\net8.0\win-x64\ControlServer.Tests.dll" adapterTypeName="executor://xunit/VsTestRunner3/netcore/" className="ControlServer.Tests.OnboardMessageProcessorTests" name="ManualChargingReturnToServiceIsAnsweredAndDecidedOncePerRequestId" />
    </UnitTest>
    <UnitTest name="ControlServer.Tests.OnboardMessageProcessorTests.ManualChargingReturnToServiceRefusesARoleTheProfileDoesNotDefine" storage="c:\users\szy\desktop\8005-fp\8005-agv-control-server\tests\controlserver.tests\bin\release\net8.0\win-x64\controlserver.tests.dll" id="2847999d-4326-9ab5-ed3d-6f03f7b8fb22">
      <Execution id="70d02819-bf43-4bdb-af6e-fb2d509fbcf6" />
      <TestMethod codeBase="C:\Users\szy\Desktop\8005-fp\8005-agv-control-server\tests\ControlServer.Tests\bin\Release\net8.0\win-x64\ControlServer.Tests.dll" adapterTypeName="executor://xunit/VsTestRunner3/netcore/" className="ControlServer.Tests.OnboardMessageProcessorTests" name="ManualChargingReturnToServiceRefusesARoleTheProfileDoesNotDefine" />
    </UnitTest>
    <UnitTest name="ControlServer.Tests.RecoveryStateMachineG2Tests.ASessionIsNotReadyWhileTheServerHoldsAnOperationNeedingRecovery" storage="c:\users\szy\desktop\8005-fp\8005-agv-control-server\tests\controlserver.tests\bin\release\net8.0\win-x64\controlserver.tests.dll" id="00e8d3f0-0776-8d1e-a41e-a162c80a79f8">
      <Execution id="4996f775-7c37-406e-9a4f-f2134f0d35c1" />
      <TestMethod codeBase="C:\Users\szy\Desktop\8005-fp\8005-agv-control-server\tests\ControlServer.Tests\bin\Release\net8.0\win-x64\ControlServer.Tests.dll" adapterTypeName="executor://xunit/VsTestRunner3/netcore/" className="ControlServer.Tests.RecoveryStateMachineG2Tests" name="ASessionIsNotReadyWhileTheServerHoldsAnOperationNeedingRecovery" />
    </UnitTest>
    <UnitTest name="ControlServer.Tests.WireToGateStoreTests.UnsafeCompletedOperationResultIsDurableButMovesDemandToRecovery" storage="c:\users\szy\desktop\8005-fp\8005-agv-control-server\tests\controlserver.tests\bin\release\net8.0\win-x64\controlserver.tests.dll" id="5fdd32b7-a946-9f9c-6e24-c4a0e779f6d8">
      <Execution id="7ccaa668-5d8e-4d62-a451-a99097d1f636" />
      <TestMethod codeBase="C:\Users\szy\Desktop\8005-fp\8005-agv-control-server\tests\ControlServer.Tests\bin\Release\net8.0\win-x64\ControlServer.Tests.dll" adapterTypeName="executor://xunit/VsTestRunner3/netcore/" className="ControlServer.Tests.WireToGateStoreTests" name="UnsafeCompletedOperationResultIsDurableButMovesDemandToRecovery" />
    </UnitTest>
    <UnitTest name="ControlServer.Tests.JourneyRuntimeWorkerTests.ABlockedJourneyKeepsTheVehicleOutOfEveryOtherDemand" storage="c:\users\szy\desktop\8005-fp\8005-agv-control-server\tests\controlserver.tests\bin\release\net8.0\win-x64\controlserver.tests.dll" id="8014a619-1dce-78d5-9189-93c7f83d2a0e">
      <Execution id="fff59f61-e515-4c25-9003-384fdd4e7bbe" />
      <TestMethod codeBase="C:\Users\szy\Desktop\8005-fp\8005-agv-control-server\tests\ControlServer.Tests\bin\Release\net8.0\win-x64\ControlServer.Tests.dll" adapterTypeName="executor://xunit/VsTestRunner3/netcore/" className="ControlServer.Tests.JourneyRuntimeWorkerTests" name="ABlockedJourneyKeepsTheVehicleOutOfEveryOtherDemand" />
    </UnitTest>
    <UnitTest name="ControlServer.Tests.RecoveryStateMachineG2Tests.ForcedRecoveryAdvancesOnceFencesOldOutboxAndKeepsLateGenerationAsEvidenceOnly" storage="c:\users\szy\desktop\8005-fp\8005-agv-control-server\tests\controlserver.tests\bin\release\net8.0\win-x64\controlserver.tests.dll" id="26bed617-e822-18e7-cd5b-c8275aaba10e">
      <Execution id="264ac5f6-3cbc-4086-9afd-6e4b18fd43c9" />
      <TestMethod codeBase="C:\Users\szy\Desktop\8005-fp\8005-agv-control-server\tests\ControlServer.Tests\bin\Release\net8.0\win-x64\ControlServer.Tests.dll" adapterTypeName="executor://xunit/VsTestRunner3/netcore/" className="ControlServer.Tests.RecoveryStateMachineG2Tests" name="ForcedRecoveryAdvancesOnceFencesOldOutboxAndKeepsLateGenerationAsEvidenceOnly" />
    </UnitTest>
    <UnitTest name="ControlServer.Tests.RecoveryStateMachineG2Tests.AfterARefusedResultResumeIsRefusedButCompensationIsAuthorized" storage="c:\users\szy\desktop\8005-fp\8005-agv-control-server\tests\controlserver.tests\bin\release\net8.0\win-x64\controlserver.tests.dll" id="4a35c875-6b86-b9ff-24d9-eaf8cdbfc98d">
      <Execution id="1bee52fb-366b-4652-bb99-6e7cbff3893f" />
      <TestMethod codeBase="C:\Users\szy\Desktop\8005-fp\8005-agv-control-server\tests\ControlServer.Tests\bin\Release\net8.0\win-x64\ControlServer.Tests.dll" adapterTypeName="executor://xunit/VsTestRunner3/netcore/" className="ControlServer.Tests.RecoveryStateMachineG2Tests" name="AfterARefusedResultResumeIsRefusedButCompensationIsAuthorized" />
    </UnitTest>
    <UnitTest name="ControlServer.Tests.RecoveryStateMachineG2Tests.ResumeRejectsAReplacementResultReportedOutsideTheAuthorizedSlotScope" storage="c:\users\szy\desktop\8005-fp\8005-agv-control-server\tests\controlserver.tests\bin\release\net8.0\win-x64\controlserver.tests.dll" id="dedf6bef-b719-a4b8-1991-15e6c134685a">
      <Execution id="282a8485-f975-4234-b4ee-d50b1a87d5ee" />
      <TestMethod codeBase="C:\Users\szy\Desktop\8005-fp\8005-agv-control-server\tests\ControlServer.Tests\bin\Release\net8.0\win-x64\ControlServer.Tests.dll" adapterTypeName="executor://xunit/VsTestRunner3/netcore/" className="ControlServer.Tests.RecoveryStateMachineG2Tests" name="ResumeRejectsAReplacementResultReportedOutsideTheAuthorizedSlotScope" />
    </UnitTest>
    <UnitTest name="ControlServer.Tests.RecoveryStateMachineG2Tests.ResumeAuthorizationPersistsFormalCommandBeforeSendAndReplaysSameIdentityAfterRestart" storage="c:\users\szy\desktop\8005-fp\8005-agv-control-server\tests\controlserver.tests\bin\release\net8.0\win-x64\controlserver.tests.dll" id="8011e000-ccdb-d70a-335c-337e06796a25">
      <Execution id="2a9ae042-2f73-43db-b13b-2ddddc0a73cf" />
      <TestMethod codeBase="C:\Users\szy\Desktop\8005-fp\8005-agv-control-server\tests\ControlServer.Tests\bin\Release\net8.0\win-x64\ControlServer.Tests.dll" adapterTypeName="executor://xunit/VsTestRunner3/netcore/" className="ControlServer.Tests.RecoveryStateMachineG2Tests" name="ResumeAuthorizationPersistsFormalCommandBeforeSendAndReplaysSameIdentityAfterRestart" />
    </UnitTest>
    <UnitTest name="ControlServer.Tests.JourneyRuntimeWorkerTests.ABlockedJourneyKeepsTheReasonItWasBlockedForWhenTheSessionDrops" storage="c:\users\szy\desktop\8005-fp\8005-agv-control-server\tests\controlserver.tests\bin\release\net8.0\win-x64\controlserver.tests.dll" id="c47b74f8-1815-c271-546e-d840fa91fec9">
      <Execution id="1cb71e21-7364-43cc-b81b-9edf4f5b5ab5" />
      <TestMethod codeBase="C:\Users\szy\Desktop\8005-fp\8005-agv-control-server\tests\ControlServer.Tests\bin\Release\net8.0\win-x64\ControlServer.Tests.dll" adapterTypeName="executor://xunit/VsTestRunner3/netcore/" className="ControlServer.Tests.JourneyRuntimeWorkerTests" name="ABlockedJourneyKeepsTheReasonItWasBlockedForWhenTheSessionDrops" />
    </UnitTest>
    <UnitTest name="ControlServer.Tests.WireToGateStoreTests.ForcedRecoveryGenerationFencesLateResultsAndPersistsDecision" storage="c:\users\szy\desktop\8005-fp\8005-agv-control-server\tests\controlserver.tests\bin\release\net8.0\win-x64\controlserver.tests.dll" id="621a25db-8862-1700-77fb-25ad7075db9c">
      <Execution id="63c51c53-84ba-4250-9ad8-5abb077b27b2" />
      <TestMethod codeBase="C:\Users\szy\Desktop\8005-fp\8005-agv-control-server\tests\ControlServer.Tests\bin\Release\net8.0\win-x64\ControlServer.Tests.dll" adapterTypeName="executor://xunit/VsTestRunner3/netcore/" className="ControlServer.Tests.WireToGateStoreTests" name="ForcedRecoveryGenerationFencesLateResultsAndPersistsDecision" />
    </UnitTest>
    <UnitTest name="ControlServer.Tests.RecoveryStateMachineG2Tests.ARefusedResultTellsTheVehicleItsSessionNeedsRecovery" storage="c:\users\szy\desktop\8005-fp\8005-agv-control-server\tests\controlserver.tests\bin\release\net8.0\win-x64\controlserver.tests.dll" id="1a2934ea-462d-872a-51d2-0302595aaec9">
      <Execution id="8c76fae5-6b78-4edc-80d9-4ab62f17a5ae" />
      <TestMethod codeBase="C:\Users\szy\Desktop\8005-fp\8005-agv-control-server\tests\ControlServer.Tests\bin\Release\net8.0\win-x64\ControlServer.Tests.dll" adapterTypeName="executor://xunit/VsTestRunner3/netcore/" className="ControlServer.Tests.RecoveryStateMachineG2Tests" name="ARefusedResultTellsTheVehicleItsSessionNeedsRecovery" />
    </UnitTest>
    <UnitTest name="ControlServer.Tests.DemandAcceptanceAtomicityTests.VehicleLeaseMigrationBackfillsAnUnresolvedAcceptedDemand" storage="c:\users\szy\desktop\8005-fp\8005-agv-control-server\tests\controlserver.tests\bin\release\net8.0\win-x64\controlserver.tests.dll" id="cc684ff5-03a7-4fc5-e69c-dd46a117be72">
      <Execution id="901fd524-8b7a-47f6-9210-44a4bba5bb0e" />
      <TestMethod codeBase="C:\Users\szy\Desktop\8005-fp\8005-agv-control-server\tests\ControlServer.Tests\bin\Release\net8.0\win-x64\ControlServer.Tests.dll" adapterTypeName="executor://xunit/VsTestRunner3/netcore/" className="ControlServer.Tests.DemandAcceptanceAtomicityTests" name="VehicleLeaseMigrationBackfillsAnUnresolvedAcceptedDemand" />
    </UnitTest>
    <UnitTest name="ControlServer.Tests.JourneyRuntimeWorkerTests.AResultThatTurnsTheSessionRecoveryRequiredStillBlocksTheJourneyForItsOwnReason" storage="c:\users\szy\desktop\8005-fp\8005-agv-control-server\tests\controlserver.tests\bin\release\net8.0\win-x64\controlserver.tests.dll" id="ace38577-4d9d-dfb4-a11a-563b1d667ee1">
      <Execution id="60b4b414-3958-40f6-9816-18f73d5ad970" />
      <TestMethod codeBase="C:\Users\szy\Desktop\8005-fp\8005-agv-control-server\tests\ControlServer.Tests\bin\Release\net8.0\win-x64\ControlServer.Tests.dll" adapterTypeName="executor://xunit/VsTestRunner3/netcore/" className="ControlServer.Tests.JourneyRuntimeWorkerTests" name="AResultThatTurnsTheSessionRecoveryRequiredStillBlocksTheJourneyForItsOwnReason" />
    </UnitTest>
  </TestDefinitions>
  <TestEntries>
    <TestEntry testId="4a35c875-6b86-b9ff-24d9-eaf8cdbfc98d" executionId="1bee52fb-366b-4652-bb99-6e7cbff3893f" testListId="8c84fa94-04c1-424b-9868-57a2d4851a1d" />
    <TestEntry testId="d2f505f9-f850-cd2a-3c87-1b68e6522c3a" executionId="16d05a0a-f418-4f9c-8388-d7be4e5749cb" testListId="8c84fa94-04c1-424b-9868-57a2d4851a1d" />
    <TestEntry testId="0d5691a3-61ac-88c0-a5d9-14f242379b02" executionId="ce8d43ea-8507-4231-9035-511280643f24" testListId="8c84fa94-04c1-424b-9868-57a2d4851a1d" />
    <TestEntry testId="c2cdc35c-a8bc-ac9e-ebe5-049f5998b2cf" executionId="1eefbc14-2fb2-4ff2-add5-8ffc73875eb1" testListId="8c84fa94-04c1-424b-9868-57a2d4851a1d" />
    <TestEntry testId="946a9364-b5f5-6a16-9760-7cb197f369c5" executionId="406849cf-dd73-486b-a37a-a75d8f5bf44f" testListId="8c84fa94-04c1-424b-9868-57a2d4851a1d" />
    <TestEntry testId="621a25db-8862-1700-77fb-25ad7075db9c" executionId="63c51c53-84ba-4250-9ad8-5abb077b27b2" testListId="8c84fa94-04c1-424b-9868-57a2d4851a1d" />
    <TestEntry testId="8011e000-ccdb-d70a-335c-337e06796a25" executionId="2a9ae042-2f73-43db-b13b-2ddddc0a73cf" testListId="8c84fa94-04c1-424b-9868-57a2d4851a1d" />
    <TestEntry testId="00e8d3f0-0776-8d1e-a41e-a162c80a79f8" executionId="4996f775-7c37-406e-9a4f-f2134f0d35c1" testListId="8c84fa94-04c1-424b-9868-57a2d4851a1d" />
    <TestEntry testId="ace38577-4d9d-dfb4-a11a-563b1d667ee1" executionId="60b4b414-3958-40f6-9816-18f73d5ad970" testListId="8c84fa94-04c1-424b-9868-57a2d4851a1d" />
    <TestEntry testId="1a2934ea-462d-872a-51d2-0302595aaec9" executionId="8c76fae5-6b78-4edc-80d9-4ab62f17a5ae" testListId="8c84fa94-04c1-424b-9868-57a2d4851a1d" />
    <TestEntry testId="c47b74f8-1815-c271-546e-d840fa91fec9" executionId="1cb71e21-7364-43cc-b81b-9edf4f5b5ab5" testListId="8c84fa94-04c1-424b-9868-57a2d4851a1d" />
    <TestEntry testId="26bed617-e822-18e7-cd5b-c8275aaba10e" executionId="264ac5f6-3cbc-4086-9afd-6e4b18fd43c9" testListId="8c84fa94-04c1-424b-9868-57a2d4851a1d" />
    <TestEntry testId="2847999d-4326-9ab5-ed3d-6f03f7b8fb22" executionId="70d02819-bf43-4bdb-af6e-fb2d509fbcf6" testListId="8c84fa94-04c1-424b-9868-57a2d4851a1d" />
    <TestEntry testId="8014a619-1dce-78d5-9189-93c7f83d2a0e" executionId="fff59f61-e515-4c25-9003-384fdd4e7bbe" testListId="8c84fa94-04c1-424b-9868-57a2d4851a1d" />
    <TestEntry testId="5fdd32b7-a946-9f9c-6e24-c4a0e779f6d8" executionId="7ccaa668-5d8e-4d62-a451-a99097d1f636" testListId="8c84fa94-04c1-424b-9868-57a2d4851a1d" />
    <TestEntry testId="dedf6bef-b719-a4b8-1991-15e6c134685a" executionId="282a8485-f975-4234-b4ee-d50b1a87d5ee" testListId="8c84fa94-04c1-424b-9868-57a2d4851a1d" />
    <TestEntry testId="cc684ff5-03a7-4fc5-e69c-dd46a117be72" executionId="901fd524-8b7a-47f6-9210-44a4bba5bb0e" testListId="8c84fa94-04c1-424b-9868-57a2d4851a1d" />
    <TestEntry testId="acf64e4a-25b0-41da-6cc4-6a8bbff86eed" executionId="c144a560-fda1-40c4-8150-919ca6990ffa" testListId="8c84fa94-04c1-424b-9868-57a2d4851a1d" />
    <TestEntry testId="5d51a0fb-531c-77fb-3339-bac47b6f10ff" executionId="7e376698-ad43-43b0-80fb-ce7b9b795eee" testListId="8c84fa94-04c1-424b-9868-57a2d4851a1d" />
  </TestEntries>
  <TestLists>
    <TestList name="Results Not in a List" id="8c84fa94-04c1-424b-9868-57a2d4851a1d" />
    <TestList name="All Loaded Results" id="19431567-8539-422a-85d7-44ee4e166bda" />
  </TestLists>
  <ResultSummary outcome="Completed">
    <Counters total="19" executed="19" passed="19" failed="0" error="0" timeout="0" aborted="0" inconclusive="0" passedButRunAborted="0" notRunnable="0" notExecuted="0" disconnected="0" warning="0" completed="0" inProgress="0" pending="0" />
    <Output>
      <StdOut>[xUnit.net 00:00:00.00] xUnit.net VSTest Adapter v3.1.5+1b188a7b0a (64-bit .NET 8.0.31)&#xD;
[xUnit.net 00:00:00.34]   Discovering: ControlServer.Tests&#xD;
[xUnit.net 00:00:00.87]   Discovered:  ControlServer.Tests&#xD;
[xUnit.net 00:00:01.08]   Starting:    ControlServer.Tests&#xD;
[xUnit.net 00:00:03.76]   Finished:    ControlServer.Tests (ID = 'c8cb74b7759c9af26cba4261325fe9435f1631308c332b8de9593e49ccf0fb3a')&#xD;
</StdOut>
    </Output>
  </ResultSummary>
</TestRun>