<?xml version="1.0" encoding="utf-8"?>
<TestRun id="9333fe35-8343-4fde-bceb-7d4d75fbc4f4" name="szy@LAB-WIN-01 2026-09-08 17:09:00" runUser="LAB-WIN-01\szy" xmlns="http://microsoft.com/schemas/VisualStudio/TeamTest/2010">
  <Times creation="2026-09-08T17:09:00.7981380+08:00" queuing="2026-09-08T17:09:00.7981387+08:00" start="2026-09-08T17:08:57.2237359+08:00" finish="2026-09-08T17:09:01.3352732+08:00" />
  <TestSettings name="default" id="8eb465f1-9963-4cf6-9dec-f65d94ae186f">
    <Deployment runDeploymentRoot="szy_LAB-WIN-01_2026-09-08_17_09_00" />
  </TestSettings>
  <Results>
    <UnitTestResult executionId="b831484e-fc62-48df-8f3c-cba130fc2a87" testId="119c1ac1-d05f-b853-1a6f-2f82ab993eb6" testName="ControlServer.Tests.JourneyRuntimeWorkerTests.ABlockedJourneyKeepsTheReasonItWasBlockedForWhenTheSessionDrops" computerName="LAB-WIN-01" duration="00:00:00.1322477" startTime="2026-09-08T17:09:01.0196029+08:00" endTime="2026-09-08T17:09:01.1519072+08:00" testType="13cdc9d9-ddb5-4fa4-a97d-d965ccfc6d4b" outcome="Passed" testListId="8c84fa94-04c1-424b-9868-57a2d4851a1d" relativeResultsDirectory="b831484e-fc62-48df-8f3c-cba130fc2a87" />
    <UnitTestResult executionId="2a60cc4b-b668-45bb-9103-15d0a336d83b" testId="ce766a81-29b4-c754-b57f-8bf92ac951c1" testName="ControlServer.Tests.RecoveryStateMachineG2Tests.RecoveryReportCannotRegressOrInventForcedRecoveryGeneration" computerName="LAB-WIN-01" duration="00:00:00.0698773" startTime="2026-09-08T17:09:00.9745626+08:00" endTime="2026-09-08T17:09:01.0445102+08:00" testType="13cdc9d9-ddb5-4fa4-a97d-d965ccfc6d4b" outcome="Passed" testListId="8c84fa94-04c1-424b-9868-57a2d4851a1d" relativeResultsDirectory="2a60cc4b-b668-45bb-9103-15d0a336d83b" />
    <UnitTestResult executionId="b384102c-3360-4b1c-b951-804b912773e9" testId="2aeaf207-4fc2-3e7b-49e3-97994bc005aa" testName="ControlServer.Tests.RecoveryStateMachineG2Tests.ForcedRecoveryAdvancesOnceFencesOldOutboxAndKeepsLateGenerationAsEvidenceOnly" computerName="LAB-WIN-01" duration="00:00:00.2286956" startTime="2026-09-08T17:09:00.7443145+08:00" endTime="2026-09-08T17:09:00.9730674+08:00" testType="13cdc9d9-ddb5-4fa4-a97d-d965ccfc6d4b" outcome="Passed" testListId="8c84fa94-04c1-424b-9868-57a2d4851a1d" relativeResultsDirectory="b384102c-3360-4b1c-b951-804b912773e9" />
    <UnitTestResult executionId="5d6204df-e595-4ced-aea1-2c60b5714777" testId="86fc3372-7118-5542-bff8-173d2df03f99" testName="ControlServer.Tests.RecoveryStateMachineG2Tests.AfterARefusedResultResumeIsRefusedButCompensationIsAuthorized" computerName="LAB-WIN-01" duration="00:00:01.5551061" startTime="2026-09-08T17:08:59.1798117+08:00" endTime="2026-09-08T17:09:00.7434209+08:00" testType="13cdc9d9-ddb5-4fa4-a97d-d965ccfc6d4b" outcome="Passed" testListId="8c84fa94-04c1-424b-9868-57a2d4851a1d" relativeResultsDirectory="5d6204df-e595-4ced-aea1-2c60b5714777" />
    <UnitTestResult executionId="536fd46a-32f9-402e-88b6-4c2088c9b89e" testId="f23f351e-5244-1a54-38a7-479bcf6a4395" testName="ControlServer.Tests.DemandAcceptanceAtomicityTests.VehicleLeaseMigrationBackfillsAnUnresolvedAcceptedDemand" computerName="LAB-WIN-01" duration="00:00:01.4194294" startTime="2026-09-08T17:08:59.1798157+08:00" endTime="2026-09-08T17:09:00.6077977+08:00" testType="13cdc9d9-ddb5-4fa4-a97d-d965ccfc6d4b" outcome="Passed" testListId="8c84fa94-04c1-424b-9868-57a2d4851a1d" relativeResultsDirectory="536fd46a-32f9-402e-88b6-4c2088c9b89e" />
    <UnitTestResult executionId="93ee1fe8-5468-4fb0-b8ca-1a05e7f45d73" testId="a67aff6c-03e4-b63f-46ec-ae058908fd70" testName="ControlServer.Tests.RecoveryStateMachineG2Tests.FailedCompensationResultIsDurableReplayableAndNeverReleasesDemandOrVehicle" computerName="LAB-WIN-01" duration="00:00:00.1358152" startTime="2026-09-08T17:09:01.0468065+08:00" endTime="2026-09-08T17:09:01.1826945+08:00" testType="13cdc9d9-ddb5-4fa4-a97d-d965ccfc6d4b" outcome="Passed" testListId="8c84fa94-04c1-424b-9868-57a2d4851a1d" relativeResultsDirectory="93ee1fe8-5468-4fb0-b8ca-1a05e7f45d73" />
    <UnitTestResult executionId="9c9a8fa3-629f-4968-ace7-4df082cd0f0e" testId="a9284d4a-c50b-3b6f-9c5f-5e10db4c2ccd" testName="ControlServer.Tests.JourneyRuntimeWorkerTests.ABlockedJourneyKeepsTheVehicleOutOfEveryOtherDemand" computerName="LAB-WIN-01" duration="00:00:01.8303620" startTime="2026-09-08T17:08:59.1797973+08:00" endTime="2026-09-08T17:09:01.0186888+08:00" testType="13cdc9d9-ddb5-4fa4-a97d-d965ccfc6d4b" outcome="Passed" testListId="8c84fa94-04c1-424b-9868-57a2d4851a1d" relativeResultsDirectory="9c9a8fa3-629f-4968-ace7-4df082cd0f0e" />
    <UnitTestResult executionId="d5b652c4-b229-4f0e-ae09-42c44550ef1f" testId="445680d8-a327-90a1-09a7-408cc8cad783" testName="ControlServer.Tests.JourneyRuntimeWorkerTests.AResultThatTurnsTheSessionRecoveryRequiredStillBlocksTheJourneyForItsOwnReason" computerName="LAB-WIN-01" duration="00:00:00.0952226" startTime="2026-09-08T17:09:01.1537902+08:00" endTime="2026-09-08T17:09:01.2490652+08:00" testType="13cdc9d9-ddb5-4fa4-a97d-d965ccfc6d4b" outcome="Passed" testListId="8c84fa94-04c1-424b-9868-57a2d4851a1d" relativeResultsDirectory="d5b652c4-b229-4f0e-ae09-42c44550ef1f" />
    <UnitTestResult executionId="3efdf967-062f-42d0-835a-83aaa7523f6e" testId="c883fbac-a226-dab0-a852-c8a8a6abc1e3" testName="ControlServer.Tests.WireToGateStoreTests.ForcedRecoveryGenerationFencesLateResultsAndPersistsDecision" computerName="LAB-WIN-01" duration="00:00:01.3438030" startTime="2026-09-08T17:08:59.1797915+08:00" endTime="2026-09-08T17:09:00.5465462+08:00" testType="13cdc9d9-ddb5-4fa4-a97d-d965ccfc6d4b" outcome="Passed" testListId="8c84fa94-04c1-424b-9868-57a2d4851a1d" relativeResultsDirectory="3efdf967-062f-42d0-835a-83aaa7523f6e" />
    <UnitTestResult executionId="7cf54b23-bc07-412e-96cc-a81aa50ccb43" testId="e1968e43-9e7b-f56a-40ea-5c0a4b4951ca" testName="ControlServer.Tests.WireToGateStoreTests.UnsafeCompletedOperationResultIsDurableButMovesDemandToRecovery" computerName="LAB-WIN-01" duration="00:00:00.1775122" startTime="2026-09-08T17:09:00.5561834+08:00" endTime="2026-09-08T17:09:00.7338064+08:00" testType="13cdc9d9-ddb5-4fa4-a97d-d965ccfc6d4b" outcome="Passed" testListId="8c84fa94-04c1-424b-9868-57a2d4851a1d" relativeResultsDirectory="7cf54b23-bc07-412e-96cc-a81aa50ccb43" />
  </Results>
  <TestDefinitions>
    <UnitTest name="ControlServer.Tests.DemandAcceptanceAtomicityTests.VehicleLeaseMigrationBackfillsAnUnresolvedAcceptedDemand" storage="c:\users\szy\desktop\8005-workspace\repos\8005-agv-control-server\tests\controlserver.tests\bin\release\net8.0\win-x64\controlserver.tests.dll" id="f23f351e-5244-1a54-38a7-479bcf6a4395">
      <Execution id="536fd46a-32f9-402e-88b6-4c2088c9b89e" />
      <TestMethod codeBase="C:\Users\szy\Desktop\8005-workspace\repos\8005-agv-control-server\tests\ControlServer.Tests\bin\Release\net8.0\win-x64\ControlServer.Tests.dll" adapterTypeName="executor://xunit/VsTestRunner3/netcore/" className="ControlServer.Tests.DemandAcceptanceAtomicityTests" name="VehicleLeaseMigrationBackfillsAnUnresolvedAcceptedDemand" />
    </UnitTest>
    <UnitTest name="ControlServer.Tests.RecoveryStateMachineG2Tests.RecoveryReportCannotRegressOrInventForcedRecoveryGeneration" storage="c:\users\szy\desktop\8005-workspace\repos\8005-agv-control-server\tests\controlserver.tests\bin\release\net8.0\win-x64\controlserver.tests.dll" id="ce766a81-29b4-c754-b57f-8bf92ac951c1">
      <Execution id="2a60cc4b-b668-45bb-9103-15d0a336d83b" />
      <TestMethod codeBase="C:\Users\szy\Desktop\8005-workspace\repos\8005-agv-control-server\tests\ControlServer.Tests\bin\Release\net8.0\win-x64\ControlServer.Tests.dll" adapterTypeName="executor://xunit/VsTestRunner3/netcore/" className="ControlServer.Tests.RecoveryStateMachineG2Tests" name="RecoveryReportCannotRegressOrInventForcedRecoveryGeneration" />
    </UnitTest>
    <UnitTest name="ControlServer.Tests.RecoveryStateMachineG2Tests.AfterARefusedResultResumeIsRefusedButCompensationIsAuthorized" storage="c:\users\szy\desktop\8005-workspace\repos\8005-agv-control-server\tests\controlserver.tests\bin\release\net8.0\win-x64\controlserver.tests.dll" id="86fc3372-7118-5542-bff8-173d2df03f99">
      <Execution id="5d6204df-e595-4ced-aea1-2c60b5714777" />
      <TestMethod codeBase="C:\Users\szy\Desktop\8005-workspace\repos\8005-agv-control-server\tests\ControlServer.Tests\bin\Release\net8.0\win-x64\ControlServer.Tests.dll" adapterTypeName="executor://xunit/VsTestRunner3/netcore/" className="ControlServer.Tests.RecoveryStateMachineG2Tests" name="AfterARefusedResultResumeIsRefusedButCompensationIsAuthorized" />
    </UnitTest>
    <UnitTest name="ControlServer.Tests.RecoveryStateMachineG2Tests.FailedCompensationResultIsDurableReplayableAndNeverReleasesDemandOrVehicle" storage="c:\users\szy\desktop\8005-workspace\repos\8005-agv-control-server\tests\controlserver.tests\bin\release\net8.0\win-x64\controlserver.tests.dll" id="a67aff6c-03e4-b63f-46ec-ae058908fd70">
      <Execution id="93ee1fe8-5468-4fb0-b8ca-1a05e7f45d73" />
      <TestMethod codeBase="C:\Users\szy\Desktop\8005-workspace\repos\8005-agv-control-server\tests\ControlServer.Tests\bin\Release\net8.0\win-x64\ControlServer.Tests.dll" adapterTypeName="executor://xunit/VsTestRunner3/netcore/" className="ControlServer.Tests.RecoveryStateMachineG2Tests" name="FailedCompensationResultIsDurableReplayableAndNeverReleasesDemandOrVehicle" />
    </UnitTest>
    <UnitTest name="ControlServer.Tests.WireToGateStoreTests.ForcedRecoveryGenerationFencesLateResultsAndPersistsDecision" storage="c:\users\szy\desktop\8005-workspace\repos\8005-agv-control-server\tests\controlserver.tests\bin\release\net8.0\win-x64\controlserver.tests.dll" id="c883fbac-a226-dab0-a852-c8a8a6abc1e3">
      <Execution id="3efdf967-062f-42d0-835a-83aaa7523f6e" />
      <TestMethod codeBase="C:\Users\szy\Desktop\8005-workspace\repos\8005-agv-control-server\tests\ControlServer.Tests\bin\Release\net8.0\win-x64\ControlServer.Tests.dll" adapterTypeName="executor://xunit/VsTestRunner3/netcore/" className="ControlServer.Tests.WireToGateStoreTests" name="ForcedRecoveryGenerationFencesLateResultsAndPersistsDecision" />
    </UnitTest>
    <UnitTest name="ControlServer.Tests.WireToGateStoreTests.UnsafeCompletedOperationResultIsDurableButMovesDemandToRecovery" storage="c:\users\szy\desktop\8005-workspace\repos\8005-agv-control-server\tests\controlserver.tests\bin\release\net8.0\win-x64\controlserver.tests.dll" id="e1968e43-9e7b-f56a-40ea-5c0a4b4951ca">
      <Execution id="7cf54b23-bc07-412e-96cc-a81aa50ccb43" />
      <TestMethod codeBase="C:\Users\szy\Desktop\8005-workspace\repos\8005-agv-control-server\tests\ControlServer.Tests\bin\Release\net8.0\win-x64\ControlServer.Tests.dll" adapterTypeName="executor://xunit/VsTestRunner3/netcore/" className="ControlServer.Tests.WireToGateStoreTests" name="UnsafeCompletedOperationResultIsDurableButMovesDemandToRecovery" />
    </UnitTest>
    <UnitTest name="ControlServer.Tests.JourneyRuntimeWorkerTests.ABlockedJourneyKeepsTheReasonItWasBlockedForWhenTheSessionDrops" storage="c:\users\szy\desktop\8005-workspace\repos\8005-agv-control-server\tests\controlserver.tests\bin\release\net8.0\win-x64\controlserver.tests.dll" id="119c1ac1-d05f-b853-1a6f-2f82ab993eb6">
      <Execution id="b831484e-fc62-48df-8f3c-cba130fc2a87" />
      <TestMethod codeBase="C:\Users\szy\Desktop\8005-workspace\repos\8005-agv-control-server\tests\ControlServer.Tests\bin\Release\net8.0\win-x64\ControlServer.Tests.dll" adapterTypeName="executor://xunit/VsTestRunner3/netcore/" className="ControlServer.Tests.JourneyRuntimeWorkerTests" name="ABlockedJourneyKeepsTheReasonItWasBlockedForWhenTheSessionDrops" />
    </UnitTest>
    <UnitTest name="ControlServer.Tests.JourneyRuntimeWorkerTests.ABlockedJourneyKeepsTheVehicleOutOfEveryOtherDemand" storage="c:\users\szy\desktop\8005-workspace\repos\8005-agv-control-server\tests\controlserver.tests\bin\release\net8.0\win-x64\controlserver.tests.dll" id="a9284d4a-c50b-3b6f-9c5f-5e10db4c2ccd">
      <Execution id="9c9a8fa3-629f-4968-ace7-4df082cd0f0e" />
      <TestMethod codeBase="C:\Users\szy\Desktop\8005-workspace\repos\8005-agv-control-server\tests\ControlServer.Tests\bin\Release\net8.0\win-x64\ControlServer.Tests.dll" adapterTypeName="executor://xunit/VsTestRunner3/netcore/" className="ControlServer.Tests.JourneyRuntimeWorkerTests" name="ABlockedJourneyKeepsTheVehicleOutOfEveryOtherDemand" />
    </UnitTest>
    <UnitTest name="ControlServer.Tests.RecoveryStateMachineG2Tests.ForcedRecoveryAdvancesOnceFencesOldOutboxAndKeepsLateGenerationAsEvidenceOnly" storage="c:\users\szy\desktop\8005-workspace\repos\8005-agv-control-server\tests\controlserver.tests\bin\release\net8.0\win-x64\controlserver.tests.dll" id="2aeaf207-4fc2-3e7b-49e3-97994bc005aa">
      <Execution id="b384102c-3360-4b1c-b951-804b912773e9" />
      <TestMethod codeBase="C:\Users\szy\Desktop\8005-workspace\repos\8005-agv-control-server\tests\ControlServer.Tests\bin\Release\net8.0\win-x64\ControlServer.Tests.dll" adapterTypeName="executor://xunit/VsTestRunner3/netcore/" className="ControlServer.Tests.RecoveryStateMachineG2Tests" name="ForcedRecoveryAdvancesOnceFencesOldOutboxAndKeepsLateGenerationAsEvidenceOnly" />
    </UnitTest>
    <UnitTest name="ControlServer.Tests.JourneyRuntimeWorkerTests.AResultThatTurnsTheSessionRecoveryRequiredStillBlocksTheJourneyForItsOwnReason" storage="c:\users\szy\desktop\8005-workspace\repos\8005-agv-control-server\tests\controlserver.tests\bin\release\net8.0\win-x64\controlserver.tests.dll" id="445680d8-a327-90a1-09a7-408cc8cad783">
      <Execution id="d5b652c4-b229-4f0e-ae09-42c44550ef1f" />
      <TestMethod codeBase="C:\Users\szy\Desktop\8005-workspace\repos\8005-agv-control-server\tests\ControlServer.Tests\bin\Release\net8.0\win-x64\ControlServer.Tests.dll" adapterTypeName="executor://xunit/VsTestRunner3/netcore/" className="ControlServer.Tests.JourneyRuntimeWorkerTests" name="AResultThatTurnsTheSessionRecoveryRequiredStillBlocksTheJourneyForItsOwnReason" />
    </UnitTest>
  </TestDefinitions>
  <TestEntries>
    <TestEntry testId="119c1ac1-d05f-b853-1a6f-2f82ab993eb6" executionId="b831484e-fc62-48df-8f3c-cba130fc2a87" testListId="8c84fa94-04c1-424b-9868-57a2d4851a1d" />
    <TestEntry testId="ce766a81-29b4-c754-b57f-8bf92ac951c1" executionId="2a60cc4b-b668-45bb-9103-15d0a336d83b" testListId="8c84fa94-04c1-424b-9868-57a2d4851a1d" />
    <TestEntry testId="2aeaf207-4fc2-3e7b-49e3-97994bc005aa" executionId="b384102c-3360-4b1c-b951-804b912773e9" testListId="8c84fa94-04c1-424b-9868-57a2d4851a1d" />
    <TestEntry testId="86fc3372-7118-5542-bff8-173d2df03f99" executionId="5d6204df-e595-4ced-aea1-2c60b5714777" testListId="8c84fa94-04c1-424b-9868-57a2d4851a1d" />
    <TestEntry testId="f23f351e-5244-1a54-38a7-479bcf6a4395" executionId="536fd46a-32f9-402e-88b6-4c2088c9b89e" testListId="8c84fa94-04c1-424b-9868-57a2d4851a1d" />
    <TestEntry testId="a67aff6c-03e4-b63f-46ec-ae058908fd70" executionId="93ee1fe8-5468-4fb0-b8ca-1a05e7f45d73" testListId="8c84fa94-04c1-424b-9868-57a2d4851a1d" />
    <TestEntry testId="a9284d4a-c50b-3b6f-9c5f-5e10db4c2ccd" executionId="9c9a8fa3-629f-4968-ace7-4df082cd0f0e" testListId="8c84fa94-04c1-424b-9868-57a2d4851a1d" />
    <TestEntry testId="445680d8-a327-90a1-09a7-408cc8cad783" executionId="d5b652c4-b229-4f0e-ae09-42c44550ef1f" testListId="8c84fa94-04c1-424b-9868-57a2d4851a1d" />
    <TestEntry testId="c883fbac-a226-dab0-a852-c8a8a6abc1e3" executionId="3efdf967-062f-42d0-835a-83aaa7523f6e" testListId="8c84fa94-04c1-424b-9868-57a2d4851a1d" />
    <TestEntry testId="e1968e43-9e7b-f56a-40ea-5c0a4b4951ca" executionId="7cf54b23-bc07-412e-96cc-a81aa50ccb43" testListId="8c84fa94-04c1-424b-9868-57a2d4851a1d" />
  </TestEntries>
  <TestLists>
    <TestList name="Results Not in a List" id="8c84fa94-04c1-424b-9868-57a2d4851a1d" />
    <TestList name="All Loaded Results" id="19431567-8539-422a-85d7-44ee4e166bda" />
  </TestLists>
  <ResultSummary outcome="Completed">
    <Counters total="10" executed="10" passed="10" failed="0" error="0" timeout="0" aborted="0" inconclusive="0" passedButRunAborted="0" notRunnable="0" notExecuted="0" disconnected="0" warning="0" completed="0" inProgress="0" pending="0" />
    <Output>
      <StdOut>[xUnit.net 00:00:00.00] xUnit.net VSTest Adapter v3.1.5+1b188a7b0a (64-bit .NET 8.0.30)&#xD;
[xUnit.net 00:00:00.44]   Discovering: ControlServer.Tests&#xD;
[xUnit.net 00:00:00.96]   Discovered:  ControlServer.Tests&#xD;
[xUnit.net 00:00:01.25]   Starting:    ControlServer.Tests&#xD;
[xUnit.net 00:00:03.42]   Finished:    ControlServer.Tests (ID = '5f32e3228d37e5cb3e7bc60b239275389dd116eb20728c9edbbdde1b1bccd0e8')&#xD;
</StdOut>
    </Output>
  </ResultSummary>
</TestRun>