<?xml version="1.0" encoding="utf-8"?>
<TestRun id="bb4b4309-28b2-4507-b084-7160d5c42811" name="szy@LAB-WIN-01 2026-09-10 16:52:24" runUser="LAB-WIN-01\szy" xmlns="http://microsoft.com/schemas/VisualStudio/TeamTest/2010">
  <Times creation="2026-09-10T16:52:24.3158529+08:00" queuing="2026-09-10T16:52:24.3158541+08:00" start="2026-09-10T16:52:20.7358129+08:00" finish="2026-09-10T16:53:06.1745105+08:00" />
  <TestSettings name="default" id="1a77cd24-7602-49ea-adf9-9983a27eaad8">
    <Deployment runDeploymentRoot="szy_LAB-WIN-01_2026-09-10_16_52_24" />
  </TestSettings>
  <Results>
    <UnitTestResult executionId="be051752-c66e-469b-9f53-3f9cc69148c8" testId="6b987191-6951-b08d-fd33-2d4a024f4851" testName="ControlServer.Tests.JourneyRuntimeWorkerTests.ADoorOurOwnLoadHoldsOpenKeepsTheSessionReadyAndReachesTheAlarm" computerName="LAB-WIN-01" duration="00:00:00.0502861" startTime="2026-09-10T16:52:34.7170288+08:00" endTime="2026-09-10T16:52:34.7673679+08:00" testType="13cdc9d9-ddb5-4fa4-a97d-d965ccfc6d4b" outcome="Passed" testListId="8c84fa94-04c1-424b-9868-57a2d4851a1d" relativeResultsDirectory="be051752-c66e-469b-9f53-3f9cc69148c8" />
    <UnitTestResult executionId="47a85ab2-42a3-47df-93af-677bd63f725f" testId="15cea23e-5f2c-6bf5-e2a9-57a6f277ac35" testName="ControlServer.Tests.HttpSublotBoxCountReaderTests.RejectsStaleBoxCountEvidence" computerName="LAB-WIN-01" duration="00:00:00.0061154" startTime="2026-09-10T16:52:22.8417487+08:00" endTime="2026-09-10T16:52:22.8479511+08:00" testType="13cdc9d9-ddb5-4fa4-a97d-d965ccfc6d4b" outcome="Passed" testListId="8c84fa94-04c1-424b-9868-57a2d4851a1d" relativeResultsDirectory="47a85ab2-42a3-47df-93af-677bd63f725f" />
    <UnitTestResult executionId="6eb20751-6d31-4162-b880-2a10747fe9bc" testId="a0ba54cf-1ccf-df91-7eea-289f5a8f4ff9" testName="ControlServer.Tests.AdmissionPolicyStoreTests.LoadCommitFreezesCurrentAdmissionAndRevocationBlocksOnlyNewOperations" computerName="LAB-WIN-01" duration="00:00:01.7234104" startTime="2026-09-10T16:52:22.7252885+08:00" endTime="2026-09-10T16:52:24.4567118+08:00" testType="13cdc9d9-ddb5-4fa4-a97d-d965ccfc6d4b" outcome="Passed" testListId="8c84fa94-04c1-424b-9868-57a2d4851a1d" relativeResultsDirectory="6eb20751-6d31-4162-b880-2a10747fe9bc" />
    <UnitTestResult executionId="7610add6-661b-4f38-a58a-688b1b1865d9" testId="cf63deb9-eb64-7f17-87b9-44a80bc4ef3b" testName="ControlServer.Tests.JourneyRuntimeWorkerTests.ASublotWhosePackageLostItsCapacityIsRefusedWithTheRealReasonAndOpensNoSlot" computerName="LAB-WIN-01" duration="00:00:00.1228365" startTime="2026-09-10T16:52:31.8647915+08:00" endTime="2026-09-10T16:52:31.9877045+08:00" testType="13cdc9d9-ddb5-4fa4-a97d-d965ccfc6d4b" outcome="Passed" testListId="8c84fa94-04c1-424b-9868-57a2d4851a1d" relativeResultsDirectory="7610add6-661b-4f38-a58a-688b1b1865d9" />
    <UnitTestResult executionId="4222b605-302c-4556-a4fb-4efd9693b1c7" testId="fae0be51-78b8-4961-cda1-1da3b89f4884" testName="ControlServer.Tests.JourneyRuntimeWorkerTests.CancellingTheLoadInFlightLeavesTheStopFreeToLoadItsRemainingDemands" computerName="LAB-WIN-01" duration="00:00:01.9665976" startTime="2026-09-10T16:52:32.1628817+08:00" endTime="2026-09-10T16:52:34.1295933+08:00" testType="13cdc9d9-ddb5-4fa4-a97d-d965ccfc6d4b" outcome="Passed" testListId="8c84fa94-04c1-424b-9868-57a2d4851a1d" relativeResultsDirectory="4222b605-302c-4556-a4fb-4efd9693b1c7" />
    <UnitTestResult executionId="73b51aa8-49c1-44ed-96cf-2793bb8954ca" testId="5b2f93a6-7cae-564e-d36e-5205bcdf076a" testName="ControlServer.Tests.JourneyRuntimeWorkerTests.ABlockedJourneyKeepsTheReasonItWasBlockedForWhenTheSessionDrops" computerName="LAB-WIN-01" duration="00:00:00.0501369" startTime="2026-09-10T16:52:34.7682952+08:00" endTime="2026-09-10T16:52:34.8184870+08:00" testType="13cdc9d9-ddb5-4fa4-a97d-d965ccfc6d4b" outcome="Passed" testListId="8c84fa94-04c1-424b-9868-57a2d4851a1d" relativeResultsDirectory="73b51aa8-49c1-44ed-96cf-2793bb8954ca" />
    <UnitTestResult executionId="cbc8df29-2f4b-41c4-be00-e950bc146543" testId="749e562b-6d62-e771-cde7-e7bd4fccb595" testName="ControlServer.Tests.JourneyRuntimeWorkerTests.ASublotWhoseBoxCountGrewSinceDispatchIsRefusedRatherThanLoadedIntoTooFewSlots" computerName="LAB-WIN-01" duration="00:00:00.0487205" startTime="2026-09-10T16:52:34.8192748+08:00" endTime="2026-09-10T16:52:34.8680492+08:00" testType="13cdc9d9-ddb5-4fa4-a97d-d965ccfc6d4b" outcome="Passed" testListId="8c84fa94-04c1-424b-9868-57a2d4851a1d" relativeResultsDirectory="cbc8df29-2f4b-41c4-be00-e950bc146543" />
    <UnitTestResult executionId="322d51ef-bb4a-4004-bafd-d3eaeb8d18eb" testId="4b38f7ef-a460-e98d-f9e0-de20c2e93555" testName="ControlServer.Tests.JourneyRuntimeWorkerTests.ACancelledDemandStaysBarredWhenMesIngestReissuesItUnderANewDemandId" computerName="LAB-WIN-01" duration="00:00:00.0621222" startTime="2026-09-10T16:52:34.1307617+08:00" endTime="2026-09-10T16:52:34.1929795+08:00" testType="13cdc9d9-ddb5-4fa4-a97d-d965ccfc6d4b" outcome="Passed" testListId="8c84fa94-04c1-424b-9868-57a2d4851a1d" relativeResultsDirectory="322d51ef-bb4a-4004-bafd-d3eaeb8d18eb" />
    <UnitTestResult executionId="c10ecab0-7740-49d3-b60d-435b1b1998fe" testId="85a5ad86-5c5e-0221-4945-6c2c0c9bde02" testName="ControlServer.Tests.JourneyRuntimeWorkerTests.ProductionRuntimeResumesOneJourneyThroughTrustedArrivalsAndAtomicCompletion" computerName="LAB-WIN-01" duration="00:00:02.1047564" startTime="2026-09-10T16:52:25.4869876+08:00" endTime="2026-09-10T16:52:27.5929279+08:00" testType="13cdc9d9-ddb5-4fa4-a97d-d965ccfc6d4b" outcome="Passed" testListId="8c84fa94-04c1-424b-9868-57a2d4851a1d" relativeResultsDirectory="c10ecab0-7740-49d3-b60d-435b1b1998fe" />
    <UnitTestResult executionId="3072c2d1-8362-4a59-9144-44f6138be04a" testId="8c3059e8-cd6c-4a22-1752-2ef6e3f05594" testName="ControlServer.Tests.JourneyRuntimeWorkerTests.ADisconnectVoidsTheStationDeadlineAndTheClockRefillsAfterTheHandshake" computerName="LAB-WIN-01" duration="00:00:02.4016125" startTime="2026-09-10T16:52:22.7253154+08:00" endTime="2026-09-10T16:52:25.1349104+08:00" testType="13cdc9d9-ddb5-4fa4-a97d-d965ccfc6d4b" outcome="Passed" testListId="8c84fa94-04c1-424b-9868-57a2d4851a1d" relativeResultsDirectory="3072c2d1-8362-4a59-9144-44f6138be04a" />
    <UnitTestResult executionId="21825eb5-91c2-47b0-a7c0-5b9a4345eddb" testId="7e717acc-014d-6f44-1ba4-31717f890232" testName="ControlServer.Tests.WireToGateStoreTests.SlotPlanAndReliableCommandAreAtomicAndBatchNeedsCompleteSafeEvidence" computerName="LAB-WIN-01" duration="00:00:01.6889447" startTime="2026-09-10T16:52:22.7252933+08:00" endTime="2026-09-10T16:52:24.4223383+08:00" testType="13cdc9d9-ddb5-4fa4-a97d-d965ccfc6d4b" outcome="Passed" testListId="8c84fa94-04c1-424b-9868-57a2d4851a1d" relativeResultsDirectory="21825eb5-91c2-47b0-a7c0-5b9a4345eddb" />
    <UnitTestResult executionId="c6eb4e87-6f32-4e28-8308-a19e0648eb8c" testId="66f902e5-12cc-8edd-1aa9-c59c70cabc01" testName="ControlServer.Tests.JourneyRuntimeWorkerTests.TheStationWaitEndsTheStopWhileTheCargoAlreadyAboardStillReachesTheGate" computerName="LAB-WIN-01" duration="00:00:00.0821889" startTime="2026-09-10T16:52:34.2509117+08:00" endTime="2026-09-10T16:52:34.3331673+08:00" testType="13cdc9d9-ddb5-4fa4-a97d-d965ccfc6d4b" outcome="Passed" testListId="8c84fa94-04c1-424b-9868-57a2d4851a1d" relativeResultsDirectory="c6eb4e87-6f32-4e28-8308-a19e0648eb8c" />
    <UnitTestResult executionId="ed789eef-4c43-411c-a522-ea4733b8ec7b" testId="b447fab4-6fb5-cb1a-6869-d0e050f8901d" testName="ControlServer.Tests.OnboardMessageProcessorTests.OnboardBusinessMessagesAreDurablyAcknowledgedAndOperationResultIsUniquePerAttempt" computerName="LAB-WIN-01" duration="00:00:02.0305015" startTime="2026-09-10T16:52:22.7252810+08:00" endTime="2026-09-10T16:52:24.7638009+08:00" testType="13cdc9d9-ddb5-4fa4-a97d-d965ccfc6d4b" outcome="Passed" testListId="8c84fa94-04c1-424b-9868-57a2d4851a1d" relativeResultsDirectory="ed789eef-4c43-411c-a522-ea4733b8ec7b" />
    <UnitTestResult executionId="0622f4c1-cfad-4866-b38b-4cb07b5a7da4" testId="e5a5e307-b020-3c1e-ceb6-167f479ae7a3" testName="ControlServer.Tests.WireToGateStoreTests.SessionStaysUsableWhileOurOwnSlotOperationHoldsASlotUnlocked" computerName="LAB-WIN-01" duration="00:00:00.2567193" startTime="2026-09-10T16:52:24.4252640+08:00" endTime="2026-09-10T16:52:24.6820682+08:00" testType="13cdc9d9-ddb5-4fa4-a97d-d965ccfc6d4b" outcome="Passed" testListId="8c84fa94-04c1-424b-9868-57a2d4851a1d" relativeResultsDirectory="0622f4c1-cfad-4866-b38b-4cb07b5a7da4" />
    <UnitTestResult executionId="0f86c284-1466-4569-a5d2-bea51a96a5bf" testId="ec04c168-e2a2-0157-e467-b76c94d475dc" testName="ControlServer.Tests.WireToGateStoreTests.AFailedLoadWithOneUnknownSlotIsStillARecovery" computerName="LAB-WIN-01" duration="00:00:00.0859013" startTime="2026-09-10T16:52:24.9416793+08:00" endTime="2026-09-10T16:52:25.0276472+08:00" testType="13cdc9d9-ddb5-4fa4-a97d-d965ccfc6d4b" outcome="Passed" testListId="8c84fa94-04c1-424b-9868-57a2d4851a1d" relativeResultsDirectory="0f86c284-1466-4569-a5d2-bea51a96a5bf" />
    <UnitTestResult executionId="c441504d-c487-4a8d-b6b6-2611a902c910" testId="b820a8bd-f704-b92f-ff26-0b2112e5da7e" testName="ControlServer.Tests.JourneyRuntimeWorkerTests.TheFirstSuppressionOfABusinessKeyIsTheOneThatStands" computerName="LAB-WIN-01" duration="00:00:00.0469379" startTime="2026-09-10T16:52:34.3794511+08:00" endTime="2026-09-10T16:52:34.4264772+08:00" testType="13cdc9d9-ddb5-4fa4-a97d-d965ccfc6d4b" outcome="Passed" testListId="8c84fa94-04c1-424b-9868-57a2d4851a1d" relativeResultsDirectory="c441504d-c487-4a8d-b6b6-2611a902c910" />
    <UnitTestResult executionId="b4db9f0e-d35f-46b1-b882-6dc74efe8140" testId="b40bb3a6-90c0-15cc-ea87-57a877b9d283" testName="ControlServer.Tests.WireToGateStoreTests.AnUnloadThatMissedItsTargetStillNeedsRecoveryHoweverCompleteItsEvidenceIs" computerName="LAB-WIN-01" duration="00:00:00.1464002" startTime="2026-09-10T16:52:24.6859790+08:00" endTime="2026-09-10T16:52:24.8324825+08:00" testType="13cdc9d9-ddb5-4fa4-a97d-d965ccfc6d4b" outcome="Passed" testListId="8c84fa94-04c1-424b-9868-57a2d4851a1d" relativeResultsDirectory="b4db9f0e-d35f-46b1-b882-6dc74efe8140" />
    <UnitTestResult executionId="aee0bbed-3a18-4457-927d-f0c474e474cf" testId="663fd57b-adc9-6250-7f73-2447a121773c" testName="ControlServer.Tests.JourneyRuntimeWorkerTests.TheSublotWaitTimeoutStopsApplyingOnceTheLoadIsUnderway" computerName="LAB-WIN-01" duration="00:00:00.1422608" startTime="2026-09-10T16:52:25.3429358+08:00" endTime="2026-09-10T16:52:25.4852484+08:00" testType="13cdc9d9-ddb5-4fa4-a97d-d965ccfc6d4b" outcome="Passed" testListId="8c84fa94-04c1-424b-9868-57a2d4851a1d" relativeResultsDirectory="aee0bbed-3a18-4457-927d-f0c474e474cf" />
    <UnitTestResult executionId="8b0fb176-1cd4-465e-a194-a00908bdd096" testId="2a5eae2f-00fe-5f7d-49d0-3b6b37ed2911" testName="ControlServer.Tests.WireToGateStoreTests.UnsafeCompletedOperationResultIsDurableButMovesDemandToRecovery" computerName="LAB-WIN-01" duration="00:00:00.1048681" startTime="2026-09-10T16:52:25.0303712+08:00" endTime="2026-09-10T16:52:25.1352928+08:00" testType="13cdc9d9-ddb5-4fa4-a97d-d965ccfc6d4b" outcome="Passed" testListId="8c84fa94-04c1-424b-9868-57a2d4851a1d" relativeResultsDirectory="8b0fb176-1cd4-465e-a194-a00908bdd096" />
    <UnitTestResult executionId="ebe14783-bac0-4b98-aa61-d94262e5a15d" testId="0c8b910a-5dcd-a2c4-9e33-0ede3f2b4ff4" testName="ControlServer.Tests.HttpSublotBoxCountReaderTests.ReadsOnlyTheConfiguredBoundSublotQueryAndValidatesResponseIdentity" computerName="LAB-WIN-01" duration="00:00:00.1071351" startTime="2026-09-10T16:52:22.7253195+08:00" endTime="2026-09-10T16:52:22.8405609+08:00" testType="13cdc9d9-ddb5-4fa4-a97d-d965ccfc6d4b" outcome="Passed" testListId="8c84fa94-04c1-424b-9868-57a2d4851a1d" relativeResultsDirectory="ebe14783-bac0-4b98-aa61-d94262e5a15d" />
    <UnitTestResult executionId="f9578c42-5394-4124-8c94-24bcf2261e6f" testId="d449f0cf-22e3-f93d-7fa6-b41f37eba74d" testName="ControlServer.Tests.RecoveryStateMachineG2Tests.ACancellationRaisedBeforeAnySlotOperationEndsTheDemandAsItIsAuthorised" computerName="LAB-WIN-01" duration="00:00:00.1033294" startTime="2026-09-10T16:52:25.1983335+08:00" endTime="2026-09-10T16:52:25.3017456+08:00" testType="13cdc9d9-ddb5-4fa4-a97d-d965ccfc6d4b" outcome="Passed" testListId="8c84fa94-04c1-424b-9868-57a2d4851a1d" relativeResultsDirectory="f9578c42-5394-4124-8c94-24bcf2261e6f" />
    <UnitTestResult executionId="6a2db8e4-38d7-4406-913f-d3b3228ac720" testId="66ecd70b-ccec-4d92-8ea6-0465254d6308" testName="ControlServer.Tests.AdmissionPolicyStoreTests.VersionedImportIsAuditedAndSameVersionCannotChangeContent" computerName="LAB-WIN-01" duration="00:00:00.2475595" startTime="2026-09-10T16:52:24.4574316+08:00" endTime="2026-09-10T16:52:24.7050705+08:00" testType="13cdc9d9-ddb5-4fa4-a97d-d965ccfc6d4b" outcome="Passed" testListId="8c84fa94-04c1-424b-9868-57a2d4851a1d" relativeResultsDirectory="6a2db8e4-38d7-4406-913f-d3b3228ac720" />
    <UnitTestResult executionId="4269397c-03ea-469a-a928-757b29414029" testId="86e9d892-8ed7-b674-1022-2430dbe22180" testName="ControlServer.Tests.RecoveryStateMachineG2Tests.CancellingBeforeLoadRefusesADemandWhoseSlotOperationWasAlreadyCommanded" computerName="LAB-WIN-01" duration="00:00:00.1267330" startTime="2026-09-10T16:52:25.0693609+08:00" endTime="2026-09-10T16:52:25.1961588+08:00" testType="13cdc9d9-ddb5-4fa4-a97d-d965ccfc6d4b" outcome="Passed" testListId="8c84fa94-04c1-424b-9868-57a2d4851a1d" relativeResultsDirectory="4269397c-03ea-469a-a928-757b29414029" />
    <UnitTestResult executionId="5a44baec-4fa7-40e7-a67b-d01e3e164871" testId="c93a425d-fc53-b9c3-767d-5e8bb0d141d1" testName="ControlServer.Tests.JourneyRuntimeWorkerTests.TheDoorAlarmIsWithdrawnOnceTheDoorIsShutAgain" computerName="LAB-WIN-01" duration="00:00:00.0534683" startTime="2026-09-10T16:52:34.4834702+08:00" endTime="2026-09-10T16:52:34.5369920+08:00" testType="13cdc9d9-ddb5-4fa4-a97d-d965ccfc6d4b" outcome="Passed" testListId="8c84fa94-04c1-424b-9868-57a2d4851a1d" relativeResultsDirectory="5a44baec-4fa7-40e7-a67b-d01e3e164871" />
    <UnitTestResult executionId="769b65b5-7910-45cc-a594-7db93e53d40c" testId="0ab6b6e6-15ae-c2fb-9d0d-101a786f180f" testName="ControlServer.Tests.RecoveryStateMachineG2Tests.CancellingBeforeLoadIsIdempotentAndRefusesToUndoACompletedDemand" computerName="LAB-WIN-01" duration="00:00:01.7844205" startTime="2026-09-10T16:52:22.7252738+08:00" endTime="2026-09-10T16:52:24.5178115+08:00" testType="13cdc9d9-ddb5-4fa4-a97d-d965ccfc6d4b" outcome="Passed" testListId="8c84fa94-04c1-424b-9868-57a2d4851a1d" relativeResultsDirectory="769b65b5-7910-45cc-a594-7db93e53d40c" />
    <UnitTestResult executionId="0470302e-b5a5-4df0-a69c-dae98358c557" testId="80b2895b-37dc-c3b8-b332-bc47c643115a" testName="ControlServer.Tests.RecoveryStateMachineG2Tests.FailedCompensationResultIsDurableReplayableAndNeverReleasesDemandOrVehicle" computerName="LAB-WIN-01" duration="00:00:00.5490307" startTime="2026-09-10T16:52:24.5191760+08:00" endTime="2026-09-10T16:52:25.0682941+08:00" testType="13cdc9d9-ddb5-4fa4-a97d-d965ccfc6d4b" outcome="Passed" testListId="8c84fa94-04c1-424b-9868-57a2d4851a1d" relativeResultsDirectory="0470302e-b5a5-4df0-a69c-dae98358c557" />
    <UnitTestResult executionId="78f83f00-5dbe-4a4f-bf64-3386343dc9f9" testId="ea7f48d2-3489-d7c2-89cc-8954ecf66abb" testName="ControlServer.Tests.JourneyRuntimeWorkerTests.TheEntryRequestNamesEverySublotTheOperatorMayEnter" computerName="LAB-WIN-01" duration="00:00:00.0755673" startTime="2026-09-10T16:52:32.0859190+08:00" endTime="2026-09-10T16:52:32.1616523+08:00" testType="13cdc9d9-ddb5-4fa4-a97d-d965ccfc6d4b" outcome="Passed" testListId="8c84fa94-04c1-424b-9868-57a2d4851a1d" relativeResultsDirectory="78f83f00-5dbe-4a4f-bf64-3386343dc9f9" />
    <UnitTestResult executionId="de018560-34b1-4dc2-bef1-cefc489021e3" testId="f50fdbc2-1017-1041-bd33-8532bdd1ae82" testName="ControlServer.Tests.WireToGateStoreTests.ALoadFailureWithCompleteEvidenceSettlesWithoutAskingForRecovery" computerName="LAB-WIN-01" duration="00:00:00.1063348" startTime="2026-09-10T16:52:24.8337611+08:00" endTime="2026-09-10T16:52:24.9401605+08:00" testType="13cdc9d9-ddb5-4fa4-a97d-d965ccfc6d4b" outcome="Passed" testListId="8c84fa94-04c1-424b-9868-57a2d4851a1d" relativeResultsDirectory="de018560-34b1-4dc2-bef1-cefc489021e3" />
    <UnitTestResult executionId="7152f5e1-1abe-49e0-ba3c-47cc3408fec4" testId="9ef25098-0428-dc0c-14c4-486452ae324a" testName="ControlServer.Tests.JourneyRuntimeWorkerTests.APickupStopWithNothingToLoadEndsTheDemandWhenTheSublotWaitExpiresAndFreesTheVehicle" computerName="LAB-WIN-01" duration="00:00:00.0553856" startTime="2026-09-10T16:52:34.1946215+08:00" endTime="2026-09-10T16:52:34.2501217+08:00" testType="13cdc9d9-ddb5-4fa4-a97d-d965ccfc6d4b" outcome="Passed" testListId="8c84fa94-04c1-424b-9868-57a2d4851a1d" relativeResultsDirectory="7152f5e1-1abe-49e0-ba3c-47cc3408fec4" />
    <UnitTestResult executionId="e9f34395-dd00-4e36-bd62-bc220f0447d5" testId="68b7ddeb-9cbb-d5fe-a7e6-f23a118cf1c0" testName="ControlServer.Tests.JourneyRuntimeWorkerTests.ABlockedJourneyKeepsTheVehicleOutOfEveryOtherDemand" computerName="LAB-WIN-01" duration="00:00:00.1702153" startTime="2026-09-10T16:52:27.5964837+08:00" endTime="2026-09-10T16:52:27.7668158+08:00" testType="13cdc9d9-ddb5-4fa4-a97d-d965ccfc6d4b" outcome="Passed" testListId="8c84fa94-04c1-424b-9868-57a2d4851a1d" relativeResultsDirectory="e9f34395-dd00-4e36-bd62-bc220f0447d5" />
    <UnitTestResult executionId="bb62eb0d-8f88-4d26-b732-48a63625843d" testId="66afb9d6-4432-99fb-2091-400dedd0029d" testName="ControlServer.Tests.RecoveryStateMachineG2Tests.FormalCorrectionAndFaultCommandsUseDurableOutboxReplayAndExactAck" computerName="LAB-WIN-01" duration="00:00:00.1009213" startTime="2026-09-10T16:52:25.3034931+08:00" endTime="2026-09-10T16:52:25.4044731+08:00" testType="13cdc9d9-ddb5-4fa4-a97d-d965ccfc6d4b" outcome="Passed" testListId="8c84fa94-04c1-424b-9868-57a2d4851a1d" relativeResultsDirectory="bb62eb0d-8f88-4d26-b732-48a63625843d" />
    <UnitTestResult executionId="53517dc6-4bac-4376-aa02-d483368a1d54" testId="85f3ac58-dbb2-7cc1-86f3-199619ba3343" testName="ControlServer.Tests.JourneyRuntimeWorkerTests.AnExpiredStationDeadlineDoesNotCloseTheStopOnAnUnreadableSafetyPicture" computerName="LAB-WIN-01" duration="00:00:00.0498698" startTime="2026-09-10T16:52:34.5378071+08:00" endTime="2026-09-10T16:52:34.5877335+08:00" testType="13cdc9d9-ddb5-4fa4-a97d-d965ccfc6d4b" outcome="Passed" testListId="8c84fa94-04c1-424b-9868-57a2d4851a1d" relativeResultsDirectory="53517dc6-4bac-4376-aa02-d483368a1d54" />
    <UnitTestResult executionId="0b35746a-f80c-4329-b3e6-5b2414a76999" testId="0587b802-8146-7827-70be-986eec36c8a5" testName="ControlServer.Tests.JourneyRuntimeWorkerTests.ADeterminateLoadFailureDoesNotBlockTheJourney" computerName="LAB-WIN-01" duration="00:00:00.0551725" startTime="2026-09-10T16:52:34.4274327+08:00" endTime="2026-09-10T16:52:34.4826661+08:00" testType="13cdc9d9-ddb5-4fa4-a97d-d965ccfc6d4b" outcome="Passed" testListId="8c84fa94-04c1-424b-9868-57a2d4851a1d" relativeResultsDirectory="0b35746a-f80c-4329-b3e6-5b2414a76999" />
    <UnitTestResult executionId="380f7619-4b57-4a74-8425-dc2c871b6857" testId="b52b60d8-6ccb-de7e-a530-d422e4cb2e46" testName="ControlServer.Tests.JourneyRuntimeWorkerTests.AnExpiredDeadlineRaisesTheDoorAlarmWhileALoadIsStillUnderway" computerName="LAB-WIN-01" duration="00:00:00.0957802" startTime="2026-09-10T16:52:31.9891888+08:00" endTime="2026-09-10T16:52:32.0850401+08:00" testType="13cdc9d9-ddb5-4fa4-a97d-d965ccfc6d4b" outcome="Passed" testListId="8c84fa94-04c1-424b-9868-57a2d4851a1d" relativeResultsDirectory="380f7619-4b57-4a74-8425-dc2c871b6857" />
    <UnitTestResult executionId="cb35611e-e74e-492d-8425-d3935cba22b9" testId="2324d771-af67-808c-fdf8-34f1c93f4a0d" testName="ControlServer.Tests.JourneyRuntimeWorkerTests.AnOpenDoorNoCommandOfOursExplainsLeavesTheSessionUnusable" computerName="LAB-WIN-01" duration="00:00:00.0578332" startTime="2026-09-10T16:52:34.5887540+08:00" endTime="2026-09-10T16:52:34.6466916+08:00" testType="13cdc9d9-ddb5-4fa4-a97d-d965ccfc6d4b" outcome="Passed" testListId="8c84fa94-04c1-424b-9868-57a2d4851a1d" relativeResultsDirectory="cb35611e-e74e-492d-8425-d3935cba22b9" />
    <UnitTestResult executionId="64ec3966-f314-40b1-b860-225aeb135077" testId="5371b0dd-e778-43e6-86bb-0e1115f787d0" testName="ControlServer.Tests.OnboardJourneyPublisherTests.CoreJourneyCommandsEmitFormalSchemaPayloadsWithExactCorrelationRules" computerName="LAB-WIN-01" duration="00:00:01.6910234" startTime="2026-09-10T16:52:22.7253082+08:00" endTime="2026-09-10T16:52:24.4244077+08:00" testType="13cdc9d9-ddb5-4fa4-a97d-d965ccfc6d4b" outcome="Passed" testListId="8c84fa94-04c1-424b-9868-57a2d4851a1d" relativeResultsDirectory="64ec3966-f314-40b1-b860-225aeb135077" />
    <UnitTestResult executionId="b8efb5c9-d891-4117-9eb1-f4ab5b05f419" testId="579e4467-6193-b845-1b6e-9a64a688f45d" testName="ControlServer.Tests.JourneyRuntimeWorkerTests.AnExpiredStationDeadlineDoesNotCloseTheStopWhileASlotDoorIsStillOpen" computerName="LAB-WIN-01" duration="00:00:00.0679231" startTime="2026-09-10T16:52:34.6481867+08:00" endTime="2026-09-10T16:52:34.7161858+08:00" testType="13cdc9d9-ddb5-4fa4-a97d-d965ccfc6d4b" outcome="Passed" testListId="8c84fa94-04c1-424b-9868-57a2d4851a1d" relativeResultsDirectory="b8efb5c9-d891-4117-9eb1-f4ab5b05f419" />
    <UnitTestResult executionId="30136bf2-68a8-4b64-9528-30207f414e53" testId="9109b0a1-d102-a272-6d0c-ef572b46e510" testName="ControlServer.Tests.JourneyRuntimeWorkerTests.AResultThatTurnsTheSessionRecoveryRequiredStillBlocksTheJourneyForItsOwnReason" computerName="LAB-WIN-01" duration="00:00:00.2051945" startTime="2026-09-10T16:52:25.1368070+08:00" endTime="2026-09-10T16:52:25.3420567+08:00" testType="13cdc9d9-ddb5-4fa4-a97d-d965ccfc6d4b" outcome="Passed" testListId="8c84fa94-04c1-424b-9868-57a2d4851a1d" relativeResultsDirectory="30136bf2-68a8-4b64-9528-30207f414e53" />
    <UnitTestResult executionId="7af13f60-6940-43c1-afef-499b0af41746" testId="44e2e606-3c94-36c0-11b9-2dabd826dd85" testName="ControlServer.Tests.JourneyRuntimeWorkerTests.CancellingTheOnlyLoadAtAStopEndsTheStopAndTheCargoAboardStillReachesTheGate" computerName="LAB-WIN-01" duration="00:00:04.0939960" startTime="2026-09-10T16:52:27.7695801+08:00" endTime="2026-09-10T16:52:31.8637023+08:00" testType="13cdc9d9-ddb5-4fa4-a97d-d965ccfc6d4b" outcome="Passed" testListId="8c84fa94-04c1-424b-9868-57a2d4851a1d" relativeResultsDirectory="7af13f60-6940-43c1-afef-499b0af41746" />
    <UnitTestResult executionId="cafd2722-d5b3-4ed5-819d-7186a66bb86f" testId="f2371ac8-bd30-26e5-c882-07540d262338" testName="ControlServer.Tests.JourneyRuntimeOptionsTests.EnabledRuntimeRejectsCrossOriginSublotQueryPath" computerName="LAB-WIN-01" duration="00:00:00.0316403" startTime="2026-09-10T16:52:22.7252688+08:00" endTime="2026-09-10T16:52:22.7686060+08:00" testType="13cdc9d9-ddb5-4fa4-a97d-d965ccfc6d4b" outcome="Passed" testListId="8c84fa94-04c1-424b-9868-57a2d4851a1d" relativeResultsDirectory="cafd2722-d5b3-4ed5-819d-7186a66bb86f" />
    <UnitTestResult executionId="355ea88b-2c24-4e99-91f2-ecce1783f596" testId="44cfe863-5e4f-26d2-9c8a-ea16b6ca8e1e" testName="ControlServer.Tests.JourneyRuntimeWorkerTests.ASublotWaitTimeoutOfZeroLeavesTheStopOpenIndefinitely" computerName="LAB-WIN-01" duration="00:00:00.0441826" startTime="2026-09-10T16:52:34.3342412+08:00" endTime="2026-09-10T16:52:34.3784846+08:00" testType="13cdc9d9-ddb5-4fa4-a97d-d965ccfc6d4b" outcome="Passed" testListId="8c84fa94-04c1-424b-9868-57a2d4851a1d" relativeResultsDirectory="355ea88b-2c24-4e99-91f2-ecce1783f596" />
  </Results>
  <TestDefinitions>
    <UnitTest name="ControlServer.Tests.JourneyRuntimeWorkerTests.CancellingTheLoadInFlightLeavesTheStopFreeToLoadItsRemainingDemands" storage="c:\users\szy\8005-wt\cs-33\tests\controlserver.tests\bin\release\net8.0\win-x64\controlserver.tests.dll" id="fae0be51-78b8-4961-cda1-1da3b89f4884">
      <Execution id="4222b605-302c-4556-a4fb-4efd9693b1c7" />
      <TestMethod codeBase="C:\Users\szy\8005-wt\cs-33\tests\ControlServer.Tests\bin\Release\net8.0\win-x64\ControlServer.Tests.dll" adapterTypeName="executor://xunit/VsTestRunner3/netcore/" className="ControlServer.Tests.JourneyRuntimeWorkerTests" name="CancellingTheLoadInFlightLeavesTheStopFreeToLoadItsRemainingDemands" />
    </UnitTest>
    <UnitTest name="ControlServer.Tests.JourneyRuntimeWorkerTests.TheFirstSuppressionOfABusinessKeyIsTheOneThatStands" storage="c:\users\szy\8005-wt\cs-33\tests\controlserver.tests\bin\release\net8.0\win-x64\controlserver.tests.dll" id="b820a8bd-f704-b92f-ff26-0b2112e5da7e">
      <Execution id="c441504d-c487-4a8d-b6b6-2611a902c910" />
      <TestMethod codeBase="C:\Users\szy\8005-wt\cs-33\tests\ControlServer.Tests\bin\Release\net8.0\win-x64\ControlServer.Tests.dll" adapterTypeName="executor://xunit/VsTestRunner3/netcore/" className="ControlServer.Tests.JourneyRuntimeWorkerTests" name="TheFirstSuppressionOfABusinessKeyIsTheOneThatStands" />
    </UnitTest>
    <UnitTest name="ControlServer.Tests.JourneyRuntimeWorkerTests.TheSublotWaitTimeoutStopsApplyingOnceTheLoadIsUnderway" storage="c:\users\szy\8005-wt\cs-33\tests\controlserver.tests\bin\release\net8.0\win-x64\controlserver.tests.dll" id="663fd57b-adc9-6250-7f73-2447a121773c">
      <Execution id="aee0bbed-3a18-4457-927d-f0c474e474cf" />
      <TestMethod codeBase="C:\Users\szy\8005-wt\cs-33\tests\ControlServer.Tests\bin\Release\net8.0\win-x64\ControlServer.Tests.dll" adapterTypeName="executor://xunit/VsTestRunner3/netcore/" className="ControlServer.Tests.JourneyRuntimeWorkerTests" name="TheSublotWaitTimeoutStopsApplyingOnceTheLoadIsUnderway" />
    </UnitTest>
    <UnitTest name="ControlServer.Tests.JourneyRuntimeWorkerTests.ASublotWhosePackageLostItsCapacityIsRefusedWithTheRealReasonAndOpensNoSlot" storage="c:\users\szy\8005-wt\cs-33\tests\controlserver.tests\bin\release\net8.0\win-x64\controlserver.tests.dll" id="cf63deb9-eb64-7f17-87b9-44a80bc4ef3b">
      <Execution id="7610add6-661b-4f38-a58a-688b1b1865d9" />
      <TestMethod codeBase="C:\Users\szy\8005-wt\cs-33\tests\ControlServer.Tests\bin\Release\net8.0\win-x64\ControlServer.Tests.dll" adapterTypeName="executor://xunit/VsTestRunner3/netcore/" className="ControlServer.Tests.JourneyRuntimeWorkerTests" name="ASublotWhosePackageLostItsCapacityIsRefusedWithTheRealReasonAndOpensNoSlot" />
    </UnitTest>
    <UnitTest name="ControlServer.Tests.JourneyRuntimeWorkerTests.AnExpiredStationDeadlineDoesNotCloseTheStopWhileASlotDoorIsStillOpen" storage="c:\users\szy\8005-wt\cs-33\tests\controlserver.tests\bin\release\net8.0\win-x64\controlserver.tests.dll" id="579e4467-6193-b845-1b6e-9a64a688f45d">
      <Execution id="b8efb5c9-d891-4117-9eb1-f4ab5b05f419" />
      <TestMethod codeBase="C:\Users\szy\8005-wt\cs-33\tests\ControlServer.Tests\bin\Release\net8.0\win-x64\ControlServer.Tests.dll" adapterTypeName="executor://xunit/VsTestRunner3/netcore/" className="ControlServer.Tests.JourneyRuntimeWorkerTests" name="AnExpiredStationDeadlineDoesNotCloseTheStopWhileASlotDoorIsStillOpen" />
    </UnitTest>
    <UnitTest name="ControlServer.Tests.JourneyRuntimeOptionsTests.EnabledRuntimeRejectsCrossOriginSublotQueryPath" storage="c:\users\szy\8005-wt\cs-33\tests\controlserver.tests\bin\release\net8.0\win-x64\controlserver.tests.dll" id="f2371ac8-bd30-26e5-c882-07540d262338">
      <Execution id="cafd2722-d5b3-4ed5-819d-7186a66bb86f" />
      <TestMethod codeBase="C:\Users\szy\8005-wt\cs-33\tests\ControlServer.Tests\bin\Release\net8.0\win-x64\ControlServer.Tests.dll" adapterTypeName="executor://xunit/VsTestRunner3/netcore/" className="ControlServer.Tests.JourneyRuntimeOptionsTests" name="EnabledRuntimeRejectsCrossOriginSublotQueryPath" />
    </UnitTest>
    <UnitTest name="ControlServer.Tests.JourneyRuntimeWorkerTests.ASublotWhoseBoxCountGrewSinceDispatchIsRefusedRatherThanLoadedIntoTooFewSlots" storage="c:\users\szy\8005-wt\cs-33\tests\controlserver.tests\bin\release\net8.0\win-x64\controlserver.tests.dll" id="749e562b-6d62-e771-cde7-e7bd4fccb595">
      <Execution id="cbc8df29-2f4b-41c4-be00-e950bc146543" />
      <TestMethod codeBase="C:\Users\szy\8005-wt\cs-33\tests\ControlServer.Tests\bin\Release\net8.0\win-x64\ControlServer.Tests.dll" adapterTypeName="executor://xunit/VsTestRunner3/netcore/" className="ControlServer.Tests.JourneyRuntimeWorkerTests" name="ASublotWhoseBoxCountGrewSinceDispatchIsRefusedRatherThanLoadedIntoTooFewSlots" />
    </UnitTest>
    <UnitTest name="ControlServer.Tests.JourneyRuntimeWorkerTests.ProductionRuntimeResumesOneJourneyThroughTrustedArrivalsAndAtomicCompletion" storage="c:\users\szy\8005-wt\cs-33\tests\controlserver.tests\bin\release\net8.0\win-x64\controlserver.tests.dll" id="85a5ad86-5c5e-0221-4945-6c2c0c9bde02">
      <Execution id="c10ecab0-7740-49d3-b60d-435b1b1998fe" />
      <TestMethod codeBase="C:\Users\szy\8005-wt\cs-33\tests\ControlServer.Tests\bin\Release\net8.0\win-x64\ControlServer.Tests.dll" adapterTypeName="executor://xunit/VsTestRunner3/netcore/" className="ControlServer.Tests.JourneyRuntimeWorkerTests" name="ProductionRuntimeResumesOneJourneyThroughTrustedArrivalsAndAtomicCompletion" />
    </UnitTest>
    <UnitTest name="ControlServer.Tests.WireToGateStoreTests.SessionStaysUsableWhileOurOwnSlotOperationHoldsASlotUnlocked" storage="c:\users\szy\8005-wt\cs-33\tests\controlserver.tests\bin\release\net8.0\win-x64\controlserver.tests.dll" id="e5a5e307-b020-3c1e-ceb6-167f479ae7a3">
      <Execution id="0622f4c1-cfad-4866-b38b-4cb07b5a7da4" />
      <TestMethod codeBase="C:\Users\szy\8005-wt\cs-33\tests\ControlServer.Tests\bin\Release\net8.0\win-x64\ControlServer.Tests.dll" adapterTypeName="executor://xunit/VsTestRunner3/netcore/" className="ControlServer.Tests.WireToGateStoreTests" name="SessionStaysUsableWhileOurOwnSlotOperationHoldsASlotUnlocked" />
    </UnitTest>
    <UnitTest name="ControlServer.Tests.JourneyRuntimeWorkerTests.TheEntryRequestNamesEverySublotTheOperatorMayEnter" storage="c:\users\szy\8005-wt\cs-33\tests\controlserver.tests\bin\release\net8.0\win-x64\controlserver.tests.dll" id="ea7f48d2-3489-d7c2-89cc-8954ecf66abb">
      <Execution id="78f83f00-5dbe-4a4f-bf64-3386343dc9f9" />
      <TestMethod codeBase="C:\Users\szy\8005-wt\cs-33\tests\ControlServer.Tests\bin\Release\net8.0\win-x64\ControlServer.Tests.dll" adapterTypeName="executor://xunit/VsTestRunner3/netcore/" className="ControlServer.Tests.JourneyRuntimeWorkerTests" name="TheEntryRequestNamesEverySublotTheOperatorMayEnter" />
    </UnitTest>
    <UnitTest name="ControlServer.Tests.OnboardMessageProcessorTests.OnboardBusinessMessagesAreDurablyAcknowledgedAndOperationResultIsUniquePerAttempt" storage="c:\users\szy\8005-wt\cs-33\tests\controlserver.tests\bin\release\net8.0\win-x64\controlserver.tests.dll" id="b447fab4-6fb5-cb1a-6869-d0e050f8901d">
      <Execution id="ed789eef-4c43-411c-a522-ea4733b8ec7b" />
      <TestMethod codeBase="C:\Users\szy\8005-wt\cs-33\tests\ControlServer.Tests\bin\Release\net8.0\win-x64\ControlServer.Tests.dll" adapterTypeName="executor://xunit/VsTestRunner3/netcore/" className="ControlServer.Tests.OnboardMessageProcessorTests" name="OnboardBusinessMessagesAreDurablyAcknowledgedAndOperationResultIsUniquePerAttempt" />
    </UnitTest>
    <UnitTest name="ControlServer.Tests.RecoveryStateMachineG2Tests.FailedCompensationResultIsDurableReplayableAndNeverReleasesDemandOrVehicle" storage="c:\users\szy\8005-wt\cs-33\tests\controlserver.tests\bin\release\net8.0\win-x64\controlserver.tests.dll" id="80b2895b-37dc-c3b8-b332-bc47c643115a">
      <Execution id="0470302e-b5a5-4df0-a69c-dae98358c557" />
      <TestMethod codeBase="C:\Users\szy\8005-wt\cs-33\tests\ControlServer.Tests\bin\Release\net8.0\win-x64\ControlServer.Tests.dll" adapterTypeName="executor://xunit/VsTestRunner3/netcore/" className="ControlServer.Tests.RecoveryStateMachineG2Tests" name="FailedCompensationResultIsDurableReplayableAndNeverReleasesDemandOrVehicle" />
    </UnitTest>
    <UnitTest name="ControlServer.Tests.JourneyRuntimeWorkerTests.ASublotWaitTimeoutOfZeroLeavesTheStopOpenIndefinitely" storage="c:\users\szy\8005-wt\cs-33\tests\controlserver.tests\bin\release\net8.0\win-x64\controlserver.tests.dll" id="44cfe863-5e4f-26d2-9c8a-ea16b6ca8e1e">
      <Execution id="355ea88b-2c24-4e99-91f2-ecce1783f596" />
      <TestMethod codeBase="C:\Users\szy\8005-wt\cs-33\tests\ControlServer.Tests\bin\Release\net8.0\win-x64\ControlServer.Tests.dll" adapterTypeName="executor://xunit/VsTestRunner3/netcore/" className="ControlServer.Tests.JourneyRuntimeWorkerTests" name="ASublotWaitTimeoutOfZeroLeavesTheStopOpenIndefinitely" />
    </UnitTest>
    <UnitTest name="ControlServer.Tests.AdmissionPolicyStoreTests.VersionedImportIsAuditedAndSameVersionCannotChangeContent" storage="c:\users\szy\8005-wt\cs-33\tests\controlserver.tests\bin\release\net8.0\win-x64\controlserver.tests.dll" id="66ecd70b-ccec-4d92-8ea6-0465254d6308">
      <Execution id="6a2db8e4-38d7-4406-913f-d3b3228ac720" />
      <TestMethod codeBase="C:\Users\szy\8005-wt\cs-33\tests\ControlServer.Tests\bin\Release\net8.0\win-x64\ControlServer.Tests.dll" adapterTypeName="executor://xunit/VsTestRunner3/netcore/" className="ControlServer.Tests.AdmissionPolicyStoreTests" name="VersionedImportIsAuditedAndSameVersionCannotChangeContent" />
    </UnitTest>
    <UnitTest name="ControlServer.Tests.WireToGateStoreTests.ALoadFailureWithCompleteEvidenceSettlesWithoutAskingForRecovery" storage="c:\users\szy\8005-wt\cs-33\tests\controlserver.tests\bin\release\net8.0\win-x64\controlserver.tests.dll" id="f50fdbc2-1017-1041-bd33-8532bdd1ae82">
      <Execution id="de018560-34b1-4dc2-bef1-cefc489021e3" />
      <TestMethod codeBase="C:\Users\szy\8005-wt\cs-33\tests\ControlServer.Tests\bin\Release\net8.0\win-x64\ControlServer.Tests.dll" adapterTypeName="executor://xunit/VsTestRunner3/netcore/" className="ControlServer.Tests.WireToGateStoreTests" name="ALoadFailureWithCompleteEvidenceSettlesWithoutAskingForRecovery" />
    </UnitTest>
    <UnitTest name="ControlServer.Tests.JourneyRuntimeWorkerTests.AnOpenDoorNoCommandOfOursExplainsLeavesTheSessionUnusable" storage="c:\users\szy\8005-wt\cs-33\tests\controlserver.tests\bin\release\net8.0\win-x64\controlserver.tests.dll" id="2324d771-af67-808c-fdf8-34f1c93f4a0d">
      <Execution id="cb35611e-e74e-492d-8425-d3935cba22b9" />
      <TestMethod codeBase="C:\Users\szy\8005-wt\cs-33\tests\ControlServer.Tests\bin\Release\net8.0\win-x64\ControlServer.Tests.dll" adapterTypeName="executor://xunit/VsTestRunner3/netcore/" className="ControlServer.Tests.JourneyRuntimeWorkerTests" name="AnOpenDoorNoCommandOfOursExplainsLeavesTheSessionUnusable" />
    </UnitTest>
    <UnitTest name="ControlServer.Tests.RecoveryStateMachineG2Tests.FormalCorrectionAndFaultCommandsUseDurableOutboxReplayAndExactAck" storage="c:\users\szy\8005-wt\cs-33\tests\controlserver.tests\bin\release\net8.0\win-x64\controlserver.tests.dll" id="66afb9d6-4432-99fb-2091-400dedd0029d">
      <Execution id="bb62eb0d-8f88-4d26-b732-48a63625843d" />
      <TestMethod codeBase="C:\Users\szy\8005-wt\cs-33\tests\ControlServer.Tests\bin\Release\net8.0\win-x64\ControlServer.Tests.dll" adapterTypeName="executor://xunit/VsTestRunner3/netcore/" className="ControlServer.Tests.RecoveryStateMachineG2Tests" name="FormalCorrectionAndFaultCommandsUseDurableOutboxReplayAndExactAck" />
    </UnitTest>
    <UnitTest name="ControlServer.Tests.JourneyRuntimeWorkerTests.ACancelledDemandStaysBarredWhenMesIngestReissuesItUnderANewDemandId" storage="c:\users\szy\8005-wt\cs-33\tests\controlserver.tests\bin\release\net8.0\win-x64\controlserver.tests.dll" id="4b38f7ef-a460-e98d-f9e0-de20c2e93555">
      <Execution id="322d51ef-bb4a-4004-bafd-d3eaeb8d18eb" />
      <TestMethod codeBase="C:\Users\szy\8005-wt\cs-33\tests\ControlServer.Tests\bin\Release\net8.0\win-x64\ControlServer.Tests.dll" adapterTypeName="executor://xunit/VsTestRunner3/netcore/" className="ControlServer.Tests.JourneyRuntimeWorkerTests" name="ACancelledDemandStaysBarredWhenMesIngestReissuesItUnderANewDemandId" />
    </UnitTest>
    <UnitTest name="ControlServer.Tests.JourneyRuntimeWorkerTests.TheStationWaitEndsTheStopWhileTheCargoAlreadyAboardStillReachesTheGate" storage="c:\users\szy\8005-wt\cs-33\tests\controlserver.tests\bin\release\net8.0\win-x64\controlserver.tests.dll" id="66f902e5-12cc-8edd-1aa9-c59c70cabc01">
      <Execution id="c6eb4e87-6f32-4e28-8308-a19e0648eb8c" />
      <TestMethod codeBase="C:\Users\szy\8005-wt\cs-33\tests\ControlServer.Tests\bin\Release\net8.0\win-x64\ControlServer.Tests.dll" adapterTypeName="executor://xunit/VsTestRunner3/netcore/" className="ControlServer.Tests.JourneyRuntimeWorkerTests" name="TheStationWaitEndsTheStopWhileTheCargoAlreadyAboardStillReachesTheGate" />
    </UnitTest>
    <UnitTest name="ControlServer.Tests.HttpSublotBoxCountReaderTests.RejectsStaleBoxCountEvidence" storage="c:\users\szy\8005-wt\cs-33\tests\controlserver.tests\bin\release\net8.0\win-x64\controlserver.tests.dll" id="15cea23e-5f2c-6bf5-e2a9-57a6f277ac35">
      <Execution id="47a85ab2-42a3-47df-93af-677bd63f725f" />
      <TestMethod codeBase="C:\Users\szy\8005-wt\cs-33\tests\ControlServer.Tests\bin\Release\net8.0\win-x64\ControlServer.Tests.dll" adapterTypeName="executor://xunit/VsTestRunner3/netcore/" className="ControlServer.Tests.HttpSublotBoxCountReaderTests" name="RejectsStaleBoxCountEvidence" />
    </UnitTest>
    <UnitTest name="ControlServer.Tests.JourneyRuntimeWorkerTests.ABlockedJourneyKeepsTheVehicleOutOfEveryOtherDemand" storage="c:\users\szy\8005-wt\cs-33\tests\controlserver.tests\bin\release\net8.0\win-x64\controlserver.tests.dll" id="68b7ddeb-9cbb-d5fe-a7e6-f23a118cf1c0">
      <Execution id="e9f34395-dd00-4e36-bd62-bc220f0447d5" />
      <TestMethod codeBase="C:\Users\szy\8005-wt\cs-33\tests\ControlServer.Tests\bin\Release\net8.0\win-x64\ControlServer.Tests.dll" adapterTypeName="executor://xunit/VsTestRunner3/netcore/" className="ControlServer.Tests.JourneyRuntimeWorkerTests" name="ABlockedJourneyKeepsTheVehicleOutOfEveryOtherDemand" />
    </UnitTest>
    <UnitTest name="ControlServer.Tests.JourneyRuntimeWorkerTests.ADisconnectVoidsTheStationDeadlineAndTheClockRefillsAfterTheHandshake" storage="c:\users\szy\8005-wt\cs-33\tests\controlserver.tests\bin\release\net8.0\win-x64\controlserver.tests.dll" id="8c3059e8-cd6c-4a22-1752-2ef6e3f05594">
      <Execution id="3072c2d1-8362-4a59-9144-44f6138be04a" />
      <TestMethod codeBase="C:\Users\szy\8005-wt\cs-33\tests\ControlServer.Tests\bin\Release\net8.0\win-x64\ControlServer.Tests.dll" adapterTypeName="executor://xunit/VsTestRunner3/netcore/" className="ControlServer.Tests.JourneyRuntimeWorkerTests" name="ADisconnectVoidsTheStationDeadlineAndTheClockRefillsAfterTheHandshake" />
    </UnitTest>
    <UnitTest name="ControlServer.Tests.JourneyRuntimeWorkerTests.AResultThatTurnsTheSessionRecoveryRequiredStillBlocksTheJourneyForItsOwnReason" storage="c:\users\szy\8005-wt\cs-33\tests\controlserver.tests\bin\release\net8.0\win-x64\controlserver.tests.dll" id="9109b0a1-d102-a272-6d0c-ef572b46e510">
      <Execution id="30136bf2-68a8-4b64-9528-30207f414e53" />
      <TestMethod codeBase="C:\Users\szy\8005-wt\cs-33\tests\ControlServer.Tests\bin\Release\net8.0\win-x64\ControlServer.Tests.dll" adapterTypeName="executor://xunit/VsTestRunner3/netcore/" className="ControlServer.Tests.JourneyRuntimeWorkerTests" name="AResultThatTurnsTheSessionRecoveryRequiredStillBlocksTheJourneyForItsOwnReason" />
    </UnitTest>
    <UnitTest name="ControlServer.Tests.JourneyRuntimeWorkerTests.AnExpiredDeadlineRaisesTheDoorAlarmWhileALoadIsStillUnderway" storage="c:\users\szy\8005-wt\cs-33\tests\controlserver.tests\bin\release\net8.0\win-x64\controlserver.tests.dll" id="b52b60d8-6ccb-de7e-a530-d422e4cb2e46">
      <Execution id="380f7619-4b57-4a74-8425-dc2c871b6857" />
      <TestMethod codeBase="C:\Users\szy\8005-wt\cs-33\tests\ControlServer.Tests\bin\Release\net8.0\win-x64\ControlServer.Tests.dll" adapterTypeName="executor://xunit/VsTestRunner3/netcore/" className="ControlServer.Tests.JourneyRuntimeWorkerTests" name="AnExpiredDeadlineRaisesTheDoorAlarmWhileALoadIsStillUnderway" />
    </UnitTest>
    <UnitTest name="ControlServer.Tests.WireToGateStoreTests.SlotPlanAndReliableCommandAreAtomicAndBatchNeedsCompleteSafeEvidence" storage="c:\users\szy\8005-wt\cs-33\tests\controlserver.tests\bin\release\net8.0\win-x64\controlserver.tests.dll" id="7e717acc-014d-6f44-1ba4-31717f890232">
      <Execution id="21825eb5-91c2-47b0-a7c0-5b9a4345eddb" />
      <TestMethod codeBase="C:\Users\szy\8005-wt\cs-33\tests\ControlServer.Tests\bin\Release\net8.0\win-x64\ControlServer.Tests.dll" adapterTypeName="executor://xunit/VsTestRunner3/netcore/" className="ControlServer.Tests.WireToGateStoreTests" name="SlotPlanAndReliableCommandAreAtomicAndBatchNeedsCompleteSafeEvidence" />
    </UnitTest>
    <UnitTest name="ControlServer.Tests.JourneyRuntimeWorkerTests.ADoorOurOwnLoadHoldsOpenKeepsTheSessionReadyAndReachesTheAlarm" storage="c:\users\szy\8005-wt\cs-33\tests\controlserver.tests\bin\release\net8.0\win-x64\controlserver.tests.dll" id="6b987191-6951-b08d-fd33-2d4a024f4851">
      <Execution id="be051752-c66e-469b-9f53-3f9cc69148c8" />
      <TestMethod codeBase="C:\Users\szy\8005-wt\cs-33\tests\ControlServer.Tests\bin\Release\net8.0\win-x64\ControlServer.Tests.dll" adapterTypeName="executor://xunit/VsTestRunner3/netcore/" className="ControlServer.Tests.JourneyRuntimeWorkerTests" name="ADoorOurOwnLoadHoldsOpenKeepsTheSessionReadyAndReachesTheAlarm" />
    </UnitTest>
    <UnitTest name="ControlServer.Tests.JourneyRuntimeWorkerTests.AnExpiredStationDeadlineDoesNotCloseTheStopOnAnUnreadableSafetyPicture" storage="c:\users\szy\8005-wt\cs-33\tests\controlserver.tests\bin\release\net8.0\win-x64\controlserver.tests.dll" id="85f3ac58-dbb2-7cc1-86f3-199619ba3343">
      <Execution id="53517dc6-4bac-4376-aa02-d483368a1d54" />
      <TestMethod codeBase="C:\Users\szy\8005-wt\cs-33\tests\ControlServer.Tests\bin\Release\net8.0\win-x64\ControlServer.Tests.dll" adapterTypeName="executor://xunit/VsTestRunner3/netcore/" className="ControlServer.Tests.JourneyRuntimeWorkerTests" name="AnExpiredStationDeadlineDoesNotCloseTheStopOnAnUnreadableSafetyPicture" />
    </UnitTest>
    <UnitTest name="ControlServer.Tests.RecoveryStateMachineG2Tests.CancellingBeforeLoadIsIdempotentAndRefusesToUndoACompletedDemand" storage="c:\users\szy\8005-wt\cs-33\tests\controlserver.tests\bin\release\net8.0\win-x64\controlserver.tests.dll" id="0ab6b6e6-15ae-c2fb-9d0d-101a786f180f">
      <Execution id="769b65b5-7910-45cc-a594-7db93e53d40c" />
      <TestMethod codeBase="C:\Users\szy\8005-wt\cs-33\tests\ControlServer.Tests\bin\Release\net8.0\win-x64\ControlServer.Tests.dll" adapterTypeName="executor://xunit/VsTestRunner3/netcore/" className="ControlServer.Tests.RecoveryStateMachineG2Tests" name="CancellingBeforeLoadIsIdempotentAndRefusesToUndoACompletedDemand" />
    </UnitTest>
    <UnitTest name="ControlServer.Tests.RecoveryStateMachineG2Tests.CancellingBeforeLoadRefusesADemandWhoseSlotOperationWasAlreadyCommanded" storage="c:\users\szy\8005-wt\cs-33\tests\controlserver.tests\bin\release\net8.0\win-x64\controlserver.tests.dll" id="86e9d892-8ed7-b674-1022-2430dbe22180">
      <Execution id="4269397c-03ea-469a-a928-757b29414029" />
      <TestMethod codeBase="C:\Users\szy\8005-wt\cs-33\tests\ControlServer.Tests\bin\Release\net8.0\win-x64\ControlServer.Tests.dll" adapterTypeName="executor://xunit/VsTestRunner3/netcore/" className="ControlServer.Tests.RecoveryStateMachineG2Tests" name="CancellingBeforeLoadRefusesADemandWhoseSlotOperationWasAlreadyCommanded" />
    </UnitTest>
    <UnitTest name="ControlServer.Tests.WireToGateStoreTests.AnUnloadThatMissedItsTargetStillNeedsRecoveryHoweverCompleteItsEvidenceIs" storage="c:\users\szy\8005-wt\cs-33\tests\controlserver.tests\bin\release\net8.0\win-x64\controlserver.tests.dll" id="b40bb3a6-90c0-15cc-ea87-57a877b9d283">
      <Execution id="b4db9f0e-d35f-46b1-b882-6dc74efe8140" />
      <TestMethod codeBase="C:\Users\szy\8005-wt\cs-33\tests\ControlServer.Tests\bin\Release\net8.0\win-x64\ControlServer.Tests.dll" adapterTypeName="executor://xunit/VsTestRunner3/netcore/" className="ControlServer.Tests.WireToGateStoreTests" name="AnUnloadThatMissedItsTargetStillNeedsRecoveryHoweverCompleteItsEvidenceIs" />
    </UnitTest>
    <UnitTest name="ControlServer.Tests.WireToGateStoreTests.UnsafeCompletedOperationResultIsDurableButMovesDemandToRecovery" storage="c:\users\szy\8005-wt\cs-33\tests\controlserver.tests\bin\release\net8.0\win-x64\controlserver.tests.dll" id="2a5eae2f-00fe-5f7d-49d0-3b6b37ed2911">
      <Execution id="8b0fb176-1cd4-465e-a194-a00908bdd096" />
      <TestMethod codeBase="C:\Users\szy\8005-wt\cs-33\tests\ControlServer.Tests\bin\Release\net8.0\win-x64\ControlServer.Tests.dll" adapterTypeName="executor://xunit/VsTestRunner3/netcore/" className="ControlServer.Tests.WireToGateStoreTests" name="UnsafeCompletedOperationResultIsDurableButMovesDemandToRecovery" />
    </UnitTest>
    <UnitTest name="ControlServer.Tests.HttpSublotBoxCountReaderTests.ReadsOnlyTheConfiguredBoundSublotQueryAndValidatesResponseIdentity" storage="c:\users\szy\8005-wt\cs-33\tests\controlserver.tests\bin\release\net8.0\win-x64\controlserver.tests.dll" id="0c8b910a-5dcd-a2c4-9e33-0ede3f2b4ff4">
      <Execution id="ebe14783-bac0-4b98-aa61-d94262e5a15d" />
      <TestMethod codeBase="C:\Users\szy\8005-wt\cs-33\tests\ControlServer.Tests\bin\Release\net8.0\win-x64\ControlServer.Tests.dll" adapterTypeName="executor://xunit/VsTestRunner3/netcore/" className="ControlServer.Tests.HttpSublotBoxCountReaderTests" name="ReadsOnlyTheConfiguredBoundSublotQueryAndValidatesResponseIdentity" />
    </UnitTest>
    <UnitTest name="ControlServer.Tests.JourneyRuntimeWorkerTests.ABlockedJourneyKeepsTheReasonItWasBlockedForWhenTheSessionDrops" storage="c:\users\szy\8005-wt\cs-33\tests\controlserver.tests\bin\release\net8.0\win-x64\controlserver.tests.dll" id="5b2f93a6-7cae-564e-d36e-5205bcdf076a">
      <Execution id="73b51aa8-49c1-44ed-96cf-2793bb8954ca" />
      <TestMethod codeBase="C:\Users\szy\8005-wt\cs-33\tests\ControlServer.Tests\bin\Release\net8.0\win-x64\ControlServer.Tests.dll" adapterTypeName="executor://xunit/VsTestRunner3/netcore/" className="ControlServer.Tests.JourneyRuntimeWorkerTests" name="ABlockedJourneyKeepsTheReasonItWasBlockedForWhenTheSessionDrops" />
    </UnitTest>
    <UnitTest name="ControlServer.Tests.WireToGateStoreTests.AFailedLoadWithOneUnknownSlotIsStillARecovery" storage="c:\users\szy\8005-wt\cs-33\tests\controlserver.tests\bin\release\net8.0\win-x64\controlserver.tests.dll" id="ec04c168-e2a2-0157-e467-b76c94d475dc">
      <Execution id="0f86c284-1466-4569-a5d2-bea51a96a5bf" />
      <TestMethod codeBase="C:\Users\szy\8005-wt\cs-33\tests\ControlServer.Tests\bin\Release\net8.0\win-x64\ControlServer.Tests.dll" adapterTypeName="executor://xunit/VsTestRunner3/netcore/" className="ControlServer.Tests.WireToGateStoreTests" name="AFailedLoadWithOneUnknownSlotIsStillARecovery" />
    </UnitTest>
    <UnitTest name="ControlServer.Tests.JourneyRuntimeWorkerTests.APickupStopWithNothingToLoadEndsTheDemandWhenTheSublotWaitExpiresAndFreesTheVehicle" storage="c:\users\szy\8005-wt\cs-33\tests\controlserver.tests\bin\release\net8.0\win-x64\controlserver.tests.dll" id="9ef25098-0428-dc0c-14c4-486452ae324a">
      <Execution id="7152f5e1-1abe-49e0-ba3c-47cc3408fec4" />
      <TestMethod codeBase="C:\Users\szy\8005-wt\cs-33\tests\ControlServer.Tests\bin\Release\net8.0\win-x64\ControlServer.Tests.dll" adapterTypeName="executor://xunit/VsTestRunner3/netcore/" className="ControlServer.Tests.JourneyRuntimeWorkerTests" name="APickupStopWithNothingToLoadEndsTheDemandWhenTheSublotWaitExpiresAndFreesTheVehicle" />
    </UnitTest>
    <UnitTest name="ControlServer.Tests.RecoveryStateMachineG2Tests.ACancellationRaisedBeforeAnySlotOperationEndsTheDemandAsItIsAuthorised" storage="c:\users\szy\8005-wt\cs-33\tests\controlserver.tests\bin\release\net8.0\win-x64\controlserver.tests.dll" id="d449f0cf-22e3-f93d-7fa6-b41f37eba74d">
      <Execution id="f9578c42-5394-4124-8c94-24bcf2261e6f" />
      <TestMethod codeBase="C:\Users\szy\8005-wt\cs-33\tests\ControlServer.Tests\bin\Release\net8.0\win-x64\ControlServer.Tests.dll" adapterTypeName="executor://xunit/VsTestRunner3/netcore/" className="ControlServer.Tests.RecoveryStateMachineG2Tests" name="ACancellationRaisedBeforeAnySlotOperationEndsTheDemandAsItIsAuthorised" />
    </UnitTest>
    <UnitTest name="ControlServer.Tests.OnboardJourneyPublisherTests.CoreJourneyCommandsEmitFormalSchemaPayloadsWithExactCorrelationRules" storage="c:\users\szy\8005-wt\cs-33\tests\controlserver.tests\bin\release\net8.0\win-x64\controlserver.tests.dll" id="5371b0dd-e778-43e6-86bb-0e1115f787d0">
      <Execution id="64ec3966-f314-40b1-b860-225aeb135077" />
      <TestMethod codeBase="C:\Users\szy\8005-wt\cs-33\tests\ControlServer.Tests\bin\Release\net8.0\win-x64\ControlServer.Tests.dll" adapterTypeName="executor://xunit/VsTestRunner3/netcore/" className="ControlServer.Tests.OnboardJourneyPublisherTests" name="CoreJourneyCommandsEmitFormalSchemaPayloadsWithExactCorrelationRules" />
    </UnitTest>
    <UnitTest name="ControlServer.Tests.JourneyRuntimeWorkerTests.CancellingTheOnlyLoadAtAStopEndsTheStopAndTheCargoAboardStillReachesTheGate" storage="c:\users\szy\8005-wt\cs-33\tests\controlserver.tests\bin\release\net8.0\win-x64\controlserver.tests.dll" id="44e2e606-3c94-36c0-11b9-2dabd826dd85">
      <Execution id="7af13f60-6940-43c1-afef-499b0af41746" />
      <TestMethod codeBase="C:\Users\szy\8005-wt\cs-33\tests\ControlServer.Tests\bin\Release\net8.0\win-x64\ControlServer.Tests.dll" adapterTypeName="executor://xunit/VsTestRunner3/netcore/" className="ControlServer.Tests.JourneyRuntimeWorkerTests" name="CancellingTheOnlyLoadAtAStopEndsTheStopAndTheCargoAboardStillReachesTheGate" />
    </UnitTest>
    <UnitTest name="ControlServer.Tests.JourneyRuntimeWorkerTests.TheDoorAlarmIsWithdrawnOnceTheDoorIsShutAgain" storage="c:\users\szy\8005-wt\cs-33\tests\controlserver.tests\bin\release\net8.0\win-x64\controlserver.tests.dll" id="c93a425d-fc53-b9c3-767d-5e8bb0d141d1">
      <Execution id="5a44baec-4fa7-40e7-a67b-d01e3e164871" />
      <TestMethod codeBase="C:\Users\szy\8005-wt\cs-33\tests\ControlServer.Tests\bin\Release\net8.0\win-x64\ControlServer.Tests.dll" adapterTypeName="executor://xunit/VsTestRunner3/netcore/" className="ControlServer.Tests.JourneyRuntimeWorkerTests" name="TheDoorAlarmIsWithdrawnOnceTheDoorIsShutAgain" />
    </UnitTest>
    <UnitTest name="ControlServer.Tests.AdmissionPolicyStoreTests.LoadCommitFreezesCurrentAdmissionAndRevocationBlocksOnlyNewOperations" storage="c:\users\szy\8005-wt\cs-33\tests\controlserver.tests\bin\release\net8.0\win-x64\controlserver.tests.dll" id="a0ba54cf-1ccf-df91-7eea-289f5a8f4ff9">
      <Execution id="6eb20751-6d31-4162-b880-2a10747fe9bc" />
      <TestMethod codeBase="C:\Users\szy\8005-wt\cs-33\tests\ControlServer.Tests\bin\Release\net8.0\win-x64\ControlServer.Tests.dll" adapterTypeName="executor://xunit/VsTestRunner3/netcore/" className="ControlServer.Tests.AdmissionPolicyStoreTests" name="LoadCommitFreezesCurrentAdmissionAndRevocationBlocksOnlyNewOperations" />
    </UnitTest>
    <UnitTest name="ControlServer.Tests.JourneyRuntimeWorkerTests.ADeterminateLoadFailureDoesNotBlockTheJourney" storage="c:\users\szy\8005-wt\cs-33\tests\controlserver.tests\bin\release\net8.0\win-x64\controlserver.tests.dll" id="0587b802-8146-7827-70be-986eec36c8a5">
      <Execution id="0b35746a-f80c-4329-b3e6-5b2414a76999" />
      <TestMethod codeBase="C:\Users\szy\8005-wt\cs-33\tests\ControlServer.Tests\bin\Release\net8.0\win-x64\ControlServer.Tests.dll" adapterTypeName="executor://xunit/VsTestRunner3/netcore/" className="ControlServer.Tests.JourneyRuntimeWorkerTests" name="ADeterminateLoadFailureDoesNotBlockTheJourney" />
    </UnitTest>
  </TestDefinitions>
  <TestEntries>
    <TestEntry testId="6b987191-6951-b08d-fd33-2d4a024f4851" executionId="be051752-c66e-469b-9f53-3f9cc69148c8" testListId="8c84fa94-04c1-424b-9868-57a2d4851a1d" />
    <TestEntry testId="15cea23e-5f2c-6bf5-e2a9-57a6f277ac35" executionId="47a85ab2-42a3-47df-93af-677bd63f725f" testListId="8c84fa94-04c1-424b-9868-57a2d4851a1d" />
    <TestEntry testId="a0ba54cf-1ccf-df91-7eea-289f5a8f4ff9" executionId="6eb20751-6d31-4162-b880-2a10747fe9bc" testListId="8c84fa94-04c1-424b-9868-57a2d4851a1d" />
    <TestEntry testId="cf63deb9-eb64-7f17-87b9-44a80bc4ef3b" executionId="7610add6-661b-4f38-a58a-688b1b1865d9" testListId="8c84fa94-04c1-424b-9868-57a2d4851a1d" />
    <TestEntry testId="fae0be51-78b8-4961-cda1-1da3b89f4884" executionId="4222b605-302c-4556-a4fb-4efd9693b1c7" testListId="8c84fa94-04c1-424b-9868-57a2d4851a1d" />
    <TestEntry testId="5b2f93a6-7cae-564e-d36e-5205bcdf076a" executionId="73b51aa8-49c1-44ed-96cf-2793bb8954ca" testListId="8c84fa94-04c1-424b-9868-57a2d4851a1d" />
    <TestEntry testId="749e562b-6d62-e771-cde7-e7bd4fccb595" executionId="cbc8df29-2f4b-41c4-be00-e950bc146543" testListId="8c84fa94-04c1-424b-9868-57a2d4851a1d" />
    <TestEntry testId="4b38f7ef-a460-e98d-f9e0-de20c2e93555" executionId="322d51ef-bb4a-4004-bafd-d3eaeb8d18eb" testListId="8c84fa94-04c1-424b-9868-57a2d4851a1d" />
    <TestEntry testId="85a5ad86-5c5e-0221-4945-6c2c0c9bde02" executionId="c10ecab0-7740-49d3-b60d-435b1b1998fe" testListId="8c84fa94-04c1-424b-9868-57a2d4851a1d" />
    <TestEntry testId="8c3059e8-cd6c-4a22-1752-2ef6e3f05594" executionId="3072c2d1-8362-4a59-9144-44f6138be04a" testListId="8c84fa94-04c1-424b-9868-57a2d4851a1d" />
    <TestEntry testId="7e717acc-014d-6f44-1ba4-31717f890232" executionId="21825eb5-91c2-47b0-a7c0-5b9a4345eddb" testListId="8c84fa94-04c1-424b-9868-57a2d4851a1d" />
    <TestEntry testId="66f902e5-12cc-8edd-1aa9-c59c70cabc01" executionId="c6eb4e87-6f32-4e28-8308-a19e0648eb8c" testListId="8c84fa94-04c1-424b-9868-57a2d4851a1d" />
    <TestEntry testId="b447fab4-6fb5-cb1a-6869-d0e050f8901d" executionId="ed789eef-4c43-411c-a522-ea4733b8ec7b" testListId="8c84fa94-04c1-424b-9868-57a2d4851a1d" />
    <TestEntry testId="e5a5e307-b020-3c1e-ceb6-167f479ae7a3" executionId="0622f4c1-cfad-4866-b38b-4cb07b5a7da4" testListId="8c84fa94-04c1-424b-9868-57a2d4851a1d" />
    <TestEntry testId="ec04c168-e2a2-0157-e467-b76c94d475dc" executionId="0f86c284-1466-4569-a5d2-bea51a96a5bf" testListId="8c84fa94-04c1-424b-9868-57a2d4851a1d" />
    <TestEntry testId="b820a8bd-f704-b92f-ff26-0b2112e5da7e" executionId="c441504d-c487-4a8d-b6b6-2611a902c910" testListId="8c84fa94-04c1-424b-9868-57a2d4851a1d" />
    <TestEntry testId="b40bb3a6-90c0-15cc-ea87-57a877b9d283" executionId="b4db9f0e-d35f-46b1-b882-6dc74efe8140" testListId="8c84fa94-04c1-424b-9868-57a2d4851a1d" />
    <TestEntry testId="663fd57b-adc9-6250-7f73-2447a121773c" executionId="aee0bbed-3a18-4457-927d-f0c474e474cf" testListId="8c84fa94-04c1-424b-9868-57a2d4851a1d" />
    <TestEntry testId="2a5eae2f-00fe-5f7d-49d0-3b6b37ed2911" executionId="8b0fb176-1cd4-465e-a194-a00908bdd096" testListId="8c84fa94-04c1-424b-9868-57a2d4851a1d" />
    <TestEntry testId="0c8b910a-5dcd-a2c4-9e33-0ede3f2b4ff4" executionId="ebe14783-bac0-4b98-aa61-d94262e5a15d" testListId="8c84fa94-04c1-424b-9868-57a2d4851a1d" />
    <TestEntry testId="d449f0cf-22e3-f93d-7fa6-b41f37eba74d" executionId="f9578c42-5394-4124-8c94-24bcf2261e6f" testListId="8c84fa94-04c1-424b-9868-57a2d4851a1d" />
    <TestEntry testId="66ecd70b-ccec-4d92-8ea6-0465254d6308" executionId="6a2db8e4-38d7-4406-913f-d3b3228ac720" testListId="8c84fa94-04c1-424b-9868-57a2d4851a1d" />
    <TestEntry testId="86e9d892-8ed7-b674-1022-2430dbe22180" executionId="4269397c-03ea-469a-a928-757b29414029" testListId="8c84fa94-04c1-424b-9868-57a2d4851a1d" />
    <TestEntry testId="c93a425d-fc53-b9c3-767d-5e8bb0d141d1" executionId="5a44baec-4fa7-40e7-a67b-d01e3e164871" testListId="8c84fa94-04c1-424b-9868-57a2d4851a1d" />
    <TestEntry testId="0ab6b6e6-15ae-c2fb-9d0d-101a786f180f" executionId="769b65b5-7910-45cc-a594-7db93e53d40c" testListId="8c84fa94-04c1-424b-9868-57a2d4851a1d" />
    <TestEntry testId="80b2895b-37dc-c3b8-b332-bc47c643115a" executionId="0470302e-b5a5-4df0-a69c-dae98358c557" testListId="8c84fa94-04c1-424b-9868-57a2d4851a1d" />
    <TestEntry testId="ea7f48d2-3489-d7c2-89cc-8954ecf66abb" executionId="78f83f00-5dbe-4a4f-bf64-3386343dc9f9" testListId="8c84fa94-04c1-424b-9868-57a2d4851a1d" />
    <TestEntry testId="f50fdbc2-1017-1041-bd33-8532bdd1ae82" executionId="de018560-34b1-4dc2-bef1-cefc489021e3" testListId="8c84fa94-04c1-424b-9868-57a2d4851a1d" />
    <TestEntry testId="9ef25098-0428-dc0c-14c4-486452ae324a" executionId="7152f5e1-1abe-49e0-ba3c-47cc3408fec4" testListId="8c84fa94-04c1-424b-9868-57a2d4851a1d" />
    <TestEntry testId="68b7ddeb-9cbb-d5fe-a7e6-f23a118cf1c0" executionId="e9f34395-dd00-4e36-bd62-bc220f0447d5" testListId="8c84fa94-04c1-424b-9868-57a2d4851a1d" />
    <TestEntry testId="66afb9d6-4432-99fb-2091-400dedd0029d" executionId="bb62eb0d-8f88-4d26-b732-48a63625843d" testListId="8c84fa94-04c1-424b-9868-57a2d4851a1d" />
    <TestEntry testId="85f3ac58-dbb2-7cc1-86f3-199619ba3343" executionId="53517dc6-4bac-4376-aa02-d483368a1d54" testListId="8c84fa94-04c1-424b-9868-57a2d4851a1d" />
    <TestEntry testId="0587b802-8146-7827-70be-986eec36c8a5" executionId="0b35746a-f80c-4329-b3e6-5b2414a76999" testListId="8c84fa94-04c1-424b-9868-57a2d4851a1d" />
    <TestEntry testId="b52b60d8-6ccb-de7e-a530-d422e4cb2e46" executionId="380f7619-4b57-4a74-8425-dc2c871b6857" testListId="8c84fa94-04c1-424b-9868-57a2d4851a1d" />
    <TestEntry testId="2324d771-af67-808c-fdf8-34f1c93f4a0d" executionId="cb35611e-e74e-492d-8425-d3935cba22b9" testListId="8c84fa94-04c1-424b-9868-57a2d4851a1d" />
    <TestEntry testId="5371b0dd-e778-43e6-86bb-0e1115f787d0" executionId="64ec3966-f314-40b1-b860-225aeb135077" testListId="8c84fa94-04c1-424b-9868-57a2d4851a1d" />
    <TestEntry testId="579e4467-6193-b845-1b6e-9a64a688f45d" executionId="b8efb5c9-d891-4117-9eb1-f4ab5b05f419" testListId="8c84fa94-04c1-424b-9868-57a2d4851a1d" />
    <TestEntry testId="9109b0a1-d102-a272-6d0c-ef572b46e510" executionId="30136bf2-68a8-4b64-9528-30207f414e53" testListId="8c84fa94-04c1-424b-9868-57a2d4851a1d" />
    <TestEntry testId="44e2e606-3c94-36c0-11b9-2dabd826dd85" executionId="7af13f60-6940-43c1-afef-499b0af41746" testListId="8c84fa94-04c1-424b-9868-57a2d4851a1d" />
    <TestEntry testId="f2371ac8-bd30-26e5-c882-07540d262338" executionId="cafd2722-d5b3-4ed5-819d-7186a66bb86f" testListId="8c84fa94-04c1-424b-9868-57a2d4851a1d" />
    <TestEntry testId="44cfe863-5e4f-26d2-9c8a-ea16b6ca8e1e" executionId="355ea88b-2c24-4e99-91f2-ecce1783f596" testListId="8c84fa94-04c1-424b-9868-57a2d4851a1d" />
  </TestEntries>
  <TestLists>
    <TestList name="Results Not in a List" id="8c84fa94-04c1-424b-9868-57a2d4851a1d" />
    <TestList name="All Loaded Results" id="19431567-8539-422a-85d7-44ee4e166bda" />
  </TestLists>
  <ResultSummary outcome="Completed">
    <Counters total="41" executed="41" passed="41" failed="0" error="0" timeout="0" aborted="0" inconclusive="0" passedButRunAborted="0" notRunnable="0" notExecuted="0" disconnected="0" warning="0" completed="0" inProgress="0" pending="0" />
    <Output>
      <StdOut>[xUnit.net 00:00:00.00] xUnit.net VSTest Adapter v3.1.5+1b188a7b0a (64-bit .NET 8.0.31)&#xD;
[xUnit.net 00:00:00.40]   Discovering: ControlServer.Tests&#xD;
[xUnit.net 00:00:01.02]   Discovered:  ControlServer.Tests&#xD;
[xUnit.net 00:00:01.30]   Starting:    ControlServer.Tests&#xD;
[xUnit.net 00:00:44.75]   Finished:    ControlServer.Tests (ID = '70a65aef09041a1700c6a164e92d77bbfe5d81f34aae8ed62455a84c48ca51e7')&#xD;
</StdOut>
    </Output>
  </ResultSummary>
</TestRun>