<?xml version="1.0" encoding="utf-8"?>
<TestRun id="b4c38774-1e6a-4d18-b03c-cd350a02bee8" name="szy@LAB-WIN-01 2026-09-12 19:52:15" runUser="LAB-WIN-01\szy" xmlns="http://microsoft.com/schemas/VisualStudio/TeamTest/2010">
  <Times creation="2026-09-12T19:52:15.6728635+08:00" queuing="2026-09-12T19:52:15.6728640+08:00" start="2026-09-12T19:52:10.9224818+08:00" finish="2026-09-12T19:52:18.5692240+08:00" />
  <TestSettings name="default" id="423e9145-81d0-4d46-b7cc-c41ebd602267">
    <Deployment runDeploymentRoot="szy_LAB-WIN-01_2026-09-12_19_52_15" />
  </TestSettings>
  <Results>
    <UnitTestResult executionId="f75fa00f-e4ee-4842-80f2-39afa81c25d1" testId="5035e5f4-3da0-b298-f1d2-3b756e442c4b" testName="ControlServer.Tests.OnboardMessageProcessorTests.SafeSafetyStateChangeAcknowledgesAndPublishesReadyTransition" computerName="LAB-WIN-01" duration="00:00:02.7140060" startTime="2026-09-12T19:52:12.9173204+08:00" endTime="2026-09-12T19:52:15.6397413+08:00" testType="13cdc9d9-ddb5-4fa4-a97d-d965ccfc6d4b" outcome="Passed" testListId="8c84fa94-04c1-424b-9868-57a2d4851a1d" relativeResultsDirectory="f75fa00f-e4ee-4842-80f2-39afa81c25d1" />
    <UnitTestResult executionId="5bc316f6-26c4-4c83-9cf3-64365d9dca6e" testId="02db1ede-b716-327c-f832-035fa58f4a51" testName="ControlServer.Tests.RecoveryStateMachineG2Tests.ForcedRecoveryAdvancesOnceFencesOldOutboxAndKeepsLateGenerationAsEvidenceOnly" computerName="LAB-WIN-01" duration="00:00:00.2881175" startTime="2026-09-12T19:52:16.8178011+08:00" endTime="2026-09-12T19:52:17.1060302+08:00" testType="13cdc9d9-ddb5-4fa4-a97d-d965ccfc6d4b" outcome="Passed" testListId="8c84fa94-04c1-424b-9868-57a2d4851a1d" relativeResultsDirectory="5bc316f6-26c4-4c83-9cf3-64365d9dca6e" />
    <UnitTestResult executionId="27e2c439-6075-4458-9379-88ab9cc3bdc7" testId="4b93076f-94b9-446c-cfa1-cba188b6b2f5" testName="ControlServer.Tests.RecoveryStateMachineG2Tests.FailedCompensationResultIsDurableReplayableAndNeverReleasesDemandOrVehicle" computerName="LAB-WIN-01" duration="00:00:00.9166560" startTime="2026-09-12T19:52:15.8990377+08:00" endTime="2026-09-12T19:52:16.8157999+08:00" testType="13cdc9d9-ddb5-4fa4-a97d-d965ccfc6d4b" outcome="Passed" testListId="8c84fa94-04c1-424b-9868-57a2d4851a1d" relativeResultsDirectory="27e2c439-6075-4458-9379-88ab9cc3bdc7" />
    <UnitTestResult executionId="af8100fc-8081-4d00-8d7b-05115b0ed749" testId="1d6db6cd-afb8-db4f-3789-348ae6ff10ea" testName="ControlServer.Tests.RecoveryStateMachineG2Tests.ASessionIsNotReadyWhileTheServerHoldsAnOperationNeedingRecovery" computerName="LAB-WIN-01" duration="00:00:00.2435940" startTime="2026-09-12T19:52:15.6524557+08:00" endTime="2026-09-12T19:52:15.8961536+08:00" testType="13cdc9d9-ddb5-4fa4-a97d-d965ccfc6d4b" outcome="Passed" testListId="8c84fa94-04c1-424b-9868-57a2d4851a1d" relativeResultsDirectory="af8100fc-8081-4d00-8d7b-05115b0ed749" />
    <UnitTestResult executionId="bfcd6388-54d8-46a6-b72b-a283f78f2640" testId="849d7afe-9dc2-9b94-2360-884e5e529b09" testName="ControlServer.Tests.RecoveryStateMachineG2Tests.ResumeRejectsAReplacementResultReportedOutsideTheAuthorizedSlotScope" computerName="LAB-WIN-01" duration="00:00:00.2294136" startTime="2026-09-12T19:52:17.8718905+08:00" endTime="2026-09-12T19:52:18.1013987+08:00" testType="13cdc9d9-ddb5-4fa4-a97d-d965ccfc6d4b" outcome="Passed" testListId="8c84fa94-04c1-424b-9868-57a2d4851a1d" relativeResultsDirectory="bfcd6388-54d8-46a6-b72b-a283f78f2640" />
    <UnitTestResult executionId="cd70aa12-6aa8-4280-951f-0854c4d14e8a" testId="7c3e5b66-230f-2879-7c03-5882b1055fa2" testName="ControlServer.Tests.RecoveryStateMachineG2Tests.ResumeAuthorizationPersistsFormalCommandBeforeSendAndReplaysSameIdentityAfterRestart" computerName="LAB-WIN-01" duration="00:00:00.2907065" startTime="2026-09-12T19:52:18.1066355+08:00" endTime="2026-09-12T19:52:18.3974444+08:00" testType="13cdc9d9-ddb5-4fa4-a97d-d965ccfc6d4b" outcome="Passed" testListId="8c84fa94-04c1-424b-9868-57a2d4851a1d" relativeResultsDirectory="cd70aa12-6aa8-4280-951f-0854c4d14e8a" />
    <UnitTestResult executionId="6201d19b-54b9-4b62-866e-51e904c9389e" testId="e7402a25-0700-f9ca-2363-bdb52a312c25" testName="ControlServer.Tests.RecoveryStateMachineG2Tests.FormalCorrectionAndFaultCommandsUseDurableOutboxReplayAndExactAck" computerName="LAB-WIN-01" duration="00:00:00.2337939" startTime="2026-09-12T19:52:17.6359200+08:00" endTime="2026-09-12T19:52:17.8698108+08:00" testType="13cdc9d9-ddb5-4fa4-a97d-d965ccfc6d4b" outcome="Passed" testListId="8c84fa94-04c1-424b-9868-57a2d4851a1d" relativeResultsDirectory="6201d19b-54b9-4b62-866e-51e904c9389e" />
    <UnitTestResult executionId="bbf9ece0-8158-4252-ba97-34f521638b63" testId="88868c8c-e0e9-46ed-14cb-016bb55ab19e" testName="ControlServer.Tests.WireToGateStoreTests.ConnectionLossCanFinishButNeverExpandActiveUnlockSet" computerName="LAB-WIN-01" duration="00:00:02.4658074" startTime="2026-09-12T19:52:12.9173175+08:00" endTime="2026-09-12T19:52:15.3977595+08:00" testType="13cdc9d9-ddb5-4fa4-a97d-d965ccfc6d4b" outcome="Passed" testListId="8c84fa94-04c1-424b-9868-57a2d4851a1d" relativeResultsDirectory="bbf9ece0-8158-4252-ba97-34f521638b63" />
    <UnitTestResult executionId="06f08dc3-ac8c-42d2-99b9-525fe8673a9c" testId="26c4984e-0681-0230-afb0-9e29ffef939d" testName="ControlServer.Tests.RecoveryStateMachineG2Tests.AfterARefusedResultResumeIsRefusedButCompensationIsAuthorized" computerName="LAB-WIN-01" duration="00:00:00.2047786" startTime="2026-09-12T19:52:17.1080798+08:00" endTime="2026-09-12T19:52:17.3129570+08:00" testType="13cdc9d9-ddb5-4fa4-a97d-d965ccfc6d4b" outcome="Passed" testListId="8c84fa94-04c1-424b-9868-57a2d4851a1d" relativeResultsDirectory="06f08dc3-ac8c-42d2-99b9-525fe8673a9c" />
    <UnitTestResult executionId="42951a08-229c-4471-ad5e-d08ff46ec821" testId="b5090709-46d8-ae45-880a-71bc238f3db3" testName="ControlServer.Tests.RecoveryStateMachineG2Tests.ResumeAdmitsExactlyOneReplacementResultForTheOperationThatAlreadyFailedItsFirstResult" computerName="LAB-WIN-01" duration="00:00:00.3193105" startTime="2026-09-12T19:52:17.3148378+08:00" endTime="2026-09-12T19:52:17.6342427+08:00" testType="13cdc9d9-ddb5-4fa4-a97d-d965ccfc6d4b" outcome="Passed" testListId="8c84fa94-04c1-424b-9868-57a2d4851a1d" relativeResultsDirectory="42951a08-229c-4471-ad5e-d08ff46ec821" />
    <UnitTestResult executionId="e4bca0a4-863b-4ff0-8da2-b612a306e886" testId="0b27f67a-be86-f4d0-d307-53ad42c80856" testName="ControlServer.Tests.OnboardMessageProcessorTests.UnsafeSafetyStateChangeIsAcknowledgedThenFailClosesSessionReadiness" computerName="LAB-WIN-01" duration="00:00:00.2385447" startTime="2026-09-12T19:52:15.6434870+08:00" endTime="2026-09-12T19:52:15.8822092+08:00" testType="13cdc9d9-ddb5-4fa4-a97d-d965ccfc6d4b" outcome="Passed" testListId="8c84fa94-04c1-424b-9868-57a2d4851a1d" relativeResultsDirectory="e4bca0a4-863b-4ff0-8da2-b612a306e886" />
    <UnitTestResult executionId="0c9fa7a4-06aa-4d5c-a0f4-f10d62ed592d" testId="6b7a91c5-30b4-e027-6409-454a19980a1e" testName="ControlServer.Tests.RecoveryStateMachineG2Tests.ARefusedResultTellsTheVehicleItsSessionNeedsRecovery" computerName="LAB-WIN-01" duration="00:00:02.7252091" startTime="2026-09-12T19:52:12.9173087+08:00" endTime="2026-09-12T19:52:15.6508426+08:00" testType="13cdc9d9-ddb5-4fa4-a97d-d965ccfc6d4b" outcome="Passed" testListId="8c84fa94-04c1-424b-9868-57a2d4851a1d" relativeResultsDirectory="0c9fa7a4-06aa-4d5c-a0f4-f10d62ed592d" />
  </Results>
  <TestDefinitions>
    <UnitTest name="ControlServer.Tests.WireToGateStoreTests.ConnectionLossCanFinishButNeverExpandActiveUnlockSet" storage="c:\users\szy\8005-b3\cs-g2-6369616\tests\controlserver.tests\bin\release\net8.0\win-x64\controlserver.tests.dll" id="88868c8c-e0e9-46ed-14cb-016bb55ab19e">
      <Execution id="bbf9ece0-8158-4252-ba97-34f521638b63" />
      <TestMethod codeBase="C:\Users\szy\8005-b3\cs-g2-6369616\tests\ControlServer.Tests\bin\Release\net8.0\win-x64\ControlServer.Tests.dll" adapterTypeName="executor://xunit/VsTestRunner3/netcore/" className="ControlServer.Tests.WireToGateStoreTests" name="ConnectionLossCanFinishButNeverExpandActiveUnlockSet" />
    </UnitTest>
    <UnitTest name="ControlServer.Tests.RecoveryStateMachineG2Tests.ForcedRecoveryAdvancesOnceFencesOldOutboxAndKeepsLateGenerationAsEvidenceOnly" storage="c:\users\szy\8005-b3\cs-g2-6369616\tests\controlserver.tests\bin\release\net8.0\win-x64\controlserver.tests.dll" id="02db1ede-b716-327c-f832-035fa58f4a51">
      <Execution id="5bc316f6-26c4-4c83-9cf3-64365d9dca6e" />
      <TestMethod codeBase="C:\Users\szy\8005-b3\cs-g2-6369616\tests\ControlServer.Tests\bin\Release\net8.0\win-x64\ControlServer.Tests.dll" adapterTypeName="executor://xunit/VsTestRunner3/netcore/" className="ControlServer.Tests.RecoveryStateMachineG2Tests" name="ForcedRecoveryAdvancesOnceFencesOldOutboxAndKeepsLateGenerationAsEvidenceOnly" />
    </UnitTest>
    <UnitTest name="ControlServer.Tests.RecoveryStateMachineG2Tests.ARefusedResultTellsTheVehicleItsSessionNeedsRecovery" storage="c:\users\szy\8005-b3\cs-g2-6369616\tests\controlserver.tests\bin\release\net8.0\win-x64\controlserver.tests.dll" id="6b7a91c5-30b4-e027-6409-454a19980a1e">
      <Execution id="0c9fa7a4-06aa-4d5c-a0f4-f10d62ed592d" />
      <TestMethod codeBase="C:\Users\szy\8005-b3\cs-g2-6369616\tests\ControlServer.Tests\bin\Release\net8.0\win-x64\ControlServer.Tests.dll" adapterTypeName="executor://xunit/VsTestRunner3/netcore/" className="ControlServer.Tests.RecoveryStateMachineG2Tests" name="ARefusedResultTellsTheVehicleItsSessionNeedsRecovery" />
    </UnitTest>
    <UnitTest name="ControlServer.Tests.RecoveryStateMachineG2Tests.ResumeAuthorizationPersistsFormalCommandBeforeSendAndReplaysSameIdentityAfterRestart" storage="c:\users\szy\8005-b3\cs-g2-6369616\tests\controlserver.tests\bin\release\net8.0\win-x64\controlserver.tests.dll" id="7c3e5b66-230f-2879-7c03-5882b1055fa2">
      <Execution id="cd70aa12-6aa8-4280-951f-0854c4d14e8a" />
      <TestMethod codeBase="C:\Users\szy\8005-b3\cs-g2-6369616\tests\ControlServer.Tests\bin\Release\net8.0\win-x64\ControlServer.Tests.dll" adapterTypeName="executor://xunit/VsTestRunner3/netcore/" className="ControlServer.Tests.RecoveryStateMachineG2Tests" name="ResumeAuthorizationPersistsFormalCommandBeforeSendAndReplaysSameIdentityAfterRestart" />
    </UnitTest>
    <UnitTest name="ControlServer.Tests.RecoveryStateMachineG2Tests.AfterARefusedResultResumeIsRefusedButCompensationIsAuthorized" storage="c:\users\szy\8005-b3\cs-g2-6369616\tests\controlserver.tests\bin\release\net8.0\win-x64\controlserver.tests.dll" id="26c4984e-0681-0230-afb0-9e29ffef939d">
      <Execution id="06f08dc3-ac8c-42d2-99b9-525fe8673a9c" />
      <TestMethod codeBase="C:\Users\szy\8005-b3\cs-g2-6369616\tests\ControlServer.Tests\bin\Release\net8.0\win-x64\ControlServer.Tests.dll" adapterTypeName="executor://xunit/VsTestRunner3/netcore/" className="ControlServer.Tests.RecoveryStateMachineG2Tests" name="AfterARefusedResultResumeIsRefusedButCompensationIsAuthorized" />
    </UnitTest>
    <UnitTest name="ControlServer.Tests.RecoveryStateMachineG2Tests.FailedCompensationResultIsDurableReplayableAndNeverReleasesDemandOrVehicle" storage="c:\users\szy\8005-b3\cs-g2-6369616\tests\controlserver.tests\bin\release\net8.0\win-x64\controlserver.tests.dll" id="4b93076f-94b9-446c-cfa1-cba188b6b2f5">
      <Execution id="27e2c439-6075-4458-9379-88ab9cc3bdc7" />
      <TestMethod codeBase="C:\Users\szy\8005-b3\cs-g2-6369616\tests\ControlServer.Tests\bin\Release\net8.0\win-x64\ControlServer.Tests.dll" adapterTypeName="executor://xunit/VsTestRunner3/netcore/" className="ControlServer.Tests.RecoveryStateMachineG2Tests" name="FailedCompensationResultIsDurableReplayableAndNeverReleasesDemandOrVehicle" />
    </UnitTest>
    <UnitTest name="ControlServer.Tests.RecoveryStateMachineG2Tests.ResumeRejectsAReplacementResultReportedOutsideTheAuthorizedSlotScope" storage="c:\users\szy\8005-b3\cs-g2-6369616\tests\controlserver.tests\bin\release\net8.0\win-x64\controlserver.tests.dll" id="849d7afe-9dc2-9b94-2360-884e5e529b09">
      <Execution id="bfcd6388-54d8-46a6-b72b-a283f78f2640" />
      <TestMethod codeBase="C:\Users\szy\8005-b3\cs-g2-6369616\tests\ControlServer.Tests\bin\Release\net8.0\win-x64\ControlServer.Tests.dll" adapterTypeName="executor://xunit/VsTestRunner3/netcore/" className="ControlServer.Tests.RecoveryStateMachineG2Tests" name="ResumeRejectsAReplacementResultReportedOutsideTheAuthorizedSlotScope" />
    </UnitTest>
    <UnitTest name="ControlServer.Tests.RecoveryStateMachineG2Tests.ASessionIsNotReadyWhileTheServerHoldsAnOperationNeedingRecovery" storage="c:\users\szy\8005-b3\cs-g2-6369616\tests\controlserver.tests\bin\release\net8.0\win-x64\controlserver.tests.dll" id="1d6db6cd-afb8-db4f-3789-348ae6ff10ea">
      <Execution id="af8100fc-8081-4d00-8d7b-05115b0ed749" />
      <TestMethod codeBase="C:\Users\szy\8005-b3\cs-g2-6369616\tests\ControlServer.Tests\bin\Release\net8.0\win-x64\ControlServer.Tests.dll" adapterTypeName="executor://xunit/VsTestRunner3/netcore/" className="ControlServer.Tests.RecoveryStateMachineG2Tests" name="ASessionIsNotReadyWhileTheServerHoldsAnOperationNeedingRecovery" />
    </UnitTest>
    <UnitTest name="ControlServer.Tests.RecoveryStateMachineG2Tests.ResumeAdmitsExactlyOneReplacementResultForTheOperationThatAlreadyFailedItsFirstResult" storage="c:\users\szy\8005-b3\cs-g2-6369616\tests\controlserver.tests\bin\release\net8.0\win-x64\controlserver.tests.dll" id="b5090709-46d8-ae45-880a-71bc238f3db3">
      <Execution id="42951a08-229c-4471-ad5e-d08ff46ec821" />
      <TestMethod codeBase="C:\Users\szy\8005-b3\cs-g2-6369616\tests\ControlServer.Tests\bin\Release\net8.0\win-x64\ControlServer.Tests.dll" adapterTypeName="executor://xunit/VsTestRunner3/netcore/" className="ControlServer.Tests.RecoveryStateMachineG2Tests" name="ResumeAdmitsExactlyOneReplacementResultForTheOperationThatAlreadyFailedItsFirstResult" />
    </UnitTest>
    <UnitTest name="ControlServer.Tests.RecoveryStateMachineG2Tests.FormalCorrectionAndFaultCommandsUseDurableOutboxReplayAndExactAck" storage="c:\users\szy\8005-b3\cs-g2-6369616\tests\controlserver.tests\bin\release\net8.0\win-x64\controlserver.tests.dll" id="e7402a25-0700-f9ca-2363-bdb52a312c25">
      <Execution id="6201d19b-54b9-4b62-866e-51e904c9389e" />
      <TestMethod codeBase="C:\Users\szy\8005-b3\cs-g2-6369616\tests\ControlServer.Tests\bin\Release\net8.0\win-x64\ControlServer.Tests.dll" adapterTypeName="executor://xunit/VsTestRunner3/netcore/" className="ControlServer.Tests.RecoveryStateMachineG2Tests" name="FormalCorrectionAndFaultCommandsUseDurableOutboxReplayAndExactAck" />
    </UnitTest>
    <UnitTest name="ControlServer.Tests.OnboardMessageProcessorTests.SafeSafetyStateChangeAcknowledgesAndPublishesReadyTransition" storage="c:\users\szy\8005-b3\cs-g2-6369616\tests\controlserver.tests\bin\release\net8.0\win-x64\controlserver.tests.dll" id="5035e5f4-3da0-b298-f1d2-3b756e442c4b">
      <Execution id="f75fa00f-e4ee-4842-80f2-39afa81c25d1" />
      <TestMethod codeBase="C:\Users\szy\8005-b3\cs-g2-6369616\tests\ControlServer.Tests\bin\Release\net8.0\win-x64\ControlServer.Tests.dll" adapterTypeName="executor://xunit/VsTestRunner3/netcore/" className="ControlServer.Tests.OnboardMessageProcessorTests" name="SafeSafetyStateChangeAcknowledgesAndPublishesReadyTransition" />
    </UnitTest>
    <UnitTest name="ControlServer.Tests.OnboardMessageProcessorTests.UnsafeSafetyStateChangeIsAcknowledgedThenFailClosesSessionReadiness" storage="c:\users\szy\8005-b3\cs-g2-6369616\tests\controlserver.tests\bin\release\net8.0\win-x64\controlserver.tests.dll" id="0b27f67a-be86-f4d0-d307-53ad42c80856">
      <Execution id="e4bca0a4-863b-4ff0-8da2-b612a306e886" />
      <TestMethod codeBase="C:\Users\szy\8005-b3\cs-g2-6369616\tests\ControlServer.Tests\bin\Release\net8.0\win-x64\ControlServer.Tests.dll" adapterTypeName="executor://xunit/VsTestRunner3/netcore/" className="ControlServer.Tests.OnboardMessageProcessorTests" name="UnsafeSafetyStateChangeIsAcknowledgedThenFailClosesSessionReadiness" />
    </UnitTest>
  </TestDefinitions>
  <TestEntries>
    <TestEntry testId="5035e5f4-3da0-b298-f1d2-3b756e442c4b" executionId="f75fa00f-e4ee-4842-80f2-39afa81c25d1" testListId="8c84fa94-04c1-424b-9868-57a2d4851a1d" />
    <TestEntry testId="02db1ede-b716-327c-f832-035fa58f4a51" executionId="5bc316f6-26c4-4c83-9cf3-64365d9dca6e" testListId="8c84fa94-04c1-424b-9868-57a2d4851a1d" />
    <TestEntry testId="4b93076f-94b9-446c-cfa1-cba188b6b2f5" executionId="27e2c439-6075-4458-9379-88ab9cc3bdc7" testListId="8c84fa94-04c1-424b-9868-57a2d4851a1d" />
    <TestEntry testId="1d6db6cd-afb8-db4f-3789-348ae6ff10ea" executionId="af8100fc-8081-4d00-8d7b-05115b0ed749" testListId="8c84fa94-04c1-424b-9868-57a2d4851a1d" />
    <TestEntry testId="849d7afe-9dc2-9b94-2360-884e5e529b09" executionId="bfcd6388-54d8-46a6-b72b-a283f78f2640" testListId="8c84fa94-04c1-424b-9868-57a2d4851a1d" />
    <TestEntry testId="7c3e5b66-230f-2879-7c03-5882b1055fa2" executionId="cd70aa12-6aa8-4280-951f-0854c4d14e8a" testListId="8c84fa94-04c1-424b-9868-57a2d4851a1d" />
    <TestEntry testId="e7402a25-0700-f9ca-2363-bdb52a312c25" executionId="6201d19b-54b9-4b62-866e-51e904c9389e" testListId="8c84fa94-04c1-424b-9868-57a2d4851a1d" />
    <TestEntry testId="88868c8c-e0e9-46ed-14cb-016bb55ab19e" executionId="bbf9ece0-8158-4252-ba97-34f521638b63" testListId="8c84fa94-04c1-424b-9868-57a2d4851a1d" />
    <TestEntry testId="26c4984e-0681-0230-afb0-9e29ffef939d" executionId="06f08dc3-ac8c-42d2-99b9-525fe8673a9c" testListId="8c84fa94-04c1-424b-9868-57a2d4851a1d" />
    <TestEntry testId="b5090709-46d8-ae45-880a-71bc238f3db3" executionId="42951a08-229c-4471-ad5e-d08ff46ec821" testListId="8c84fa94-04c1-424b-9868-57a2d4851a1d" />
    <TestEntry testId="0b27f67a-be86-f4d0-d307-53ad42c80856" executionId="e4bca0a4-863b-4ff0-8da2-b612a306e886" testListId="8c84fa94-04c1-424b-9868-57a2d4851a1d" />
    <TestEntry testId="6b7a91c5-30b4-e027-6409-454a19980a1e" executionId="0c9fa7a4-06aa-4d5c-a0f4-f10d62ed592d" testListId="8c84fa94-04c1-424b-9868-57a2d4851a1d" />
  </TestEntries>
  <TestLists>
    <TestList name="Results Not in a List" id="8c84fa94-04c1-424b-9868-57a2d4851a1d" />
    <TestList name="All Loaded Results" id="19431567-8539-422a-85d7-44ee4e166bda" />
  </TestLists>
  <ResultSummary outcome="Completed">
    <Counters total="12" executed="12" passed="12" failed="0" error="0" timeout="0" aborted="0" inconclusive="0" passedButRunAborted="0" notRunnable="0" notExecuted="0" disconnected="0" warning="0" completed="0" inProgress="0" pending="0" />
    <Output>
      <StdOut>[xUnit.net 00:00:00.00] xUnit.net VSTest Adapter v3.1.5+1b188a7b0a (64-bit .NET 8.0.31)&#xD;
[xUnit.net 00:00:00.36]   Discovering: ControlServer.Tests&#xD;
[xUnit.net 00:00:01.09]   Discovered:  ControlServer.Tests&#xD;
[xUnit.net 00:00:01.31]   Starting:    ControlServer.Tests&#xD;
[xUnit.net 00:00:06.88]   Finished:    ControlServer.Tests (ID = '10a62865b344712a81035d68c4273a4fe010fde06f8efce7c7467ebb855ec067')&#xD;
</StdOut>
    </Output>
  </ResultSummary>
</TestRun>