<?xml version="1.0" encoding="utf-8"?>
<TestRun id="2af54499-92f4-40a9-afc6-a48d6f4d5c7a" name="szy@LAB-WIN-01 2026-09-12 18:15:12" runUser="LAB-WIN-01\szy" xmlns="http://microsoft.com/schemas/VisualStudio/TeamTest/2010">
  <Times creation="2026-09-12T18:15:12.2753909+08:00" queuing="2026-09-12T18:15:12.2753912+08:00" start="2026-09-12T18:15:10.3502865+08:00" finish="2026-09-12T18:15:13.7617972+08:00" />
  <TestSettings name="default" id="c33fa07e-7951-4685-b5c4-24b8335e9eb2">
    <Deployment runDeploymentRoot="szy_LAB-WIN-01_2026-09-12_18_15_12" />
  </TestSettings>
  <Results>
    <UnitTestResult executionId="5179e3ae-16e5-44a6-9c32-b37661440d29" testId="26e40b72-f40e-e38b-b7bc-9076ee6d450d" testName="ControlServer.Tests.SlotConfigurationActivationEndpointsTests.AWrongBearerCredentialIsRejectedBeforeAnythingIsPersisted" computerName="LAB-WIN-01" duration="00:00:00.0915256" startTime="2026-09-12T18:15:13.3300510+08:00" endTime="2026-09-12T18:15:13.4216221+08:00" testType="13cdc9d9-ddb5-4fa4-a97d-d965ccfc6d4b" outcome="Passed" testListId="8c84fa94-04c1-424b-9868-57a2d4851a1d" relativeResultsDirectory="5179e3ae-16e5-44a6-9c32-b37661440d29" />
    <UnitTestResult executionId="4c4ff529-e98f-40a8-a937-e1bd8542a2ca" testId="48be723c-e329-4076-56f0-2c031d4171b0" testName="ControlServer.Tests.SlotConfigurationActivationWireTests.APendingActivationCommandIsReplayedOnReconnectAndASettledOneIsNot" computerName="LAB-WIN-01" duration="00:00:00.0886554" startTime="2026-09-12T18:15:13.5917647+08:00" endTime="2026-09-12T18:15:13.6804616+08:00" testType="13cdc9d9-ddb5-4fa4-a97d-d965ccfc6d4b" outcome="Passed" testListId="8c84fa94-04c1-424b-9868-57a2d4851a1d" relativeResultsDirectory="4c4ff529-e98f-40a8-a937-e1bd8542a2ca" />
    <UnitTestResult executionId="cbace66e-d882-4b4d-9d10-94c6cbb1170a" testId="e2bfaddb-2482-1754-7f11-10fe3b5ab89d" testName="ControlServer.Tests.SlotConfigurationActivationTests.AConfigurationWithAnUnboundSlotCannotBeIssuedAtAll" computerName="LAB-WIN-01" duration="00:00:00.1060072" startTime="2026-09-12T18:15:13.1475881+08:00" endTime="2026-09-12T18:15:13.2536468+08:00" testType="13cdc9d9-ddb5-4fa4-a97d-d965ccfc6d4b" outcome="Passed" testListId="8c84fa94-04c1-424b-9868-57a2d4851a1d" relativeResultsDirectory="cbace66e-d882-4b4d-9d10-94c6cbb1170a" />
    <UnitTestResult executionId="99881d69-5ebf-4336-9138-b001c914e1e8" testId="c4709d2d-e7f0-e7ff-e3f1-8a3e64f114e6" testName="ControlServer.Tests.SlotConfigurationActivationWireTests.AnUnknownOutcomeIsNeverRecordedAsSuccessAndLeavesTheActiveConfigurationUntouched" computerName="LAB-WIN-01" duration="00:00:00.1039262" startTime="2026-09-12T18:15:13.3856900+08:00" endTime="2026-09-12T18:15:13.4896665+08:00" testType="13cdc9d9-ddb5-4fa4-a97d-d965ccfc6d4b" outcome="Passed" testListId="8c84fa94-04c1-424b-9868-57a2d4851a1d" relativeResultsDirectory="99881d69-5ebf-4336-9138-b001c914e1e8" />
    <UnitTestResult executionId="a771fe5c-7136-4752-ac23-a2d731fbaf78" testId="eaa8524f-f815-1c9e-4c68-2d4f8e93ee48" testName="ControlServer.Tests.SlotConfigurationActivationEndpointsTests.AnActivationForAnOfflineVehicleIsAcceptedAndLeftForReplayNotReportedAsAServerError" computerName="LAB-WIN-01" duration="00:00:00.1418917" startTime="2026-09-12T18:15:13.0954016+08:00" endTime="2026-09-12T18:15:13.2373509+08:00" testType="13cdc9d9-ddb5-4fa4-a97d-d965ccfc6d4b" outcome="Passed" testListId="8c84fa94-04c1-424b-9868-57a2d4851a1d" relativeResultsDirectory="a771fe5c-7136-4752-ac23-a2d731fbaf78" />
    <UnitTestResult executionId="1d337799-05ac-4c21-8d57-3bbf5913f250" testId="62de2b93-ef94-5552-ff44-0258f927f478" testName="ControlServer.Tests.SlotConfigurationActivationTests.TheFingerprintDecidesWhetherTheArchivedConfigurationIsStillARestorationCandidate" computerName="LAB-WIN-01" duration="00:00:00.0790378" startTime="2026-09-12T18:15:13.3563363+08:00" endTime="2026-09-12T18:15:13.4354267+08:00" testType="13cdc9d9-ddb5-4fa4-a97d-d965ccfc6d4b" outcome="Passed" testListId="8c84fa94-04c1-424b-9868-57a2d4851a1d" relativeResultsDirectory="1d337799-05ac-4c21-8d57-3bbf5913f250" />
    <UnitTestResult executionId="1433355a-04d8-4880-9124-0caa981f91eb" testId="60870a61-5dc2-bbe3-3d8d-75820ac0c5e6" testName="ControlServer.Tests.CapabilitySnapshotFingerprintTests.TheDisagreementIsRecordedOnTheImmutableAuditStreamWithBothFingerprints" computerName="LAB-WIN-01" duration="00:00:00.1078508" startTime="2026-09-12T18:15:13.4766327+08:00" endTime="2026-09-12T18:15:13.5845407+08:00" testType="13cdc9d9-ddb5-4fa4-a97d-d965ccfc6d4b" outcome="Passed" testListId="8c84fa94-04c1-424b-9868-57a2d4851a1d" relativeResultsDirectory="1433355a-04d8-4880-9124-0caa981f91eb" />
    <UnitTestResult executionId="af2ed8db-7801-4ca9-a1f8-94c280719f96" testId="40c21c47-b251-c9e4-8c8b-53b52686bb60" testName="ControlServer.Tests.SlotConfigurationActivationEndpointsTests.AnUnpopulatedCredentialVariableMakesTheEntryPointUnavailable" computerName="LAB-WIN-01" duration="00:00:00.0864439" startTime="2026-09-12T18:15:13.5351744+08:00" endTime="2026-09-12T18:15:13.6216706+08:00" testType="13cdc9d9-ddb5-4fa4-a97d-d965ccfc6d4b" outcome="Passed" testListId="8c84fa94-04c1-424b-9868-57a2d4851a1d" relativeResultsDirectory="af2ed8db-7801-4ca9-a1f8-94c280719f96" />
    <UnitTestResult executionId="ea0f03a9-201c-47fa-951a-d647fd8808ec" testId="17c09e71-5073-928f-eda6-9a786e15a19c" testName="ControlServer.Tests.SlotConfigurationActivationEndpointsTests.AVehicleWithNoSessionCannotBeSentAnActivation" computerName="LAB-WIN-01" duration="00:00:01.2905284" startTime="2026-09-12T18:15:11.7972758+08:00" endTime="2026-09-12T18:15:13.0938592+08:00" testType="13cdc9d9-ddb5-4fa4-a97d-d965ccfc6d4b" outcome="Passed" testListId="8c84fa94-04c1-424b-9868-57a2d4851a1d" relativeResultsDirectory="ea0f03a9-201c-47fa-951a-d647fd8808ec" />
    <UnitTestResult executionId="bd766ab5-307e-4e9e-aaa9-bb27f65357fb" testId="857c23c7-b354-a36a-aa56-bf4357ffc0b4" testName="ControlServer.Tests.SlotConfigurationActivationTests.AnActivationGoesOutReliableUnderTheSlotConfigurationRecoveryRoleAndWaitsForItsResult" computerName="LAB-WIN-01" duration="00:00:01.3434373" startTime="2026-09-12T18:15:11.7972823+08:00" endTime="2026-09-12T18:15:13.1465334+08:00" testType="13cdc9d9-ddb5-4fa4-a97d-d965ccfc6d4b" outcome="Passed" testListId="8c84fa94-04c1-424b-9868-57a2d4851a1d" relativeResultsDirectory="bd766ab5-307e-4e9e-aaa9-bb27f65357fb" />
    <UnitTestResult executionId="928c4195-ddd6-49a5-8a73-5737eb404220" testId="afdb1294-fa36-91df-881f-92771ec80c22" testName="ControlServer.Tests.SlotConfigurationActivationTests.AReplayedResultConvergesTheSameActivationInsteadOfProducingASecondOne" computerName="LAB-WIN-01" duration="00:00:00.1007248" startTime="2026-09-12T18:15:13.2543879+08:00" endTime="2026-09-12T18:15:13.3551587+08:00" testType="13cdc9d9-ddb5-4fa4-a97d-d965ccfc6d4b" outcome="Passed" testListId="8c84fa94-04c1-424b-9868-57a2d4851a1d" relativeResultsDirectory="928c4195-ddd6-49a5-8a73-5737eb404220" />
    <UnitTestResult executionId="9d0c5750-b9cb-498b-8354-655fed37fe02" testId="23ba45b3-96aa-0074-2760-9152667624d6" testName="ControlServer.Tests.SlotConfigurationActivationTests.TheCanonicalFingerprintOfTheSharedExampleIsTheValueTheOnboardSideAlsoComputes" computerName="LAB-WIN-01" duration="00:00:00.0007646" startTime="2026-09-12T18:15:13.5583340+08:00" endTime="2026-09-12T18:15:13.5591573+08:00" testType="13cdc9d9-ddb5-4fa4-a97d-d965ccfc6d4b" outcome="Passed" testListId="8c84fa94-04c1-424b-9868-57a2d4851a1d" relativeResultsDirectory="9d0c5750-b9cb-498b-8354-655fed37fe02" />
    <UnitTestResult executionId="967452bf-03ff-4156-aef5-aab89f7f9a45" testId="e14e23f9-e8bd-fa93-bef1-32c8616bd008" testName="ControlServer.Tests.CapabilitySnapshotFingerprintTests.AReportedFingerprintThatDisagreesLeavesTheVehicleUnreadyButStillReachable" computerName="LAB-WIN-01" duration="00:00:01.4608301" startTime="2026-09-12T18:15:11.7972706+08:00" endTime="2026-09-12T18:15:13.2641212+08:00" testType="13cdc9d9-ddb5-4fa4-a97d-d965ccfc6d4b" outcome="Passed" testListId="8c84fa94-04c1-424b-9868-57a2d4851a1d" relativeResultsDirectory="967452bf-03ff-4156-aef5-aab89f7f9a45" />
    <UnitTestResult executionId="b42d5be4-76f5-471a-ab34-905ce9fba8f0" testId="55421e9e-e85e-58c1-d13d-16e2c1bfc572" testName="ControlServer.Tests.SlotConfigurationActivationWireTests.TheCommandIsDurableBeforeItIsSentAndCarriesTheTargetVersionAndFingerprint" computerName="LAB-WIN-01" duration="00:00:01.3659727" startTime="2026-09-12T18:15:11.7972677+08:00" endTime="2026-09-12T18:15:13.1692530+08:00" testType="13cdc9d9-ddb5-4fa4-a97d-d965ccfc6d4b" outcome="Passed" testListId="8c84fa94-04c1-424b-9868-57a2d4851a1d" relativeResultsDirectory="b42d5be4-76f5-471a-ab34-905ce9fba8f0" />
    <UnitTestResult executionId="de357808-ca6c-48f9-8fcd-dfeee217aa39" testId="df20efc6-5944-04ed-15a9-296e401a7317" testName="ControlServer.Tests.SessionReadinessReasonCodesTests.AFingerprintMismatchGoesOnTheWireAsItself" computerName="LAB-WIN-01" duration="00:00:00.0133439" startTime="2026-09-12T18:15:11.7972823+08:00" endTime="2026-09-12T18:15:11.8191464+08:00" testType="13cdc9d9-ddb5-4fa4-a97d-d965ccfc6d4b" outcome="Passed" testListId="8c84fa94-04c1-424b-9868-57a2d4851a1d" relativeResultsDirectory="de357808-ca6c-48f9-8fcd-dfeee217aa39" />
    <UnitTestResult executionId="6ed489f1-dfa6-4bca-8eb5-a7a43a98dc32" testId="4784e74b-e718-79ec-30fa-b54f4fc579ac" testName="ControlServer.Tests.SlotConfigurationActivationEndpointsTests.AVerificationMethodTheProtocolDoesNotKnowIsRefusedBeforeTheCommandIsBuilt" computerName="LAB-WIN-01" duration="00:00:00.0896779" startTime="2026-09-12T18:15:13.2386620+08:00" endTime="2026-09-12T18:15:13.3283871+08:00" testType="13cdc9d9-ddb5-4fa4-a97d-d965ccfc6d4b" outcome="Passed" testListId="8c84fa94-04c1-424b-9868-57a2d4851a1d" relativeResultsDirectory="6ed489f1-dfa6-4bca-8eb5-a7a43a98dc32" />
    <UnitTestResult executionId="91af644e-4491-43af-8310-fac1101c3fc7" testId="14f1c21e-bd52-8015-1440-e0fe5a7284cb" testName="ControlServer.Tests.SlotConfigurationActivationWireTests.AReplayedResultUnderANewMessageIdConvergesTheSameActivationInsteadOfASecondOne" computerName="LAB-WIN-01" duration="00:00:00.1111963" startTime="2026-09-12T18:15:13.1700200+08:00" endTime="2026-09-12T18:15:13.2812640+08:00" testType="13cdc9d9-ddb5-4fa4-a97d-d965ccfc6d4b" outcome="Passed" testListId="8c84fa94-04c1-424b-9868-57a2d4851a1d" relativeResultsDirectory="91af644e-4491-43af-8310-fac1101c3fc7" />
    <UnitTestResult executionId="776424db-32f8-4f04-adb6-1b7e8a39fd7e" testId="d2a0276b-eda5-53bd-e549-3f2863985290" testName="ControlServer.Tests.SlotConfigurationActivationEndpointsTests.AnAcceptedActivationIsPendingResultAndCarriesTheServersOwnSessionGeneration" computerName="LAB-WIN-01" duration="00:00:00.1117356" startTime="2026-09-12T18:15:13.4224138+08:00" endTime="2026-09-12T18:15:13.5341993+08:00" testType="13cdc9d9-ddb5-4fa4-a97d-d965ccfc6d4b" outcome="Passed" testListId="8c84fa94-04c1-424b-9868-57a2d4851a1d" relativeResultsDirectory="776424db-32f8-4f04-adb6-1b7e8a39fd7e" />
    <UnitTestResult executionId="9f8bdbc3-04a2-4877-9c43-c85151939011" testId="47c6967f-a4b1-4b6a-1e96-3dfd7c47f4e3" testName="ControlServer.Tests.SlotConfigurationActivationTests.WhileTheResultIsOutstandingTheServerGuessesNeitherSuccessNorFailure" computerName="LAB-WIN-01" duration="00:00:00.1208260" startTime="2026-09-12T18:15:13.4366045+08:00" endTime="2026-09-12T18:15:13.5575664+08:00" testType="13cdc9d9-ddb5-4fa4-a97d-d965ccfc6d4b" outcome="Passed" testListId="8c84fa94-04c1-424b-9868-57a2d4851a1d" relativeResultsDirectory="9f8bdbc3-04a2-4877-9c43-c85151939011" />
    <UnitTestResult executionId="baf60e4c-7612-4bc6-97cc-0ae45264c12c" testId="81ab690f-1e41-c33c-c74d-642accc8ea5b" testName="ControlServer.Tests.CapabilitySnapshotFingerprintTests.AReportedFingerprintThatMatchesTheActivatedVersionIsAdoptedAndAcked" computerName="LAB-WIN-01" duration="00:00:00.1136303" startTime="2026-09-12T18:15:13.3617905+08:00" endTime="2026-09-12T18:15:13.4754709+08:00" testType="13cdc9d9-ddb5-4fa4-a97d-d965ccfc6d4b" outcome="Passed" testListId="8c84fa94-04c1-424b-9868-57a2d4851a1d" relativeResultsDirectory="baf60e4c-7612-4bc6-97cc-0ae45264c12c" />
    <UnitTestResult executionId="801b47d4-f4d4-48ef-a711-bcee9baecd4a" testId="00fc043a-7044-4691-6e41-f7935e1ffacf" testName="ControlServer.Tests.CapabilitySnapshotFingerprintTests.WithNoActivatedVersionTheFingerprintDecidesTheRestorationCandidateInsteadOfBlockingTheVehicle" computerName="LAB-WIN-01" duration="00:00:00.0957550" startTime="2026-09-12T18:15:13.2652900+08:00" endTime="2026-09-12T18:15:13.3610926+08:00" testType="13cdc9d9-ddb5-4fa4-a97d-d965ccfc6d4b" outcome="Passed" testListId="8c84fa94-04c1-424b-9868-57a2d4851a1d" relativeResultsDirectory="801b47d4-f4d4-48ef-a711-bcee9baecd4a" />
    <UnitTestResult executionId="1f5f155d-9f24-46ee-8ea0-b4f1fb18b53c" testId="4fe093e6-756b-4dd4-a4ce-8c22d02fa120" testName="ControlServer.Tests.CapabilitySnapshotFingerprintTests.AVehicleThatHasNotReportedYetIsNotNamedAsAFingerprintMismatch" computerName="LAB-WIN-01" duration="00:00:00.0894793" startTime="2026-09-12T18:15:13.5851178+08:00" endTime="2026-09-12T18:15:13.6746411+08:00" testType="13cdc9d9-ddb5-4fa4-a97d-d965ccfc6d4b" outcome="Passed" testListId="8c84fa94-04c1-424b-9868-57a2d4851a1d" relativeResultsDirectory="1f5f155d-9f24-46ee-8ea0-b4f1fb18b53c" />
    <UnitTestResult executionId="0a04b71b-6e86-47e3-909c-6a09da151a47" testId="feaa1531-54be-92a0-adc8-25c05b890ffb" testName="ControlServer.Tests.SlotConfigurationActivationTests.NoSecondHumanApprovalStandsBetweenTheDecisionAndTheActivation" computerName="LAB-WIN-01" duration="00:00:00.0021882" startTime="2026-09-12T18:15:13.5598305+08:00" endTime="2026-09-12T18:15:13.5620763+08:00" testType="13cdc9d9-ddb5-4fa4-a97d-d965ccfc6d4b" outcome="Passed" testListId="8c84fa94-04c1-424b-9868-57a2d4851a1d" relativeResultsDirectory="0a04b71b-6e86-47e3-909c-6a09da151a47" />
    <UnitTestResult executionId="54ed010f-4849-410e-8f23-a1bf67d51bd7" testId="014d0f8f-9178-8a54-360e-4be3a79b72e7" testName="ControlServer.Tests.SlotConfigurationActivationWireTests.TheResultConvergesTheActivationAndTheActiveConfigurationBecomesTheOneJustActivated" computerName="LAB-WIN-01" duration="00:00:00.1018649" startTime="2026-09-12T18:15:13.2829274+08:00" endTime="2026-09-12T18:15:13.3848437+08:00" testType="13cdc9d9-ddb5-4fa4-a97d-d965ccfc6d4b" outcome="Passed" testListId="8c84fa94-04c1-424b-9868-57a2d4851a1d" relativeResultsDirectory="54ed010f-4849-410e-8f23-a1bf67d51bd7" />
    <UnitTestResult executionId="b04ca5ca-a7b7-40e9-bafc-2b1224f2c1da" testId="652ccb4e-ca31-ee5c-bf94-d0b231912392" testName="ControlServer.Tests.SlotConfigurationActivationWireTests.AnOutcomeOrVerificationMethodTheProtocolDoesNotDefineIsRefusedRatherThanDefaulted" computerName="LAB-WIN-01" duration="00:00:00.0968075" startTime="2026-09-12T18:15:13.4941784+08:00" endTime="2026-09-12T18:15:13.5910410+08:00" testType="13cdc9d9-ddb5-4fa4-a97d-d965ccfc6d4b" outcome="Passed" testListId="8c84fa94-04c1-424b-9868-57a2d4851a1d" relativeResultsDirectory="b04ca5ca-a7b7-40e9-bafc-2b1224f2c1da" />
  </Results>
  <TestDefinitions>
    <UnitTest name="ControlServer.Tests.SlotConfigurationActivationWireTests.AnOutcomeOrVerificationMethodTheProtocolDoesNotDefineIsRefusedRatherThanDefaulted" storage="c:\users\szy\8005-b3\cs-g2-6369616\tests\controlserver.tests\bin\release\net8.0\win-x64\controlserver.tests.dll" id="652ccb4e-ca31-ee5c-bf94-d0b231912392">
      <Execution id="b04ca5ca-a7b7-40e9-bafc-2b1224f2c1da" />
      <TestMethod codeBase="C:\Users\szy\8005-b3\cs-g2-6369616\tests\ControlServer.Tests\bin\Release\net8.0\win-x64\ControlServer.Tests.dll" adapterTypeName="executor://xunit/VsTestRunner3/netcore/" className="ControlServer.Tests.SlotConfigurationActivationWireTests" name="AnOutcomeOrVerificationMethodTheProtocolDoesNotDefineIsRefusedRatherThanDefaulted" />
    </UnitTest>
    <UnitTest name="ControlServer.Tests.SlotConfigurationActivationTests.WhileTheResultIsOutstandingTheServerGuessesNeitherSuccessNorFailure" storage="c:\users\szy\8005-b3\cs-g2-6369616\tests\controlserver.tests\bin\release\net8.0\win-x64\controlserver.tests.dll" id="47c6967f-a4b1-4b6a-1e96-3dfd7c47f4e3">
      <Execution id="9f8bdbc3-04a2-4877-9c43-c85151939011" />
      <TestMethod codeBase="C:\Users\szy\8005-b3\cs-g2-6369616\tests\ControlServer.Tests\bin\Release\net8.0\win-x64\ControlServer.Tests.dll" adapterTypeName="executor://xunit/VsTestRunner3/netcore/" className="ControlServer.Tests.SlotConfigurationActivationTests" name="WhileTheResultIsOutstandingTheServerGuessesNeitherSuccessNorFailure" />
    </UnitTest>
    <UnitTest name="ControlServer.Tests.SlotConfigurationActivationEndpointsTests.AVehicleWithNoSessionCannotBeSentAnActivation" storage="c:\users\szy\8005-b3\cs-g2-6369616\tests\controlserver.tests\bin\release\net8.0\win-x64\controlserver.tests.dll" id="17c09e71-5073-928f-eda6-9a786e15a19c">
      <Execution id="ea0f03a9-201c-47fa-951a-d647fd8808ec" />
      <TestMethod codeBase="C:\Users\szy\8005-b3\cs-g2-6369616\tests\ControlServer.Tests\bin\Release\net8.0\win-x64\ControlServer.Tests.dll" adapterTypeName="executor://xunit/VsTestRunner3/netcore/" className="ControlServer.Tests.SlotConfigurationActivationEndpointsTests" name="AVehicleWithNoSessionCannotBeSentAnActivation" />
    </UnitTest>
    <UnitTest name="ControlServer.Tests.SlotConfigurationActivationWireTests.APendingActivationCommandIsReplayedOnReconnectAndASettledOneIsNot" storage="c:\users\szy\8005-b3\cs-g2-6369616\tests\controlserver.tests\bin\release\net8.0\win-x64\controlserver.tests.dll" id="48be723c-e329-4076-56f0-2c031d4171b0">
      <Execution id="4c4ff529-e98f-40a8-a937-e1bd8542a2ca" />
      <TestMethod codeBase="C:\Users\szy\8005-b3\cs-g2-6369616\tests\ControlServer.Tests\bin\Release\net8.0\win-x64\ControlServer.Tests.dll" adapterTypeName="executor://xunit/VsTestRunner3/netcore/" className="ControlServer.Tests.SlotConfigurationActivationWireTests" name="APendingActivationCommandIsReplayedOnReconnectAndASettledOneIsNot" />
    </UnitTest>
    <UnitTest name="ControlServer.Tests.SlotConfigurationActivationEndpointsTests.AWrongBearerCredentialIsRejectedBeforeAnythingIsPersisted" storage="c:\users\szy\8005-b3\cs-g2-6369616\tests\controlserver.tests\bin\release\net8.0\win-x64\controlserver.tests.dll" id="26e40b72-f40e-e38b-b7bc-9076ee6d450d">
      <Execution id="5179e3ae-16e5-44a6-9c32-b37661440d29" />
      <TestMethod codeBase="C:\Users\szy\8005-b3\cs-g2-6369616\tests\ControlServer.Tests\bin\Release\net8.0\win-x64\ControlServer.Tests.dll" adapterTypeName="executor://xunit/VsTestRunner3/netcore/" className="ControlServer.Tests.SlotConfigurationActivationEndpointsTests" name="AWrongBearerCredentialIsRejectedBeforeAnythingIsPersisted" />
    </UnitTest>
    <UnitTest name="ControlServer.Tests.CapabilitySnapshotFingerprintTests.AReportedFingerprintThatMatchesTheActivatedVersionIsAdoptedAndAcked" storage="c:\users\szy\8005-b3\cs-g2-6369616\tests\controlserver.tests\bin\release\net8.0\win-x64\controlserver.tests.dll" id="81ab690f-1e41-c33c-c74d-642accc8ea5b">
      <Execution id="baf60e4c-7612-4bc6-97cc-0ae45264c12c" />
      <TestMethod codeBase="C:\Users\szy\8005-b3\cs-g2-6369616\tests\ControlServer.Tests\bin\Release\net8.0\win-x64\ControlServer.Tests.dll" adapterTypeName="executor://xunit/VsTestRunner3/netcore/" className="ControlServer.Tests.CapabilitySnapshotFingerprintTests" name="AReportedFingerprintThatMatchesTheActivatedVersionIsAdoptedAndAcked" />
    </UnitTest>
    <UnitTest name="ControlServer.Tests.SlotConfigurationActivationEndpointsTests.AnUnpopulatedCredentialVariableMakesTheEntryPointUnavailable" storage="c:\users\szy\8005-b3\cs-g2-6369616\tests\controlserver.tests\bin\release\net8.0\win-x64\controlserver.tests.dll" id="40c21c47-b251-c9e4-8c8b-53b52686bb60">
      <Execution id="af2ed8db-7801-4ca9-a1f8-94c280719f96" />
      <TestMethod codeBase="C:\Users\szy\8005-b3\cs-g2-6369616\tests\ControlServer.Tests\bin\Release\net8.0\win-x64\ControlServer.Tests.dll" adapterTypeName="executor://xunit/VsTestRunner3/netcore/" className="ControlServer.Tests.SlotConfigurationActivationEndpointsTests" name="AnUnpopulatedCredentialVariableMakesTheEntryPointUnavailable" />
    </UnitTest>
    <UnitTest name="ControlServer.Tests.SlotConfigurationActivationTests.AConfigurationWithAnUnboundSlotCannotBeIssuedAtAll" storage="c:\users\szy\8005-b3\cs-g2-6369616\tests\controlserver.tests\bin\release\net8.0\win-x64\controlserver.tests.dll" id="e2bfaddb-2482-1754-7f11-10fe3b5ab89d">
      <Execution id="cbace66e-d882-4b4d-9d10-94c6cbb1170a" />
      <TestMethod codeBase="C:\Users\szy\8005-b3\cs-g2-6369616\tests\ControlServer.Tests\bin\Release\net8.0\win-x64\ControlServer.Tests.dll" adapterTypeName="executor://xunit/VsTestRunner3/netcore/" className="ControlServer.Tests.SlotConfigurationActivationTests" name="AConfigurationWithAnUnboundSlotCannotBeIssuedAtAll" />
    </UnitTest>
    <UnitTest name="ControlServer.Tests.CapabilitySnapshotFingerprintTests.AReportedFingerprintThatDisagreesLeavesTheVehicleUnreadyButStillReachable" storage="c:\users\szy\8005-b3\cs-g2-6369616\tests\controlserver.tests\bin\release\net8.0\win-x64\controlserver.tests.dll" id="e14e23f9-e8bd-fa93-bef1-32c8616bd008">
      <Execution id="967452bf-03ff-4156-aef5-aab89f7f9a45" />
      <TestMethod codeBase="C:\Users\szy\8005-b3\cs-g2-6369616\tests\ControlServer.Tests\bin\Release\net8.0\win-x64\ControlServer.Tests.dll" adapterTypeName="executor://xunit/VsTestRunner3/netcore/" className="ControlServer.Tests.CapabilitySnapshotFingerprintTests" name="AReportedFingerprintThatDisagreesLeavesTheVehicleUnreadyButStillReachable" />
    </UnitTest>
    <UnitTest name="ControlServer.Tests.CapabilitySnapshotFingerprintTests.TheDisagreementIsRecordedOnTheImmutableAuditStreamWithBothFingerprints" storage="c:\users\szy\8005-b3\cs-g2-6369616\tests\controlserver.tests\bin\release\net8.0\win-x64\controlserver.tests.dll" id="60870a61-5dc2-bbe3-3d8d-75820ac0c5e6">
      <Execution id="1433355a-04d8-4880-9124-0caa981f91eb" />
      <TestMethod codeBase="C:\Users\szy\8005-b3\cs-g2-6369616\tests\ControlServer.Tests\bin\Release\net8.0\win-x64\ControlServer.Tests.dll" adapterTypeName="executor://xunit/VsTestRunner3/netcore/" className="ControlServer.Tests.CapabilitySnapshotFingerprintTests" name="TheDisagreementIsRecordedOnTheImmutableAuditStreamWithBothFingerprints" />
    </UnitTest>
    <UnitTest name="ControlServer.Tests.SlotConfigurationActivationTests.TheFingerprintDecidesWhetherTheArchivedConfigurationIsStillARestorationCandidate" storage="c:\users\szy\8005-b3\cs-g2-6369616\tests\controlserver.tests\bin\release\net8.0\win-x64\controlserver.tests.dll" id="62de2b93-ef94-5552-ff44-0258f927f478">
      <Execution id="1d337799-05ac-4c21-8d57-3bbf5913f250" />
      <TestMethod codeBase="C:\Users\szy\8005-b3\cs-g2-6369616\tests\ControlServer.Tests\bin\Release\net8.0\win-x64\ControlServer.Tests.dll" adapterTypeName="executor://xunit/VsTestRunner3/netcore/" className="ControlServer.Tests.SlotConfigurationActivationTests" name="TheFingerprintDecidesWhetherTheArchivedConfigurationIsStillARestorationCandidate" />
    </UnitTest>
    <UnitTest name="ControlServer.Tests.SlotConfigurationActivationEndpointsTests.AnAcceptedActivationIsPendingResultAndCarriesTheServersOwnSessionGeneration" storage="c:\users\szy\8005-b3\cs-g2-6369616\tests\controlserver.tests\bin\release\net8.0\win-x64\controlserver.tests.dll" id="d2a0276b-eda5-53bd-e549-3f2863985290">
      <Execution id="776424db-32f8-4f04-adb6-1b7e8a39fd7e" />
      <TestMethod codeBase="C:\Users\szy\8005-b3\cs-g2-6369616\tests\ControlServer.Tests\bin\Release\net8.0\win-x64\ControlServer.Tests.dll" adapterTypeName="executor://xunit/VsTestRunner3/netcore/" className="ControlServer.Tests.SlotConfigurationActivationEndpointsTests" name="AnAcceptedActivationIsPendingResultAndCarriesTheServersOwnSessionGeneration" />
    </UnitTest>
    <UnitTest name="ControlServer.Tests.SlotConfigurationActivationWireTests.AnUnknownOutcomeIsNeverRecordedAsSuccessAndLeavesTheActiveConfigurationUntouched" storage="c:\users\szy\8005-b3\cs-g2-6369616\tests\controlserver.tests\bin\release\net8.0\win-x64\controlserver.tests.dll" id="c4709d2d-e7f0-e7ff-e3f1-8a3e64f114e6">
      <Execution id="99881d69-5ebf-4336-9138-b001c914e1e8" />
      <TestMethod codeBase="C:\Users\szy\8005-b3\cs-g2-6369616\tests\ControlServer.Tests\bin\Release\net8.0\win-x64\ControlServer.Tests.dll" adapterTypeName="executor://xunit/VsTestRunner3/netcore/" className="ControlServer.Tests.SlotConfigurationActivationWireTests" name="AnUnknownOutcomeIsNeverRecordedAsSuccessAndLeavesTheActiveConfigurationUntouched" />
    </UnitTest>
    <UnitTest name="ControlServer.Tests.SlotConfigurationActivationTests.AnActivationGoesOutReliableUnderTheSlotConfigurationRecoveryRoleAndWaitsForItsResult" storage="c:\users\szy\8005-b3\cs-g2-6369616\tests\controlserver.tests\bin\release\net8.0\win-x64\controlserver.tests.dll" id="857c23c7-b354-a36a-aa56-bf4357ffc0b4">
      <Execution id="bd766ab5-307e-4e9e-aaa9-bb27f65357fb" />
      <TestMethod codeBase="C:\Users\szy\8005-b3\cs-g2-6369616\tests\ControlServer.Tests\bin\Release\net8.0\win-x64\ControlServer.Tests.dll" adapterTypeName="executor://xunit/VsTestRunner3/netcore/" className="ControlServer.Tests.SlotConfigurationActivationTests" name="AnActivationGoesOutReliableUnderTheSlotConfigurationRecoveryRoleAndWaitsForItsResult" />
    </UnitTest>
    <UnitTest name="ControlServer.Tests.SessionReadinessReasonCodesTests.AFingerprintMismatchGoesOnTheWireAsItself" storage="c:\users\szy\8005-b3\cs-g2-6369616\tests\controlserver.tests\bin\release\net8.0\win-x64\controlserver.tests.dll" id="df20efc6-5944-04ed-15a9-296e401a7317">
      <Execution id="de357808-ca6c-48f9-8fcd-dfeee217aa39" />
      <TestMethod codeBase="C:\Users\szy\8005-b3\cs-g2-6369616\tests\ControlServer.Tests\bin\Release\net8.0\win-x64\ControlServer.Tests.dll" adapterTypeName="executor://xunit/VsTestRunner3/netcore/" className="ControlServer.Tests.SessionReadinessReasonCodesTests" name="AFingerprintMismatchGoesOnTheWireAsItself" />
    </UnitTest>
    <UnitTest name="ControlServer.Tests.SlotConfigurationActivationTests.TheCanonicalFingerprintOfTheSharedExampleIsTheValueTheOnboardSideAlsoComputes" storage="c:\users\szy\8005-b3\cs-g2-6369616\tests\controlserver.tests\bin\release\net8.0\win-x64\controlserver.tests.dll" id="23ba45b3-96aa-0074-2760-9152667624d6">
      <Execution id="9d0c5750-b9cb-498b-8354-655fed37fe02" />
      <TestMethod codeBase="C:\Users\szy\8005-b3\cs-g2-6369616\tests\ControlServer.Tests\bin\Release\net8.0\win-x64\ControlServer.Tests.dll" adapterTypeName="executor://xunit/VsTestRunner3/netcore/" className="ControlServer.Tests.SlotConfigurationActivationTests" name="TheCanonicalFingerprintOfTheSharedExampleIsTheValueTheOnboardSideAlsoComputes" />
    </UnitTest>
    <UnitTest name="ControlServer.Tests.CapabilitySnapshotFingerprintTests.WithNoActivatedVersionTheFingerprintDecidesTheRestorationCandidateInsteadOfBlockingTheVehicle" storage="c:\users\szy\8005-b3\cs-g2-6369616\tests\controlserver.tests\bin\release\net8.0\win-x64\controlserver.tests.dll" id="00fc043a-7044-4691-6e41-f7935e1ffacf">
      <Execution id="801b47d4-f4d4-48ef-a711-bcee9baecd4a" />
      <TestMethod codeBase="C:\Users\szy\8005-b3\cs-g2-6369616\tests\ControlServer.Tests\bin\Release\net8.0\win-x64\ControlServer.Tests.dll" adapterTypeName="executor://xunit/VsTestRunner3/netcore/" className="ControlServer.Tests.CapabilitySnapshotFingerprintTests" name="WithNoActivatedVersionTheFingerprintDecidesTheRestorationCandidateInsteadOfBlockingTheVehicle" />
    </UnitTest>
    <UnitTest name="ControlServer.Tests.SlotConfigurationActivationEndpointsTests.AVerificationMethodTheProtocolDoesNotKnowIsRefusedBeforeTheCommandIsBuilt" storage="c:\users\szy\8005-b3\cs-g2-6369616\tests\controlserver.tests\bin\release\net8.0\win-x64\controlserver.tests.dll" id="4784e74b-e718-79ec-30fa-b54f4fc579ac">
      <Execution id="6ed489f1-dfa6-4bca-8eb5-a7a43a98dc32" />
      <TestMethod codeBase="C:\Users\szy\8005-b3\cs-g2-6369616\tests\ControlServer.Tests\bin\Release\net8.0\win-x64\ControlServer.Tests.dll" adapterTypeName="executor://xunit/VsTestRunner3/netcore/" className="ControlServer.Tests.SlotConfigurationActivationEndpointsTests" name="AVerificationMethodTheProtocolDoesNotKnowIsRefusedBeforeTheCommandIsBuilt" />
    </UnitTest>
    <UnitTest name="ControlServer.Tests.SlotConfigurationActivationEndpointsTests.AnActivationForAnOfflineVehicleIsAcceptedAndLeftForReplayNotReportedAsAServerError" storage="c:\users\szy\8005-b3\cs-g2-6369616\tests\controlserver.tests\bin\release\net8.0\win-x64\controlserver.tests.dll" id="eaa8524f-f815-1c9e-4c68-2d4f8e93ee48">
      <Execution id="a771fe5c-7136-4752-ac23-a2d731fbaf78" />
      <TestMethod codeBase="C:\Users\szy\8005-b3\cs-g2-6369616\tests\ControlServer.Tests\bin\Release\net8.0\win-x64\ControlServer.Tests.dll" adapterTypeName="executor://xunit/VsTestRunner3/netcore/" className="ControlServer.Tests.SlotConfigurationActivationEndpointsTests" name="AnActivationForAnOfflineVehicleIsAcceptedAndLeftForReplayNotReportedAsAServerError" />
    </UnitTest>
    <UnitTest name="ControlServer.Tests.SlotConfigurationActivationWireTests.TheResultConvergesTheActivationAndTheActiveConfigurationBecomesTheOneJustActivated" storage="c:\users\szy\8005-b3\cs-g2-6369616\tests\controlserver.tests\bin\release\net8.0\win-x64\controlserver.tests.dll" id="014d0f8f-9178-8a54-360e-4be3a79b72e7">
      <Execution id="54ed010f-4849-410e-8f23-a1bf67d51bd7" />
      <TestMethod codeBase="C:\Users\szy\8005-b3\cs-g2-6369616\tests\ControlServer.Tests\bin\Release\net8.0\win-x64\ControlServer.Tests.dll" adapterTypeName="executor://xunit/VsTestRunner3/netcore/" className="ControlServer.Tests.SlotConfigurationActivationWireTests" name="TheResultConvergesTheActivationAndTheActiveConfigurationBecomesTheOneJustActivated" />
    </UnitTest>
    <UnitTest name="ControlServer.Tests.SlotConfigurationActivationWireTests.AReplayedResultUnderANewMessageIdConvergesTheSameActivationInsteadOfASecondOne" storage="c:\users\szy\8005-b3\cs-g2-6369616\tests\controlserver.tests\bin\release\net8.0\win-x64\controlserver.tests.dll" id="14f1c21e-bd52-8015-1440-e0fe5a7284cb">
      <Execution id="91af644e-4491-43af-8310-fac1101c3fc7" />
      <TestMethod codeBase="C:\Users\szy\8005-b3\cs-g2-6369616\tests\ControlServer.Tests\bin\Release\net8.0\win-x64\ControlServer.Tests.dll" adapterTypeName="executor://xunit/VsTestRunner3/netcore/" className="ControlServer.Tests.SlotConfigurationActivationWireTests" name="AReplayedResultUnderANewMessageIdConvergesTheSameActivationInsteadOfASecondOne" />
    </UnitTest>
    <UnitTest name="ControlServer.Tests.SlotConfigurationActivationTests.NoSecondHumanApprovalStandsBetweenTheDecisionAndTheActivation" storage="c:\users\szy\8005-b3\cs-g2-6369616\tests\controlserver.tests\bin\release\net8.0\win-x64\controlserver.tests.dll" id="feaa1531-54be-92a0-adc8-25c05b890ffb">
      <Execution id="0a04b71b-6e86-47e3-909c-6a09da151a47" />
      <TestMethod codeBase="C:\Users\szy\8005-b3\cs-g2-6369616\tests\ControlServer.Tests\bin\Release\net8.0\win-x64\ControlServer.Tests.dll" adapterTypeName="executor://xunit/VsTestRunner3/netcore/" className="ControlServer.Tests.SlotConfigurationActivationTests" name="NoSecondHumanApprovalStandsBetweenTheDecisionAndTheActivation" />
    </UnitTest>
    <UnitTest name="ControlServer.Tests.SlotConfigurationActivationWireTests.TheCommandIsDurableBeforeItIsSentAndCarriesTheTargetVersionAndFingerprint" storage="c:\users\szy\8005-b3\cs-g2-6369616\tests\controlserver.tests\bin\release\net8.0\win-x64\controlserver.tests.dll" id="55421e9e-e85e-58c1-d13d-16e2c1bfc572">
      <Execution id="b42d5be4-76f5-471a-ab34-905ce9fba8f0" />
      <TestMethod codeBase="C:\Users\szy\8005-b3\cs-g2-6369616\tests\ControlServer.Tests\bin\Release\net8.0\win-x64\ControlServer.Tests.dll" adapterTypeName="executor://xunit/VsTestRunner3/netcore/" className="ControlServer.Tests.SlotConfigurationActivationWireTests" name="TheCommandIsDurableBeforeItIsSentAndCarriesTheTargetVersionAndFingerprint" />
    </UnitTest>
    <UnitTest name="ControlServer.Tests.CapabilitySnapshotFingerprintTests.AVehicleThatHasNotReportedYetIsNotNamedAsAFingerprintMismatch" storage="c:\users\szy\8005-b3\cs-g2-6369616\tests\controlserver.tests\bin\release\net8.0\win-x64\controlserver.tests.dll" id="4fe093e6-756b-4dd4-a4ce-8c22d02fa120">
      <Execution id="1f5f155d-9f24-46ee-8ea0-b4f1fb18b53c" />
      <TestMethod codeBase="C:\Users\szy\8005-b3\cs-g2-6369616\tests\ControlServer.Tests\bin\Release\net8.0\win-x64\ControlServer.Tests.dll" adapterTypeName="executor://xunit/VsTestRunner3/netcore/" className="ControlServer.Tests.CapabilitySnapshotFingerprintTests" name="AVehicleThatHasNotReportedYetIsNotNamedAsAFingerprintMismatch" />
    </UnitTest>
    <UnitTest name="ControlServer.Tests.SlotConfigurationActivationTests.AReplayedResultConvergesTheSameActivationInsteadOfProducingASecondOne" storage="c:\users\szy\8005-b3\cs-g2-6369616\tests\controlserver.tests\bin\release\net8.0\win-x64\controlserver.tests.dll" id="afdb1294-fa36-91df-881f-92771ec80c22">
      <Execution id="928c4195-ddd6-49a5-8a73-5737eb404220" />
      <TestMethod codeBase="C:\Users\szy\8005-b3\cs-g2-6369616\tests\ControlServer.Tests\bin\Release\net8.0\win-x64\ControlServer.Tests.dll" adapterTypeName="executor://xunit/VsTestRunner3/netcore/" className="ControlServer.Tests.SlotConfigurationActivationTests" name="AReplayedResultConvergesTheSameActivationInsteadOfProducingASecondOne" />
    </UnitTest>
  </TestDefinitions>
  <TestEntries>
    <TestEntry testId="26e40b72-f40e-e38b-b7bc-9076ee6d450d" executionId="5179e3ae-16e5-44a6-9c32-b37661440d29" testListId="8c84fa94-04c1-424b-9868-57a2d4851a1d" />
    <TestEntry testId="48be723c-e329-4076-56f0-2c031d4171b0" executionId="4c4ff529-e98f-40a8-a937-e1bd8542a2ca" testListId="8c84fa94-04c1-424b-9868-57a2d4851a1d" />
    <TestEntry testId="e2bfaddb-2482-1754-7f11-10fe3b5ab89d" executionId="cbace66e-d882-4b4d-9d10-94c6cbb1170a" testListId="8c84fa94-04c1-424b-9868-57a2d4851a1d" />
    <TestEntry testId="c4709d2d-e7f0-e7ff-e3f1-8a3e64f114e6" executionId="99881d69-5ebf-4336-9138-b001c914e1e8" testListId="8c84fa94-04c1-424b-9868-57a2d4851a1d" />
    <TestEntry testId="eaa8524f-f815-1c9e-4c68-2d4f8e93ee48" executionId="a771fe5c-7136-4752-ac23-a2d731fbaf78" testListId="8c84fa94-04c1-424b-9868-57a2d4851a1d" />
    <TestEntry testId="62de2b93-ef94-5552-ff44-0258f927f478" executionId="1d337799-05ac-4c21-8d57-3bbf5913f250" testListId="8c84fa94-04c1-424b-9868-57a2d4851a1d" />
    <TestEntry testId="60870a61-5dc2-bbe3-3d8d-75820ac0c5e6" executionId="1433355a-04d8-4880-9124-0caa981f91eb" testListId="8c84fa94-04c1-424b-9868-57a2d4851a1d" />
    <TestEntry testId="40c21c47-b251-c9e4-8c8b-53b52686bb60" executionId="af2ed8db-7801-4ca9-a1f8-94c280719f96" testListId="8c84fa94-04c1-424b-9868-57a2d4851a1d" />
    <TestEntry testId="17c09e71-5073-928f-eda6-9a786e15a19c" executionId="ea0f03a9-201c-47fa-951a-d647fd8808ec" testListId="8c84fa94-04c1-424b-9868-57a2d4851a1d" />
    <TestEntry testId="857c23c7-b354-a36a-aa56-bf4357ffc0b4" executionId="bd766ab5-307e-4e9e-aaa9-bb27f65357fb" testListId="8c84fa94-04c1-424b-9868-57a2d4851a1d" />
    <TestEntry testId="afdb1294-fa36-91df-881f-92771ec80c22" executionId="928c4195-ddd6-49a5-8a73-5737eb404220" testListId="8c84fa94-04c1-424b-9868-57a2d4851a1d" />
    <TestEntry testId="23ba45b3-96aa-0074-2760-9152667624d6" executionId="9d0c5750-b9cb-498b-8354-655fed37fe02" testListId="8c84fa94-04c1-424b-9868-57a2d4851a1d" />
    <TestEntry testId="e14e23f9-e8bd-fa93-bef1-32c8616bd008" executionId="967452bf-03ff-4156-aef5-aab89f7f9a45" testListId="8c84fa94-04c1-424b-9868-57a2d4851a1d" />
    <TestEntry testId="55421e9e-e85e-58c1-d13d-16e2c1bfc572" executionId="b42d5be4-76f5-471a-ab34-905ce9fba8f0" testListId="8c84fa94-04c1-424b-9868-57a2d4851a1d" />
    <TestEntry testId="df20efc6-5944-04ed-15a9-296e401a7317" executionId="de357808-ca6c-48f9-8fcd-dfeee217aa39" testListId="8c84fa94-04c1-424b-9868-57a2d4851a1d" />
    <TestEntry testId="4784e74b-e718-79ec-30fa-b54f4fc579ac" executionId="6ed489f1-dfa6-4bca-8eb5-a7a43a98dc32" testListId="8c84fa94-04c1-424b-9868-57a2d4851a1d" />
    <TestEntry testId="14f1c21e-bd52-8015-1440-e0fe5a7284cb" executionId="91af644e-4491-43af-8310-fac1101c3fc7" testListId="8c84fa94-04c1-424b-9868-57a2d4851a1d" />
    <TestEntry testId="d2a0276b-eda5-53bd-e549-3f2863985290" executionId="776424db-32f8-4f04-adb6-1b7e8a39fd7e" testListId="8c84fa94-04c1-424b-9868-57a2d4851a1d" />
    <TestEntry testId="47c6967f-a4b1-4b6a-1e96-3dfd7c47f4e3" executionId="9f8bdbc3-04a2-4877-9c43-c85151939011" testListId="8c84fa94-04c1-424b-9868-57a2d4851a1d" />
    <TestEntry testId="81ab690f-1e41-c33c-c74d-642accc8ea5b" executionId="baf60e4c-7612-4bc6-97cc-0ae45264c12c" testListId="8c84fa94-04c1-424b-9868-57a2d4851a1d" />
    <TestEntry testId="00fc043a-7044-4691-6e41-f7935e1ffacf" executionId="801b47d4-f4d4-48ef-a711-bcee9baecd4a" testListId="8c84fa94-04c1-424b-9868-57a2d4851a1d" />
    <TestEntry testId="4fe093e6-756b-4dd4-a4ce-8c22d02fa120" executionId="1f5f155d-9f24-46ee-8ea0-b4f1fb18b53c" testListId="8c84fa94-04c1-424b-9868-57a2d4851a1d" />
    <TestEntry testId="feaa1531-54be-92a0-adc8-25c05b890ffb" executionId="0a04b71b-6e86-47e3-909c-6a09da151a47" testListId="8c84fa94-04c1-424b-9868-57a2d4851a1d" />
    <TestEntry testId="014d0f8f-9178-8a54-360e-4be3a79b72e7" executionId="54ed010f-4849-410e-8f23-a1bf67d51bd7" testListId="8c84fa94-04c1-424b-9868-57a2d4851a1d" />
    <TestEntry testId="652ccb4e-ca31-ee5c-bf94-d0b231912392" executionId="b04ca5ca-a7b7-40e9-bafc-2b1224f2c1da" testListId="8c84fa94-04c1-424b-9868-57a2d4851a1d" />
  </TestEntries>
  <TestLists>
    <TestList name="Results Not in a List" id="8c84fa94-04c1-424b-9868-57a2d4851a1d" />
    <TestList name="All Loaded Results" id="19431567-8539-422a-85d7-44ee4e166bda" />
  </TestLists>
  <ResultSummary outcome="Completed">
    <Counters total="25" executed="25" passed="25" failed="0" error="0" timeout="0" aborted="0" inconclusive="0" passedButRunAborted="0" notRunnable="0" notExecuted="0" disconnected="0" warning="0" completed="0" inProgress="0" pending="0" />
    <Output>
      <StdOut>[xUnit.net 00:00:00.00] xUnit.net VSTest Adapter v3.1.5+1b188a7b0a (64-bit .NET 8.0.31)&#xD;
[xUnit.net 00:00:00.24]   Discovering: ControlServer.Tests&#xD;
[xUnit.net 00:00:00.74]   Discovered:  ControlServer.Tests&#xD;
[xUnit.net 00:00:00.97]   Starting:    ControlServer.Tests&#xD;
[xUnit.net 00:00:02.92]   Finished:    ControlServer.Tests (ID = '10a62865b344712a81035d68c4273a4fe010fde06f8efce7c7467ebb855ec067')&#xD;
</StdOut>
    </Output>
  </ResultSummary>
</TestRun>